# SSL/TLS secrets log file, generated by NSS
CLIENT_HANDSHAKE_TRAFFIC_SECRET eda63afb001121c228c6a3b129432d5bdad6ddf24494fe78e1ab3b9f96aded56 cf6b97da63c97f3a2e4aee2dea89d03259d17e2bc2f34ec954de39700b510653
SERVER_HANDSHAKE_TRAFFIC_SECRET eda63afb001121c228c6a3b129432d5bdad6ddf24494fe78e1ab3b9f96aded56 bbcb50df71821cde7e83975a5af9ee8e8d5049f6b83b3eb49aeec63f264b92c8
CLIENT_TRAFFIC_SECRET_0 eda63afb001121c228c6a3b129432d5bdad6ddf24494fe78e1ab3b9f96aded56 590ceba581e7750ba5181d459b4972c98b0b98566073847ee09ef60f08b1c44b
SERVER_TRAFFIC_SECRET_0 eda63afb001121c228c6a3b129432d5bdad6ddf24494fe78e1ab3b9f96aded56 90b690cc2a879025230ebfee2ae563c0f7fb1a1c9cf6b7827887a98dbfc5bbf1
EXPORTER_SECRET eda63afb001121c228c6a3b129432d5bdad6ddf24494fe78e1ab3b9f96aded56 c51691622e0a7f3dd237f99ed4b94dcb5de2c263396c82b8706cf57205f446a3
CLIENT_HANDSHAKE_TRAFFIC_SECRET 071296585a603764a2ef47a5bdcebc929ab092b2de978a5caf554019103e3cfe 86d711f6cf1ad10aca64d78ec89321b4efc37357ce54656a7579842b3c6ca257
SERVER_HANDSHAKE_TRAFFIC_SECRET 071296585a603764a2ef47a5bdcebc929ab092b2de978a5caf554019103e3cfe 0af78b6e8a070de474297ac64aeeee1da8910b137e8c0cb2cfd6187cd3c42f68
CLIENT_HANDSHAKE_TRAFFIC_SECRET cd158847f86f335a92c83d49c8e6999ec821ec6625888c338abda8ca431d3a4f e05d419c6fbc973fc0b8209b075a718e89312ff959f1f0e5b8f9098051b903ae
SERVER_HANDSHAKE_TRAFFIC_SECRET cd158847f86f335a92c83d49c8e6999ec821ec6625888c338abda8ca431d3a4f 350c52d30daa5cac33998ca2d6fd34ebd612dd8842d88000c9e812a6735cbc5f
CLIENT_TRAFFIC_SECRET_0 071296585a603764a2ef47a5bdcebc929ab092b2de978a5caf554019103e3cfe 785a5942d17e52ddbcb6a2d63f5c02e5956bfae3c2c991ecd10827de895b8e35
SERVER_TRAFFIC_SECRET_0 071296585a603764a2ef47a5bdcebc929ab092b2de978a5caf554019103e3cfe 24547823e73092bea9b1709d98573e988e0e66db7fc3120dc5842598e7aa6277
EXPORTER_SECRET 071296585a603764a2ef47a5bdcebc929ab092b2de978a5caf554019103e3cfe 196e4d3834db575eba9090a73e4305969954c77ec4f57995a29a1b7479ad2a5c
CLIENT_TRAFFIC_SECRET_0 cd158847f86f335a92c83d49c8e6999ec821ec6625888c338abda8ca431d3a4f d487c5025e69d7de6f8807cddc9b1416afdeec1609acdc608d1e7e6f5c9ceb01
SERVER_TRAFFIC_SECRET_0 cd158847f86f335a92c83d49c8e6999ec821ec6625888c338abda8ca431d3a4f b01108baefd6954d50f09fff5fd014614371f83397c01abc4c5b87af1dbd9819
EXPORTER_SECRET cd158847f86f335a92c83d49c8e6999ec821ec6625888c338abda8ca431d3a4f f3d7d03e1a1ddaec50ed3b57f8588d628ad17a496a03e723e93031996ed7283b
CLIENT_HANDSHAKE_TRAFFIC_SECRET 9a2b48fb96091fa1db1fa1e3b52df8249db7f1c87702a17a4904efa1a89590de 2d5960a62713f36566463148e9fe79ca5a9ff1ab874e06cae3135e2c0f96195f
SERVER_HANDSHAKE_TRAFFIC_SECRET 9a2b48fb96091fa1db1fa1e3b52df8249db7f1c87702a17a4904efa1a89590de f05667645def96fa3c37cf2871bd299e8e1ec31e44a377f508a228c194644949
CLIENT_TRAFFIC_SECRET_0 9a2b48fb96091fa1db1fa1e3b52df8249db7f1c87702a17a4904efa1a89590de 88d9d25d8b1131ecc009cddfa77dc47600a8518e9d7e8b720721ff60b08c3b43
SERVER_TRAFFIC_SECRET_0 9a2b48fb96091fa1db1fa1e3b52df8249db7f1c87702a17a4904efa1a89590de fd8f72c4cf934bcf27136e4ad21db3945113cc9e1aed22a61c4c4ea9ce904299
EXPORTER_SECRET 9a2b48fb96091fa1db1fa1e3b52df8249db7f1c87702a17a4904efa1a89590de 84fe776736fabed9974fc4ad70c0bca2a80db25a3be334f03ee5cb66169edf25
CLIENT_HANDSHAKE_TRAFFIC_SECRET eda3ca6cf99d5a09535341950a84a2f0083b34e97d09fdf8a8b09334493727bc 221bb47da626d4749730e81a39b3ff92199141014af1bd8571afc472a9017cd4
SERVER_HANDSHAKE_TRAFFIC_SECRET eda3ca6cf99d5a09535341950a84a2f0083b34e97d09fdf8a8b09334493727bc 57e89eb25dcd60c624d358acbc6c8ffffe3acdd6ae956836699c2a389b29ce99
CLIENT_TRAFFIC_SECRET_0 eda3ca6cf99d5a09535341950a84a2f0083b34e97d09fdf8a8b09334493727bc 6ee4783c23e07db8e331334cbce776383185af38d78cdf81281cfaa24fa9d786
SERVER_TRAFFIC_SECRET_0 eda3ca6cf99d5a09535341950a84a2f0083b34e97d09fdf8a8b09334493727bc f96825b2f51d3b8e6935c1d63aa25e8cd729caf22e6d96e92bb869c2d8ecbb17
EXPORTER_SECRET eda3ca6cf99d5a09535341950a84a2f0083b34e97d09fdf8a8b09334493727bc 1bb8cfbca5eadee82e98a72bff4d6a6623647e07a4275d4fea9a00683a6f99d4
CLIENT_HANDSHAKE_TRAFFIC_SECRET f0ca460abc70a67907b7d570e50028c7217f609e91d7e86347b00ca907d0e421 e32c7ee8fbd473664ea2a4e0d6421394a057e3644d7c00fd2142c87fa30ecf56
SERVER_HANDSHAKE_TRAFFIC_SECRET f0ca460abc70a67907b7d570e50028c7217f609e91d7e86347b00ca907d0e421 42d0de23faab6893377f533d4ee1542fd560393c4aa7007fe3e4a7c131f74f24
CLIENT_TRAFFIC_SECRET_0 f0ca460abc70a67907b7d570e50028c7217f609e91d7e86347b00ca907d0e421 2bca1e0fbf73f991c234a3ace3317f5676724c61132e0e8946e6dad60ed97d47
SERVER_TRAFFIC_SECRET_0 f0ca460abc70a67907b7d570e50028c7217f609e91d7e86347b00ca907d0e421 051af27ba2a2d5877ee27c7870f4fa8479fa3a162d153d3fe72e26a294b460fc
EXPORTER_SECRET f0ca460abc70a67907b7d570e50028c7217f609e91d7e86347b00ca907d0e421 6222f7a43dbf957ecd427caf03fc404d17706a5922a8d1cea7c290c36b6eb340
CLIENT_HANDSHAKE_TRAFFIC_SECRET d36ca988f05a75b1e2af3178937b0e6172bc963c68a1cea48d440e80228262e7 fe7876d049648a7c58c36a4d2e231bd6a793425d90e696be0496f76570cb0ff0
SERVER_HANDSHAKE_TRAFFIC_SECRET d36ca988f05a75b1e2af3178937b0e6172bc963c68a1cea48d440e80228262e7 23a77317e0b32d8021fc3b0088527cd6bcc44b9d8ca0237fb0c1e2807d0be780
CLIENT_TRAFFIC_SECRET_0 d36ca988f05a75b1e2af3178937b0e6172bc963c68a1cea48d440e80228262e7 56d3735db209e69c4dc986853c875765fc111465e3a174427462111ca9ee54de
SERVER_TRAFFIC_SECRET_0 d36ca988f05a75b1e2af3178937b0e6172bc963c68a1cea48d440e80228262e7 ea3458f8ea760e971b62a4191ca6f3b1301988ad7fc2ead812c5618712a77e7c
EXPORTER_SECRET d36ca988f05a75b1e2af3178937b0e6172bc963c68a1cea48d440e80228262e7 662fa0afad77af4a1a396c16b5735ebecb0d35ae90407b8ddf61f1be3c030d0c
CLIENT_HANDSHAKE_TRAFFIC_SECRET 10b781d9801fce7a85af28d90aa13e6540c181fe1211e7d1431e42b7a6d42d2a a8e7550def22111501141e9cbc799acf1cbe66400caa3fd659fa68e4b8e57d25
SERVER_HANDSHAKE_TRAFFIC_SECRET 10b781d9801fce7a85af28d90aa13e6540c181fe1211e7d1431e42b7a6d42d2a dca78df252f90537e2859fdf38bdb4555c0d6fd7dc3fb9a7e99582daa906b81a
CLIENT_TRAFFIC_SECRET_0 10b781d9801fce7a85af28d90aa13e6540c181fe1211e7d1431e42b7a6d42d2a 02e54547633c8e5d654c7a45952cf4e040ea69a52530aa132e10256b3380a6ac
SERVER_TRAFFIC_SECRET_0 10b781d9801fce7a85af28d90aa13e6540c181fe1211e7d1431e42b7a6d42d2a 756123aaaf95260fbdf04acb215730d43e8a046a1d11d55af34a3f309262ab13
EXPORTER_SECRET 10b781d9801fce7a85af28d90aa13e6540c181fe1211e7d1431e42b7a6d42d2a 437872ad18a51bd13c24a5f0578caac565af3ef3231780fcc00d4997efea1873
CLIENT_HANDSHAKE_TRAFFIC_SECRET 7506148b094075e906639a2257d88bb86668fc79f53fbc8954a475b43a25c219 20f894b14727097cb664b760ce53573902c6a4346467b863a7b73b6f9ea6e412
SERVER_HANDSHAKE_TRAFFIC_SECRET 7506148b094075e906639a2257d88bb86668fc79f53fbc8954a475b43a25c219 74a7a4b2a37923b70bde75817830698cf4403cd24ca4b22e4ad9fc80f17f9a9a
CLIENT_TRAFFIC_SECRET_0 7506148b094075e906639a2257d88bb86668fc79f53fbc8954a475b43a25c219 23b85a83bef9fc7fdcc7e2a8f45834dbe1b54b50caedc30da0fad5cb85c9c924
SERVER_TRAFFIC_SECRET_0 7506148b094075e906639a2257d88bb86668fc79f53fbc8954a475b43a25c219 4c354cb8c8d74e1d6a75847198a816151ad68c5fa745f80d5b8b1dec14bbca11
EXPORTER_SECRET 7506148b094075e906639a2257d88bb86668fc79f53fbc8954a475b43a25c219 5f69bd94766a277e08ee527ab03d594aa49476d109e19b82ef6a359a42ac7a6b
CLIENT_HANDSHAKE_TRAFFIC_SECRET bc58a9a534cd857fc9cc752807eda2b7398f3066a78828fedebc60571ff581f8 c0933ef71357677519949eb3f8955a21f11ce3b3bea4544538067e642bfd44ea
SERVER_HANDSHAKE_TRAFFIC_SECRET bc58a9a534cd857fc9cc752807eda2b7398f3066a78828fedebc60571ff581f8 2a4922b6b7d78a1e91ee05bca55fd0a70a271f550ee6223c45771363040c453a
CLIENT_HANDSHAKE_TRAFFIC_SECRET cec5ead87d0cdb72ec97494de88e414b9dc6afcd45b307ec6e25cd2e8ac2621a cf5122fca74baa2b669b1b5cb71f34e104f55d22302c8abd8792d0b0c4838da9
SERVER_HANDSHAKE_TRAFFIC_SECRET cec5ead87d0cdb72ec97494de88e414b9dc6afcd45b307ec6e25cd2e8ac2621a 17c7f9689857392a4a3fe9564b161d0933cb796cb31174f97e9bc07083280870
CLIENT_TRAFFIC_SECRET_0 cec5ead87d0cdb72ec97494de88e414b9dc6afcd45b307ec6e25cd2e8ac2621a 147340fe28e46ee6a05f808ee19bc7f10b5b4e8233cefa6638d950a3d3c24118
SERVER_TRAFFIC_SECRET_0 cec5ead87d0cdb72ec97494de88e414b9dc6afcd45b307ec6e25cd2e8ac2621a bdae1a87dadf66f028a95a535790a0bb7a3df72be4eb776c3b445e46bb8ef3b1
EXPORTER_SECRET cec5ead87d0cdb72ec97494de88e414b9dc6afcd45b307ec6e25cd2e8ac2621a 9beaea6b261b521a4404172f9caf5c2372f5e76534acc086cef39863ccd05a34
CLIENT_TRAFFIC_SECRET_0 bc58a9a534cd857fc9cc752807eda2b7398f3066a78828fedebc60571ff581f8 75139aa7a70c00d074b4693346c040a4186da8eada6c348f091a580e2d2f58ce
SERVER_TRAFFIC_SECRET_0 bc58a9a534cd857fc9cc752807eda2b7398f3066a78828fedebc60571ff581f8 b051c8239eb3fb99b16650078603ebb8f60cd5bb967b124f0214bd1e74c6196d
EXPORTER_SECRET bc58a9a534cd857fc9cc752807eda2b7398f3066a78828fedebc60571ff581f8 a95986fa55ade22627cc4ac1ccd8c74295a8172d676cbe96aa5d8f74993166bc
CLIENT_HANDSHAKE_TRAFFIC_SECRET 916888d2a7a09460f411dd238c22d7456bf4e573856958f286347d86938d4691 16bd30cd62804589a4e5e41dce9adcb836a4bcc8c316ffe97c249a2f7d13e51d
SERVER_HANDSHAKE_TRAFFIC_SECRET 916888d2a7a09460f411dd238c22d7456bf4e573856958f286347d86938d4691 8cf377713efc4abe6226db6cca4ad6343a605def434adb59ed58cc7505feff92
CLIENT_TRAFFIC_SECRET_0 916888d2a7a09460f411dd238c22d7456bf4e573856958f286347d86938d4691 3c17ee3aab2f6cc2ced4dda2aa3fe7654f304cacfe65749a28e8166e15f6f4c9
SERVER_TRAFFIC_SECRET_0 916888d2a7a09460f411dd238c22d7456bf4e573856958f286347d86938d4691 493f11d17f28dd4d0fe688b8ff152fac11933cfea1442f3f0ccc819c8a5f5181
EXPORTER_SECRET 916888d2a7a09460f411dd238c22d7456bf4e573856958f286347d86938d4691 9e5b96ab40889f004a2af91f3bfd30e6b43c2d3896fad589c2fdd35e15bed261
CLIENT_HANDSHAKE_TRAFFIC_SECRET 2d8dda2cf9934ac21fcfa12c6a572a93860b7d07b850570a51f4b9fb3d9b93d3 18f7ad216db52d4f73f0cb2a4684e029b130989c73a9ac2d8aa252f163c56488eff57ccc7be3e216bc8debbea12199b8
SERVER_HANDSHAKE_TRAFFIC_SECRET 2d8dda2cf9934ac21fcfa12c6a572a93860b7d07b850570a51f4b9fb3d9b93d3 80b4ad4208371457e9d4871c8181891db8bd0906f66c6785970abdb4e74ebfb7a07352eb96df86daea18b0a1bee28b13
CLIENT_TRAFFIC_SECRET_0 2d8dda2cf9934ac21fcfa12c6a572a93860b7d07b850570a51f4b9fb3d9b93d3 15f070ca0d062a9938230476d2017081bde92155f89897d62b6b44316e14a3db2b1ea4dc1391603300d88ac66f53a53b
SERVER_TRAFFIC_SECRET_0 2d8dda2cf9934ac21fcfa12c6a572a93860b7d07b850570a51f4b9fb3d9b93d3 7d4de70b9e1f1edbc3e3406b6d329983097a07a66f91030a4d89400b9eb2daea375aa510c655b0218fa8339b43eed618
EXPORTER_SECRET 2d8dda2cf9934ac21fcfa12c6a572a93860b7d07b850570a51f4b9fb3d9b93d3 652b13d758c3ca521d4a0bf1b167c946cbfba1a1078b4af5e38b3aa25240fbe6966dfa71769888631b689841a2bbb8a9
CLIENT_HANDSHAKE_TRAFFIC_SECRET 464ef851f4123e550a46bd9c6423851050585282e5f3b15744b10a07e1e6e9e5 c271a07ca133fe7ac93436e6121c1801d23d1f2234c246645f50d1afcc19b31c55ba4775c3778a6b3b28e013184bc1f7
SERVER_HANDSHAKE_TRAFFIC_SECRET 464ef851f4123e550a46bd9c6423851050585282e5f3b15744b10a07e1e6e9e5 13c2255cc9fba609545bf813e56db53bcdcbf42457b90e5e1599c4e18828723e93aa087ce138e39895c7c2ec061d8942
CLIENT_HANDSHAKE_TRAFFIC_SECRET 99e1d2c445b3c23079775364d23a90bc37bb1c6093be2aadfc811cf56ae0b39d 9739bbfab816819b4afa8df37e20da788b700527e00e7947a73c86433f833790
SERVER_HANDSHAKE_TRAFFIC_SECRET 99e1d2c445b3c23079775364d23a90bc37bb1c6093be2aadfc811cf56ae0b39d bdd2437d3d747b36931cc93088ed2f473a71fa82f9c4f1fb407ea5709ae0bd95
CLIENT_TRAFFIC_SECRET_0 464ef851f4123e550a46bd9c6423851050585282e5f3b15744b10a07e1e6e9e5 d4228d5c1fe1e008b340c284bb4ac61a039bc6081527f5bb9359f031cceb1089c8043a98f0b16503939b2f98f3e78d70
SERVER_TRAFFIC_SECRET_0 464ef851f4123e550a46bd9c6423851050585282e5f3b15744b10a07e1e6e9e5 2b97ade98b301c166a5014c6deb73e5fe9dadc852da98396280f4748cb26315fe4b8d50ca777983f16f7c258e38a3e4a
EXPORTER_SECRET 464ef851f4123e550a46bd9c6423851050585282e5f3b15744b10a07e1e6e9e5 13e0dbcb95bfb3c00cf273d2a418d4ee32691039e42fec3be05f8cf56113b8e68b1b4ca43a3beea927cc64d2da496563
CLIENT_HANDSHAKE_TRAFFIC_SECRET 9552af77e52ab251da12b46a6f0d0a3f55a4ff6f46c5c73fef6e182a2ba944b6 801c1cb952d8c191a79c79f90f352585a02984709beeb38ae3e9768f43f178fd9cc3046d3babcd706e1de733c53b2f46
SERVER_HANDSHAKE_TRAFFIC_SECRET 9552af77e52ab251da12b46a6f0d0a3f55a4ff6f46c5c73fef6e182a2ba944b6 6dcce1d317f0413d1504d00432aef03d0db9a7de2859552f58b43e5cc8f84180854e54e872212b7b4b7119ff6ba32aae
CLIENT_HANDSHAKE_TRAFFIC_SECRET 470b87aafd1d3636646c85ab62bb5f21c1b58aa0e9ca44901e36302d387169da 40ef198ce4cce975690266c3eecb925f19e2b64922a8d95502817a33eaee718170975ed848d63df9c71c2d9d6a91dfc5
SERVER_HANDSHAKE_TRAFFIC_SECRET 470b87aafd1d3636646c85ab62bb5f21c1b58aa0e9ca44901e36302d387169da 14c45a820adf244e70c6124f7264fea7bd1739ddc31405e2ab16725f52a6bf17e5f8860a60cb29f8de38469f1a267751
CLIENT_TRAFFIC_SECRET_0 99e1d2c445b3c23079775364d23a90bc37bb1c6093be2aadfc811cf56ae0b39d 5fb11543a379c84c72b5eb41e18788d474ef5244e295c2e76e699a0da93e99ca
SERVER_TRAFFIC_SECRET_0 99e1d2c445b3c23079775364d23a90bc37bb1c6093be2aadfc811cf56ae0b39d 800827ce2de66dc986e8d71236d7774ac7ba57fc3793acc31f2d8af32869b8f3
EXPORTER_SECRET 99e1d2c445b3c23079775364d23a90bc37bb1c6093be2aadfc811cf56ae0b39d 7eb3acef651336954706be39f3808193a178ae45520d2744a32c6a2a3890e680
CLIENT_TRAFFIC_SECRET_0 9552af77e52ab251da12b46a6f0d0a3f55a4ff6f46c5c73fef6e182a2ba944b6 7813bb850f908dfa49be91599a9ea48a07b9b58f858802c127fc17eb5117e182813efea18c2b0bb9690de2d2c6063eeb
SERVER_TRAFFIC_SECRET_0 9552af77e52ab251da12b46a6f0d0a3f55a4ff6f46c5c73fef6e182a2ba944b6 d8c4548de0cf92473cc8cbc61318037bff6d4223499835df4c733b544981ddd18466d87b68b0220e70a2710f4e06ab01
EXPORTER_SECRET 9552af77e52ab251da12b46a6f0d0a3f55a4ff6f46c5c73fef6e182a2ba944b6 135fb1837a16d0cc6c876ff717aa307b5f29a0af9100faa82816a3e185911fd69396ea46525ee1f903a5ab1d2bbebaa2
CLIENT_TRAFFIC_SECRET_0 470b87aafd1d3636646c85ab62bb5f21c1b58aa0e9ca44901e36302d387169da b342d513a6a0a8827857c169b31adc9485f23ca59b1fc0dbf2695b52a7e198d00e6b76c3c0542a8d60dc376f0db4fda2
SERVER_TRAFFIC_SECRET_0 470b87aafd1d3636646c85ab62bb5f21c1b58aa0e9ca44901e36302d387169da 19af394c3faa5d48eece5e70257a3d3af39c17dd64e12fa510e7879ca376216b6e96d26bdea71b09bdf7e960c747fe92
EXPORTER_SECRET 470b87aafd1d3636646c85ab62bb5f21c1b58aa0e9ca44901e36302d387169da 18b1b71021cda0a22d8ebb1aa72525b9a362c9156dc7588228b162c7fc89c4c1daa751ec008d9749a910674fada73323
CLIENT_HANDSHAKE_TRAFFIC_SECRET be1589afd6b1a2a0adefef2dd672f3ceb6fa6f59d8eadad2f5ee10cb99835608 4837d6601c1b1a96007c5629b126ab73d44168c19af8acfc409bc865a56c2af511bb98f99f0dac71360bb89512bea17c
SERVER_HANDSHAKE_TRAFFIC_SECRET be1589afd6b1a2a0adefef2dd672f3ceb6fa6f59d8eadad2f5ee10cb99835608 53ec2fb358c4db9f525d74ea8621fe980ad7675127cfb71df0e01ae90efe20f7b8eab7d8f6d41c0731812f0fefc51fa4
CLIENT_TRAFFIC_SECRET_0 be1589afd6b1a2a0adefef2dd672f3ceb6fa6f59d8eadad2f5ee10cb99835608 e866f07f5997aa41ce3213544e9e36a00955b10fd13e9428ee05ecd509ee4d749b09f0ed3aa474557064067215df4324
SERVER_TRAFFIC_SECRET_0 be1589afd6b1a2a0adefef2dd672f3ceb6fa6f59d8eadad2f5ee10cb99835608 656e510a5376042daaac29b556f505673ceeaa74a980b4f11d5cbb32c57d1a14bfa74b883dc11d49dc6318bbf9def028
EXPORTER_SECRET be1589afd6b1a2a0adefef2dd672f3ceb6fa6f59d8eadad2f5ee10cb99835608 d1e10f7e42b4763a0eacf825dd3cedbf4bed6697a034fec8cb7fd5bd514ea08310774c454f919ce4c641ee9769836d89
CLIENT_HANDSHAKE_TRAFFIC_SECRET 765905aa0dd515794a53fcbbab95934d0154c04e9c1ded54332a244bdc0b5961 6ed871d2bf70cd7a2667a33d3f3e2cf9b8fc40fe1f868aff04d844ea427af4d4
SERVER_HANDSHAKE_TRAFFIC_SECRET 765905aa0dd515794a53fcbbab95934d0154c04e9c1ded54332a244bdc0b5961 ed3f785e5b9c7fcd575c7ea1615f45b88847eb79b1426aea1953ba830221d900
CLIENT_TRAFFIC_SECRET_0 765905aa0dd515794a53fcbbab95934d0154c04e9c1ded54332a244bdc0b5961 c19a54a51a4aa955c80b1cc8843b72c9cb453d9ee186625978334fb712023f7d
SERVER_TRAFFIC_SECRET_0 765905aa0dd515794a53fcbbab95934d0154c04e9c1ded54332a244bdc0b5961 c39876efff2ab9466c69379acf46939be05ceb96a2f6842f13384c2447db38c2
EXPORTER_SECRET 765905aa0dd515794a53fcbbab95934d0154c04e9c1ded54332a244bdc0b5961 5e7bdbdb7d5ce9fd625701fb7ad2823e843a502b44b0af046c3fa446a161b827
CLIENT_HANDSHAKE_TRAFFIC_SECRET 9881ca4e696162655ada01a528488854b5afba4a05cdb4fafcd586f1be714f4b 6daef61d633e30a7bc7cb39b370238cbbc10f4ff768530ea515f06e52167d4a5372089ca0c906bf9e4c8f90dfc266872
SERVER_HANDSHAKE_TRAFFIC_SECRET 9881ca4e696162655ada01a528488854b5afba4a05cdb4fafcd586f1be714f4b 17d6b5a398d8993de50aa0e141f33a13801a49c69766a18a4e235e078f589459f3a55df6646510e21470eccaf5cc4de3
CLIENT_HANDSHAKE_TRAFFIC_SECRET 46fcfc15459cf76f7c1b11ec010e32b35035aeacf8a2f50f0121c55828166034 20b1355517bd63c575ceb259deb75d60f436842a1688c145cc23921f1f97118e8cf728fe5290e98b6b03d56e7ceb5105
SERVER_HANDSHAKE_TRAFFIC_SECRET 46fcfc15459cf76f7c1b11ec010e32b35035aeacf8a2f50f0121c55828166034 a2b451ca2db9d2a92ab5359d8d14e08de718644eb43503f695b479cd52a6a07187e39c9d436fd9d8afea808abad6cffc
CLIENT_TRAFFIC_SECRET_0 46fcfc15459cf76f7c1b11ec010e32b35035aeacf8a2f50f0121c55828166034 ad17ecbe3a63b6b70b45e9cbe3c7c162e585927c122d08a5fed733ad2b64e6156344a4004f61e7477e42008472a7ec7b
SERVER_TRAFFIC_SECRET_0 46fcfc15459cf76f7c1b11ec010e32b35035aeacf8a2f50f0121c55828166034 b2f712102ba07804f5e43b9c62a208f792ab84dbb7e21747251343c801cfacaf91c721b0ebb91c3ac8e850b5d573a3d3
EXPORTER_SECRET 46fcfc15459cf76f7c1b11ec010e32b35035aeacf8a2f50f0121c55828166034 f6a7b290aeec0f2bc43e0b6eb3066809f79195ed64fada720a3e5130b2085105b7759aaf7fd3d4061fdf2077c95099d1
CLIENT_TRAFFIC_SECRET_0 9881ca4e696162655ada01a528488854b5afba4a05cdb4fafcd586f1be714f4b 80872822ab2a24761987a0eb80142b9d4f381cc3b00aeb980a6f338d04e50a4b47c60bba01e0ac8e9b8b927f762e6c23
SERVER_TRAFFIC_SECRET_0 9881ca4e696162655ada01a528488854b5afba4a05cdb4fafcd586f1be714f4b 5120720157cd4d14fe59582ae659dd9d357443e81582bdab162c0c016cc8f06eb1572dd7a02d36b6650e568356b44906
EXPORTER_SECRET 9881ca4e696162655ada01a528488854b5afba4a05cdb4fafcd586f1be714f4b 7d6e5cff95ef4aca860533b9024e9bf85de44419d5c3a5bba98fcaa70a375ce513c2389babb6065f6af4ec9d141d8f0a
CLIENT_HANDSHAKE_TRAFFIC_SECRET 4163a4ee0af159a7c091a5690fe2748f25855e3c6f86d7f76f2c74c069d07d8e 047d7fe38d46993728f8adca6dbe5399fc01e5001f47519c6041e715857fa6e9a85a714c520a78fd980f25ab9eb57fd5
SERVER_HANDSHAKE_TRAFFIC_SECRET 4163a4ee0af159a7c091a5690fe2748f25855e3c6f86d7f76f2c74c069d07d8e 128e47106d7872c69c2875d5e16f3755df57559571ac0d0b73541fd3472f92e6d7f75a1a5850954839cc80ea193bafe0
CLIENT_TRAFFIC_SECRET_0 4163a4ee0af159a7c091a5690fe2748f25855e3c6f86d7f76f2c74c069d07d8e bedbcbd94590311b37c2ee39d27698ade230126ad8c9b8f609f774fab1b9d3c06de43baf4fd05ef9d62f26fb00774d93
SERVER_TRAFFIC_SECRET_0 4163a4ee0af159a7c091a5690fe2748f25855e3c6f86d7f76f2c74c069d07d8e 48da0000a52c29ad72ce663c4f48c0fe6301128e65494b82fcd2f766badd8a8615777361a6706e3b73a6399feb8de1b9
EXPORTER_SECRET 4163a4ee0af159a7c091a5690fe2748f25855e3c6f86d7f76f2c74c069d07d8e eb937e06138c7ca760359b7dd944a2afdae91e478c7b5a8e3337324cec15f6932fb18f11878dae977324e48644f4e87d
CLIENT_HANDSHAKE_TRAFFIC_SECRET f0ac2f90383c8c20ffb6fe5babae377977f78f1387a3bad5ff5452696dbe00ca f0a1aadbfcd8761d2c7f338e752d177f8d113504aedc6afd928ba5f9b04ac3778a30ea4f9baf13dd9e78c214b6dd9df8
SERVER_HANDSHAKE_TRAFFIC_SECRET f0ac2f90383c8c20ffb6fe5babae377977f78f1387a3bad5ff5452696dbe00ca 8dbdfd72bfc3d5c6191be2144d5fa9a5ac79616b67572c35ba10e69ed330dec549e22f15d2c68c4c9f035870715142e4
CLIENT_TRAFFIC_SECRET_0 f0ac2f90383c8c20ffb6fe5babae377977f78f1387a3bad5ff5452696dbe00ca 8bfe3a6f4aa8f030ea3952ae0a38dc30f6ea9d173530ae402c24d10304d3bf9bf5e9be5c5d7791699f6475170e1432f8
SERVER_TRAFFIC_SECRET_0 f0ac2f90383c8c20ffb6fe5babae377977f78f1387a3bad5ff5452696dbe00ca 836ffff59559d2b9a6038574831ab461cc429cf8e61e2a3f9a3a1fb887397e9423878e5a0c5b9102dc03d941fe755c53
EXPORTER_SECRET f0ac2f90383c8c20ffb6fe5babae377977f78f1387a3bad5ff5452696dbe00ca 8d82c526f5607cec75694d8eea2623493d425315658d6cb4d84c62f9480209650959c41ae9fd6af3389aec4229752514
CLIENT_RANDOM a0d2c8a4dade23fec809b99161feab2e90dce216fa03526f981baa71882fd119 6a7616d046115bde132053db1032e3e89c492bddbe3432cf166adeb09fb93deae8e515ab4accab1fd2d3947929f7407c
# SSL/TLS secrets log file, generated by NSS
SERVER_HANDSHAKE_TRAFFIC_SECRET 585f3f5fc29100b51275d3adb90e95e353b9dc3a0760e419f3318b61a74d729b 13bd49da8be1207a5f8ff0506d0fb3e7a5bff166fa23be75d2758e6020f98b3ecb769d33e5dadfe713d59029903c66ca
SERVER_HANDSHAKE_TRAFFIC_SECRET cb37846bdb70ae1185845b9eba2fd561eeaff241c3a6c4f92e8c11e53d3c1d35 a6206e07aaeee0a86f94029f03f3a648b7305c2edd7da23bda662c723c8b817836c13fa525ff2593ee1ef783d920ac83
SERVER_HANDSHAKE_TRAFFIC_SECRET 03a69c0a5b774055ae822d454c7f091cb2f310a8294547f7192e627077c85aeb e24ee721dca1dea9291f86a7ba2bb015c8cacd920f0be6d57960b00935560b6161480e06c7c9fb17ef0e3404ca3dbbd5
EXPORTER_SECRET cb37846bdb70ae1185845b9eba2fd561eeaff241c3a6c4f92e8c11e53d3c1d35 a6f616d55f7ba3af27bc5857caed58ac2754df3726e22dd58e4a2ea49226da01dc2d7de4d73868d5217488da1369b608
SERVER_TRAFFIC_SECRET_0 cb37846bdb70ae1185845b9eba2fd561eeaff241c3a6c4f92e8c11e53d3c1d35 077668af062d28ae69974889c016d4cebbaa69ffd42710c2f3f05eb27dc998aa37ce2006e68e877ccba227f87b0e7b33
CLIENT_HANDSHAKE_TRAFFIC_SECRET cb37846bdb70ae1185845b9eba2fd561eeaff241c3a6c4f92e8c11e53d3c1d35 84bce86ce872608c9100edde52afaaf3a60faf5c1affaba77df45643bf2fd8c141d89a0b8c059b9588d8fed1feb0c0ca
CLIENT_TRAFFIC_SECRET_0 cb37846bdb70ae1185845b9eba2fd561eeaff241c3a6c4f92e8c11e53d3c1d35 e4b08865899c33cfbe39dc03b33e143445a70f0e02a165ee6bcc014671765f42533ca8a504ece132c35cfa2a85dfd2bc
EXPORTER_SECRET 03a69c0a5b774055ae822d454c7f091cb2f310a8294547f7192e627077c85aeb 1bde001b45c3a233223b2d62c133b82157918b9c03b8530b99c784c9cc385c500e69008236621deff336f8e10cf9db55
EXPORTER_SECRET 585f3f5fc29100b51275d3adb90e95e353b9dc3a0760e419f3318b61a74d729b ec8633e11dd6397804c9ec6fac721fe6a5fb94c9302e3d1ad7650f8a0cdeb55a3faf5c7ab100cfed184d0b3010b07454
SERVER_TRAFFIC_SECRET_0 03a69c0a5b774055ae822d454c7f091cb2f310a8294547f7192e627077c85aeb 2f805e9c08ebce0665abc5d033cbffa1ff9d82eeea9afff4336205b2211f72b3f10292165107afce593eba1aa5cfc14a
SERVER_TRAFFIC_SECRET_0 585f3f5fc29100b51275d3adb90e95e353b9dc3a0760e419f3318b61a74d729b c82735c7f978163f5ec6cc27ad9a069733f6c39daee03ae383be54901c36575f14a249e4fbc9e4fa722c5293081ac064
CLIENT_HANDSHAKE_TRAFFIC_SECRET 03a69c0a5b774055ae822d454c7f091cb2f310a8294547f7192e627077c85aeb 92ca447bd819a9ff14459c5519cdfada0d793285127ffcd932eb8b6bc6476b3058f17ede85ade5b4b4df714d572dd056
CLIENT_HANDSHAKE_TRAFFIC_SECRET 585f3f5fc29100b51275d3adb90e95e353b9dc3a0760e419f3318b61a74d729b 1bfdcd5fdd166b2d61aa3cc15197a17104168c75f7f097c7bd67b587ba5e698f32d3151bed8a53e124a36f0c64ea6d21
CLIENT_TRAFFIC_SECRET_0 585f3f5fc29100b51275d3adb90e95e353b9dc3a0760e419f3318b61a74d729b 552b0d77f42604c7bf5c28f12b01f3ce4e89334e9e3ceeb2913ac90dcacde8cb8bff97d7b5b354cb745d68e217b3d79a
CLIENT_TRAFFIC_SECRET_0 03a69c0a5b774055ae822d454c7f091cb2f310a8294547f7192e627077c85aeb 1e79eed4026936ba5ff478895a90532234718f8fa707a541453ff4336526aa4105791d50e8a49bb7770d17c8e7dfa1df
