# SSL/TLS secrets log file, generated by NSS
CLIENT_HANDSHAKE_TRAFFIC_SECRET 1036f5afee29d927cbcf61fe89899479a5c0936ceb8c4178fd3e26c544cb54dc d1f231890927ae50de5e080626eca25d15d1f0faefb1940e338549290500e5e3
SERVER_HANDSHAKE_TRAFFIC_SECRET 1036f5afee29d927cbcf61fe89899479a5c0936ceb8c4178fd3e26c544cb54dc fdc6b8918e3169333d88fcc654b28a08773b1cc3159720967f724ac26d1efbdd
CLIENT_TRAFFIC_SECRET_0 1036f5afee29d927cbcf61fe89899479a5c0936ceb8c4178fd3e26c544cb54dc 631822c9a9a9def49d7bdf223af75bb6fc40a4836dfb47dc4d15764cb3061414
SERVER_TRAFFIC_SECRET_0 1036f5afee29d927cbcf61fe89899479a5c0936ceb8c4178fd3e26c544cb54dc 5afd607569ac35a0af0e1ec5672626dc24570c09be773c1f7622609c56f105ac
EXPORTER_SECRET 1036f5afee29d927cbcf61fe89899479a5c0936ceb8c4178fd3e26c544cb54dc 69c9c04e7a8bd2fffc658bde7cfd3c0dbe95be96dca1d252b3a0282f22b068b9
CLIENT_HANDSHAKE_TRAFFIC_SECRET 7ff3a8b18c9ec14b5ec3162186e7a6b28baee68de8844667c754387319f331fb 01d8c5294db7ce01449372a90b60f5d9bc54207a4e0bcd6693359a89757c1e67
SERVER_HANDSHAKE_TRAFFIC_SECRET 7ff3a8b18c9ec14b5ec3162186e7a6b28baee68de8844667c754387319f331fb 6a02a6c188296748b2788a6eb44791a266f3f5469080e46c8325fa069781dbfe
CLIENT_HANDSHAKE_TRAFFIC_SECRET 760dd3aa0acab2a00660a289e72cd97644e845e15a86933a9c65c795710eee9a f1b1f9c82818bc62f8ddf71e03b8ca5905850cb941ae0877115eb5913f5b2aa6
SERVER_HANDSHAKE_TRAFFIC_SECRET 760dd3aa0acab2a00660a289e72cd97644e845e15a86933a9c65c795710eee9a ea6242bf3b98b0354960c8a659664e8b992b5473d0192133308e79eb5b6a0986
CLIENT_TRAFFIC_SECRET_0 7ff3a8b18c9ec14b5ec3162186e7a6b28baee68de8844667c754387319f331fb 04df6654d0cece0e4f37bb44245f3c1baa8596e01839b717b38c538bc5d849b3
SERVER_TRAFFIC_SECRET_0 7ff3a8b18c9ec14b5ec3162186e7a6b28baee68de8844667c754387319f331fb cf442c6032fa223db704458d1c7f18fedb6eebc758e19198b6a8749ae56376b2
EXPORTER_SECRET 7ff3a8b18c9ec14b5ec3162186e7a6b28baee68de8844667c754387319f331fb dfaad456d3370d15bbded5e8343f9a2962b1ad0f49c892ae764b204e97585cdf
CLIENT_HANDSHAKE_TRAFFIC_SECRET 1ff496ab4df015dd130c786eb53e611fd1185979b46e53ca045f5773c7d36fb7 28eecc609cf709f1a018aeb5b5261b7ebb95dc208dd562856e5e388b95d1d3fc
SERVER_HANDSHAKE_TRAFFIC_SECRET 1ff496ab4df015dd130c786eb53e611fd1185979b46e53ca045f5773c7d36fb7 084d767de02296d3c1e2de47e71aed40de2a7f820e8d6359c828f8a5b6b6510d
CLIENT_TRAFFIC_SECRET_0 760dd3aa0acab2a00660a289e72cd97644e845e15a86933a9c65c795710eee9a 1f82308ec92bcdeadffbcda08233e4a821d8d00ec8b696238a83264d9149dc87
SERVER_TRAFFIC_SECRET_0 760dd3aa0acab2a00660a289e72cd97644e845e15a86933a9c65c795710eee9a cb0aa7152c37aa3429bea27dcb1c15e679cdd604e985317740998535690e7c1d
EXPORTER_SECRET 760dd3aa0acab2a00660a289e72cd97644e845e15a86933a9c65c795710eee9a 4b28a0adeed2d46029562d14c7617c02e7ab78384dbce885a39b8495137c928e
CLIENT_TRAFFIC_SECRET_0 1ff496ab4df015dd130c786eb53e611fd1185979b46e53ca045f5773c7d36fb7 27c20c82d8a2311242a4396c7820ce2e66712f91cae0fc8a3cd1b55a4290f90c
SERVER_TRAFFIC_SECRET_0 1ff496ab4df015dd130c786eb53e611fd1185979b46e53ca045f5773c7d36fb7 054e9b01508de66ae30bbb136e088ccb6aab1240d384746d35ae30bc074cf1d0
EXPORTER_SECRET 1ff496ab4df015dd130c786eb53e611fd1185979b46e53ca045f5773c7d36fb7 036dff2286ba4df359bb08d75d257e6b80884f31430b9cabc70e053449f2f6fe
CLIENT_HANDSHAKE_TRAFFIC_SECRET dcb7736a927c573553b107d1f605517d99d4a04c7db487e4e338e7987e95f8d3 34c87a71687333277de679078e9835de9747b4974b45aa16a95b365b317b6db4
SERVER_HANDSHAKE_TRAFFIC_SECRET dcb7736a927c573553b107d1f605517d99d4a04c7db487e4e338e7987e95f8d3 4c13fd70ec3221921b12cda8428545daf5415ec681cf653b57dce39f88937aa2
CLIENT_HANDSHAKE_TRAFFIC_SECRET 37a87309ed461acad3c5141d3818e98af4009d97357f6c2f1c7199924fcf754f 12b5c6ad67ddd1c4fa76f5d97b01f4cf25d539d2580d4195ff59c088d8358a83
SERVER_HANDSHAKE_TRAFFIC_SECRET 37a87309ed461acad3c5141d3818e98af4009d97357f6c2f1c7199924fcf754f ca241a6d3105d630592fed8c73b6e4a82ee9e476139ebf047c86707896eb53ce
CLIENT_TRAFFIC_SECRET_0 37a87309ed461acad3c5141d3818e98af4009d97357f6c2f1c7199924fcf754f ee07b20c32a40ef4a78bce8fddabd18038506e0b7e4f5018fe28345928a91767
SERVER_TRAFFIC_SECRET_0 37a87309ed461acad3c5141d3818e98af4009d97357f6c2f1c7199924fcf754f 0b6779b2f98e6652a5d4a51f6896fc905c6b05ea9583cb98bd11262f60e55e5e
EXPORTER_SECRET 37a87309ed461acad3c5141d3818e98af4009d97357f6c2f1c7199924fcf754f 1c5b954c1f26bf96f8bbe975d897293bec7427e5267a3436c6ce4c59d2dbe9e9
CLIENT_TRAFFIC_SECRET_0 dcb7736a927c573553b107d1f605517d99d4a04c7db487e4e338e7987e95f8d3 821cb458c9a986bdbec6c596deb111c3b79e04406cd4a255732a9730316256fe
SERVER_TRAFFIC_SECRET_0 dcb7736a927c573553b107d1f605517d99d4a04c7db487e4e338e7987e95f8d3 ec2ba965726c722341b7317d55a437be7aef168462cb07dadfb21ed89e2c0e93
EXPORTER_SECRET dcb7736a927c573553b107d1f605517d99d4a04c7db487e4e338e7987e95f8d3 c50ad4761e9f5dbb428ec255314bda19363be601d44d6704b9e4646a260473d3
CLIENT_HANDSHAKE_TRAFFIC_SECRET 9956c835cd1ffa223195dcbe38d108c750e7e73abe55f8a0379cf3e413a9eac0 c61dfc45db09ef309039c445221362f72d8acc429ad7ac0135e0a1dc4f03477f
SERVER_HANDSHAKE_TRAFFIC_SECRET 9956c835cd1ffa223195dcbe38d108c750e7e73abe55f8a0379cf3e413a9eac0 75f2e678211194d1a1445ee702c793aa5587bb14cc9fa75a3828bb98f1490213
CLIENT_HANDSHAKE_TRAFFIC_SECRET b4def4a278e0f8e8bf439202a0f4b5a3738e2bcb5a7a106b64eba0674894c0ca da8bb9ed9db33404d025d962fc69c78dff977702c81b5d6a4c872dbec0d1f35b
SERVER_HANDSHAKE_TRAFFIC_SECRET b4def4a278e0f8e8bf439202a0f4b5a3738e2bcb5a7a106b64eba0674894c0ca 5da49d3fe5440680aa8d68cdecb093a434ee92e9bb14cd8e10efb2e47b409642
CLIENT_TRAFFIC_SECRET_0 b4def4a278e0f8e8bf439202a0f4b5a3738e2bcb5a7a106b64eba0674894c0ca 8f1537685212eaa3a231d63663f65c586bdcba96c98cdcf6de040e145ebc10a1
SERVER_TRAFFIC_SECRET_0 b4def4a278e0f8e8bf439202a0f4b5a3738e2bcb5a7a106b64eba0674894c0ca ce48c5a66e514e74dadf9153398e2fa0b3e0c37951fbc2cea49ef70c67f4e39d
EXPORTER_SECRET b4def4a278e0f8e8bf439202a0f4b5a3738e2bcb5a7a106b64eba0674894c0ca 06345442f27f06e528d9ba13198524d9a28d409c4867fbe782089550ef474fe3
CLIENT_TRAFFIC_SECRET_0 9956c835cd1ffa223195dcbe38d108c750e7e73abe55f8a0379cf3e413a9eac0 43dfebee377ee53aa1942df5779e3b0a35c8dd533274a97738bb998a66ea8542
SERVER_TRAFFIC_SECRET_0 9956c835cd1ffa223195dcbe38d108c750e7e73abe55f8a0379cf3e413a9eac0 ee9a3752c46569f16f2cb8d1c2a11ae36c867780b46d58f0b76a735803127901
EXPORTER_SECRET 9956c835cd1ffa223195dcbe38d108c750e7e73abe55f8a0379cf3e413a9eac0 f108f6b83e366adb91816d444f3b19c7a5898a323f965124533af036d8ce458e
CLIENT_HANDSHAKE_TRAFFIC_SECRET 1f0735809cfe5d2ba9b771df7913882d41fcf3760804c77b0771de3ebeb62462 359a3ac069bec8ae3e06db4df3edbf7e780ef62a1b5a14d06274970db16d5e77
SERVER_HANDSHAKE_TRAFFIC_SECRET 1f0735809cfe5d2ba9b771df7913882d41fcf3760804c77b0771de3ebeb62462 f77efb91a7cd77e2e241e89561567cdc3340b114359c5eaf41b0f1e699cc6037
CLIENT_TRAFFIC_SECRET_0 1f0735809cfe5d2ba9b771df7913882d41fcf3760804c77b0771de3ebeb62462 8e4d52e20e9ba3a544c9a7cef478c9105e942dbaae62294c161f5b4f5a343065
SERVER_TRAFFIC_SECRET_0 1f0735809cfe5d2ba9b771df7913882d41fcf3760804c77b0771de3ebeb62462 71a1596d543858f27e38e875c3a5c9e4423431d70fcba3e5fdef4f0e6bc877eb
EXPORTER_SECRET 1f0735809cfe5d2ba9b771df7913882d41fcf3760804c77b0771de3ebeb62462 3726a7e51980b80028fcf206c5ae29f8a783bf91e8a9a18e06f5248d37d64895
CLIENT_HANDSHAKE_TRAFFIC_SECRET a5f9ad6214937acc1b8fcc9ebb5dd7125ffe30b42354dfdfd1fd76df1d9157e5 f8cbdc931046dd0def6f65afea2c17f2452df9443dc8c6508286cf8129558823
SERVER_HANDSHAKE_TRAFFIC_SECRET a5f9ad6214937acc1b8fcc9ebb5dd7125ffe30b42354dfdfd1fd76df1d9157e5 03375dd873a656e725845c94780800f2e14c119bc280a655f7414ed0e957d12f
CLIENT_TRAFFIC_SECRET_0 a5f9ad6214937acc1b8fcc9ebb5dd7125ffe30b42354dfdfd1fd76df1d9157e5 3fa14a444a22364045dcc312dc3d0b4213cf32f4f3fd1fe4590e04f7d7127424
SERVER_TRAFFIC_SECRET_0 a5f9ad6214937acc1b8fcc9ebb5dd7125ffe30b42354dfdfd1fd76df1d9157e5 044c1c935b58819c06c8417f2d9ae48b70446b9b697262752f3c6be2086827b0
EXPORTER_SECRET a5f9ad6214937acc1b8fcc9ebb5dd7125ffe30b42354dfdfd1fd76df1d9157e5 c542973f57ba49de3f16c132bb5da780134ca73964fb5c318772232476e42adc
CLIENT_HANDSHAKE_TRAFFIC_SECRET 285d5545a77c3457aedd98ae315cc813ee373842828456473c66ad5932c280b7 fe3188d72667c22a939cd789ea857d33d8b668c959f9f6fc675f83cd487fce6e
SERVER_HANDSHAKE_TRAFFIC_SECRET 285d5545a77c3457aedd98ae315cc813ee373842828456473c66ad5932c280b7 0102470d3ef7087d6679b5dc58648963aa14fa0da11be1673c102cca1087b4e3
CLIENT_TRAFFIC_SECRET_0 285d5545a77c3457aedd98ae315cc813ee373842828456473c66ad5932c280b7 47249318d8776acb82ff46e319dc6564f3052f9cd47ed0fc5c9f696632209c70
SERVER_TRAFFIC_SECRET_0 285d5545a77c3457aedd98ae315cc813ee373842828456473c66ad5932c280b7 5345087aa045efa49141b1f77465bad0252209a94fbd3ec0902c78b15e4faf9f
EXPORTER_SECRET 285d5545a77c3457aedd98ae315cc813ee373842828456473c66ad5932c280b7 a9364bffc9b0a78722dcef882c394477cdaf162df8a67ddba779a32d2f841874
CLIENT_HANDSHAKE_TRAFFIC_SECRET a3a051ad3b5d77ddf4ded4fff40817ec98b732eda7c09b7ca3b8c36b9f20ef5e f7bbe89d939552c2b2991e9e1c5ff424c1b1185989279481771549f2d938ee89
SERVER_HANDSHAKE_TRAFFIC_SECRET a3a051ad3b5d77ddf4ded4fff40817ec98b732eda7c09b7ca3b8c36b9f20ef5e f0fe61560b8bee79101e758430fa88b260e10569175a79ee2e1a4567954b63c3
CLIENT_HANDSHAKE_TRAFFIC_SECRET 6c8cfe8c3e0eec40983ff950735076298c58fb1d40de2fb47dd7fb03c5e9c8f9 999707ef3f0cf72ed674e607e9adfce74251207b120e14c2e4e64805c242c717da40ad000adae6efa260fd6e8f813045
SERVER_HANDSHAKE_TRAFFIC_SECRET 6c8cfe8c3e0eec40983ff950735076298c58fb1d40de2fb47dd7fb03c5e9c8f9 95e1ab4cbd5c8046eb3c1655ee2de280324c4552d97a16939d36832b5e7f543fede7ce8f373a8f5a2ae792baeb245975
CLIENT_TRAFFIC_SECRET_0 6c8cfe8c3e0eec40983ff950735076298c58fb1d40de2fb47dd7fb03c5e9c8f9 052d0dcc012d70d7cee4d15b38881ebb4f73663f949f5159d26563536450e9c5b4e1de52bf51104c1d056513f8437ac5
SERVER_TRAFFIC_SECRET_0 6c8cfe8c3e0eec40983ff950735076298c58fb1d40de2fb47dd7fb03c5e9c8f9 3746363aa9c3362ce2f4de992359c8cb0f623fe73f5a11d171b3aa3fed42ac8c584f2ec1abeaa8f32938de95aa623cfd
EXPORTER_SECRET 6c8cfe8c3e0eec40983ff950735076298c58fb1d40de2fb47dd7fb03c5e9c8f9 e4005530b8bb04b849d65172f2484b1cee2605bc45c528163cc06c0a68e2a1ecba5e808edad6311357185c8b8ae1bbf5
CLIENT_TRAFFIC_SECRET_0 a3a051ad3b5d77ddf4ded4fff40817ec98b732eda7c09b7ca3b8c36b9f20ef5e 240b38e7a2416fdcfab4a821a29fd7072646f1da667c3ca76d2a9098bd4987f3
SERVER_TRAFFIC_SECRET_0 a3a051ad3b5d77ddf4ded4fff40817ec98b732eda7c09b7ca3b8c36b9f20ef5e 89865685fd00d60b07905a9c161265d421ad4799b22831b57d93b5d526cae53c
EXPORTER_SECRET a3a051ad3b5d77ddf4ded4fff40817ec98b732eda7c09b7ca3b8c36b9f20ef5e 1c690ad4dc5ae43c0bae5b6ad99115a413a387ad1cc47fa6b2f6e9f96c7858f7
CLIENT_HANDSHAKE_TRAFFIC_SECRET c6628782fd49de90bc53b9c651a2bd5057cd58bf55ab6e33af6ddc3b0aba3791 7fad6c87accd038b4a20634e702c68e6e428dca90ac1913df3169985f0a53968
SERVER_HANDSHAKE_TRAFFIC_SECRET c6628782fd49de90bc53b9c651a2bd5057cd58bf55ab6e33af6ddc3b0aba3791 8a3a920d5628ba1631a785fdff332293c0f1e8edb9c3dfb8b3628f7658ac7013
CLIENT_TRAFFIC_SECRET_0 c6628782fd49de90bc53b9c651a2bd5057cd58bf55ab6e33af6ddc3b0aba3791 0d9f7e3c89017c6da3308b2126c985de353408da42c36235cb391d4ca9e52b17
SERVER_TRAFFIC_SECRET_0 c6628782fd49de90bc53b9c651a2bd5057cd58bf55ab6e33af6ddc3b0aba3791 96364f85357951bc484bf2f9b7f1afed7e1b4186591fcece3644426bf42d2a47
EXPORTER_SECRET c6628782fd49de90bc53b9c651a2bd5057cd58bf55ab6e33af6ddc3b0aba3791 ef83c8256fa92cf778dc7e5ba69ce5281a35d7134751f465b4e4da10569af966
CLIENT_HANDSHAKE_TRAFFIC_SECRET 624b3bd4a0a8a1c61317a168259d1ae1e7d11441ff02fe1dc9cf800a95e1e2ff 358f1b1ccb8213227a9fd5544e86b76ccdfb629e9a40d4e11ad37837202a1aad5fe7679e65202b10067ef951467f6a37
SERVER_HANDSHAKE_TRAFFIC_SECRET 624b3bd4a0a8a1c61317a168259d1ae1e7d11441ff02fe1dc9cf800a95e1e2ff 63fd8f450d160fd410f4ac71aeb293fbf2b344f1803ab0fffb615d8ac47cbec38357f6e3f77b5bf8d493b042fe526a7d
CLIENT_TRAFFIC_SECRET_0 624b3bd4a0a8a1c61317a168259d1ae1e7d11441ff02fe1dc9cf800a95e1e2ff 62e349c901ae0050ee85437c1869e0f9f3121bb771617b8bb7f9fdebd7af2fc717bd8f9483a6050e95b2e945c390e5cc
SERVER_TRAFFIC_SECRET_0 624b3bd4a0a8a1c61317a168259d1ae1e7d11441ff02fe1dc9cf800a95e1e2ff eb6753bbcd3740722c9e1b4bf387c8b28997ae1a306df561eb1ba42abb52872eeeb30582cd2e73a26bddc12e19e8b931
EXPORTER_SECRET 624b3bd4a0a8a1c61317a168259d1ae1e7d11441ff02fe1dc9cf800a95e1e2ff ff64c8ce22a22c045a978b28aa0aaae80f726d814c08d049eedc4188f753a13acff6ee5f3b421dfcd3c44e8132ca24ac
CLIENT_HANDSHAKE_TRAFFIC_SECRET c45558040248791b68fb83bfd18dd7652caad83952eed94db14af650c341eb82 b6918a31b17bef7d59f03b4142be5303940698bea5a1f8071cd1af3acbef03c3207ab27ac42300c597232d800a2c3cb6
SERVER_HANDSHAKE_TRAFFIC_SECRET c45558040248791b68fb83bfd18dd7652caad83952eed94db14af650c341eb82 8ac138c78027434efad1ce628e37852b9786dcf9db9757ce08677e43ef9025e91e47ee4678bd858fadcb6a35745ed5f1
CLIENT_TRAFFIC_SECRET_0 c45558040248791b68fb83bfd18dd7652caad83952eed94db14af650c341eb82 ffacd480620aa7e0d6b61eeb27406d40ef8cd14eec8b6e0c82659a0ab1ae245f2863a07f5870bd2640a845153067eb45
SERVER_TRAFFIC_SECRET_0 c45558040248791b68fb83bfd18dd7652caad83952eed94db14af650c341eb82 cdd4776ce60d4e9deda423e517329d65fe0905e06119c674eb219e57885eec25cd722050c5e97178597c4a9e8f1e4833
EXPORTER_SECRET c45558040248791b68fb83bfd18dd7652caad83952eed94db14af650c341eb82 a7a8ba255ca6a9dcd2da3699c40930ec952fc2c288b830e5381643aa7bcaf11f827ad4ad1ec578396549a249a679d45d
CLIENT_HANDSHAKE_TRAFFIC_SECRET 3a1eacfd193a5d18621b38104182a7300705c2961683763bc4bdc53c934b1308 0ab9c37210b1ef1607c231b7be2236449d188584f07f9762a5be87845f19c8dea05a85e391381a66c3016c5460b18e83
SERVER_HANDSHAKE_TRAFFIC_SECRET 3a1eacfd193a5d18621b38104182a7300705c2961683763bc4bdc53c934b1308 e83542fe936ceb99c7dd839d806707df284209922c466fc7adbf85962642e780fd321ebe5bf6b69ef7170358e7c497f1
CLIENT_TRAFFIC_SECRET_0 3a1eacfd193a5d18621b38104182a7300705c2961683763bc4bdc53c934b1308 b7b57f44cfc86e4986be85726fabfd785d93ccb61d8705f2cc308f398d59f21b00b3f21e7a039645a97d03bd720a3ffe
SERVER_TRAFFIC_SECRET_0 3a1eacfd193a5d18621b38104182a7300705c2961683763bc4bdc53c934b1308 378eb11f489aa7c22b3b89e13a5d9c5519602bf5f448f8d981d6a316a1cffd85911890098e8dafc12e9ee780b75e713f
EXPORTER_SECRET 3a1eacfd193a5d18621b38104182a7300705c2961683763bc4bdc53c934b1308 a28decb782317e72f33d7f853db281ffd4196a4b33f5a8ac78c4cb6a151ac4a9f0c32a03f206878729b3b5f18d3d6f22
CLIENT_HANDSHAKE_TRAFFIC_SECRET c65f0710f4d9bc61072002c7f549a45b4e2c917255e7eb9b1113145dc31b4f4a 7ceb468c4885264705ba9b4d4910abd43162e8c74c321eef1e5e3dfd4bd7118919d08d5801d11399a67c7e9aa46f1c21
SERVER_HANDSHAKE_TRAFFIC_SECRET c65f0710f4d9bc61072002c7f549a45b4e2c917255e7eb9b1113145dc31b4f4a 1580570ed860cc72dd6477c7d006f89b21746e1c096f9f0823c328fbe3ffcb2832ca85136f02b77c35a5a2f42e6486c4
CLIENT_TRAFFIC_SECRET_0 c65f0710f4d9bc61072002c7f549a45b4e2c917255e7eb9b1113145dc31b4f4a 24c6993ed4a05dd1152cece6b1c260090e279cbd89cbb8436fc099624e8d1bb393916bab85780362508eefa750def9df
SERVER_TRAFFIC_SECRET_0 c65f0710f4d9bc61072002c7f549a45b4e2c917255e7eb9b1113145dc31b4f4a eeaffa7072ade2c7030a63d86fe2ea87940da3bf5d04c51d497fef2df19b346ca5bb4872d87462b353e7b414eef698e0
EXPORTER_SECRET c65f0710f4d9bc61072002c7f549a45b4e2c917255e7eb9b1113145dc31b4f4a aa5300c45e5fcc585851b0033432dc7f4f16ead3ed5113f52d1b1667ce674165be735e8b7612061744dc931b5b9797e2
CLIENT_HANDSHAKE_TRAFFIC_SECRET b57ed2e582561347229f306f9f3ea06f0675f851139f91bd259a96c63d2144f4 d12687d531ce463e6a857ee8dbba0a5a6cdb4f444610d171670998da73034b24030b387fbeb047946198949c552cb732
SERVER_HANDSHAKE_TRAFFIC_SECRET b57ed2e582561347229f306f9f3ea06f0675f851139f91bd259a96c63d2144f4 2592fffa61a1aced7c919399e03f1971f0ec4549047694f43d508bec0be5c94c75b4bb088ded00b410fff741dd2871e3
CLIENT_HANDSHAKE_TRAFFIC_SECRET 928c826a336ff22172aa6d9fbb5ca5b27e6429e1b2ce3d8dd41db42094eeb129 6fcec4d964ddbd6296f825a5ffdb347e7154b6162609b4af43fb94da6b48e23bcc9fa0cb393dd2c4f4345aea77cf980e
SERVER_HANDSHAKE_TRAFFIC_SECRET 928c826a336ff22172aa6d9fbb5ca5b27e6429e1b2ce3d8dd41db42094eeb129 21bb79e906b702a63daa659d2ef28d1ed1046cc540b52ad6ab6735cc354659fd14d205c3d6b6a238de33f2146aba3a1d
CLIENT_HANDSHAKE_TRAFFIC_SECRET f951bd5de21b0edb4924e70d138993491cdccb761b6be277aa2b4bdbcf11a007 6dab3a2edeb7b5e937cd4fa2d9839b1db68f1f4f156121f7c91ced9e8193c4c6fd934bd618737dca4a0fead317ef1236
SERVER_HANDSHAKE_TRAFFIC_SECRET f951bd5de21b0edb4924e70d138993491cdccb761b6be277aa2b4bdbcf11a007 33ef60258715815ff0ed1b5a846ac5d3d06b8ddacb0f224f46e277942cfffded1e5a5f902c8e383015b9594aaa8d9582
CLIENT_TRAFFIC_SECRET_0 b57ed2e582561347229f306f9f3ea06f0675f851139f91bd259a96c63d2144f4 50ae941af21acb579b5a73a788bd9fa7e97c3e32dbbba11dc01133e917e3344c31966c0991b9f2c1b6d0953a2d93e5a8
SERVER_TRAFFIC_SECRET_0 b57ed2e582561347229f306f9f3ea06f0675f851139f91bd259a96c63d2144f4 ed88b71a09c3a8d1430c1ef09a7037364fc83e1ca257b0887e266229d97a32b13eacbdff3a8a7e5fdd9db5de972488ca
EXPORTER_SECRET b57ed2e582561347229f306f9f3ea06f0675f851139f91bd259a96c63d2144f4 099050145dec302e10d2a3c901d4446bf7ec37b13b075c403d76d964ea2de889a0efe780f7e11623062b5dc859c9ba27
CLIENT_TRAFFIC_SECRET_0 928c826a336ff22172aa6d9fbb5ca5b27e6429e1b2ce3d8dd41db42094eeb129 9c0ba78b9ea98fac315591d1230db83be69ae3eaf820ba1774f7a80bf5136b07ebd9ef468b720a6489e47cda4731b0eb
SERVER_TRAFFIC_SECRET_0 928c826a336ff22172aa6d9fbb5ca5b27e6429e1b2ce3d8dd41db42094eeb129 2bab48d0bad27f92d0c737abd66116f33badfb07681f94bb32d2c7f6a2db50916be8e9ac97e04b0c1e16d3fa6a55a006
EXPORTER_SECRET 928c826a336ff22172aa6d9fbb5ca5b27e6429e1b2ce3d8dd41db42094eeb129 92f01388525943b191e8bed0d6e834476851d2b08c222a1a4f94293c41a702a3098945f2540f70d9246101f03ba4550b
CLIENT_TRAFFIC_SECRET_0 f951bd5de21b0edb4924e70d138993491cdccb761b6be277aa2b4bdbcf11a007 e92f871543e7cd5f0f626e4234d430c22915b3fd4cc8bd64c5e6f9d6de1b45236b78a2c98c5da6fd607f5e644076bfed
SERVER_TRAFFIC_SECRET_0 f951bd5de21b0edb4924e70d138993491cdccb761b6be277aa2b4bdbcf11a007 c5920853986287d4d83777d0de48f4547cce8f14336fba3cc63558657b0ae4854a621b21d61172e957cd66e7232a41b4
EXPORTER_SECRET f951bd5de21b0edb4924e70d138993491cdccb761b6be277aa2b4bdbcf11a007 00d45284dae36c3f0f6d213b49b5c58776a1edafaca960e2c7334c0b50f1f54cc51fa469cc13cde1457c7f985eba8b45
CLIENT_HANDSHAKE_TRAFFIC_SECRET 3c46126db72d4fb9ab6453150d3bfeef70b94f5dcb22d135f5c9fa0c30d1e1a3 fef4364467c7c4ba3c6bc70f9b028a4b06cb820cf4cbe125ef17c5e7682d154d1846b8b0e61037951993d951fc490992
SERVER_HANDSHAKE_TRAFFIC_SECRET 3c46126db72d4fb9ab6453150d3bfeef70b94f5dcb22d135f5c9fa0c30d1e1a3 a722a501ede8c10312a5aae99915785f4f945311fad8c607e48f05977827e94802b287ff205ed99da788274ddb9de610
CLIENT_TRAFFIC_SECRET_0 3c46126db72d4fb9ab6453150d3bfeef70b94f5dcb22d135f5c9fa0c30d1e1a3 c314d9bc725257a3754a2e3f1de3befd2d70ac50e5f10c1387cbc7be654434c11fe48e9b16a4a4e43fc5b3f63c6a7c79
SERVER_TRAFFIC_SECRET_0 3c46126db72d4fb9ab6453150d3bfeef70b94f5dcb22d135f5c9fa0c30d1e1a3 7095eed2417ede1d219361edcae978e2b641014def34285f61b61adbffc66aa9040d53d6ae022b1d38bfdce67e9d68df
EXPORTER_SECRET 3c46126db72d4fb9ab6453150d3bfeef70b94f5dcb22d135f5c9fa0c30d1e1a3 b7a0ff907f1e5c2611f986cd9d822ed733fe6c04315aa9dee1b89416faffc352ae513b521b78f3b917f25416725dbbb6
# SSL/TLS secrets log file, generated by NSS
SERVER_HANDSHAKE_TRAFFIC_SECRET ebca6c21041ef515280f9f176819264ffedd9063b361e31fe67350493f3006d3 56da84cfeae4a026dd7a05510810b27f18020a317975b298158546abf075573b085b7722bb982a38aff01cfc95a5a5f8
EXPORTER_SECRET ebca6c21041ef515280f9f176819264ffedd9063b361e31fe67350493f3006d3 6bfd68b29d009a4373f151e2ac7605d0d19107980cbadba9bb70dcca92c614431ac50b4cf30bc816ea20f237c01008a5
SERVER_TRAFFIC_SECRET_0 ebca6c21041ef515280f9f176819264ffedd9063b361e31fe67350493f3006d3 ddab51e8a8a4badeaf21aef32912f1616cb24d1e8d5e6290383b6aa6e53c13eea6b1f962f0d7367729f12cc71d4e00a9
CLIENT_HANDSHAKE_TRAFFIC_SECRET ebca6c21041ef515280f9f176819264ffedd9063b361e31fe67350493f3006d3 9f5c297a921708ecafb56904a878b9eafb4b1f02732578f0b62ce5286bef8192931a7716c68c18f9a27d17c18709934f
CLIENT_TRAFFIC_SECRET_0 ebca6c21041ef515280f9f176819264ffedd9063b361e31fe67350493f3006d3 9754341aab2e084f88eb8f4def15a098b2320601fcb23de74afe3090bcbf68adb67cf7fdbef77675aced1e2e66a3715c
SERVER_HANDSHAKE_TRAFFIC_SECRET 6198b957aed67b11b5f61716fc9027185bfbde10d4fac468944034710f6e8945 fb233cc7e020fb987d700ca2332cda81f9a139ee32744ef7725128ae91c6f4f45cb4b626c913b7dbb2d6b34e0d281a6a
SERVER_HANDSHAKE_TRAFFIC_SECRET 494a8d685c8d2e8d743dbd232b76604119f571b4193d6dfda951a70e844cb14d 6fce7b092ad8cf79ad2736ceeadf5585d9a800fb36eeb9cea6f8a3564ac7dfddc2954435a3c0bb771c974c326da144ef
EXPORTER_SECRET 6198b957aed67b11b5f61716fc9027185bfbde10d4fac468944034710f6e8945 f3bd257720487cfb339b4b887eaa0a81c1798fa7b9b4d7fd4133277d901f804b15aa7cca1013576f2c9638dfea3ac767
SERVER_TRAFFIC_SECRET_0 6198b957aed67b11b5f61716fc9027185bfbde10d4fac468944034710f6e8945 7c6f7e09250c58709d1c001ab7ff67b704368b88f6fc90d9b8bb4cc02d503915e41129f67b189115db204bd4cdc04904
CLIENT_HANDSHAKE_TRAFFIC_SECRET 6198b957aed67b11b5f61716fc9027185bfbde10d4fac468944034710f6e8945 c7e17392e071b4fbfe9b3a9dfd165d1fc68c5e7c831e054914cceca00c79f8ea8bb311df67f71f880f527fb2331bf234
EXPORTER_SECRET 494a8d685c8d2e8d743dbd232b76604119f571b4193d6dfda951a70e844cb14d f81737f61c8d069347cb30ee653ffea8fdcbc8714c8575e3cdf389a05dc09b7942c6ce3d386b3985a889255134309983
SERVER_TRAFFIC_SECRET_0 494a8d685c8d2e8d743dbd232b76604119f571b4193d6dfda951a70e844cb14d 8338101584ccaffe5c002b1062ca8128b830a0b29a03dbbc97f4e59a9b60800fef02d5bd8537b29d407e90bafd768ea2
CLIENT_HANDSHAKE_TRAFFIC_SECRET 494a8d685c8d2e8d743dbd232b76604119f571b4193d6dfda951a70e844cb14d 86ec327046985f9064606697282f12d34a8a83c584a1ca567d63dabbed5458af540c64353c7cdb5e76fbb6d71dfc9265
CLIENT_TRAFFIC_SECRET_0 6198b957aed67b11b5f61716fc9027185bfbde10d4fac468944034710f6e8945 c6f4fe8e8bf1423be793bd514cf4073e6ed9a784150a7b6c1ec5a3f986beec161600ac1fb5d3abb1c5ed6a940ef21898
CLIENT_TRAFFIC_SECRET_0 494a8d685c8d2e8d743dbd232b76604119f571b4193d6dfda951a70e844cb14d 3c8c31a669276aea36354ba8f89c80711cc68c2d37face43dc1e5a98e13af25bcf42970d1328055816a3562dd5dca0cc
SERVER_HANDSHAKE_TRAFFIC_SECRET acf47226a27533f12de7ef0664f8292f387bf55e70b8fe80318bf088000bbff5 78cff801d3b506b8ffc3a9be4c78ef76af2f573a14d89f3cde312679c5950899b93b9d8ebfcfb625cecb273eea2655d8
EXPORTER_SECRET acf47226a27533f12de7ef0664f8292f387bf55e70b8fe80318bf088000bbff5 5b257107bd878001af3d79be52e9681bebbe150e8b8cb1c119776efbfc90cc02d202ae422876ae1cf760a44e7614ebfa
SERVER_TRAFFIC_SECRET_0 acf47226a27533f12de7ef0664f8292f387bf55e70b8fe80318bf088000bbff5 830f8cc28702afe6e4368c114d38f3aa9f415aebd0d030ebd6ddc2694ceea896c45b23c01436d4e4fcd34010fbcb5bf5
CLIENT_HANDSHAKE_TRAFFIC_SECRET acf47226a27533f12de7ef0664f8292f387bf55e70b8fe80318bf088000bbff5 4d4d9cf6c0599d7fb96266c7e14a23b068afb3102e95a1f00f4830dbf7eb1cd0d12c7d69b29d2423e763ef46e62967a7
CLIENT_TRAFFIC_SECRET_0 acf47226a27533f12de7ef0664f8292f387bf55e70b8fe80318bf088000bbff5 cf2b88b5d139ef2b3682341834421c5b80aae89939acc46f26d873beec5c61c56a63d9c2ab069ac14a8bb1424037d851
