# SSL/TLS secrets log file, generated by NSS
CLIENT_HANDSHAKE_TRAFFIC_SECRET 5d05a50e339b4fdc5288ced10dc9f63691398cc9de0bf102e84afc5939af13fc c85e14cbf21eb9c42582826eb5937d47c62a2a234f07f768b8727c7ef7be778e
SERVER_HANDSHAKE_TRAFFIC_SECRET 5d05a50e339b4fdc5288ced10dc9f63691398cc9de0bf102e84afc5939af13fc 5d9dc1ef02480aeebaa24551c98a3bce688996d55a22f1ab962245e0bed06a45
CLIENT_RANDOM f0b6bbe801a83d0136fc8a7e81efc69e5bcbb9acfeb5f11a40eb87ea28fa34f2 df2d524e7d0adea038062028bae4958731dab4c9d3082d90bbcd6e27da0604280949372035b00525f107ea37668fe453
CLIENT_TRAFFIC_SECRET_0 5d05a50e339b4fdc5288ced10dc9f63691398cc9de0bf102e84afc5939af13fc 5a900d4611bf8de6e06838c322320fe1f37e7b2274804766c497c25bc0115080
SERVER_TRAFFIC_SECRET_0 5d05a50e339b4fdc5288ced10dc9f63691398cc9de0bf102e84afc5939af13fc 612aa068a953b726472fa65936ca2a3aa113d4b24b9618fccc4c370aa6203d09
EXPORTER_SECRET 5d05a50e339b4fdc5288ced10dc9f63691398cc9de0bf102e84afc5939af13fc d29182fed2ef75edb4275c312e5b1f7e71bf013ab77e161333124be5bd180b46
CLIENT_HANDSHAKE_TRAFFIC_SECRET 2d5c9e5b22c20510f4185e38f555e8cc523f7d230b8bad54922b8f5d82c38dae fdc1006ca2badf154c33730b05b45a203020b58670831ba25c047540d807a18e
SERVER_HANDSHAKE_TRAFFIC_SECRET 2d5c9e5b22c20510f4185e38f555e8cc523f7d230b8bad54922b8f5d82c38dae cbb15419c7fb4a71188979a2ea9e0beee8ecf98c8bad8fce4e1d919bb0bf2562
CLIENT_HANDSHAKE_TRAFFIC_SECRET 53eb1cdc01ace2ef0dddd40086ed27b35a313e8d96ac2d14b6b0241812aaeccb 7b265e40d1818570bc48e03148b8cd782b9bff8acdb66ac7f1295a57f059d7df
SERVER_HANDSHAKE_TRAFFIC_SECRET 53eb1cdc01ace2ef0dddd40086ed27b35a313e8d96ac2d14b6b0241812aaeccb 85ae9ee256f276dd90821883ef6623108d70a6eda618ad969108668c2716fb74
CLIENT_HANDSHAKE_TRAFFIC_SECRET b818caa797dcba33a1e2c0c482821946731efd64afb1da2e0c9190d84b3fe0c9 b7564570a1f927678f0a2256d30a869612c82d1b6ec2d6af8819ebf23fcf7cb5
SERVER_HANDSHAKE_TRAFFIC_SECRET b818caa797dcba33a1e2c0c482821946731efd64afb1da2e0c9190d84b3fe0c9 4fd979267c127e18bd4037e6f464bc43e3b9d1fa285fae7be8df17b597d8e449
CLIENT_TRAFFIC_SECRET_0 2d5c9e5b22c20510f4185e38f555e8cc523f7d230b8bad54922b8f5d82c38dae 0583254c6c34ac53521186815d3f40e537c446edb8fa0bb31603a7490d135f4c
SERVER_TRAFFIC_SECRET_0 2d5c9e5b22c20510f4185e38f555e8cc523f7d230b8bad54922b8f5d82c38dae 9f7feadfcd078ddf215b4daeb302fabc8ea20abef9202219231bc3f9c1778af2
EXPORTER_SECRET 2d5c9e5b22c20510f4185e38f555e8cc523f7d230b8bad54922b8f5d82c38dae b4ddf0404c5978b711e625ff2f6b82122f418b36dc5a849ca19c4ec217a856df
CLIENT_TRAFFIC_SECRET_0 53eb1cdc01ace2ef0dddd40086ed27b35a313e8d96ac2d14b6b0241812aaeccb b3201e5aff8b7fef3f80b32be34c2ad442af1b7b34331fcde01b09c90a1e100b
SERVER_TRAFFIC_SECRET_0 53eb1cdc01ace2ef0dddd40086ed27b35a313e8d96ac2d14b6b0241812aaeccb 5a284287fe05ce415c28e1b0f0064f4c7690f2c528c036817f871793f0b0b8de
EXPORTER_SECRET 53eb1cdc01ace2ef0dddd40086ed27b35a313e8d96ac2d14b6b0241812aaeccb 339bdc26392f8e3cc7e666c04d8cd5bca1153852f220ea6312b736a71e33c505
CLIENT_HANDSHAKE_TRAFFIC_SECRET bfe5c4e9f197bf064d9e48734df7aefe88792b8b43a9c078762f04ca330b2d5b 7c3889a8b9e4f9367d691c7ee5314b1594185bf0fde39d72150fc836601f0a85
SERVER_HANDSHAKE_TRAFFIC_SECRET bfe5c4e9f197bf064d9e48734df7aefe88792b8b43a9c078762f04ca330b2d5b 9517678314bf95163bdee4b2b1e69728d9d48b902d0773e260ff10db58fcc347
CLIENT_TRAFFIC_SECRET_0 b818caa797dcba33a1e2c0c482821946731efd64afb1da2e0c9190d84b3fe0c9 d530bd06dab4c2f2f2c879632fe0ff4bcc8f1b51de545e77acd2ac64b85c2c75
SERVER_TRAFFIC_SECRET_0 b818caa797dcba33a1e2c0c482821946731efd64afb1da2e0c9190d84b3fe0c9 53febc69b1140c199823e7ed07140e14db44f193b31e2246bdee2066745afdfe
EXPORTER_SECRET b818caa797dcba33a1e2c0c482821946731efd64afb1da2e0c9190d84b3fe0c9 0bd168b72cf4d8ff3263e2d20f542d489739da00032761fc2d609c5369f30b0e
CLIENT_TRAFFIC_SECRET_0 bfe5c4e9f197bf064d9e48734df7aefe88792b8b43a9c078762f04ca330b2d5b f061fbe8e965448a90313afc58190364ecb444b7f809bf668cbd016150b50cc7
SERVER_TRAFFIC_SECRET_0 bfe5c4e9f197bf064d9e48734df7aefe88792b8b43a9c078762f04ca330b2d5b 443c564cb18ce94bc4f70ab1751394a3f6b7783bf2b6dee77da3de3c1fc05770
EXPORTER_SECRET bfe5c4e9f197bf064d9e48734df7aefe88792b8b43a9c078762f04ca330b2d5b 36e28d4ff94d3d446e1b59d1f325ab554626bbed53e40ea4799e1e1ec354bd79
CLIENT_HANDSHAKE_TRAFFIC_SECRET 0549f5097d728355663eece2e169d60a598d93810324879047ea075a571ad488 43378e56d4db1cbeb3899e058c4da6ac31e8031bfa8096c3b4b3f0858499d4b3
SERVER_HANDSHAKE_TRAFFIC_SECRET 0549f5097d728355663eece2e169d60a598d93810324879047ea075a571ad488 3daaed30cd62a27a12fe880bf6a189936046a7ce09a4e0242d9d197b10114337
CLIENT_HANDSHAKE_TRAFFIC_SECRET 803137b8f22fc20f372fcb3311ef6bdc731c7307361b2cfba1924929fd891615 64c624225a678c7baffde847f104df6144916da3ed964aa0c23ef177248cb1ce
SERVER_HANDSHAKE_TRAFFIC_SECRET 803137b8f22fc20f372fcb3311ef6bdc731c7307361b2cfba1924929fd891615 da5178834a41cfb37685836086eb55bbbb934eddb8f2efddb17f89f58b519c9e
CLIENT_HANDSHAKE_TRAFFIC_SECRET d23a35f6b25597aa23265cafe22ebafe6a434a427a376a807a5c03102589c0a2 9a371683a5eba2e2da14d03db942616e664b1c4dfc234e37c5e2de163e72ef86
SERVER_HANDSHAKE_TRAFFIC_SECRET d23a35f6b25597aa23265cafe22ebafe6a434a427a376a807a5c03102589c0a2 8db3b34699253f5a790210fd20b84e4c19e4943e9b50d118e123c993521fd0c2
CLIENT_TRAFFIC_SECRET_0 d23a35f6b25597aa23265cafe22ebafe6a434a427a376a807a5c03102589c0a2 5a549cb2ff8b8305851e2bb55b74957a38f452c6817d1beae871a2557039bd8e
SERVER_TRAFFIC_SECRET_0 d23a35f6b25597aa23265cafe22ebafe6a434a427a376a807a5c03102589c0a2 ff71fcb0c7b013c5fc58cdcfce0c193efc1de10a32bb72e851a6ebfb5fb4de8e
EXPORTER_SECRET d23a35f6b25597aa23265cafe22ebafe6a434a427a376a807a5c03102589c0a2 6905db49cae200283934bfbb7e5d37d7373fae1d8548bf0729a6c26af1f609ba
CLIENT_TRAFFIC_SECRET_0 803137b8f22fc20f372fcb3311ef6bdc731c7307361b2cfba1924929fd891615 b78736b34dd26b946ea4614b8dc01b8095ac1752b35bad63e1633b4f561e152b
SERVER_TRAFFIC_SECRET_0 803137b8f22fc20f372fcb3311ef6bdc731c7307361b2cfba1924929fd891615 aed90cfd5c9e3665fbee65a094c989d45f6753841d11e364e766ad7cc44fb9a8
EXPORTER_SECRET 803137b8f22fc20f372fcb3311ef6bdc731c7307361b2cfba1924929fd891615 5c2364ca391fb66c8f6d997b70b0b0bfd88c031470a7748b54236b76597caa71
CLIENT_HANDSHAKE_TRAFFIC_SECRET 9015500536ee987b1e11ebfcbe710d488831d488eda820a457f507e25dc59a3b a21eb094c24ab2eab253d5f71b1c3201c2c84f437cf4956d8cefe0455452206a
SERVER_HANDSHAKE_TRAFFIC_SECRET 9015500536ee987b1e11ebfcbe710d488831d488eda820a457f507e25dc59a3b 2344c37e14ff4940a9c388a868c84516a0158f50baab0f4b87ab8d4b8034e332
CLIENT_TRAFFIC_SECRET_0 0549f5097d728355663eece2e169d60a598d93810324879047ea075a571ad488 75b693cccafcf35a8d74d641b48306d7f41b6de05d2be1e78887aadf7987262a
SERVER_TRAFFIC_SECRET_0 0549f5097d728355663eece2e169d60a598d93810324879047ea075a571ad488 58e738c2108f3e31177e92fa2e8ce018b4c5f31de8915cbe4444542a7cdabadc
EXPORTER_SECRET 0549f5097d728355663eece2e169d60a598d93810324879047ea075a571ad488 359f2f4ff1096d5d8cc2ed08b95603ddbeb442a3b476cadf7909a2c0a71ecb30
CLIENT_TRAFFIC_SECRET_0 9015500536ee987b1e11ebfcbe710d488831d488eda820a457f507e25dc59a3b af5758217437075160981362c12889a3650bf93039dfdc7301a7e9fae221d61d
SERVER_TRAFFIC_SECRET_0 9015500536ee987b1e11ebfcbe710d488831d488eda820a457f507e25dc59a3b 8fb9e44f7cca1e6508d85a54d19a240f20f494a269bbbf2a387817647e35be2c
EXPORTER_SECRET 9015500536ee987b1e11ebfcbe710d488831d488eda820a457f507e25dc59a3b a8f82b1a96ff98e0eac905b3abe7e8fe284a1bbd8316bba17f389591ea6f2aa8
CLIENT_HANDSHAKE_TRAFFIC_SECRET e7ab3c1ac7654df81b17d7aef195e205bae38db98b15c0f23f68378ef84b42e5 acc6857e47ad8e2d95a2f6cb090c537b4b4666dcf65e5f52636c8411160b166e
SERVER_HANDSHAKE_TRAFFIC_SECRET e7ab3c1ac7654df81b17d7aef195e205bae38db98b15c0f23f68378ef84b42e5 855bbd1b814ab588eadbe8895c4939657f2377aa87e734b09bd90126d80bd124
CLIENT_TRAFFIC_SECRET_0 e7ab3c1ac7654df81b17d7aef195e205bae38db98b15c0f23f68378ef84b42e5 eb34824e0bdf03ec420096772f29dc2f6b2fd5d0ea75dbcf1929236990b1382c
SERVER_TRAFFIC_SECRET_0 e7ab3c1ac7654df81b17d7aef195e205bae38db98b15c0f23f68378ef84b42e5 6cd8ea8fe3cd14959ba1d624eca87bd8586eda8235763abb064029f616aca4ef
EXPORTER_SECRET e7ab3c1ac7654df81b17d7aef195e205bae38db98b15c0f23f68378ef84b42e5 cb0754550d03d98710df46745f01c2acf40a25bde3536d9d50b0ea015a38662a
CLIENT_HANDSHAKE_TRAFFIC_SECRET 76039fb4d147a1c81d828a11d2a7c188ef89c334f0c0a92f9cd23c9307299f40 04f299b81c6e393652e394ae1c3e3e3f68fe80e0ba66577729d6954162cd8500
SERVER_HANDSHAKE_TRAFFIC_SECRET 76039fb4d147a1c81d828a11d2a7c188ef89c334f0c0a92f9cd23c9307299f40 1cd29da3ff8a8e81656f5b8ff6608ebc8d83d2574e5c476221834cdfb707fb50
CLIENT_HANDSHAKE_TRAFFIC_SECRET b349b97df7c431b3c31325b0f3a07f45b90cadd366a4cfad00c2a6ea9a47bf4c ca92aebb0b44676444e86648a2e9bf04ea69db3ecda97b29b893bcbbdc8f987d
SERVER_HANDSHAKE_TRAFFIC_SECRET b349b97df7c431b3c31325b0f3a07f45b90cadd366a4cfad00c2a6ea9a47bf4c d319811acabc225c24d219c28ceb9f6f9737eedba8bee4d07965b8a565bf4811
CLIENT_TRAFFIC_SECRET_0 76039fb4d147a1c81d828a11d2a7c188ef89c334f0c0a92f9cd23c9307299f40 75c41a6332ddb797bca8d9f3326c8c843d7b419f53ff55ffa8caacdcfe08c421
SERVER_TRAFFIC_SECRET_0 76039fb4d147a1c81d828a11d2a7c188ef89c334f0c0a92f9cd23c9307299f40 9f7db76e186ee5296d1f0aeef28fb6f4f0ea7869fc1cdefedd150e2503274561
EXPORTER_SECRET 76039fb4d147a1c81d828a11d2a7c188ef89c334f0c0a92f9cd23c9307299f40 6bb81d0bcf5c6d0c504ea70b80bb2db8793b4866a13abd266c3e9fd2cfb17ccc
CLIENT_TRAFFIC_SECRET_0 b349b97df7c431b3c31325b0f3a07f45b90cadd366a4cfad00c2a6ea9a47bf4c 57dc3dea86b69693e25c8fd687c78403c229866ccae8dd34a0a4564d2e270904
SERVER_TRAFFIC_SECRET_0 b349b97df7c431b3c31325b0f3a07f45b90cadd366a4cfad00c2a6ea9a47bf4c e40dcf6e0d2d89dbbe3688d5161f28d26ea2b1ddfeb5e70ef5a617af0c069cc4
EXPORTER_SECRET b349b97df7c431b3c31325b0f3a07f45b90cadd366a4cfad00c2a6ea9a47bf4c d2f71346b5820a44c230ca1ecea4192408e8c1611334001fbfa311aa3e8dbf4c
CLIENT_HANDSHAKE_TRAFFIC_SECRET 5611420fda662771ff5adcd855a58591ff96060d98b1907ec95ff4390f11f904 757c372619c4e8f65c0729ddbe9fb2dfb1cbc0535204de1be659d06fa308d4eb
SERVER_HANDSHAKE_TRAFFIC_SECRET 5611420fda662771ff5adcd855a58591ff96060d98b1907ec95ff4390f11f904 3e764c924428360fcd6f232b05a66487aec7e030867b42317993e0c0c0273a68
CLIENT_TRAFFIC_SECRET_0 5611420fda662771ff5adcd855a58591ff96060d98b1907ec95ff4390f11f904 8ec707d15688eb77ffa321880eedc5ddc838dfa676755e0cb749998d6a104dc1
SERVER_TRAFFIC_SECRET_0 5611420fda662771ff5adcd855a58591ff96060d98b1907ec95ff4390f11f904 f87176a9dcf8cfceb26da620eb6f5f73ba99596c8cc6d1706489aadef73258a8
EXPORTER_SECRET 5611420fda662771ff5adcd855a58591ff96060d98b1907ec95ff4390f11f904 e09b31e954068cf0bed151fb847cb65c5e01ba7f87a8488d2f2bce0e3c0d11dc
CLIENT_HANDSHAKE_TRAFFIC_SECRET e916877f4bc844c2395599316b332cae06ec30c777399e301e8ec27c23a5b3f0 6bd4287971abe3df07788e445917c43bdf7cf40a55cf58b86f369046f5e3ece1
SERVER_HANDSHAKE_TRAFFIC_SECRET e916877f4bc844c2395599316b332cae06ec30c777399e301e8ec27c23a5b3f0 7dc8513d45d10f5a5ff3a9345997108cbe76cf429b7a7468d247e227335bd48f
CLIENT_TRAFFIC_SECRET_0 e916877f4bc844c2395599316b332cae06ec30c777399e301e8ec27c23a5b3f0 6dc1641c1bb6260c1d7d559f2e50c0b4796aabac397089189cdae8eccf0f8e4c
SERVER_TRAFFIC_SECRET_0 e916877f4bc844c2395599316b332cae06ec30c777399e301e8ec27c23a5b3f0 e19a4359171801967cfe994a47d3731070347403753561a47699464bce4f1ea5
EXPORTER_SECRET e916877f4bc844c2395599316b332cae06ec30c777399e301e8ec27c23a5b3f0 df534c4ab4946901b8043aea2e5f758d2a0c8e5e61120621195cad0a2bcbb0c4
CLIENT_HANDSHAKE_TRAFFIC_SECRET 5a698f7c8ce0be655d9bc9998ab0d8641a5eae19e578d7ccff7411616bec448e e519d6cb2c3eaff24077c60920e729fdf1e353952eba4a712054f5f5553d26fda890ab01a3771d36c2cbdc643fea2d21
SERVER_HANDSHAKE_TRAFFIC_SECRET 5a698f7c8ce0be655d9bc9998ab0d8641a5eae19e578d7ccff7411616bec448e 06fccfb72644a7dc0b072578619b2a044c592cd98484c5fe1a55c5234f4f850af3fc3fbb913b88d815780b4d3214bfa0
CLIENT_TRAFFIC_SECRET_0 5a698f7c8ce0be655d9bc9998ab0d8641a5eae19e578d7ccff7411616bec448e 65862cc680ea6b78ba5548c7335b91ac6e3c25acf35c52a949083f53acb17a62cb47bc545b4ae2532162da703f3fec54
SERVER_TRAFFIC_SECRET_0 5a698f7c8ce0be655d9bc9998ab0d8641a5eae19e578d7ccff7411616bec448e 7ded400eca132c05f222c3352afaa8218c46ecf8699c3126d985999ec26bf6f93594966870ed6c16c4c42caf01f0938d
EXPORTER_SECRET 5a698f7c8ce0be655d9bc9998ab0d8641a5eae19e578d7ccff7411616bec448e be0c709ae9adf88e2d9c911a718fcfbc3a47fffefa267f5fec34515bf36f9a5ada6e592ced0098edf95febd5ed382bd3
CLIENT_HANDSHAKE_TRAFFIC_SECRET c2059f23a1587ae69727638d749fc17f2b379928b2d7f11429bbc90ea5fd6e6d 80f11967ec66e96439c907bf30dc69d2b864866aa17a2d65340e5fa6f91c40ae
SERVER_HANDSHAKE_TRAFFIC_SECRET c2059f23a1587ae69727638d749fc17f2b379928b2d7f11429bbc90ea5fd6e6d 3547057eb9a39604f9c80d64eeb1eaa725c7d583fe3780405eceddf647224244
CLIENT_TRAFFIC_SECRET_0 c2059f23a1587ae69727638d749fc17f2b379928b2d7f11429bbc90ea5fd6e6d 6f15b5368050136d925864ca378dcc7530a45683cd4b67a57a72b0e70cc9de12
SERVER_TRAFFIC_SECRET_0 c2059f23a1587ae69727638d749fc17f2b379928b2d7f11429bbc90ea5fd6e6d f4228e875d173fdacdcaf1d803a74174758b92ce7b864709d2188a49fc0c59ec
EXPORTER_SECRET c2059f23a1587ae69727638d749fc17f2b379928b2d7f11429bbc90ea5fd6e6d 081bbd3788fa7190b05957e49d9a738fe42128b284a9f620b2af3962d95d19a6
CLIENT_HANDSHAKE_TRAFFIC_SECRET 6d3cf4deabbb176c44b67ac1719a0204cca26062ca7ee9c93e85fa892764ff8b 4c9252b03a33c1456bcd05260fa8f9dc6fca4eea00fa4016270a0ae47448f13d
SERVER_HANDSHAKE_TRAFFIC_SECRET 6d3cf4deabbb176c44b67ac1719a0204cca26062ca7ee9c93e85fa892764ff8b 27fcef861ce332d7118039e8e63bc1d8fe096bda74281ce75c81da43e2005b99
CLIENT_TRAFFIC_SECRET_0 6d3cf4deabbb176c44b67ac1719a0204cca26062ca7ee9c93e85fa892764ff8b 698042c6be4bb4df857031bd5029ba489aa8e36022fa3dfbffb41f7e47950fde
SERVER_TRAFFIC_SECRET_0 6d3cf4deabbb176c44b67ac1719a0204cca26062ca7ee9c93e85fa892764ff8b bf42d3fc7342aa2324cc8f7b4c86605a2004a2f5ee5bc0c28f6a25c1dc4f2207
EXPORTER_SECRET 6d3cf4deabbb176c44b67ac1719a0204cca26062ca7ee9c93e85fa892764ff8b 34900898d396bd9dd6f5a6596f3c7557baa05bdc1f545240018715fb90f76110
CLIENT_HANDSHAKE_TRAFFIC_SECRET cf07c6b72a38aa3823ddc8bf78fbdb22a0f0cea97a2f4f4f4606e95269c3f70c 61136a0e90891f54394bd5161e399e2b4af80991bb9dbbec81ac45ed38824a47b6bae3e4b93230df585097d65292adab
SERVER_HANDSHAKE_TRAFFIC_SECRET cf07c6b72a38aa3823ddc8bf78fbdb22a0f0cea97a2f4f4f4606e95269c3f70c 2db97ef92ed7bb95555dcf4523baae5a157416aa1c727be306c5236f9800400e5e62ae1ca0f495d7e84b282330093c68
CLIENT_TRAFFIC_SECRET_0 cf07c6b72a38aa3823ddc8bf78fbdb22a0f0cea97a2f4f4f4606e95269c3f70c 575eaf2d95d1f3903506b0d2abd7a7475a1b0a13ed1d35cb2bfe081c26f0fe6ebb706629b42ee241f727225ce83f4b1c
SERVER_TRAFFIC_SECRET_0 cf07c6b72a38aa3823ddc8bf78fbdb22a0f0cea97a2f4f4f4606e95269c3f70c a9511b1436d1b5ffc11cf014462e17e6a579d3cddab8edbe29ae685666ff9fad9354bdd724778697ed7519afc6fc28ea
EXPORTER_SECRET cf07c6b72a38aa3823ddc8bf78fbdb22a0f0cea97a2f4f4f4606e95269c3f70c d6067781085c03706ef38849736fc67b60fd9a84a711740adbe086dae0bb29aed2afd66a85e86a581a1440942c5e3420
CLIENT_HANDSHAKE_TRAFFIC_SECRET aa6e99c06093247ce5dfd2f491a9e5bb9c3a25df6436b9a4aeb3145c8dda4004 df53d5cfac6a9d3fbc8f4e37390fd8ec992e9e596c4e6465bc305a755466e8aba411b2913b35683bb4ba80aa51fd279d
SERVER_HANDSHAKE_TRAFFIC_SECRET aa6e99c06093247ce5dfd2f491a9e5bb9c3a25df6436b9a4aeb3145c8dda4004 42b55a68c1d7eda7cced972095a15586be79416be84eed0a47533a827cd0efd43a9e3c333c53a7745dc10249d37b10fd
CLIENT_HANDSHAKE_TRAFFIC_SECRET 5106a42449e655f6fce788e5b8fdf79dd76846b3d1622a6a64b2442fdcd627f1 eb138d20d1318e7051d99988be289f70b28c1f92e8521f8a6fe199e014acf990f12ad77422ef29b2641a82e047f47c53
SERVER_HANDSHAKE_TRAFFIC_SECRET 5106a42449e655f6fce788e5b8fdf79dd76846b3d1622a6a64b2442fdcd627f1 90097c54ada10346652883cf4a606e9b38e71fea3d83e3ceaa5ad64378997652759a420c6a63233b278ae188bc5d86e5
CLIENT_TRAFFIC_SECRET_0 5106a42449e655f6fce788e5b8fdf79dd76846b3d1622a6a64b2442fdcd627f1 105b5fb5d086c87d42ad223d5f51a863d91abb86c91db41850f598d2dc825d0d60ea9c6d72acb1529464a76e47068f68
SERVER_TRAFFIC_SECRET_0 5106a42449e655f6fce788e5b8fdf79dd76846b3d1622a6a64b2442fdcd627f1 e7092437184e3c9e3dbdbd5d540286d1af0dead2abc56e310a46bac09c055c78362a6c84fd48adf14eb951770060d335
EXPORTER_SECRET 5106a42449e655f6fce788e5b8fdf79dd76846b3d1622a6a64b2442fdcd627f1 8a9b175c687ec32f99822ca35c54d667c14152bdb78fc40b662d6b8acf4b5dbf9439b6d91409f765e3de10706119fe88
CLIENT_TRAFFIC_SECRET_0 aa6e99c06093247ce5dfd2f491a9e5bb9c3a25df6436b9a4aeb3145c8dda4004 cb74baf0109654a3ec888a652456097590bafe27375f97e0bd3618529d853adab971b41c616ced8cc3ba6c150c2a3009
SERVER_TRAFFIC_SECRET_0 aa6e99c06093247ce5dfd2f491a9e5bb9c3a25df6436b9a4aeb3145c8dda4004 e35e3aace4d2df5be295f7bdf25a2d8ef139df585c832d97b8e654cb18a1efecad340582d76d356e70daa925492d365e
EXPORTER_SECRET aa6e99c06093247ce5dfd2f491a9e5bb9c3a25df6436b9a4aeb3145c8dda4004 08f92c1256f47c821183db19009300089a78644abddfcb2bde3ad440315cb99c5e38d9cc84b54d660e90a9309fe725c7
CLIENT_HANDSHAKE_TRAFFIC_SECRET 4ec8e2075f9de5852385366282e86d4859324b429eed82e8514be8d88b8ae861 eaa4aeeb9f1fd3a866823a772a8219ee66f036f638fefb4cbcec9381fe1c163e2e9c9c4ea3e1c3c7119894c37fa55a6c
SERVER_HANDSHAKE_TRAFFIC_SECRET 4ec8e2075f9de5852385366282e86d4859324b429eed82e8514be8d88b8ae861 0babf9da1479d11b2fc8a5296858130e1b04b45ef86932e13b9b069f25a3c43cdbcee26053ba7b8a61ebc8f0bfe6d4b5
CLIENT_HANDSHAKE_TRAFFIC_SECRET 4ed8fb9ba777aed0625864f8442b5987b1c811bb967a1a4b9d196dbafe81db32 cfa7d8cae403e7d944482eee970be430d0fd9ecd798ab9eed16254ff8a29e132b2f1fb810d1a835d7c68f94635ee928e
SERVER_HANDSHAKE_TRAFFIC_SECRET 4ed8fb9ba777aed0625864f8442b5987b1c811bb967a1a4b9d196dbafe81db32 c8003ff8a13831578c04fd18e78f531bfb588e8d9e65f72da6925ccf540c118ff7d6701382d6ed0d9a895e9eeb087bbe
CLIENT_TRAFFIC_SECRET_0 4ed8fb9ba777aed0625864f8442b5987b1c811bb967a1a4b9d196dbafe81db32 5abc6275032070aa6c979255e891e6aabc006369b2389696d651662e4431eda4b2837434c8e6747871865c8bd7bc78a0
SERVER_TRAFFIC_SECRET_0 4ed8fb9ba777aed0625864f8442b5987b1c811bb967a1a4b9d196dbafe81db32 ef37618246f684e05aaf37b31d3eb73de3d6590cadf2eeeccaebe05350975e1a2e5bf3b1a22b75ed968e8b22c9ca41a3
EXPORTER_SECRET 4ed8fb9ba777aed0625864f8442b5987b1c811bb967a1a4b9d196dbafe81db32 aeb61af9839cf4c5f411862b632c5b0397b084c00253911e7f7fd0ddf03f7b7b9d088e8c0600a6deab047f01f103a024
CLIENT_TRAFFIC_SECRET_0 4ec8e2075f9de5852385366282e86d4859324b429eed82e8514be8d88b8ae861 6bcccea52cf92a08f6e64d0dd1e01f1a57e186c14d08daae2438c09016cb3a098fcd0bb12fc1e8658c30a44f7be11c07
SERVER_TRAFFIC_SECRET_0 4ec8e2075f9de5852385366282e86d4859324b429eed82e8514be8d88b8ae861 9a5955e5833b8c6b752f6c0e1b0ddfddbac97d5459c1b8a76c8f2aac00c46f871c4dc3967ee391aa0dc70dbb83df1cb8
EXPORTER_SECRET 4ec8e2075f9de5852385366282e86d4859324b429eed82e8514be8d88b8ae861 226a3c2c81f6b9c450ad30baa6950d432cda40ba22d812d8b9aceb181b056df66612323e11f00e3d79251d6fb8b3d1b7
CLIENT_HANDSHAKE_TRAFFIC_SECRET f8ecb74a7352acf3ed7dcfa59cda3c32bc04a4e2e0ff0f0ed973a3479d7704ae 6d1b053c96d2a32a1605fadfbcfca797ef2fd963c0e62eee0942fd80732811dd1e361e997e094712d251baa12170d1ed
SERVER_HANDSHAKE_TRAFFIC_SECRET f8ecb74a7352acf3ed7dcfa59cda3c32bc04a4e2e0ff0f0ed973a3479d7704ae e8ab13c40705de9067bc19c2c11060fffe8188f177517775969f1070f55d5b2ea0e218a3e82666b48cdd9c7436f98112
CLIENT_TRAFFIC_SECRET_0 f8ecb74a7352acf3ed7dcfa59cda3c32bc04a4e2e0ff0f0ed973a3479d7704ae 32adf069ca966308f5996e5709e1c9cd0e30a0b465fea8771a1857b590e0a3525f97df4b0d3b9f1c15784a294ef5f629
SERVER_TRAFFIC_SECRET_0 f8ecb74a7352acf3ed7dcfa59cda3c32bc04a4e2e0ff0f0ed973a3479d7704ae 58740e0aec30647d55807d63b168e1ffdb096148708aff732b65eb5aba58e91f0c8f570809c8f4fd0700e1b106920f68
EXPORTER_SECRET f8ecb74a7352acf3ed7dcfa59cda3c32bc04a4e2e0ff0f0ed973a3479d7704ae 5ca89f9e520dc74d27cb23b7d30492e87d7b0378d6348389628fe864fee5118067b8816e27e3c9a5e7dafe22bcfb1eb0
CLIENT_HANDSHAKE_TRAFFIC_SECRET 9edeedcf2b41d5badd3ae5570c3d19e725add6672a3b39e90491ff4c205a1dbc 4844da06e69f6ad6a3d4ae405e0e3efc1af6eebcbb4a7c878c9578fde18cc699d26fc7752d4b6ce2f83b206fd3fc1f90
SERVER_HANDSHAKE_TRAFFIC_SECRET 9edeedcf2b41d5badd3ae5570c3d19e725add6672a3b39e90491ff4c205a1dbc 5eec98bfac70aece0ff9d4864a54c18d91482877c84a475836deffb9d50ff9f064f7773a11b8dc1ef713367f2f09f627
CLIENT_HANDSHAKE_TRAFFIC_SECRET ba34f0a344c977641e28c565cb3902cdc0271d5b496f226bc8a9ef3c991fa4f1 d07859c6df14173023f5828c42d91bf63ba3882b17830b0d4eee752c27e764f5cd07a719aa2294b84f0ea26e19a86b65
SERVER_HANDSHAKE_TRAFFIC_SECRET ba34f0a344c977641e28c565cb3902cdc0271d5b496f226bc8a9ef3c991fa4f1 390549c33de4aaed1b537fc010b22dddea2a45666a04a17571a4e5ddbc603d5c0781ec0b6399d7692ce8d0b94c52f02f
CLIENT_HANDSHAKE_TRAFFIC_SECRET cd20490100c184aa83387df1e9060745aaa268d2c4f8d9f652f474f9a5dd27ed c253f20c2d339e117ad699fa9a73556e7ebe603f388b70fda7140c0a79e5fff08a26c91ebcce109dc1c3f53c84848c02
SERVER_HANDSHAKE_TRAFFIC_SECRET cd20490100c184aa83387df1e9060745aaa268d2c4f8d9f652f474f9a5dd27ed 2215dbbbc836506b2e5b47ccf4d953b84e40dfc3547982a2d93afa3b87cc02b732326a52251e4a502bf17c9bbbece4a8
CLIENT_TRAFFIC_SECRET_0 9edeedcf2b41d5badd3ae5570c3d19e725add6672a3b39e90491ff4c205a1dbc 49ba981c4d626ebf7448e7a2d25996304ebea268b6849f774d17fbad1e6487ae1737d0feef275890a176d632e1906625
SERVER_TRAFFIC_SECRET_0 9edeedcf2b41d5badd3ae5570c3d19e725add6672a3b39e90491ff4c205a1dbc 11f348818e314135e13880989131c76a1860c4d099277a8f1aa544810f41272ecc4b474140a045c7d7f91603b81733e7
EXPORTER_SECRET 9edeedcf2b41d5badd3ae5570c3d19e725add6672a3b39e90491ff4c205a1dbc e0adf942e169c7b3008a3a239179d017effa7da02252d32c6ba1efb839a6a6edcb4e8602cec444af2135987025ec4b01
CLIENT_TRAFFIC_SECRET_0 ba34f0a344c977641e28c565cb3902cdc0271d5b496f226bc8a9ef3c991fa4f1 9c5a0d3938eb843af9b2b4c08aff3f478be34eae461973b64d6b89f6f05d83fd8d470f4f6903f107ef446c6b51291463
SERVER_TRAFFIC_SECRET_0 ba34f0a344c977641e28c565cb3902cdc0271d5b496f226bc8a9ef3c991fa4f1 4ecc32258167dd9f2ba37f710939adcd8f25d408379f56789430ea1defac1aa221ae1b54337582e887561a86861513aa
EXPORTER_SECRET ba34f0a344c977641e28c565cb3902cdc0271d5b496f226bc8a9ef3c991fa4f1 f2c0650b11eb9b78c08f0782bd0a36d25e4ad421cc830810aa2c75cc32ea0ddfc08c24d809f713da9000d12a6615ce12
CLIENT_TRAFFIC_SECRET_0 cd20490100c184aa83387df1e9060745aaa268d2c4f8d9f652f474f9a5dd27ed 81ef892156bffbc70880f18e0ab0135aaf1c12788cd9d911a4a0e251725119c696998f5d23e4ea5b24784fbcdfc124fe
SERVER_TRAFFIC_SECRET_0 cd20490100c184aa83387df1e9060745aaa268d2c4f8d9f652f474f9a5dd27ed a4a94f4a9808857e2e5a4ed2aff5d30a758d5101244b08c2a56430b379170a49c7f4ff2a36aee05f2eecfbeccd5a406d
EXPORTER_SECRET cd20490100c184aa83387df1e9060745aaa268d2c4f8d9f652f474f9a5dd27ed 3e73f7fd6ff69ec0c2f07987ab6954cd55a9501ecfaa6e8d6304e6978b688bc77193e43b0096aca25dc24e8d62d801b9
CLIENT_HANDSHAKE_TRAFFIC_SECRET a0b9657f318ba4d4f5b6f497b36a272025f17a1c68e7e71bb799343bebff8221 cf3aef14c813fa5ee749d4f3b9f6dd8a7b9a64bddb9ae5a9bac9f25b296e40de1d2bb86553159e3c2473a5edde57ed2f
SERVER_HANDSHAKE_TRAFFIC_SECRET a0b9657f318ba4d4f5b6f497b36a272025f17a1c68e7e71bb799343bebff8221 0acf53cf94acf09acb75e2cdfa2dc7547ae207bb795d168683765bd66ee839e3c56180e0e96655cb263eac8a4d88339e
CLIENT_HANDSHAKE_TRAFFIC_SECRET ebe32302a1fdf0298952eac013f120ab16f3cb4f76ef8ed1bfd83db42fc06e9d 1163ea524619fb3398ee1ba5d3a452a66fc9f2482ea76a319ef26bd95ff79f5f842f0d22637f6f7514207dc6f863fd4e
SERVER_HANDSHAKE_TRAFFIC_SECRET ebe32302a1fdf0298952eac013f120ab16f3cb4f76ef8ed1bfd83db42fc06e9d 917bfe42923c48494a409b947bc5a55638288cc638e9eed4e0a1e893278eabadbaf2970e843d09060f3891f054fbce76
CLIENT_TRAFFIC_SECRET_0 a0b9657f318ba4d4f5b6f497b36a272025f17a1c68e7e71bb799343bebff8221 fd398285a3b1c6f29efeedf6d7675ab7fd4429de6138c25b6ea66f2efa1420dd6c1f299baa957a11723c37831c8003d0
SERVER_TRAFFIC_SECRET_0 a0b9657f318ba4d4f5b6f497b36a272025f17a1c68e7e71bb799343bebff8221 bea46aed740a165a8a792b38f56074d1427c4b6b29827884058574d1eab228bbcf24b8c6dfdd85a9c3f1c1be1b0945e3
EXPORTER_SECRET a0b9657f318ba4d4f5b6f497b36a272025f17a1c68e7e71bb799343bebff8221 4161d434f59d6638bad289a209850f2e14e6778ffbeb3cfd18bbcddb77cf86750ff6c030f3fff29702aee299dc3d78bc
CLIENT_TRAFFIC_SECRET_0 ebe32302a1fdf0298952eac013f120ab16f3cb4f76ef8ed1bfd83db42fc06e9d 870bfd0a15cc49ed1f84f96aca67e77298abb589e80fa420aad73416b63702a05fd4f6dd2564089c387de7333b6f39fe
SERVER_TRAFFIC_SECRET_0 ebe32302a1fdf0298952eac013f120ab16f3cb4f76ef8ed1bfd83db42fc06e9d 59a6903d1ea8d98df21f8a48f94db23792b818109a1821d56aa2f1ecda013a5905a8993f3837fd1346284e9b26e3419c
EXPORTER_SECRET ebe32302a1fdf0298952eac013f120ab16f3cb4f76ef8ed1bfd83db42fc06e9d 46e3ada61b09b89534b127d78e1997b5b7c00557a398f83aa4f2f080c8f1e919932917deca6d70fdd3d0e9edac6844f4
CLIENT_RANDOM 2a9802480246d9100025790084bdc85cc7f50df568dcd80d80404c8a70286b98 d7eeeaf11475a24a9bb288bf6fb561b34a937b80887af63e55a081fbfdf7a9025a2581f45464d594c43731ad3be5da8b
# SSL/TLS secrets log file, generated by NSS
SERVER_HANDSHAKE_TRAFFIC_SECRET 210b297eaa3a55740c065613f44515fbbfaef028165a71b56da6eba1c4253752 76703d20b29c34af5dd75e586ac3149452f8ef4f1bf699d47a38da1ab700c0c31f0cbb93cbd5e0f3fe8362333001d86d
SERVER_HANDSHAKE_TRAFFIC_SECRET 6acc76f9c713f8b6e5d6a84972782ae272cc1754073eda9a6d980364ed110c7c e922d89df82a0bac09af5574d93fdeb02e997052aac2a9e95447aeef0196a277ddeede4092fb706abe271ca5bb3935e7
EXPORTER_SECRET 6acc76f9c713f8b6e5d6a84972782ae272cc1754073eda9a6d980364ed110c7c 24b00e9b578d7653bfb14b3c84fbda28b762faadc0fb798f15ca8665ad29d7e83ff295680d0999e2ea138ecd32b802c7
EXPORTER_SECRET 210b297eaa3a55740c065613f44515fbbfaef028165a71b56da6eba1c4253752 a32aa3831c90bcfb929c9d9d49d51f4f1d37513c12d0ba87b257470c479f7e8cd5ad39c486f61434619e34d6bd632771
SERVER_TRAFFIC_SECRET_0 6acc76f9c713f8b6e5d6a84972782ae272cc1754073eda9a6d980364ed110c7c ab1e5095a3a837a3614266a07ec97dcbf8c4f91adee74ae7a9e4d880cfccb3a756a59cc9418268588b6fc2aa8e1e7ebc
SERVER_TRAFFIC_SECRET_0 210b297eaa3a55740c065613f44515fbbfaef028165a71b56da6eba1c4253752 1a1337aeafb37f56174c78fd7089ae8eeb5c236c24ab3243bdad3dcb5db8253d5e65f87b77f3eef077e6d4ae3801e2dd
CLIENT_HANDSHAKE_TRAFFIC_SECRET 6acc76f9c713f8b6e5d6a84972782ae272cc1754073eda9a6d980364ed110c7c e05fcae86f0665f6f5308313dbb694855eeb91a25f9d9187fe61d37e4c60db0fb95e25ecd84fc144c3f464d7cf82dd17
CLIENT_HANDSHAKE_TRAFFIC_SECRET 210b297eaa3a55740c065613f44515fbbfaef028165a71b56da6eba1c4253752 61e086fc758476694fccd412ab415e2f4f487943a8b6e8f8f3a2ce6893273a3aef45f8be7b680cf67c9ca799e2f897ec
CLIENT_TRAFFIC_SECRET_0 6acc76f9c713f8b6e5d6a84972782ae272cc1754073eda9a6d980364ed110c7c 6fbff9eaf66e8f78abb9767ad4b353cc74cbc36e76899a66f7e4d1b8e621f9940c310a4610ffcf1abc8b3d3e00a4eeba
CLIENT_TRAFFIC_SECRET_0 210b297eaa3a55740c065613f44515fbbfaef028165a71b56da6eba1c4253752 52723fab8be15cf38a289b6a982f661c1ec5bc64f0cdfaf3b8765ccd3c3ccf2ca0e3e1c0495fdfe13a3e50ac20627f5c
SERVER_HANDSHAKE_TRAFFIC_SECRET 3d7f210524f39f2b059f3c2b23a47e18d2b8653be6e871be867a63f866ab08e9 b4c49b82af0db0d0448eddf8d4d0e7ebed3435ada47112efcc74c1f13f6c66724fa8ef70fecabe920fb4f44a394b0b74
EXPORTER_SECRET 3d7f210524f39f2b059f3c2b23a47e18d2b8653be6e871be867a63f866ab08e9 b55909f47cb7a6ed90bca4d4640fd16c52cdf683da14bf34374b0f154c25b590eea8efbc458003e35d2812d889454f43
SERVER_TRAFFIC_SECRET_0 3d7f210524f39f2b059f3c2b23a47e18d2b8653be6e871be867a63f866ab08e9 67ac55aca11a28ed276ba71238b6f77ef5066050d67705334b81b2b01f8fe6704acb69766d70562d0392b929bc115ce7
CLIENT_HANDSHAKE_TRAFFIC_SECRET 3d7f210524f39f2b059f3c2b23a47e18d2b8653be6e871be867a63f866ab08e9 f028d12ff4933998861fb1d3851e42d70551fd33159ec6621ae6ab83b97da7c0345cb0c52946f21af49a2595228d6c74
CLIENT_TRAFFIC_SECRET_0 3d7f210524f39f2b059f3c2b23a47e18d2b8653be6e871be867a63f866ab08e9 6c55f2aa16929a5c246842cb6fbbe057e226f3f278e44682dbd9628de80b826a7790f13b95de11ce5d274f2fd6532548
