# SSL/TLS secrets log file, generated by NSS
CLIENT_HANDSHAKE_TRAFFIC_SECRET 37140a097f111cb365e02abfb61e6c53165c99d6b114ba0d145e0c1dd7f982cd bb040370151ce6d61b5cf69fbdb74f483903a76ba8090fc8f3d186f9514c9734
SERVER_HANDSHAKE_TRAFFIC_SECRET 37140a097f111cb365e02abfb61e6c53165c99d6b114ba0d145e0c1dd7f982cd f20ae076c44021d8b6efafaebf3a5f070938790948875b47e41d97f88c8ab145
CLIENT_TRAFFIC_SECRET_0 37140a097f111cb365e02abfb61e6c53165c99d6b114ba0d145e0c1dd7f982cd 7d9b98890be62bd082bbd0138bd3fd849f16ec31a14277978d531311788a4ba3
SERVER_TRAFFIC_SECRET_0 37140a097f111cb365e02abfb61e6c53165c99d6b114ba0d145e0c1dd7f982cd 6910f2e685222f1f26666aa6efb3bbaf7a71090ee00a7c01d3d22a97471b5d88
EXPORTER_SECRET 37140a097f111cb365e02abfb61e6c53165c99d6b114ba0d145e0c1dd7f982cd 789e1bb7fff16f83d89b31be1951aed95a45ccdc830041b641844378e10e883e
CLIENT_HANDSHAKE_TRAFFIC_SECRET 11601b67e1165e4b45d580fc54684b3a5da9f7a08c6f6864bd91c9237d76153a eb91e2d5b3bad3ae176bfbc53be6ab6ad5394191e7ccd63f6cde8c5c2811cf14
SERVER_HANDSHAKE_TRAFFIC_SECRET 11601b67e1165e4b45d580fc54684b3a5da9f7a08c6f6864bd91c9237d76153a 51f822745b6dc1327f61aa2488af7f68c20713170cc0d3df85bf712ccda951ef
CLIENT_HANDSHAKE_TRAFFIC_SECRET b0dd54f9d859f6cc860d4ff0afa2d24a14d2780f5f1ccb7ce85e721a4931606f b000bf535f8fee436a07db52e03e122edf16754abe31770b70b6d4ab38562629
SERVER_HANDSHAKE_TRAFFIC_SECRET b0dd54f9d859f6cc860d4ff0afa2d24a14d2780f5f1ccb7ce85e721a4931606f 1c2ff3d46632143d6c937fbd214dc48aab1f12c8f0a0e6c7290b365586a59702
CLIENT_TRAFFIC_SECRET_0 11601b67e1165e4b45d580fc54684b3a5da9f7a08c6f6864bd91c9237d76153a 3d0fdd063a3c312185e73a79e55f4df92c4c6a559b955c931f5bce927b5fcc88
SERVER_TRAFFIC_SECRET_0 11601b67e1165e4b45d580fc54684b3a5da9f7a08c6f6864bd91c9237d76153a 9207f68a6d846721481df1f4811eddee7c1dc82a350351306a7ff17e3ebcd4c5
EXPORTER_SECRET 11601b67e1165e4b45d580fc54684b3a5da9f7a08c6f6864bd91c9237d76153a 0959d58cfb6579c504ef75673476b30f14023c74ee56401ef5f9df30007628aa
CLIENT_TRAFFIC_SECRET_0 b0dd54f9d859f6cc860d4ff0afa2d24a14d2780f5f1ccb7ce85e721a4931606f 64bd4419709e2e7fb7939ab58b82aa79f0f48e34e059a47ac40a1286dd18a257
SERVER_TRAFFIC_SECRET_0 b0dd54f9d859f6cc860d4ff0afa2d24a14d2780f5f1ccb7ce85e721a4931606f 3cf78a9c4860d811cd36a5e8334cd19485bc39e2fb4b3ee40871cce2ac93c327
EXPORTER_SECRET b0dd54f9d859f6cc860d4ff0afa2d24a14d2780f5f1ccb7ce85e721a4931606f e08355c4e4e88172c8f59a3088db4506589810e8f3af7ff32026a0b57891c1a7
CLIENT_HANDSHAKE_TRAFFIC_SECRET 97157431a04d55768c896d3944b3567a1160d44b5e3740939d6af4b2c392585d 13406da9ee5c818d1902f4f5eaffcd598553843717c0aeef98f5055c5af016e9
SERVER_HANDSHAKE_TRAFFIC_SECRET 97157431a04d55768c896d3944b3567a1160d44b5e3740939d6af4b2c392585d 67c44409756f45a93cd91333a83d13842fccbefc2233474604ab148c205d4565
CLIENT_TRAFFIC_SECRET_0 97157431a04d55768c896d3944b3567a1160d44b5e3740939d6af4b2c392585d bd5a777434fb9276608438fc7650cb14f3d418bd412b038734d11cd46a3e1753
SERVER_TRAFFIC_SECRET_0 97157431a04d55768c896d3944b3567a1160d44b5e3740939d6af4b2c392585d ebd1e2cb12a078093d92ac461219a4cb6b608a80942336f23a4a95e5415ce796
EXPORTER_SECRET 97157431a04d55768c896d3944b3567a1160d44b5e3740939d6af4b2c392585d e65a16068fc0054559a6e5eebfa1fadca07b0d6aee0fc306e554534d5220a2b2
CLIENT_HANDSHAKE_TRAFFIC_SECRET 511879dd7e83721791ba08c15f7e089ad999ed641d3ad8b66896fdd6ff96f90c 0538490b7792baf066818f81c275090409668c2b3e59052d199cc10b88a5705f
SERVER_HANDSHAKE_TRAFFIC_SECRET 511879dd7e83721791ba08c15f7e089ad999ed641d3ad8b66896fdd6ff96f90c e382dd2869d94b5aac416a39be20134da90f92f6173ec0f10c9bae452b984e00
CLIENT_TRAFFIC_SECRET_0 511879dd7e83721791ba08c15f7e089ad999ed641d3ad8b66896fdd6ff96f90c 2eb55c6be8e8aaee53cfc23e7f4ada0c9b00904c37e9869fec764092e3fd8353
SERVER_TRAFFIC_SECRET_0 511879dd7e83721791ba08c15f7e089ad999ed641d3ad8b66896fdd6ff96f90c 0eff80d489be2498dd8f133b22983367401eaafad21b6fd844e490d38f119c3a
EXPORTER_SECRET 511879dd7e83721791ba08c15f7e089ad999ed641d3ad8b66896fdd6ff96f90c fd205ff74f68ee1f8e983c1bb22b4fc721dd341c5b591e6b73cb3f155e1f11d6
CLIENT_HANDSHAKE_TRAFFIC_SECRET 9ad249b720a81b895d8f8090cea74a7e5e5e7f14fe073d96a4333764780477d8 0e4a4c43cc6c64a6e537d54837bcf57eea74faf01a83c3cfca26d8e69619b5ad
SERVER_HANDSHAKE_TRAFFIC_SECRET 9ad249b720a81b895d8f8090cea74a7e5e5e7f14fe073d96a4333764780477d8 48a8466d986c2e2d53f5d500949692b24ca2fa9f6a63c52ecc58ec03ef948dcd
CLIENT_HANDSHAKE_TRAFFIC_SECRET 8bf6d62d6e795b6496bb0de15e239b5bbbce3e3fbad1ad5da73bbf2701397e5c 03ae94e8a284729532d010cd6effc861db28b979ced34a85a53dfbf0e5a7c8ba
SERVER_HANDSHAKE_TRAFFIC_SECRET 8bf6d62d6e795b6496bb0de15e239b5bbbce3e3fbad1ad5da73bbf2701397e5c 85d08def01b6254f36cc6e9ce2ebab648c04a9a05642154276534e14a3bf86a8
CLIENT_TRAFFIC_SECRET_0 8bf6d62d6e795b6496bb0de15e239b5bbbce3e3fbad1ad5da73bbf2701397e5c 2fdc2057ceae9318edf8b605f23ac3af58df1b8044e433e5798371aee09839a2
SERVER_TRAFFIC_SECRET_0 8bf6d62d6e795b6496bb0de15e239b5bbbce3e3fbad1ad5da73bbf2701397e5c cf046ed08fe0cb97bf717b8a81cbeba7584d081e76910821fb4341b987ad6e6a
EXPORTER_SECRET 8bf6d62d6e795b6496bb0de15e239b5bbbce3e3fbad1ad5da73bbf2701397e5c bfbd16c8774ec6f8bb7fe0264c58cd09d004d445ae65ed66e8341e9f270afe85
CLIENT_TRAFFIC_SECRET_0 9ad249b720a81b895d8f8090cea74a7e5e5e7f14fe073d96a4333764780477d8 ee5a9c62186123732ab785d9b0c72a93013d7784124896d6a2da631eb9639bb7
SERVER_TRAFFIC_SECRET_0 9ad249b720a81b895d8f8090cea74a7e5e5e7f14fe073d96a4333764780477d8 a6b5b3657afd7abfc06250b03c029ae003b9c3beef5b788c8bcc61e7422a9d44
EXPORTER_SECRET 9ad249b720a81b895d8f8090cea74a7e5e5e7f14fe073d96a4333764780477d8 6e695c4b56359c4e88eff514a863b08be89e4430093892a9223dec00c04478d1
CLIENT_HANDSHAKE_TRAFFIC_SECRET 7ba24f62cdf160905f7109f3e491c868dd95adf373a71c39489b1d911347fe8a 1ad715dbe0d7d39c04a2db5c92655e13eaab2ed2e36eb24cd032216ca63581a4
SERVER_HANDSHAKE_TRAFFIC_SECRET 7ba24f62cdf160905f7109f3e491c868dd95adf373a71c39489b1d911347fe8a ace2f77217bb8f02ead595e7c4eaf986b4bfdcc80ad8038bdc88e667cc9175a2
CLIENT_TRAFFIC_SECRET_0 7ba24f62cdf160905f7109f3e491c868dd95adf373a71c39489b1d911347fe8a d4860fd1a60ee243c4c2b51b2d7ce9796b65d6a6eed523a50c98092127ea5ece
SERVER_TRAFFIC_SECRET_0 7ba24f62cdf160905f7109f3e491c868dd95adf373a71c39489b1d911347fe8a 853cdd7e631c008f3c198248c28eefb7e569ed44670579a2b0fcd7689cec93a7
EXPORTER_SECRET 7ba24f62cdf160905f7109f3e491c868dd95adf373a71c39489b1d911347fe8a 88e36306b9db15337861ae892889a222c34ee79bdab67cc25aca95703065a372
CLIENT_HANDSHAKE_TRAFFIC_SECRET 32a9b5fbeeb5329dabe8acb93640e01c6861c174c69007d9e44a849d8921ed4c f0d62d73bfa697eede046f15d0c9cf4a05109be5175fcc608f463212d289155d
SERVER_HANDSHAKE_TRAFFIC_SECRET 32a9b5fbeeb5329dabe8acb93640e01c6861c174c69007d9e44a849d8921ed4c 39fc06d76f03e1a286b9bfcae9709a050d97b93a1ee4e733b4d113d942f0380a
CLIENT_TRAFFIC_SECRET_0 32a9b5fbeeb5329dabe8acb93640e01c6861c174c69007d9e44a849d8921ed4c 04d9896eb5f78d83072257904c8b66e4ff86f7d06c354c65129ef5ec8fbd9880
SERVER_TRAFFIC_SECRET_0 32a9b5fbeeb5329dabe8acb93640e01c6861c174c69007d9e44a849d8921ed4c 990665e3c89eb4dd663325bec936cf509ab05287aa0fb8479ec19a17d9671e7c
EXPORTER_SECRET 32a9b5fbeeb5329dabe8acb93640e01c6861c174c69007d9e44a849d8921ed4c 333e4ba28486d6337da84355b33d2d6b443ee6e20d35d4e2f6a676eb56dbb17b
CLIENT_HANDSHAKE_TRAFFIC_SECRET 3f4cabbc8519769c2a790f71f0835c33af36e92187e36b5737128c67cfa5648e 0bd7aefca2126d180870f36e1b7e9f49c2f7d252c45e1f1ff2efabc9d2020d29
SERVER_HANDSHAKE_TRAFFIC_SECRET 3f4cabbc8519769c2a790f71f0835c33af36e92187e36b5737128c67cfa5648e 624f378a53371dbe8d2818d43bfdee021fb4f403f7271e250f5fd045254e2b12
CLIENT_TRAFFIC_SECRET_0 3f4cabbc8519769c2a790f71f0835c33af36e92187e36b5737128c67cfa5648e 3ab8afef5cd3bf14ec9a7bd5253b53996f1fc3e961a5980748e543820dac23bf
SERVER_TRAFFIC_SECRET_0 3f4cabbc8519769c2a790f71f0835c33af36e92187e36b5737128c67cfa5648e fcfc865a4bed8c5f18653e02d4c96ed44a65562e69f989f77fd1e6fab3bcf38e
EXPORTER_SECRET 3f4cabbc8519769c2a790f71f0835c33af36e92187e36b5737128c67cfa5648e 5c1c560581fdefee7145eeec70cf8c01dd906587757506221896a229c14ef05c
CLIENT_HANDSHAKE_TRAFFIC_SECRET 5e5cc26380cf93f7b20e047e16cf455eb470f0f9015ee1784fd3454323256dff 7b198555b0654c0cf04cd32593f8ea04215b3975207895b69cf9e72827639a45
SERVER_HANDSHAKE_TRAFFIC_SECRET 5e5cc26380cf93f7b20e047e16cf455eb470f0f9015ee1784fd3454323256dff 7528c058e3b997f6c1217474db99b1d0bd8ffd1d54fa9afd100f617bd1444799
CLIENT_TRAFFIC_SECRET_0 5e5cc26380cf93f7b20e047e16cf455eb470f0f9015ee1784fd3454323256dff bb78d57d66b297fd2554ae92213e4483254a1dff56b258604959be587ff59f24
SERVER_TRAFFIC_SECRET_0 5e5cc26380cf93f7b20e047e16cf455eb470f0f9015ee1784fd3454323256dff 4e6dde157e7e0325c0b19c4bcec4fd654254cad9c7a69e05719c7a0575fe19ff
EXPORTER_SECRET 5e5cc26380cf93f7b20e047e16cf455eb470f0f9015ee1784fd3454323256dff d2a7be37785ba24bb850bb58689b3831338c2d37aca0e3995ea01ea116af741d
CLIENT_HANDSHAKE_TRAFFIC_SECRET 7d925e2258ecc5632877e73393dfff322b911dcf16c9f02349d7433bcd209bb7 8f50af540a6933729c3daba5780fc6ef8a21acc030bbf77da3f5221315581814
SERVER_HANDSHAKE_TRAFFIC_SECRET 7d925e2258ecc5632877e73393dfff322b911dcf16c9f02349d7433bcd209bb7 a9561c89f5a4313aef95328768805698f2ef7b7f17c2778fd7a2495b7e2d40a8
CLIENT_TRAFFIC_SECRET_0 7d925e2258ecc5632877e73393dfff322b911dcf16c9f02349d7433bcd209bb7 1bad098c618ade750527cc3eff588f9e712e63cf7578e337e36f41e6dbad40d2
SERVER_TRAFFIC_SECRET_0 7d925e2258ecc5632877e73393dfff322b911dcf16c9f02349d7433bcd209bb7 591415d5e587701751334e7c21f59c305888a30ddd1d47048ced500a26942725
EXPORTER_SECRET 7d925e2258ecc5632877e73393dfff322b911dcf16c9f02349d7433bcd209bb7 05e9275eabe165766c8a1c32e25fb46c0a228ebec189ed168ee5e9eb9e89d804
CLIENT_HANDSHAKE_TRAFFIC_SECRET eb39e724979031b91efb8e9f8835191db4b0739d2910fc945ef3df52050bdaeb ab19b1a5032b81ea1e89eeb228df7954b00d2fe71b4c2293ae557dbd66651d5e667fc9945194c732fff6deb25c8402df
SERVER_HANDSHAKE_TRAFFIC_SECRET eb39e724979031b91efb8e9f8835191db4b0739d2910fc945ef3df52050bdaeb 42ad96d002b85e8aa021f8ef00a88550e637d98ffb3fdcb4352a9ea38d9944a989c87402ff30aa6d12127aa9d6aa72a7
CLIENT_TRAFFIC_SECRET_0 eb39e724979031b91efb8e9f8835191db4b0739d2910fc945ef3df52050bdaeb 59d350a881e8025b76e430256aa4e918ce68def94234d1b91bd8286770cadc88005d6e44de083b8101694bd768fdae77
SERVER_TRAFFIC_SECRET_0 eb39e724979031b91efb8e9f8835191db4b0739d2910fc945ef3df52050bdaeb 709142d975ce9acadb2c982e8f10260391d4204e7d5108fa0a0fe9362bc125779b7d06b46e18018cb11f27b25fcb72ee
EXPORTER_SECRET eb39e724979031b91efb8e9f8835191db4b0739d2910fc945ef3df52050bdaeb b8c6e0ba6458f2bcb25e508b0c8e619096787390d39c849039067090700695c235fad7ed852e1c18716290c467e18735
CLIENT_HANDSHAKE_TRAFFIC_SECRET 52f86b9092a2e515c3fb7141a374654c5202aae5b7eb007c72aa6b3dac3135b1 0a0f74e815c8e57581e6c04a50fd25f5cbf6d185f9937fef088a599cc5fa2b455c831c18ca22942f5e4a14be868dae76
SERVER_HANDSHAKE_TRAFFIC_SECRET 52f86b9092a2e515c3fb7141a374654c5202aae5b7eb007c72aa6b3dac3135b1 4ba7873f30dba33177b3c5983dd521bade596ece95c7e459b2de998ddad93a900ace61c1f456f5cb86a0edd7b4d4e659
CLIENT_TRAFFIC_SECRET_0 52f86b9092a2e515c3fb7141a374654c5202aae5b7eb007c72aa6b3dac3135b1 71edeca398c4d7f94353dbcdbc0577ab44d083c3ba115afd5486516ee47188f37a4b8e055effcaaa1469608cdaba4d3b
SERVER_TRAFFIC_SECRET_0 52f86b9092a2e515c3fb7141a374654c5202aae5b7eb007c72aa6b3dac3135b1 69829ce51ee15ffea4eb2e683d507e8562e14bf048a63c471736b3ae9c4ae6bea7782e898cc41b969f1e06db708b91ac
EXPORTER_SECRET 52f86b9092a2e515c3fb7141a374654c5202aae5b7eb007c72aa6b3dac3135b1 9e9c63b824ef6cdb47cf165ca26270ca3ca3c1ed9afac853fc3c50bbae02529d6a62d6c0112b3a0b7ef09c4b55f7370c
CLIENT_HANDSHAKE_TRAFFIC_SECRET 4376f6360da8afcc5b3e35805ed89af10b87ae3c68c145aebeb042d48a491929 a622e0e8185786b48947ec3df9174ad3d297fcd04b7ddf03b0f45e6e0fa5ab59ecee6aa063b5d08bede7891e5d00f03c
SERVER_HANDSHAKE_TRAFFIC_SECRET 4376f6360da8afcc5b3e35805ed89af10b87ae3c68c145aebeb042d48a491929 f514dc224c7a623f99e1a17eb1c179f218328f26eb71a6fa16d9212da89bb6f877991564c070909736fd957600ecd19b
CLIENT_TRAFFIC_SECRET_0 4376f6360da8afcc5b3e35805ed89af10b87ae3c68c145aebeb042d48a491929 ad81369fadb1042494f57d11057a841bee96852d4a02eb1a9e1c561e0f92f3cb646fbc5a431e27bf346dce351a59c854
SERVER_TRAFFIC_SECRET_0 4376f6360da8afcc5b3e35805ed89af10b87ae3c68c145aebeb042d48a491929 f363113acb1c9e8959e959055f9973f5313e5b085e6e25a020501ef7e289cc5d4fc5ac48465410f3e3c578862f8f23b2
EXPORTER_SECRET 4376f6360da8afcc5b3e35805ed89af10b87ae3c68c145aebeb042d48a491929 07c61de071f7ead5fdcc442097d2ff6a53c414cee554599d2ea73c93693cf111a7d03161137f15c1b154c4f5388b1ef2
CLIENT_HANDSHAKE_TRAFFIC_SECRET 3d66400afb89cff72d914d8f46d7f83ff8251eea21cd1fa2ab024576739d354b 30da225fa70ebeef970cfcb1e2bd6996e1369e3e32035176dc5df2de438ba87f909884c37803b15092fc7085b4aaccd8
SERVER_HANDSHAKE_TRAFFIC_SECRET 3d66400afb89cff72d914d8f46d7f83ff8251eea21cd1fa2ab024576739d354b addb338be67eed4c364c45b8e2340a98e6f7a34d85bab7ad3360ca06b00e373aa411900b62369bcf293855120418992f
CLIENT_TRAFFIC_SECRET_0 3d66400afb89cff72d914d8f46d7f83ff8251eea21cd1fa2ab024576739d354b 746ce4ae932ac426c149baedbc2cfa49cabd48f33ba8a467761e9197b9032f75a1c48d2a622c710834362c1107db4b57
SERVER_TRAFFIC_SECRET_0 3d66400afb89cff72d914d8f46d7f83ff8251eea21cd1fa2ab024576739d354b d55bfe2596b85e6950a8ae5852a67b9ac80313c1d5126b84c95e02766ec6ce4437d217c721084ba0a08ae6bbf42c24ae
EXPORTER_SECRET 3d66400afb89cff72d914d8f46d7f83ff8251eea21cd1fa2ab024576739d354b 68c48542495c938bf557e492bd9a314e7279b7c6ef83a0da300c2f5b5489b05a6c695b2fa8d22ccfd154757b47f415e9
CLIENT_HANDSHAKE_TRAFFIC_SECRET 3498b3919bf75cb813bb7e825d78e06e36679f9d1135da726c22628b7a4a9f8b 984262d79c3f069d25f8cddcd72d66103ad81328b85da0ebc17d1be9d9f8446b5777de61401454fb7ea0c4fb04ed2a9d
SERVER_HANDSHAKE_TRAFFIC_SECRET 3498b3919bf75cb813bb7e825d78e06e36679f9d1135da726c22628b7a4a9f8b 25a118594007044079b524fb03f7c06973b5d360111f353edcc9f374982c4b430a151e8cd74382f59b16adad3328dc58
CLIENT_TRAFFIC_SECRET_0 3498b3919bf75cb813bb7e825d78e06e36679f9d1135da726c22628b7a4a9f8b 6b3fe561cdc7958f0c39b34eec0cbf80214c2ed56c001c1bd1846a59b3b6a74b6b397f8a94f67ac58b3bb1125a204917
SERVER_TRAFFIC_SECRET_0 3498b3919bf75cb813bb7e825d78e06e36679f9d1135da726c22628b7a4a9f8b 1c1733184ef27b7019a0bf47b6d5150c18d8fd24b1657b2d670ebade05bf02fe4c438357b2bc90e19e9502a147a89cec
EXPORTER_SECRET 3498b3919bf75cb813bb7e825d78e06e36679f9d1135da726c22628b7a4a9f8b 362e22e68ebd6f8d09cd38b233297f5dd438d12cddc8c3783f6c4072b8ce9d23858ec01c2c719740e4a010f3f21c2be6
CLIENT_RANDOM 69ae28b27a2000ec823d71deb08577a927bfdc84b7eeb4e35baba20aef71a773 2dadc5e24a4aa64b1bfda5996860abdb1c43fc56f5df42fcc3397eea078a1edb79d101a3aca928efeaaecce02f775f05
CLIENT_HANDSHAKE_TRAFFIC_SECRET 99817f6c50d49175d45c83679eb212f9656b948c6ac6c60eac1a8e5b3b4767d0 8467db37754048bfe252191ac5d85e0957db5f9becfad0c767840e7166f5155eb0422a2c4a69e6ae4ce601e02f51160d
SERVER_HANDSHAKE_TRAFFIC_SECRET 99817f6c50d49175d45c83679eb212f9656b948c6ac6c60eac1a8e5b3b4767d0 f3906224c7deee9a7128482f7991b9839ab9ac42d6c48a52f68893c4ffd56fed36813973a014ae95ab084efa31d976f2
CLIENT_TRAFFIC_SECRET_0 99817f6c50d49175d45c83679eb212f9656b948c6ac6c60eac1a8e5b3b4767d0 800c282da8ce77f88fea38bee20446a981e907ffd9613f6f72344fa1007fcc125ed01bbe81f80c306a192b15df403cde
SERVER_TRAFFIC_SECRET_0 99817f6c50d49175d45c83679eb212f9656b948c6ac6c60eac1a8e5b3b4767d0 44f21a6dadef07f5cbda09fd7e368cd1bb6500497aaa65f6ad0a0ef1bd3270d15d8d518918abd32d061caf8190e99920
EXPORTER_SECRET 99817f6c50d49175d45c83679eb212f9656b948c6ac6c60eac1a8e5b3b4767d0 6c870c701a538ef609cb8233757d22bce2d0f2ff1e7b1eeded3bc913baf6d00b86816b5ca67f1d802a733d6306d1cece
CLIENT_HANDSHAKE_TRAFFIC_SECRET 81622697652b185b7822c3749037bed18eea77274cea46ccded4a53c61d732fd 43e612f8bdec46be99a49a075b014dd2cf7aa63395ff975e7e2f036a158cd5ca
SERVER_HANDSHAKE_TRAFFIC_SECRET 81622697652b185b7822c3749037bed18eea77274cea46ccded4a53c61d732fd c3e4901ba577f4ebec3d4bafb96f17684ab80930c116ed76ec71af03d88dc0cc
CLIENT_TRAFFIC_SECRET_0 81622697652b185b7822c3749037bed18eea77274cea46ccded4a53c61d732fd 3ee245fc72d8b4f7ece4f2a1dd25d39050c0071a293231cc99633512900e8fc4
SERVER_TRAFFIC_SECRET_0 81622697652b185b7822c3749037bed18eea77274cea46ccded4a53c61d732fd 4145709366b5ee100afde1954d7e469a923f0291b6efb1266b66abc736286aa6
EXPORTER_SECRET 81622697652b185b7822c3749037bed18eea77274cea46ccded4a53c61d732fd 435b23e09e25fa69b8d1abe308282dd62f6e56a1068fd6c1b00c4aac51b7be2a
CLIENT_HANDSHAKE_TRAFFIC_SECRET 19ac3106eeeebed6af8960c8860984075435cbc8cf56a7434c191d09224f2950 2a2f6317d7fa37841d954cb4a1c0b287f0f397967ed602d94c087b15a24829facab53f49efee7923709a2848e63ff1bb
SERVER_HANDSHAKE_TRAFFIC_SECRET 19ac3106eeeebed6af8960c8860984075435cbc8cf56a7434c191d09224f2950 24e11bc286a459b0055539f9f0f861d3c5157c137b8ca3718e570f7550381507f64eb1331efa43cfd0bb46daed574c4b
CLIENT_HANDSHAKE_TRAFFIC_SECRET a31a1ed80ff9191c6d7109dbdc34cfabd9c8c79fb05b00c6d355f872e5b7ebb2 54131dcb8e1413ba2cf2a17d6bbb980e0961d921c12490ac6e7949b9c6002759fcb52955eb1d0db3876aa17ae8c151e7
SERVER_HANDSHAKE_TRAFFIC_SECRET a31a1ed80ff9191c6d7109dbdc34cfabd9c8c79fb05b00c6d355f872e5b7ebb2 1ec0a85f9c8ca4101ec74e9130baa0178d0e8e873c6677b0abf7224ebfc5c41e30dcb869a03a900ac6e14fcfe539bddd
CLIENT_HANDSHAKE_TRAFFIC_SECRET b72e561be1f465775369fa45f5e7aedd0e3dab3697530a78556679e7e24e7973 c9e88733b01a3c692440db959c6f5326cc22ab9bfc59e2898a4db938e1d03676d873326e589da2f50cbfac57f2cc9286
SERVER_HANDSHAKE_TRAFFIC_SECRET b72e561be1f465775369fa45f5e7aedd0e3dab3697530a78556679e7e24e7973 af5563c59808751209aeb66b014c8fc7cfbe87b99763bcb6f8f49f4964c1cd0a616c8b82f4c471ba6208c23bda4969bb
CLIENT_TRAFFIC_SECRET_0 19ac3106eeeebed6af8960c8860984075435cbc8cf56a7434c191d09224f2950 7176218f72cdfa0a7d78d8d43c2512284e9dd5f293cc39eec486b43c97528f0948c1d447f68d627d97701c607a7604d0
SERVER_TRAFFIC_SECRET_0 19ac3106eeeebed6af8960c8860984075435cbc8cf56a7434c191d09224f2950 e5f5afecc49d21cb27fbc87ccfe0140ccc81fd46d7358d7c5fd93e6756068039d7fab11b7e127d51e2c3e05b4c5fd374
EXPORTER_SECRET 19ac3106eeeebed6af8960c8860984075435cbc8cf56a7434c191d09224f2950 13265117f6920764db8d62a306132192cff56049ab23cdeb433902df0468e0e1defa67b637f6b4218b00f2e9152aaa9c
CLIENT_TRAFFIC_SECRET_0 a31a1ed80ff9191c6d7109dbdc34cfabd9c8c79fb05b00c6d355f872e5b7ebb2 85104e0311327c88f51c0183b03fddfe1d907a4df58db3b3a2d3df3f4cc39b524236dcc490e167d2feb2ca0b123b07bb
SERVER_TRAFFIC_SECRET_0 a31a1ed80ff9191c6d7109dbdc34cfabd9c8c79fb05b00c6d355f872e5b7ebb2 338f74263a5aeea68b5a126a1f6a2f3fcff360e84e9a10476a7dec9706bcc304366d845af7589f639b6c2a991fcf2097
EXPORTER_SECRET a31a1ed80ff9191c6d7109dbdc34cfabd9c8c79fb05b00c6d355f872e5b7ebb2 0654a75fa2efeadf6d54c56ff20bade034429c562f34ef7c50967a0e906fc8fc19679b7b40cb65c7f4d512a38b91b475
CLIENT_TRAFFIC_SECRET_0 b72e561be1f465775369fa45f5e7aedd0e3dab3697530a78556679e7e24e7973 23ce1d27f38b18314dd90f460ae6167f5a5c6b5bbab8f7203d2c8d9ef90dc7653d41938e09bc4310c73d88db85238ae2
SERVER_TRAFFIC_SECRET_0 b72e561be1f465775369fa45f5e7aedd0e3dab3697530a78556679e7e24e7973 41494bdae270fbb400cd498544439e16bb187dd1c9e768d45a918ff5620215bc1d074f0eb830ffc7c15950b6670cdce4
EXPORTER_SECRET b72e561be1f465775369fa45f5e7aedd0e3dab3697530a78556679e7e24e7973 81b0e50d86b27037b379f0f8cae1a5c1062b5c54cb1963239396791c2dee245b41021206a3a94138f27c2b5c6d9997e4
CLIENT_HANDSHAKE_TRAFFIC_SECRET 2275665b1988d0f9bd1709d3dca16fa2154f58db1329d7c23180e947b5ad48c3 f7ed3e614d3e948171db03d8a3c6e1c12d6a8737955e52ecb0efbcb61998ee20c5e45d19640aac1e05bc5eed2e279f77
SERVER_HANDSHAKE_TRAFFIC_SECRET 2275665b1988d0f9bd1709d3dca16fa2154f58db1329d7c23180e947b5ad48c3 c9523ab59de69d037a4023cb4d556970bb8c2250314388b1ddc3efb418c2488eb65770bdc3ddf35bece43ffc33c6a5f4
CLIENT_TRAFFIC_SECRET_0 2275665b1988d0f9bd1709d3dca16fa2154f58db1329d7c23180e947b5ad48c3 59ecca827dce238afd169a98ee7f55a28e932f5ea8cc010de61e0594441fed0471b5ed846e13bc3ec373970551fac100
SERVER_TRAFFIC_SECRET_0 2275665b1988d0f9bd1709d3dca16fa2154f58db1329d7c23180e947b5ad48c3 1aa72cc8e80560a5667bd4be43dc4d9a31721ca9c48df862cc5e0e5c3dc186e771ef5dec210cdb0d9eb4b343617b697d
EXPORTER_SECRET 2275665b1988d0f9bd1709d3dca16fa2154f58db1329d7c23180e947b5ad48c3 c8d32601fbbcf36a179d002a7d53ffa45949a0aaefad97a8e2a8fc00d0c13582d833737d51c21323f255c70036548ec3
CLIENT_HANDSHAKE_TRAFFIC_SECRET 308c78c82e060d0a9a39241b17208882254669a7c2d2a2269db4857367801463 5b01f690ce49c1590d9aacead9b4c50258eacbd670e0530b069859f73b4e234ab07b30e93139b956cb172d4165fedbd4
SERVER_HANDSHAKE_TRAFFIC_SECRET 308c78c82e060d0a9a39241b17208882254669a7c2d2a2269db4857367801463 5db85dfdb1f1c578098e2214f97af7d823381c5d91d9eebacc13a9617795c8d286b3a774f767a5fa54d7432a4412bb1c
CLIENT_TRAFFIC_SECRET_0 308c78c82e060d0a9a39241b17208882254669a7c2d2a2269db4857367801463 a2ae241c8be14ade46c169752258d89ce94f056be77b6e8b7df2f2a9c4777cfccb09d6832025be30f3251ce8046384bc
SERVER_TRAFFIC_SECRET_0 308c78c82e060d0a9a39241b17208882254669a7c2d2a2269db4857367801463 f16f4c44d00b849a8584394d57b570ca5012653296841b52468bda361cec681a645d509c376f344a0092f9938226aa0f
EXPORTER_SECRET 308c78c82e060d0a9a39241b17208882254669a7c2d2a2269db4857367801463 477b2e604101e61497e363f24e98145c7326b0f36dad2e1c353b51e79505007b4836e8ae0371d7571bb6086fe27e6506
CLIENT_HANDSHAKE_TRAFFIC_SECRET b495a988c400b64b93ae8030dc203aa02f3624ef3039a210bdae5be571cb4f68 a697ce2424cd4a66280e0cf1734cd1d8dcfc774a060e889afa7a5a99bb27a8e39f6eb04d206147d9d24f4bbb8797b735
SERVER_HANDSHAKE_TRAFFIC_SECRET b495a988c400b64b93ae8030dc203aa02f3624ef3039a210bdae5be571cb4f68 e4eabf0076331405d830f9ae737b958e0fb9d026163ca11ff70ef0baaec448b142072356c03eb59e25998ded9c5768c8
CLIENT_TRAFFIC_SECRET_0 b495a988c400b64b93ae8030dc203aa02f3624ef3039a210bdae5be571cb4f68 1be104b15e359fedcac73897b6213e648ea8a3bc874bab17ac7d17e3a0f756602aafafc8e3789d6d282ca6813cb96d71
SERVER_TRAFFIC_SECRET_0 b495a988c400b64b93ae8030dc203aa02f3624ef3039a210bdae5be571cb4f68 cb1f7d41de2adf22a1a329e30eacca8e2164e684f19cac063c57bbed5325317d73ffa3c850cf763f9d654c911d672593
EXPORTER_SECRET b495a988c400b64b93ae8030dc203aa02f3624ef3039a210bdae5be571cb4f68 5932479f101854d21e1eb5a6a393fae42473e65aa949b2bd7f3ba49a390cc93fb29587877e29323e5e35f54d642ba961
CLIENT_HANDSHAKE_TRAFFIC_SECRET 0b20782612d1993014f45d8d0e9380b48208b594672b6cfb104a4e0e46674e77 6c02b762a9868eec710c0a9c92333368457940f00325be0d05960ef34e9af9b1f8e0149aefc1a7b9cdb4252050d7b134
SERVER_HANDSHAKE_TRAFFIC_SECRET 0b20782612d1993014f45d8d0e9380b48208b594672b6cfb104a4e0e46674e77 be9c24468fe8f09b1cc15262b39da68583c6ccff8cc0822055df61d0d85869273ddde11a646cc7b7dfe86d083ab9ac50
CLIENT_TRAFFIC_SECRET_0 0b20782612d1993014f45d8d0e9380b48208b594672b6cfb104a4e0e46674e77 5bb4bba84f371d315350a35b12618175f71727e8799cbd2f00aff2e53ee4f9e4f1d1d00629982f4adda2a842ae758b2e
SERVER_TRAFFIC_SECRET_0 0b20782612d1993014f45d8d0e9380b48208b594672b6cfb104a4e0e46674e77 b994e7d36153ebb3d1b095d7ff66427b73ceb1a72bd641d252638869c1f096dda8bdaadd4a65f737ca48c525a9d05904
EXPORTER_SECRET 0b20782612d1993014f45d8d0e9380b48208b594672b6cfb104a4e0e46674e77 a4b26c20c70f4c6d48bf788e3e981be5ba4de1311634bb44a4bd65f4cebdf900d696a5fb9895b685a9a531c9b8e6645e
# SSL/TLS secrets log file, generated by NSS
SERVER_HANDSHAKE_TRAFFIC_SECRET a1df32fcdf730f9cde6e19c63bb3005b5bd4fdd776b67f201b10fc1510c40e79 48fa0332f74ebd880676cd67f978304c9ae2b6dbc504417631b14bb19e37e8483486e0d44c9745ffe063b4a5a7302d87
EXPORTER_SECRET a1df32fcdf730f9cde6e19c63bb3005b5bd4fdd776b67f201b10fc1510c40e79 449438afa64a9225544e5eb8ef41cb5c63d8fc003d69b203b4f8cf530eb17b5feedf860717350b2507e75e0ce49c681b
SERVER_TRAFFIC_SECRET_0 a1df32fcdf730f9cde6e19c63bb3005b5bd4fdd776b67f201b10fc1510c40e79 a8a4fed43dd2b326d906e5dd5fb844b6c1b8170891b21ff05a78150366c247994002233ad13588cacd05d04a5d6d7768
CLIENT_HANDSHAKE_TRAFFIC_SECRET a1df32fcdf730f9cde6e19c63bb3005b5bd4fdd776b67f201b10fc1510c40e79 d5971cdcddd6f52a72daa26b7334b62f338cee1f4d0c0a0119a70ebb115fef81a79813012378c7bcb02c8607b21fa141
CLIENT_TRAFFIC_SECRET_0 a1df32fcdf730f9cde6e19c63bb3005b5bd4fdd776b67f201b10fc1510c40e79 74c4254b5033f185e5fa3da24f9c66aaa1bf34ceaaf9da85d662bb3e35ff97f0798ef2d5656259aefd61c32e1acd3b5d
SERVER_HANDSHAKE_TRAFFIC_SECRET b5ff3a59eb238fc77222490ff13287ea5497dd7f5e573d554f3d5842f0cae6d4 dc218d9577151eff9b2090848c7ef0bada6cb4efa730414900457d16b8ade6f6d56c0f8548447e39aa015668af198895
EXPORTER_SECRET b5ff3a59eb238fc77222490ff13287ea5497dd7f5e573d554f3d5842f0cae6d4 d7bb59cbff7c809924efecc29dc75fd1bbdda81769aa300af7012db7e5d597313db9377e4ea7e080ec90a005012bbd61
SERVER_TRAFFIC_SECRET_0 b5ff3a59eb238fc77222490ff13287ea5497dd7f5e573d554f3d5842f0cae6d4 cb3efb65dbc1565bab4549bb010639db4cf2dc91ad8fa890f392a0d8477d52184fa93261cafbc6b42957adc20608fc3b
CLIENT_HANDSHAKE_TRAFFIC_SECRET b5ff3a59eb238fc77222490ff13287ea5497dd7f5e573d554f3d5842f0cae6d4 3ab8e8bca4656280b4c6847babff1bdf1db9427f92a0cb1b24bffe2d80cde48f97120654057b869350fcef239427c381
CLIENT_TRAFFIC_SECRET_0 b5ff3a59eb238fc77222490ff13287ea5497dd7f5e573d554f3d5842f0cae6d4 4d1a9a76095c15ae32ed2e34f708061d5b651bdbdcc230ba8d2edc629b14fec034af6a3b112b670b77be10f876705a06
SERVER_HANDSHAKE_TRAFFIC_SECRET 8b85e90bb5f541ca429d0816db103a1cd97aa4700a040f9e994f5b81b3dae523 05e742e7a3ec4428baa4782ab254669e3bbb8dd2977e600496725547dab63d33e96c77af74cd1241c710c4cabc987c88
EXPORTER_SECRET 8b85e90bb5f541ca429d0816db103a1cd97aa4700a040f9e994f5b81b3dae523 d78ca421d5f864c0d7d215b19c447a1f799c608cbae33cc136f9adf68886501373f37ad43f47861665627b38d06c132e
SERVER_TRAFFIC_SECRET_0 8b85e90bb5f541ca429d0816db103a1cd97aa4700a040f9e994f5b81b3dae523 f3e94c59a1c205fa5db7816bd1fcb5d7e9aeb3f824a03a03047f98de7975d8f8217eed1910efcb8279772064b7c63e67
CLIENT_HANDSHAKE_TRAFFIC_SECRET 8b85e90bb5f541ca429d0816db103a1cd97aa4700a040f9e994f5b81b3dae523 66f6c79fe1d823f09883710f5a7be3e05c875e2b7720531dc323ada3e82dc7dfe9414be7682c674d993926432d7ce285
CLIENT_TRAFFIC_SECRET_0 8b85e90bb5f541ca429d0816db103a1cd97aa4700a040f9e994f5b81b3dae523 241882605d30ee2caf4054e2eb20bd86d660f95135e4de1db052fe31f4046d5ea48895c47e2b096c84c877dc80837801
SERVER_HANDSHAKE_TRAFFIC_SECRET a547f27a5d4968aacd027c32d0c625e3e90c598e328b1818b684e59b2eb8cbdb 53ac21bc60f32b34e801e7e1df6c296b721c4cc60d8836bb15f310a031d56b97f5f36e993992247369a8831833f30a7a
EXPORTER_SECRET a547f27a5d4968aacd027c32d0c625e3e90c598e328b1818b684e59b2eb8cbdb f219a29ced0bab253ac33b14b11fe088c029781804dba0f89cfe2178901f2fa308e15af9be597914dd9923d9128a4e59
SERVER_TRAFFIC_SECRET_0 a547f27a5d4968aacd027c32d0c625e3e90c598e328b1818b684e59b2eb8cbdb e42dc50b3015d1d1e38b04821580a0078be8a00c681a8bea13c6df17662060c0ff369077ac16fb468c5a4c4563b9298e
CLIENT_HANDSHAKE_TRAFFIC_SECRET a547f27a5d4968aacd027c32d0c625e3e90c598e328b1818b684e59b2eb8cbdb dfd018b5a6f0628801ffb19ec4c4595ee597d28c82101568152248824c9dcec111254a3d4b39a62294a6f399c8619d3a
CLIENT_TRAFFIC_SECRET_0 a547f27a5d4968aacd027c32d0c625e3e90c598e328b1818b684e59b2eb8cbdb 4db2207c19afa7c9db1aa4c630f7226329a5f4a3b1b3cc470863a795ae9897f67a756cb26391d661ccf3443aaea7632e
