# SSL/TLS secrets log file, generated by NSS
CLIENT_HANDSHAKE_TRAFFIC_SECRET 28269b6d99983d7c3355f615cc6dec872f4182db37a3962973a2bc85d70d8e81 15b9b2843ca7c818c63974c70133a004601d5115248c6cc2a0bed7d59383767c
SERVER_HANDSHAKE_TRAFFIC_SECRET 28269b6d99983d7c3355f615cc6dec872f4182db37a3962973a2bc85d70d8e81 4f507f55ab99af7fe60646907ceb8e6a5136bfed2be99b09b035cf9632a8c78f
CLIENT_TRAFFIC_SECRET_0 28269b6d99983d7c3355f615cc6dec872f4182db37a3962973a2bc85d70d8e81 ee25959db60f9ca98a305bbfeba86fe27e2a25d33ef47a1d3fef9267d2757244
SERVER_TRAFFIC_SECRET_0 28269b6d99983d7c3355f615cc6dec872f4182db37a3962973a2bc85d70d8e81 ad75b63acba71926b9cd0a022bb2db330b84394ded21e23c02eeeafa549b9cd0
EXPORTER_SECRET 28269b6d99983d7c3355f615cc6dec872f4182db37a3962973a2bc85d70d8e81 4d8b20c084aba08c21a83522aca88b37d37d212e9e3cafeb9f99fef55962f0fb
CLIENT_HANDSHAKE_TRAFFIC_SECRET 3950c4261a1d5123ea8bfe7444721ac71669b027aad979a31c6908ea4b34be61 c42bf9007a6071dceb937fb7e390bc50dbfcf739e9ad4a7f112ec6fa0cc93052
SERVER_HANDSHAKE_TRAFFIC_SECRET 3950c4261a1d5123ea8bfe7444721ac71669b027aad979a31c6908ea4b34be61 4c9404d52588a8f2dcb401e74633e6af4e6a2a1bce67f9aeb235f9884cc614eb
CLIENT_HANDSHAKE_TRAFFIC_SECRET 9e1433e9d3933ebe9302366db9123d55810cfc9ade6edfbe481f48aad01a56a7 66d884595b8d977fb6701b5eec674539452bce9704c99093d0d512ebb453e888
SERVER_HANDSHAKE_TRAFFIC_SECRET 9e1433e9d3933ebe9302366db9123d55810cfc9ade6edfbe481f48aad01a56a7 a1a1ccef7fbf9c33079a64dc9ee9f8e9c3da9aa53d1b3fda686889f378da21a7
CLIENT_HANDSHAKE_TRAFFIC_SECRET 2f7fcae1c1652a872b4dd8f53823bc2622dcd470fd1b9a19ead85a9c6135197f 489e098c74b924b4e12123765aaddda0fd8822e76c1cb5d73d52353d4ffba41c
SERVER_HANDSHAKE_TRAFFIC_SECRET 2f7fcae1c1652a872b4dd8f53823bc2622dcd470fd1b9a19ead85a9c6135197f 951b055b3823dba245561b13985552dd2210b5a0b9217d39bc375893cb146d02
CLIENT_TRAFFIC_SECRET_0 3950c4261a1d5123ea8bfe7444721ac71669b027aad979a31c6908ea4b34be61 c3d6f22c40908dacd5e7caadb398ca1dec12e26fdb3f776c0ddda11a0c160e26
SERVER_TRAFFIC_SECRET_0 3950c4261a1d5123ea8bfe7444721ac71669b027aad979a31c6908ea4b34be61 2409f5f6f772903715192b5426b9b0be3c5d9e7ddbab442a94ace5af7049e6a1
EXPORTER_SECRET 3950c4261a1d5123ea8bfe7444721ac71669b027aad979a31c6908ea4b34be61 20068a7f36cd8990d40baa4b5ca8b76febdceef98f11a44de1fdab4b8f6f018f
CLIENT_TRAFFIC_SECRET_0 9e1433e9d3933ebe9302366db9123d55810cfc9ade6edfbe481f48aad01a56a7 2fabe4044360613c277b1d6f858f7b70758f645f00a7c02bbfc6f4be0d924d91
SERVER_TRAFFIC_SECRET_0 9e1433e9d3933ebe9302366db9123d55810cfc9ade6edfbe481f48aad01a56a7 984013f68071500f7f0b415429fbd1d6a1844f11ade7ffe4d57768ba4d09d354
EXPORTER_SECRET 9e1433e9d3933ebe9302366db9123d55810cfc9ade6edfbe481f48aad01a56a7 2827de7078ce549c72c6138820468ce01019a604888b159d9e211f6f013cc2f3
CLIENT_HANDSHAKE_TRAFFIC_SECRET 932554473527c2c4efdf15f1e929eed71ab2fd81a58945d8537dd058e3df42dc 129bd4665f089ef5af5ed9b40e021644fb594c52cf0ddb11cac5a7e0c5d533db
SERVER_HANDSHAKE_TRAFFIC_SECRET 932554473527c2c4efdf15f1e929eed71ab2fd81a58945d8537dd058e3df42dc a04aa96c875bb66a7d81748e712a13a815ef0e5938938ed8d85b57c23977ca4e
CLIENT_TRAFFIC_SECRET_0 2f7fcae1c1652a872b4dd8f53823bc2622dcd470fd1b9a19ead85a9c6135197f 944c73edfefdefa3d23b03201295e785d5118522a33b998bec9e9ff9253384b8
SERVER_TRAFFIC_SECRET_0 2f7fcae1c1652a872b4dd8f53823bc2622dcd470fd1b9a19ead85a9c6135197f 857b9fa4128c3181ea09bfc15576d5d538fbb8323671a765f8c0d9b56d7c1c15
EXPORTER_SECRET 2f7fcae1c1652a872b4dd8f53823bc2622dcd470fd1b9a19ead85a9c6135197f d57b977b17cb871daf799c01ff70c9efc5e08d3af74b15fbba65490f5b5237f6
CLIENT_TRAFFIC_SECRET_0 932554473527c2c4efdf15f1e929eed71ab2fd81a58945d8537dd058e3df42dc 078d812b3ec97ff23a9378f134799b640b093d119fe6bf535b63d93bd45a5d49
SERVER_TRAFFIC_SECRET_0 932554473527c2c4efdf15f1e929eed71ab2fd81a58945d8537dd058e3df42dc 5275e1de51f6394f2ab0419f7ea9c0859c4b2e34319faf8ad66e09477836ac5e
EXPORTER_SECRET 932554473527c2c4efdf15f1e929eed71ab2fd81a58945d8537dd058e3df42dc 15843dff24bc9a7f59c48f4e36071542abc5b0e9c3202941ab6dee02f9679903
CLIENT_HANDSHAKE_TRAFFIC_SECRET 6594e52cc5ae49a9cb2ebc7e2ea96a7ac9a0458bca8972cdf50eac1b4f5dde24 d4cb450400a182e96e7410612e242b9d5bbc52f9bcd8fdba306dc44907688a57
SERVER_HANDSHAKE_TRAFFIC_SECRET 6594e52cc5ae49a9cb2ebc7e2ea96a7ac9a0458bca8972cdf50eac1b4f5dde24 4a4225cca45dae02f05b38d25815256748f527291fe74d74cd1d0ee662983614
CLIENT_TRAFFIC_SECRET_0 6594e52cc5ae49a9cb2ebc7e2ea96a7ac9a0458bca8972cdf50eac1b4f5dde24 b527cd9923649f703dd148152ba7f598d784cde1a647efe81d5604c05f157ab1
SERVER_TRAFFIC_SECRET_0 6594e52cc5ae49a9cb2ebc7e2ea96a7ac9a0458bca8972cdf50eac1b4f5dde24 1b6d214e1619ae710092389da2ab20bbdf83fba1e04f7b0faab70c655bbb4131
EXPORTER_SECRET 6594e52cc5ae49a9cb2ebc7e2ea96a7ac9a0458bca8972cdf50eac1b4f5dde24 9186facba83198b5e7b26b91acce0607da39f1ab26b7fe1197332819136f87c8
CLIENT_HANDSHAKE_TRAFFIC_SECRET f25ce469fa0fce7be60e6bfb6d2704a602ec27478cc9edcae28159b6a0759359 2a31b6512635dbed263b91ed6db62fe7f959bb9a2106add6d96e6f579bfcfdc1
SERVER_HANDSHAKE_TRAFFIC_SECRET f25ce469fa0fce7be60e6bfb6d2704a602ec27478cc9edcae28159b6a0759359 c4e7a2078250e9350169b0d5476b2e45dd6c044030fefa6a5d16943c31ac1069
CLIENT_HANDSHAKE_TRAFFIC_SECRET 31cbf13f4c3d49dde154d158faee7c5d69eaad587e8d9eec50c52384c0864cea 31af2340fafab5f3ea117ff1c6344c709bcb16b45343eedb64cb7c0f1bf502c8
SERVER_HANDSHAKE_TRAFFIC_SECRET 31cbf13f4c3d49dde154d158faee7c5d69eaad587e8d9eec50c52384c0864cea 310f20cbcab55442e211a858314c400aab0ff3d9941017188275bd342b8e2d87
CLIENT_HANDSHAKE_TRAFFIC_SECRET 7d8561620e1fa7b03eb05fdf1f16dca6fe9d4f3b7603094fef0cd0f333813870 79f44bb5a4521e2075d741105e08681a338ab49e3cf1a994a9523daeaaa60974
SERVER_HANDSHAKE_TRAFFIC_SECRET 7d8561620e1fa7b03eb05fdf1f16dca6fe9d4f3b7603094fef0cd0f333813870 f1a108c741548383f08f899b63438de5839804700f184fc34ba259664bee4cc4
CLIENT_TRAFFIC_SECRET_0 7d8561620e1fa7b03eb05fdf1f16dca6fe9d4f3b7603094fef0cd0f333813870 3380b0e32a76223044b464c40e03786af08b51fce000fd47f562117605d65e3c
SERVER_TRAFFIC_SECRET_0 7d8561620e1fa7b03eb05fdf1f16dca6fe9d4f3b7603094fef0cd0f333813870 0f8e970cb51eb9d4c42e0e5ce6cd03b0fa60d57c6606e223942464c541886b64
EXPORTER_SECRET 7d8561620e1fa7b03eb05fdf1f16dca6fe9d4f3b7603094fef0cd0f333813870 af6bbc9114daeb7d8f08a2207bca6f4e4a642fe32fe207a3f1c93789f214e02a
CLIENT_TRAFFIC_SECRET_0 f25ce469fa0fce7be60e6bfb6d2704a602ec27478cc9edcae28159b6a0759359 561157db31c87b2bf6ae3c9708217daa104ecdc110dc80fa4e7b851d8a440c72
SERVER_TRAFFIC_SECRET_0 f25ce469fa0fce7be60e6bfb6d2704a602ec27478cc9edcae28159b6a0759359 2235bf8c35d80360e638d7cb681a1603621a62aff523d117715574765f16b01c
EXPORTER_SECRET f25ce469fa0fce7be60e6bfb6d2704a602ec27478cc9edcae28159b6a0759359 3489d80535072e4a6a0943dff1c7d849f9e1b1834a0681a6ad76d6ee3e75412d
CLIENT_HANDSHAKE_TRAFFIC_SECRET d2accd779754b11f9fea75add5c8a1814cf67dcbd625ad374a071a9edf76d516 7412ba5608e9d570718dd69f70884dc14a2a8529765dcfa784dfdc505cdf395e
SERVER_HANDSHAKE_TRAFFIC_SECRET d2accd779754b11f9fea75add5c8a1814cf67dcbd625ad374a071a9edf76d516 7da4eeef2e967ff9d13000ca34f64ea0e0a3b9a16725efbec9e95390bf777b18
CLIENT_TRAFFIC_SECRET_0 d2accd779754b11f9fea75add5c8a1814cf67dcbd625ad374a071a9edf76d516 d2f4a28f9987a629038717dc80f97b478ea348ec174fc8f73459bb4b627ca2e3
SERVER_TRAFFIC_SECRET_0 d2accd779754b11f9fea75add5c8a1814cf67dcbd625ad374a071a9edf76d516 70880f4fcebdddd76f8ed618fae91347e8eb06c55ba32a7dcf1846e07e386332
EXPORTER_SECRET d2accd779754b11f9fea75add5c8a1814cf67dcbd625ad374a071a9edf76d516 d6bc34599fb55254e91bd3eafe3bef1bddc6f4a97cf5e8c32e95d3aa99908d6f
CLIENT_TRAFFIC_SECRET_0 31cbf13f4c3d49dde154d158faee7c5d69eaad587e8d9eec50c52384c0864cea e94e05061ad88df7f04959e2c54d8faf4475a59adfc50121d5f1848203aed918
SERVER_TRAFFIC_SECRET_0 31cbf13f4c3d49dde154d158faee7c5d69eaad587e8d9eec50c52384c0864cea abaf3bb9ee58edde9dff3db212a0cb85a5bcb21dfeb0f92d162fe0e5c841bf8e
EXPORTER_SECRET 31cbf13f4c3d49dde154d158faee7c5d69eaad587e8d9eec50c52384c0864cea de129191d145ade49d1316ee4aa337a8670ede95c5b9aad67428279b4b3c68aa
CLIENT_HANDSHAKE_TRAFFIC_SECRET e3a0d51e51065616d5d51e8ab09e7626e3a4bf9f624cd79b46100b6db18becff 6185334ee59504072040e459addb494891be8cbb51e661b244501ca9879013b8
SERVER_HANDSHAKE_TRAFFIC_SECRET e3a0d51e51065616d5d51e8ab09e7626e3a4bf9f624cd79b46100b6db18becff 8920a452fa8179255b11469096800928a755ecb0ea15b8ea55fb2443c70cc99a
CLIENT_TRAFFIC_SECRET_0 e3a0d51e51065616d5d51e8ab09e7626e3a4bf9f624cd79b46100b6db18becff 0c48a5cac41cd5607216ee910cbb359b560cc9c5835ef05034283b969bea4c98
SERVER_TRAFFIC_SECRET_0 e3a0d51e51065616d5d51e8ab09e7626e3a4bf9f624cd79b46100b6db18becff e060cba0c59c292feb94e19d6c63cc76e966fe8fd652735864805f602b024df1
EXPORTER_SECRET e3a0d51e51065616d5d51e8ab09e7626e3a4bf9f624cd79b46100b6db18becff 73ab7e0b760dd056b95202d6e1bf5b7db4688852a670cfbae3acaa6b5e0d041e
CLIENT_HANDSHAKE_TRAFFIC_SECRET dc838a078ed53b8471f65623200ced01cc8ea230bda23bafdb392976a52cb4fe 32b7800f70908fd3c70a1700402667e3ec4d442c5725b5b588dbe8d743c26a98
SERVER_HANDSHAKE_TRAFFIC_SECRET dc838a078ed53b8471f65623200ced01cc8ea230bda23bafdb392976a52cb4fe 29e8361683bb889d2b6a9c9470ba95373446239a4867cb1c7097be34ced8e256
CLIENT_TRAFFIC_SECRET_0 dc838a078ed53b8471f65623200ced01cc8ea230bda23bafdb392976a52cb4fe 7d1411d68483b83bcb43368ba6982524317670c3c8da0dd49343b215883a9c0c
SERVER_TRAFFIC_SECRET_0 dc838a078ed53b8471f65623200ced01cc8ea230bda23bafdb392976a52cb4fe 80ac6f0fa31323731c3ec3e6bb3870ce34be23dd79cb8376eeb13bde67e1f5e5
EXPORTER_SECRET dc838a078ed53b8471f65623200ced01cc8ea230bda23bafdb392976a52cb4fe 47583f6f2e11f8caa8e93ecb3a757e71e75bdaa80fa1d4467170417fdc794878
CLIENT_HANDSHAKE_TRAFFIC_SECRET e090e98d6dffe85497c6891dfaf5e49233a1b454b49aea3bb3a1a6d23d6e237b a58fe7cf2c2c46b725b94d31b602fd5b4c7337b1b6b540993e342f91da9874ca
SERVER_HANDSHAKE_TRAFFIC_SECRET e090e98d6dffe85497c6891dfaf5e49233a1b454b49aea3bb3a1a6d23d6e237b a6480534b02aa4c3d06600b455bcbe48ea2dacfcdb7bfc00f0b6c3261426f6a0
CLIENT_TRAFFIC_SECRET_0 e090e98d6dffe85497c6891dfaf5e49233a1b454b49aea3bb3a1a6d23d6e237b 75d48325550b4c565601c728a7f8aebcbc969f42374c7d8178e2d3031f275904
SERVER_TRAFFIC_SECRET_0 e090e98d6dffe85497c6891dfaf5e49233a1b454b49aea3bb3a1a6d23d6e237b 10bcba4b6aa6a97d1e407bbe96888a129c8c6324bfdbf4680b26e1c21b96108b
EXPORTER_SECRET e090e98d6dffe85497c6891dfaf5e49233a1b454b49aea3bb3a1a6d23d6e237b 7c6209c10c18c51828dd148cd3ccf0906a1ecb33f1fda6bec5fa63a21c509007
CLIENT_HANDSHAKE_TRAFFIC_SECRET 17a3bb128070a0ed3a699537721281ca8c5bfc3ac3a7f894a8ce2021d1562887 43e15b372f485a7fa84e94e908e54adbc0efc912a40be9c5d450c981e9b05eef
SERVER_HANDSHAKE_TRAFFIC_SECRET 17a3bb128070a0ed3a699537721281ca8c5bfc3ac3a7f894a8ce2021d1562887 2c2b795cb849907c0f4fead3a97f140da582377a78ad110d2bff15e8e8aae200
CLIENT_TRAFFIC_SECRET_0 17a3bb128070a0ed3a699537721281ca8c5bfc3ac3a7f894a8ce2021d1562887 02d524f3663ad0c47f33462c84bc3fd778d57e93d353e0d6082541d1554d9931
SERVER_TRAFFIC_SECRET_0 17a3bb128070a0ed3a699537721281ca8c5bfc3ac3a7f894a8ce2021d1562887 a8a5db325bcd405389d419f532ebd581be756daad2a2797b8a87ccc2ca3be381
EXPORTER_SECRET 17a3bb128070a0ed3a699537721281ca8c5bfc3ac3a7f894a8ce2021d1562887 f3db3b422e30740324ec115b45d8f9d06228c7f6104d94f8b8a395b5e980b896
CLIENT_HANDSHAKE_TRAFFIC_SECRET 9b3053196f29c46a2c18b11f7b864ce77cc8454fc00781d6ee2ebcec7c9ee635 7351b8d7ed4055559cc924404f70b1443c01148326628271ef230a86cdb19f27151a696d35a2628331a00891bda29b63
SERVER_HANDSHAKE_TRAFFIC_SECRET 9b3053196f29c46a2c18b11f7b864ce77cc8454fc00781d6ee2ebcec7c9ee635 db9b4c7c9ad0cc82637db51cd3627332738e306195558e482f414f1b38aacf67ac8d180340ddb1881986d6c639e3f99a
CLIENT_TRAFFIC_SECRET_0 9b3053196f29c46a2c18b11f7b864ce77cc8454fc00781d6ee2ebcec7c9ee635 84ec4813a029f0e232e9c256a3856f7fd7c1b0766141220e9de3784ee3054765e4a7fb1a78cbc79689ca8a105310a8fc
SERVER_TRAFFIC_SECRET_0 9b3053196f29c46a2c18b11f7b864ce77cc8454fc00781d6ee2ebcec7c9ee635 d13835842800d5e00b3758f194c6d55d72f592b74e194510d09ad639bb45bb0a33f35f9f16efab534f5ddca17aad0dd1
EXPORTER_SECRET 9b3053196f29c46a2c18b11f7b864ce77cc8454fc00781d6ee2ebcec7c9ee635 bbc29c5e141a43da25e0f6113dfb073f349405bd58900713c2b425c6dd80e503a9e87107d7c3fc098cf4b2d08cbf38bc
CLIENT_HANDSHAKE_TRAFFIC_SECRET cbbec990cc766353bcc55f85dd97d6f4817b90ec59da300a58e567d8257a10ed a826001abdaa4e74e692ae444a6d54db7f1773af0b526dc645abb5d786b2966110648df49dfc00fd1e947e45f58b07ce
SERVER_HANDSHAKE_TRAFFIC_SECRET cbbec990cc766353bcc55f85dd97d6f4817b90ec59da300a58e567d8257a10ed 3ad5f39624a06e4d46c5ed3fb955b175c5244dba0cc48c0a309931fe77a94b355501c6b1cdd20f3473f32577f5544737
CLIENT_HANDSHAKE_TRAFFIC_SECRET ff564c45aa65f05b0910dd3a651a463e1a57c1183d55cad8653088e7633e5ae1 5e6c5ee48ba8448ded4a9f5cc1e320a92f4f85d93553bd530219a9875759da5c552469242b26010041b29faa00540441
SERVER_HANDSHAKE_TRAFFIC_SECRET ff564c45aa65f05b0910dd3a651a463e1a57c1183d55cad8653088e7633e5ae1 296fee9a57723bf5a18897f309049e3293ac8f988fb6b322344e9d372c7a9ecb60ed6b4cfe88674a594b421f2b6c1b3b
CLIENT_TRAFFIC_SECRET_0 cbbec990cc766353bcc55f85dd97d6f4817b90ec59da300a58e567d8257a10ed 80296a48fd024de71997d0ab807a7a0f4a389937de8297a8f74ed3dbba603a45cac7e2e334c6c304165f89fa3a3f119a
SERVER_TRAFFIC_SECRET_0 cbbec990cc766353bcc55f85dd97d6f4817b90ec59da300a58e567d8257a10ed 4aaafe60dec7871238655a5bd7dcf33b22da90e425e55ff60592248994f2afb6509cba32c83b841405b4a4c6697c9e26
EXPORTER_SECRET cbbec990cc766353bcc55f85dd97d6f4817b90ec59da300a58e567d8257a10ed 5f5c593998d63d86759958a9194188bbe2f0e226345adf581340b4fb4e0ec21569cbcb473202e9369509ed63f0c31f73
CLIENT_TRAFFIC_SECRET_0 ff564c45aa65f05b0910dd3a651a463e1a57c1183d55cad8653088e7633e5ae1 9296513acd734ad5c8ddc66455a47ca133c164ac32d45e29f54a77d32c9d652ec42240632f932f3c43c4efaeb0533e40
SERVER_TRAFFIC_SECRET_0 ff564c45aa65f05b0910dd3a651a463e1a57c1183d55cad8653088e7633e5ae1 e0f71f1f2b57242aa8fbbddec8085f74e7de1aad64a0a34d304a61a97e455a82c8998a4ef1b9a3d1d30f6ea14fcfaf8d
EXPORTER_SECRET ff564c45aa65f05b0910dd3a651a463e1a57c1183d55cad8653088e7633e5ae1 ff69004978a04a57c7038e39a869750b961c78091b45f32046f63d4732fa09c69e5bd013a10829888daeef45d8752cf5
CLIENT_HANDSHAKE_TRAFFIC_SECRET 2d4b9f251903472b5f1d5e288610f9e9f9e8d90e3b390ea6bf751a4446addd61 1bb1d50784de24993d9515c1fa590b10dd294ad0ed0383e0ea84211df8b4cbb226730bc20781cee0cd5126770683aaa4
SERVER_HANDSHAKE_TRAFFIC_SECRET 2d4b9f251903472b5f1d5e288610f9e9f9e8d90e3b390ea6bf751a4446addd61 d56a0e895ad23d03be9cbedcdd1b5e7e3c7f4ba0b429c7757261f8c26df677760148583f020b6c93a32f648d507e6109
CLIENT_TRAFFIC_SECRET_0 2d4b9f251903472b5f1d5e288610f9e9f9e8d90e3b390ea6bf751a4446addd61 07a04ee941af76b84ac737d725a0c194f67cd31cd0b115259a855a1629fda179e30d0425110b0f495dbc027481aaaee1
SERVER_TRAFFIC_SECRET_0 2d4b9f251903472b5f1d5e288610f9e9f9e8d90e3b390ea6bf751a4446addd61 03e389c87f0ffe551ccef891e85e23df31a873802277c877a19ca8273ddc1bffe9520cb75c67ceb0130e8009a86db640
EXPORTER_SECRET 2d4b9f251903472b5f1d5e288610f9e9f9e8d90e3b390ea6bf751a4446addd61 4eed24c90bd6aabd7febbc5dc39bddfa28a3ebb754f3e23ce9251eb72a34511622d9f9f1fd3e696476bb61b047f447e6
CLIENT_HANDSHAKE_TRAFFIC_SECRET 593d365b1496b0299cd2b4d307b785610d9f65f5cfb381e3f7d8d007aed6e10a 9b54b084e3206d08e54dae200a3a243ce37ca5f4a326cc63deb237f4f493d1b7
SERVER_HANDSHAKE_TRAFFIC_SECRET 593d365b1496b0299cd2b4d307b785610d9f65f5cfb381e3f7d8d007aed6e10a 31726d540f412b6a52b1312c6e20332cde51b0b39b339add2f944db324d70619
CLIENT_TRAFFIC_SECRET_0 593d365b1496b0299cd2b4d307b785610d9f65f5cfb381e3f7d8d007aed6e10a 581a7d057207adaee3ff2581f6687589b6754d72131dbb115c58b02322412f24
SERVER_TRAFFIC_SECRET_0 593d365b1496b0299cd2b4d307b785610d9f65f5cfb381e3f7d8d007aed6e10a 1d519fa982efd2b510436924f5fba1b3916bb1d9d33512c7f89aec898ee3b691
EXPORTER_SECRET 593d365b1496b0299cd2b4d307b785610d9f65f5cfb381e3f7d8d007aed6e10a 2e439ddfe49daa9b3030c3b174ffa39d3b3ba029c8761d071c125bc7cd628552
CLIENT_HANDSHAKE_TRAFFIC_SECRET d4eebc7eca1ed6f85937daf7d0e26197ee87e86c985d5ebc93e55cab8035929d 1e076274ff3e6820ac984709f41bda6ec2725fef2ad69d743c22d24828cc13869cb5dacf1ebd269427bc3e9cf9061ed3
SERVER_HANDSHAKE_TRAFFIC_SECRET d4eebc7eca1ed6f85937daf7d0e26197ee87e86c985d5ebc93e55cab8035929d 3a83e0f5fdd9220545fe82d9660c261ee97eeab74af75bad7cf1cbf7d52b546c08918b5888f50a3a85eef0176a10d26a
CLIENT_HANDSHAKE_TRAFFIC_SECRET 7806466736487497f126fd61338f38f5a5fbfc16cc01035621cba6e3084849c3 e80b642408665d00cf9466a976d905ccd003a6df16789c3886e0ae7b3109b512246aab8431fd0276bd392556db650cc2
SERVER_HANDSHAKE_TRAFFIC_SECRET 7806466736487497f126fd61338f38f5a5fbfc16cc01035621cba6e3084849c3 8f607095a93b59549cb4cd5c19b0f9202277a7aecd955e42767e75ccd06b404848510b5e0a20cd86f339448ca0eb1f17
CLIENT_TRAFFIC_SECRET_0 d4eebc7eca1ed6f85937daf7d0e26197ee87e86c985d5ebc93e55cab8035929d 3eda21918e2ca4f90f9fc6e73ff8622ef7371fda765f9824d192eb8d54da274fb782fd6a9c0c4553130b2170669474b6
SERVER_TRAFFIC_SECRET_0 d4eebc7eca1ed6f85937daf7d0e26197ee87e86c985d5ebc93e55cab8035929d 4758760e99dd06ab8c4881b9b75c1db80fe6c7f7ffa9621b4f7e1df67e735ec7c13bf9fba0ce3d1a005c9d7c7cfcd309
EXPORTER_SECRET d4eebc7eca1ed6f85937daf7d0e26197ee87e86c985d5ebc93e55cab8035929d 46e43291239f43c9fa133fa1f25bd908eeb8c2f97b379f696a1dad792a10b4b3731c4c202b1a6d440c1b7b79921e15c9
CLIENT_TRAFFIC_SECRET_0 7806466736487497f126fd61338f38f5a5fbfc16cc01035621cba6e3084849c3 d97952005c5cd7671bab2f0cc9d4c1b9a078bcafb68820c8bbc9548d91dd8eba6b8e6ff1cc31a1eb82c5969ec5536bb8
SERVER_TRAFFIC_SECRET_0 7806466736487497f126fd61338f38f5a5fbfc16cc01035621cba6e3084849c3 20268880a04cb501681cbdc9349dc32011ae77ce3190b655e49b7844371b88e4dd9fd403f58d730ab91e47e404cb7f44
EXPORTER_SECRET 7806466736487497f126fd61338f38f5a5fbfc16cc01035621cba6e3084849c3 37d9e0985845d679549a3f3df9a64231160ecd9f5959bce62bb0e8e8f9cc9a5dc1889df7074b58a64ccf69d08f5864ef
CLIENT_HANDSHAKE_TRAFFIC_SECRET c3ed67ed70bd26114349cebc4b49ada3c679b71b7825d3daeec5d38a99f6a07b 14a85bd29225f3d1de3973bf048ac685096d592c84b71f375275dae95fed7e1d29316874998b7869f442ad1304417a4b
SERVER_HANDSHAKE_TRAFFIC_SECRET c3ed67ed70bd26114349cebc4b49ada3c679b71b7825d3daeec5d38a99f6a07b f94fa3c4267b8ee785094d86e47dd5d775db9353e60848f0ab7dd70ebbb2c2e72a8d803073c5022ea910364ec2106e8e
CLIENT_TRAFFIC_SECRET_0 c3ed67ed70bd26114349cebc4b49ada3c679b71b7825d3daeec5d38a99f6a07b fd569b609126f1ab24c89c71bf83f8c7cac61fd761d82998d26d9bcd181adb0dd011b82661a9d97f5e50295be2822183
SERVER_TRAFFIC_SECRET_0 c3ed67ed70bd26114349cebc4b49ada3c679b71b7825d3daeec5d38a99f6a07b 1c1c5e1754c4414fbcbc8c8885af16a48f478d665db2fe4e6bb5bb5781baa1f72ce58015befd0ea34f9815404e84926c
EXPORTER_SECRET c3ed67ed70bd26114349cebc4b49ada3c679b71b7825d3daeec5d38a99f6a07b c15a91966cd8fc9c3f46c6380212a75c47e80a1a6b35dbd654cbc145f965995fec636c52c9bb019c4fd44867be1b4e39
CLIENT_HANDSHAKE_TRAFFIC_SECRET 8f5b20b61b480de278ca0da981bf145293ba45d0fb7c1f15974dc643e46942d9 4c756ee3fdc5538c4feb9b1c5eeda0930c1d3640cd7ca130c2f6ee7fed64153f35d3c62fb47eaac5a9072c632e335b17
SERVER_HANDSHAKE_TRAFFIC_SECRET 8f5b20b61b480de278ca0da981bf145293ba45d0fb7c1f15974dc643e46942d9 501c3c9437b2800a20e70e504549cdd755527f36d0eac509a6f978b738e753d9fd6887af61f986f3903eadbf0d38dfe6
CLIENT_TRAFFIC_SECRET_0 8f5b20b61b480de278ca0da981bf145293ba45d0fb7c1f15974dc643e46942d9 61276a2dd82b7ef687f9e577a0c64fb38d16888228bdf8ac3aa48e9a85faa41dd9cfa4982abeffc262653d8184384b98
SERVER_TRAFFIC_SECRET_0 8f5b20b61b480de278ca0da981bf145293ba45d0fb7c1f15974dc643e46942d9 51bdf69ba72e1b129e6b644bd4eec2a1d5cb89f6b60cefcb6535f7f1cfdfca48bad640797032dba52e0c65b6ff210113
EXPORTER_SECRET 8f5b20b61b480de278ca0da981bf145293ba45d0fb7c1f15974dc643e46942d9 9a5116efc62677a3772e5348d49079c51e4d2f2cb5c3c9262b5875992b199ea2e0cc72e835436e5d743289363a581822
# SSL/TLS secrets log file, generated by NSS
SERVER_HANDSHAKE_TRAFFIC_SECRET 29b3a75c1af199b37244afeb6a84d097d70cdbd3e3c2aa08cb74c2d30549245e b28811e1eca66e8dd04634dabf1d61d0393c356542643ffa61020ca8a8b96e66a07bdd0a2b9497fd94fc57b727ef0d5e
EXPORTER_SECRET 29b3a75c1af199b37244afeb6a84d097d70cdbd3e3c2aa08cb74c2d30549245e c595244c44be654d15d88a1661dcba79f8a79e35af9856ecc6d0b36514e87c3902661f5c79f3a84c099b86666401215d
SERVER_TRAFFIC_SECRET_0 29b3a75c1af199b37244afeb6a84d097d70cdbd3e3c2aa08cb74c2d30549245e 62ba18d01c81f8d10fbbb966457d5337a21f51cdf9c5722e5bdc0c1d72b296541e53daaa725a56da430a719383640925
CLIENT_HANDSHAKE_TRAFFIC_SECRET 29b3a75c1af199b37244afeb6a84d097d70cdbd3e3c2aa08cb74c2d30549245e f701138235316804389a3f60c8d519b1d7984b1299b058ea3705f4111bfcbd8c68f09ecfdae6477c34bc6ccc1292dc36
CLIENT_TRAFFIC_SECRET_0 29b3a75c1af199b37244afeb6a84d097d70cdbd3e3c2aa08cb74c2d30549245e 2918e73bb500b4395ae733fb6b365e4be934e65d7eb3e3bac8c471dbd793a6864a5c8312e165c8b76b6620e634924634
SERVER_HANDSHAKE_TRAFFIC_SECRET bead9eb98cf5b030269f2b913eb5cbd6e99139b5ea8d6e02232574bf6610d22a 5eeb61543a630768a0b006fa07acf11abdcb57cdb32dcb770c14a3bd558417fb81aa5408a22e5f735da81b58b08ebcd4
EXPORTER_SECRET bead9eb98cf5b030269f2b913eb5cbd6e99139b5ea8d6e02232574bf6610d22a 646c6031c872c8bdfa2097f375293a933e692d657c27e3f08798087f49ce7601b726b31a365ec146cdc1b795d646d3dd
SERVER_TRAFFIC_SECRET_0 bead9eb98cf5b030269f2b913eb5cbd6e99139b5ea8d6e02232574bf6610d22a bc15c3f048ce968669cde3c8d5155f4002c5e40364165f1787cb7182dc12588526d3b914ebd932ddee0d0a30d353b98d
CLIENT_HANDSHAKE_TRAFFIC_SECRET bead9eb98cf5b030269f2b913eb5cbd6e99139b5ea8d6e02232574bf6610d22a 64fb916b20c1ba61c16eeaa0face1fcfdd67135376008f01918063a81e58289643b6172cf192069dfefb015aee2c99d5
CLIENT_TRAFFIC_SECRET_0 bead9eb98cf5b030269f2b913eb5cbd6e99139b5ea8d6e02232574bf6610d22a dcfa6106639d7d3e036d8a1c1767fddec8c2557fc1f0c3c6f48c4e155d7807b2875675396483e6d41f9e26080fd76ca9
SERVER_HANDSHAKE_TRAFFIC_SECRET 5fd0dc21ab49213f4882cc695938b981f2574df636d34fc8f468ea26a602b65a 3eb645cd8d31726336d52127d773b5710ab47b650cc187c631cb2dd9f48ae7ab1c7347c581b04b17189959a1c763c138
EXPORTER_SECRET 5fd0dc21ab49213f4882cc695938b981f2574df636d34fc8f468ea26a602b65a ed4fdaf67bc5bfb75af1074d9537734dc764d9a0d1eebfe74c52e7bf21b20cd330b9b52f44b3f62c3ae8cd5ce6e5f238
SERVER_TRAFFIC_SECRET_0 5fd0dc21ab49213f4882cc695938b981f2574df636d34fc8f468ea26a602b65a 85366cf297a0e8ef69e32c307d400a0ad4ffdc9c87c83b8fbcfdb57205479bc2ac5811fb66bfe434e3b8bf90c90188b0
CLIENT_HANDSHAKE_TRAFFIC_SECRET 5fd0dc21ab49213f4882cc695938b981f2574df636d34fc8f468ea26a602b65a 10db3818f47fe87e83ead2b3c56675cc8bc4ed9a32080f11c3943385d8588b0290f43889b31a489ae9f210df40225eab
CLIENT_TRAFFIC_SECRET_0 5fd0dc21ab49213f4882cc695938b981f2574df636d34fc8f468ea26a602b65a ed1a4f4428265985c67c562f25ff8d7406cd13ec3eb2aab366fa87e70ac3b1270ceedf11ec8b24eb6b894176c488a2c1
