CLIENT_HANDSHAKE_TRAFFIC_SECRET a6c0ab4e54fa0c6130622b3a1f878b61e721243fe982885f428678280656cfb1 631d5fe9e6825435fc853b6a4fdb50dd692134ff52c2fef48e33e37c8745dd80
SERVER_HANDSHAKE_TRAFFIC_SECRET a6c0ab4e54fa0c6130622b3a1f878b61e721243fe982885f428678280656cfb1 2a8f064f3ad63e4c87ce90cf706bb6e60c7ef0cd3bc52fac0444c6cecc5d4e85
CLIENT_HANDSHAKE_TRAFFIC_SECRET e76128e4edd7cb9eab128504b932bbd3a57177527b13f306b9003077037a2b14 452321755180f1d1a1b21127bf4a11c7ae8f86ead9ed3aa4612fd2eaaf756092
SERVER_HANDSHAKE_TRAFFIC_SECRET e76128e4edd7cb9eab128504b932bbd3a57177527b13f306b9003077037a2b14 d3734ce727db224bb918dd46b7c0f6f9de31fbb49e8d0b4f45f0195735a1298f
CLIENT_HANDSHAKE_TRAFFIC_SECRET d58f5ef44d6fcfa595a5742b6fdc828d6f4dfbc60837433ef90cf2ae819bdf70 00b1c3075db560b78374a3397bbaeb560d8a48b8ccd540020927417aa27a65a6
SERVER_HANDSHAKE_TRAFFIC_SECRET d58f5ef44d6fcfa595a5742b6fdc828d6f4dfbc60837433ef90cf2ae819bdf70 126a45a3e0bdf6c3f04018a1c49a0ca6be5fc84592e7fd2361327545d89bfa15
CLIENT_HANDSHAKE_TRAFFIC_SECRET 408c140f57cfddb152b2422d651f43464905067a82db0ffaccafbaad8c6d86ea 1e251a12ca00292ae3019e871b407d5afb2b25fc2c6a5439f34fc07d8059b4ef
SERVER_HANDSHAKE_TRAFFIC_SECRET 408c140f57cfddb152b2422d651f43464905067a82db0ffaccafbaad8c6d86ea d1391c4d755ef7ed76aefddb272fc58a650cec3456690a50cd93e5164e0e827f
CLIENT_TRAFFIC_SECRET_0 a6c0ab4e54fa0c6130622b3a1f878b61e721243fe982885f428678280656cfb1 13122de52756a0022446de66e3665e41bd42939c69825735a6e2126f5d3c3b7a
SERVER_TRAFFIC_SECRET_0 a6c0ab4e54fa0c6130622b3a1f878b61e721243fe982885f428678280656cfb1 85171e73655aeb8dabab381c20b4948dbac75cb1d263f97e6042c5f8c74b5b4a
EXPORTER_SECRET a6c0ab4e54fa0c6130622b3a1f878b61e721243fe982885f428678280656cfb1 e12c79742d9deee5e51e939e6b7605ad1a238796d9341dd08d2529a6a5b07dad
CLIENT_TRAFFIC_SECRET_0 e76128e4edd7cb9eab128504b932bbd3a57177527b13f306b9003077037a2b14 c15a23a5e46a4c84d034ac89adacd8b740e17034fae21c39a9393525a4d540be
SERVER_TRAFFIC_SECRET_0 e76128e4edd7cb9eab128504b932bbd3a57177527b13f306b9003077037a2b14 cf84349cb942759bf8c0de260027dae37f9f0e3e6e6b3ea1ba50424f525cf9da
EXPORTER_SECRET e76128e4edd7cb9eab128504b932bbd3a57177527b13f306b9003077037a2b14 25e0e586335930871fbd059fbecf45185357b8a2446dcafdc7d4275a68044329
CLIENT_TRAFFIC_SECRET_0 d58f5ef44d6fcfa595a5742b6fdc828d6f4dfbc60837433ef90cf2ae819bdf70 05b0acad68381de308be0f2df7b3545d29ef1efe806752015634d3a00687edc3
SERVER_TRAFFIC_SECRET_0 d58f5ef44d6fcfa595a5742b6fdc828d6f4dfbc60837433ef90cf2ae819bdf70 baf1955eb0f8bf28c5fd44486d3bc4b66770964c2a51cc693965856558364be7
EXPORTER_SECRET d58f5ef44d6fcfa595a5742b6fdc828d6f4dfbc60837433ef90cf2ae819bdf70 1a23d6ea06ff8aaddeec211afbc11a3f799df168f83704773720a827b85a14bb
CLIENT_HANDSHAKE_TRAFFIC_SECRET 1e4905113940ef789635e9bd11b32ae9bd1e397f71f7897acafdea2829085a1a c676a563cace61a630343ddee54e3d3b4f93c5640c89f2b41f2957f2a020b559
SERVER_HANDSHAKE_TRAFFIC_SECRET 1e4905113940ef789635e9bd11b32ae9bd1e397f71f7897acafdea2829085a1a e5020794e8099920daa1f7451ee3d76efbff41c6d8d39ad82ceb6c81b069f6fe
CLIENT_TRAFFIC_SECRET_0 408c140f57cfddb152b2422d651f43464905067a82db0ffaccafbaad8c6d86ea 558bffd311162ca00911018aaa17bae5e099eb8d05b89896bf3eeb02e5cba66a
SERVER_TRAFFIC_SECRET_0 408c140f57cfddb152b2422d651f43464905067a82db0ffaccafbaad8c6d86ea 7ffaa3998c90fcc691b31411b3614bd258393ba54cadd862975c989512de3200
EXPORTER_SECRET 408c140f57cfddb152b2422d651f43464905067a82db0ffaccafbaad8c6d86ea 1634c28c85bb7301d9cbee2614d53bf5720fb835aafbc03a8ed58ce4bc1bc22c
CLIENT_TRAFFIC_SECRET_0 1e4905113940ef789635e9bd11b32ae9bd1e397f71f7897acafdea2829085a1a 0ab66bf298c413f3daa9a8a802a46049e8338af63263da3ae5047aa612c6cbbe
SERVER_TRAFFIC_SECRET_0 1e4905113940ef789635e9bd11b32ae9bd1e397f71f7897acafdea2829085a1a f1eda186841f76607eae6212af126116b9c1ec5856e10833767d910b6f588c71
EXPORTER_SECRET 1e4905113940ef789635e9bd11b32ae9bd1e397f71f7897acafdea2829085a1a b18ca383585c1ba5f7959c4da10abecb7f3247d83612eafc8881c6f968b8cada
CLIENT_HANDSHAKE_TRAFFIC_SECRET 47b3b1b7ed0af3d4d3f8a92754cf285efe0bc435af68e6b0122a3d3b2a6b1314 d0b074b477997f09562c4845c00cee26ea04155ed0560c3d69b62ace4e9cc9b2
SERVER_HANDSHAKE_TRAFFIC_SECRET 47b3b1b7ed0af3d4d3f8a92754cf285efe0bc435af68e6b0122a3d3b2a6b1314 dd0665dbe8aae73e4d838486cc60da811c2319ee9bd735fa71b3b43a2842738b
CLIENT_HANDSHAKE_TRAFFIC_SECRET fc947e2077147c4d6d80c120233b2e5b891d03275fc2c3bb84394f0c4622c9a3 93c44d0a1e3c46c9eba687f0b8e662bd417cef241b665185bcadaa7a9e9db2b9
SERVER_HANDSHAKE_TRAFFIC_SECRET fc947e2077147c4d6d80c120233b2e5b891d03275fc2c3bb84394f0c4622c9a3 7dffdb100f7d5cd4b912b682f73381bb4b8f6fcc0c8bc47545ef82716e516850
CLIENT_TRAFFIC_SECRET_0 fc947e2077147c4d6d80c120233b2e5b891d03275fc2c3bb84394f0c4622c9a3 b6122c8c82ee534dbd40573b4159509947754378ffea988791e66f0b5834d3cd
SERVER_TRAFFIC_SECRET_0 fc947e2077147c4d6d80c120233b2e5b891d03275fc2c3bb84394f0c4622c9a3 5b0a62c8b9ed2a5bd1c1e9098d7b960f7d3d9dc99e153f3a393bd95264a39fa6
EXPORTER_SECRET fc947e2077147c4d6d80c120233b2e5b891d03275fc2c3bb84394f0c4622c9a3 22c03a013913ef89d4cf69af2c9cc778c70a4f72c945b0a891e87082954ae101
CLIENT_TRAFFIC_SECRET_0 47b3b1b7ed0af3d4d3f8a92754cf285efe0bc435af68e6b0122a3d3b2a6b1314 860d4cfd14e9d05cbf58f3aa74d7f3eb56278ce77797735031f59a678535a729
SERVER_TRAFFIC_SECRET_0 47b3b1b7ed0af3d4d3f8a92754cf285efe0bc435af68e6b0122a3d3b2a6b1314 703d80c1e2a66e433cffb89870b3d1b6c57d91880c7baa07fa6b8711e96c6325
EXPORTER_SECRET 47b3b1b7ed0af3d4d3f8a92754cf285efe0bc435af68e6b0122a3d3b2a6b1314 c24e9ac7e16884450120ed2d095ccb1b342db12f656234bbb14f31e076e9f75f
CLIENT_RANDOM e9886f1b97ddb433eba6eda211f54c88f44176d0c1fdb10424817c525c560724 90022f14068b0064cc5fb4a0f516925bb2ebca608dc5cd664f0a65a791852e0e8080c11d6b9887e91485e99b77ded0b7
CLIENT_HANDSHAKE_TRAFFIC_SECRET 5b7d2d1f2a51b5c057e0d26ab42574f646b51bcb04cb86d838c33bfd6a2fd769 8d47613f102237b5d16afda02b03c93cfdc04b35eaf84b19fb663248d98807e9
SERVER_HANDSHAKE_TRAFFIC_SECRET 5b7d2d1f2a51b5c057e0d26ab42574f646b51bcb04cb86d838c33bfd6a2fd769 fefc0f8d88537df704a7d782300a13b93180311521d291dca091914b3bdd813c
CLIENT_TRAFFIC_SECRET_0 5b7d2d1f2a51b5c057e0d26ab42574f646b51bcb04cb86d838c33bfd6a2fd769 33bc0be3d65a2c3c26d424e68c16d8c82871080df4db5c83c503dda0bdaf9ac8
SERVER_TRAFFIC_SECRET_0 5b7d2d1f2a51b5c057e0d26ab42574f646b51bcb04cb86d838c33bfd6a2fd769 30e3d31c9da81d942ec52784cf131b767b5d97cf13526a770e6e3a7abbe6c15b
EXPORTER_SECRET 5b7d2d1f2a51b5c057e0d26ab42574f646b51bcb04cb86d838c33bfd6a2fd769 90b808549c7817affb9f5c3df9e0e05110436023121b123709c534677a67a104
CLIENT_HANDSHAKE_TRAFFIC_SECRET 081d0c99a40dc868b78f10362fc197cdf3891b8568827970d231ec8cd740ba21 ebd329d4776c0af3c454fc29d53953e7de78a7ee104bbdf3c8d691c0dca74155edb07dae8c511be929ec4b36d8df4072
SERVER_HANDSHAKE_TRAFFIC_SECRET 081d0c99a40dc868b78f10362fc197cdf3891b8568827970d231ec8cd740ba21 e65f1e56adf950a4e76d140601592e24f71119523ff8e026ec991cc33a94077d395b9aa0d923c1e6c0d1686a38c02bae
CLIENT_TRAFFIC_SECRET_0 081d0c99a40dc868b78f10362fc197cdf3891b8568827970d231ec8cd740ba21 02600c182af861aedeb34b511783188968b78c4cd7783143e9ebb9964edae018451d63c2b7220b3ef9748307bc6a8419
SERVER_TRAFFIC_SECRET_0 081d0c99a40dc868b78f10362fc197cdf3891b8568827970d231ec8cd740ba21 525cadabd1220dab3bd1d28fb3ffee0341b207be0fb5a1b630bc962dffcea1be5888828db7ec9b93072d092bf4398b1a
EXPORTER_SECRET 081d0c99a40dc868b78f10362fc197cdf3891b8568827970d231ec8cd740ba21 d181098f557dcbd352311035e3eb8053aa6022178fdc4f9841891e7f4359b492c8c103a2d65f47b966abfd2cead98b51
CLIENT_HANDSHAKE_TRAFFIC_SECRET 7923983023c48d493bc891778e24a09af49bb48a5a0c57d6e62382e55ee90e81 6c4f95d0228c372e02db763c388f871a7ea4bc472faca6fb685447ed61187dddc72ff049360de09cad6c7e4342d8f95a
SERVER_HANDSHAKE_TRAFFIC_SECRET 7923983023c48d493bc891778e24a09af49bb48a5a0c57d6e62382e55ee90e81 7c9938fd29cc27f4fba2d08f811094d0c4a0cf565414425161e0e3e459e7d272a565b6ae003a36c71a1201a2ca05d276
CLIENT_TRAFFIC_SECRET_0 7923983023c48d493bc891778e24a09af49bb48a5a0c57d6e62382e55ee90e81 abf8cf676176ec1e08d038552502c840765d8f03df71bc17879a675f0537f8100cf3f7539c7e2f5db3ccb31ffe6223c1
SERVER_TRAFFIC_SECRET_0 7923983023c48d493bc891778e24a09af49bb48a5a0c57d6e62382e55ee90e81 8e6fa7f1f9c39eace17ef00c2942d93c6d55797c90720f90688c98472eab281021a1b8ccb641c3455d439e3bb400750e
EXPORTER_SECRET 7923983023c48d493bc891778e24a09af49bb48a5a0c57d6e62382e55ee90e81 017ae60bafeb65288853a0476784c8799cad00c0ad9bba8bb85d2f64a7775dc6c50e3d14c33422513500742bcc7114ad
CLIENT_HANDSHAKE_TRAFFIC_SECRET 9d7dfb6ffe2b30fa7dd6ea75ccd709d549d001ee2e3a11488fd6eaa00a979a88 3367d2d34849e0117f4d5e5733569bac160a60442fa836813b1c0c47c8e40e94
SERVER_HANDSHAKE_TRAFFIC_SECRET 9d7dfb6ffe2b30fa7dd6ea75ccd709d549d001ee2e3a11488fd6eaa00a979a88 e74c191b5e1412d294c9cdd502a75502d9758718571c6a5727aaf6881b580a92
CLIENT_TRAFFIC_SECRET_0 9d7dfb6ffe2b30fa7dd6ea75ccd709d549d001ee2e3a11488fd6eaa00a979a88 78194ac97856a66cf54ac768063a866cc4a7dd132e92f7d02e6509c49923f9a1
SERVER_TRAFFIC_SECRET_0 9d7dfb6ffe2b30fa7dd6ea75ccd709d549d001ee2e3a11488fd6eaa00a979a88 d630b56fc94bd6a5f9dbbf4c1fb549ab24158d95583e7add4995e8e4d9d0f67f
EXPORTER_SECRET 9d7dfb6ffe2b30fa7dd6ea75ccd709d549d001ee2e3a11488fd6eaa00a979a88 b46aa50b3ab95ff057839463c122d59ba81369db0a534704f1f495cb870991aa
CLIENT_HANDSHAKE_TRAFFIC_SECRET 90b4ab2161d066f6bbbfaba19a4d1ea5bcbe2d29e50dc48ba5763dc29c09f316 d9554e15e0f4b105dfd15ae891de9aa2807943ea630a981f76f156d7a3a6b7d0
SERVER_HANDSHAKE_TRAFFIC_SECRET 90b4ab2161d066f6bbbfaba19a4d1ea5bcbe2d29e50dc48ba5763dc29c09f316 df9873c2c2eb434454faf5b69cb9d29c9bb0556c40aa42a8cbc6f34f459cf82e
CLIENT_TRAFFIC_SECRET_0 90b4ab2161d066f6bbbfaba19a4d1ea5bcbe2d29e50dc48ba5763dc29c09f316 736057d8368002d5f07c74db85dfeeb9e969429af1a544ca75a1fff1e3db9a01
SERVER_TRAFFIC_SECRET_0 90b4ab2161d066f6bbbfaba19a4d1ea5bcbe2d29e50dc48ba5763dc29c09f316 cc0a591fe73fdc25a58344cd579bf11594601d011175d6306d576b9f00627956
EXPORTER_SECRET 90b4ab2161d066f6bbbfaba19a4d1ea5bcbe2d29e50dc48ba5763dc29c09f316 d9e17b0087a6d633a3cb182e65c7de6d445b66ad053625b36e9ef056061eefbb
CLIENT_RANDOM 542dc2076eb5985218bb3dac2ca0324cf32f5bcdb7e3d724a0c27adafd605374 94d26795aad22d6fb3582d94f9b82f1158deab325a8cf4b7c6029167c3e8cf14b9ddf75537b80f5107469c2e141f6ae5
CLIENT_HANDSHAKE_TRAFFIC_SECRET 5429d58e5e40a639441d4a13e78175022405dafe4975c1bb94067ba27f5f405f 6c645cd400b6f2f52d6590383adb72ea768e5f92381f5bf08130fc5c26f92dd41f0dfc1048b0d015f0872d9e877d147e
SERVER_HANDSHAKE_TRAFFIC_SECRET 5429d58e5e40a639441d4a13e78175022405dafe4975c1bb94067ba27f5f405f bbbae2526c2fc687605ce877b40e8076fc9c55640b051a80d27ef7a68d135ce46d0bb2b52bfe5c472c3a01a3f20ee4e4
CLIENT_TRAFFIC_SECRET_0 5429d58e5e40a639441d4a13e78175022405dafe4975c1bb94067ba27f5f405f 7ae977831aadc9eeed1b8c929ae568190b2386766e7335dc9b4e6fe16b9087d72e79e914254771076902f71cb2b2f3e2
SERVER_TRAFFIC_SECRET_0 5429d58e5e40a639441d4a13e78175022405dafe4975c1bb94067ba27f5f405f 2b35dd2058f04668a6922cfa9374bed74e5c3a340af3546d97c90b32830d63b863bdf351c4f4e517846ab0e28bb7a159
EXPORTER_SECRET 5429d58e5e40a639441d4a13e78175022405dafe4975c1bb94067ba27f5f405f 97262ec3d8c0477b2f2bafb27cc1aad1cfbeb299ab95d6d6348a2a74f8718f26f809d1ee09ef43cff0a98ea39b0fe4f8
CLIENT_RANDOM 8a363c9538915e624ab6f69a3f32f4c240c09be35228cf44c8eb46970b0e9901 a6b1abafd96dda2be29a6a848b71409087e6ab5219dd309db70a92d06c29bfc9c5217b2fa1930dd1d450d710045ddaef
CLIENT_RANDOM 370300ed53a855e625fd54b35e206ad4a647131ca2ae8feb4ea56647da8cfc1c ce1e5c135ce97b892043424ca5464223b821bf47f6827355cfbe85ef079939698e63006f2bfe4425e1f6b57d6f20c48b
CLIENT_HANDSHAKE_TRAFFIC_SECRET a8a859dc6a66884994107158b49dacf22a6674d69d49e79a3baabe3fcb5347d7 b3b67dce22a5187a8731a8287b56b97eab3e5acea752119f93f5a24ef117596a2041148c014ae53c6203b728f290cdbc
SERVER_HANDSHAKE_TRAFFIC_SECRET a8a859dc6a66884994107158b49dacf22a6674d69d49e79a3baabe3fcb5347d7 3121685b8ca3d54b2e75e00b2e96ad222c58fe95885038fbd0ca1323eb22a2a1ba92e94758405fffae235e76ffaf5ab4
CLIENT_TRAFFIC_SECRET_0 a8a859dc6a66884994107158b49dacf22a6674d69d49e79a3baabe3fcb5347d7 519637904919ec18606db3f3cba977919205e08047e22f939f5683d8acdf849d757f32a05a8e272ad7c714ff7113b147
SERVER_TRAFFIC_SECRET_0 a8a859dc6a66884994107158b49dacf22a6674d69d49e79a3baabe3fcb5347d7 cae643ccbebf2e95985ec8c35985dc8e49ea1292e7db560907d6dd33fa46e1527f5fe4f2545fcdffd3673bba6dcb6096
EXPORTER_SECRET a8a859dc6a66884994107158b49dacf22a6674d69d49e79a3baabe3fcb5347d7 5fc48cd29703b79c4f0a3a123645d068aa2c8cf4b293e0d85637beaace1c733663369508cd6378f188a741a65924dba1
CLIENT_HANDSHAKE_TRAFFIC_SECRET 2a9f016cac52cf140d3d8df1ee5db204ea456e36d3a976b71028e9a5d5df444f 3f5c14858736170b1fca09f616136bdb0500d89b77dba7860d21b999acdea367
SERVER_HANDSHAKE_TRAFFIC_SECRET 2a9f016cac52cf140d3d8df1ee5db204ea456e36d3a976b71028e9a5d5df444f 3534efea7e3b30dd0bff47fdaf2bd3459ee6de333523038a907b4e9c0591d15e
CLIENT_HANDSHAKE_TRAFFIC_SECRET 84bafc6e91561546e057ff8cfb0bd6fb0ed6e085489805c76df04efc5e79b78e fe9a5ef4015a7eead4509234e3c1fbc5897f2dae53c286f73d389d1a018b7754
SERVER_HANDSHAKE_TRAFFIC_SECRET 84bafc6e91561546e057ff8cfb0bd6fb0ed6e085489805c76df04efc5e79b78e 94615f0dfcc2e4fc72d63ba4f64f54e9f87af360d3536a2db32093f1804317bc
CLIENT_TRAFFIC_SECRET_0 84bafc6e91561546e057ff8cfb0bd6fb0ed6e085489805c76df04efc5e79b78e 62e76b912cb0e36048f41257149315fae4c413d75c3fe71c132fc68b74701b7b
SERVER_TRAFFIC_SECRET_0 84bafc6e91561546e057ff8cfb0bd6fb0ed6e085489805c76df04efc5e79b78e 67c62fd844ed0b092869893c036f05a85ebe8985465a99607632006ac2dd1656
EXPORTER_SECRET 84bafc6e91561546e057ff8cfb0bd6fb0ed6e085489805c76df04efc5e79b78e b315caa65bf24815f94ed549ba3d9d8a7183c12054d94fd615913bf6a533610e
CLIENT_TRAFFIC_SECRET_0 2a9f016cac52cf140d3d8df1ee5db204ea456e36d3a976b71028e9a5d5df444f 5a597e2a808b6fed777ea6cbdd95bd5d8a1e063160439087f623b9e06ced5fb2
SERVER_TRAFFIC_SECRET_0 2a9f016cac52cf140d3d8df1ee5db204ea456e36d3a976b71028e9a5d5df444f 15c39981e57a235e89cd2eadd1e974ee166a3612eccc48dee7b9f900ca5b5208
EXPORTER_SECRET 2a9f016cac52cf140d3d8df1ee5db204ea456e36d3a976b71028e9a5d5df444f fa20bdd1b74bf333032fd19247949b48a634d48e966daaecf78bfe0cf25dadcc
CLIENT_HANDSHAKE_TRAFFIC_SECRET f10b9d7f5a88338c6f714e5b4757508e538e81ede8f66e79c39d6d6f53ff7ea5 9037a65bc332d9afe85f87e03269d8cf06d5e9fe5e05285290b279a6b6984ba7
SERVER_HANDSHAKE_TRAFFIC_SECRET f10b9d7f5a88338c6f714e5b4757508e538e81ede8f66e79c39d6d6f53ff7ea5 8d66f6b0a77bd2b3eaa32e9ca458b1e49ed3c56e937a23915d7fe34983ff21f9
CLIENT_TRAFFIC_SECRET_0 f10b9d7f5a88338c6f714e5b4757508e538e81ede8f66e79c39d6d6f53ff7ea5 c0ebba19367bccf26f82fc2f440a3742c908eca38470b60e025a7e5aa1ca480c
SERVER_TRAFFIC_SECRET_0 f10b9d7f5a88338c6f714e5b4757508e538e81ede8f66e79c39d6d6f53ff7ea5 4aafd8dd21bc3abb7b3995b5c40eb6e8248eb90a55f4e21983babd4690152a93
EXPORTER_SECRET f10b9d7f5a88338c6f714e5b4757508e538e81ede8f66e79c39d6d6f53ff7ea5 28b039bb13268d75ed51fd3ffc26118813ea696ce331b7ae6db1ad2a3e133943
CLIENT_HANDSHAKE_TRAFFIC_SECRET 2e12047e0be1c4b3043cbab49fa7c964e396f37b0ce77ab89d608ceef096463f c278d6176bb414f9860cf89522f6064b6a1738c8718b552cdd6befae8ffde47980f52c54adc9495db3133dbcef3506e0
SERVER_HANDSHAKE_TRAFFIC_SECRET 2e12047e0be1c4b3043cbab49fa7c964e396f37b0ce77ab89d608ceef096463f 785fe95624151976b9e67465404110716f5521da8ffd5c294c4f9d286e2ae8accc9ad35dfc321aa693b6111be8d12089
CLIENT_TRAFFIC_SECRET_0 2e12047e0be1c4b3043cbab49fa7c964e396f37b0ce77ab89d608ceef096463f b190402dd5d63d17b93eef5388cb601dab6f80e8d58ee708ae6e8ab21c3ef1be1ab7b0d74503b67227c350790adff888
SERVER_TRAFFIC_SECRET_0 2e12047e0be1c4b3043cbab49fa7c964e396f37b0ce77ab89d608ceef096463f f3e50f8dd3fe790dd0836bff7fcf3106c8f2bb4fa48126f7174f3dd6f450c41a732989016223f527358dd19c9762d4cf
EXPORTER_SECRET 2e12047e0be1c4b3043cbab49fa7c964e396f37b0ce77ab89d608ceef096463f f033870ce4c9e9a8bcb959a9fbe0a537e59ccb4bd0560d1404f6a03d82859da67c40b0fe863d20e85c348f33ac21931e
CLIENT_HANDSHAKE_TRAFFIC_SECRET cf8f9b62e108391e4cd1892cb835c63e6938b1a3c611b645b0979ca3c8e4aa29 8a66f2d6ae25e44294f8dd489e71121e576e436504cdc71460d9dd18a5c388672b2d8f202a0a156ed7c97d126d75cea9
SERVER_HANDSHAKE_TRAFFIC_SECRET cf8f9b62e108391e4cd1892cb835c63e6938b1a3c611b645b0979ca3c8e4aa29 4d61caa0e61edb6f2aefa520c2c793558494cefae3925ba21f22b659c7379e1b67df8d823e09e097f51a1fed346ddc62
CLIENT_TRAFFIC_SECRET_0 cf8f9b62e108391e4cd1892cb835c63e6938b1a3c611b645b0979ca3c8e4aa29 4ed89e59704d6c9d28fcd850f6c12cbbbb3e14a02a36f535b0c7ee4a455925cd555da365200727b3f94829f44a97fd2e
SERVER_TRAFFIC_SECRET_0 cf8f9b62e108391e4cd1892cb835c63e6938b1a3c611b645b0979ca3c8e4aa29 bf57767f9d2333600b15d4aba6eb433ea337d35aea632fb77a7d625bc12fab7098f20bc0b26a272ce1a9895df686036b
EXPORTER_SECRET cf8f9b62e108391e4cd1892cb835c63e6938b1a3c611b645b0979ca3c8e4aa29 6870715974319aaa78a2aa3b14f9a5b2bb29de31ae0e848ef12749866543fb66484a48cabc31ea9b1dedcf1e26d973af
