CLIENT_HANDSHAKE_TRAFFIC_SECRET 657b50354c1746382c239831bf981b5eb716559294ba1d597d36d8b3f6077f9a 286acb2742e019b2db75d46b8bd1ab4c2c528c800861fd7829f6369d1c1a40ff
SERVER_HANDSHAKE_TRAFFIC_SECRET 657b50354c1746382c239831bf981b5eb716559294ba1d597d36d8b3f6077f9a 7637319a23537996e36757002f575ba9302b6846db354c42b6687b449160aaa7
CLIENT_TRAFFIC_SECRET_0 657b50354c1746382c239831bf981b5eb716559294ba1d597d36d8b3f6077f9a 31eda1596e9d13feb046b838bf743ab4ed018781b11446f3d3d73bce121e2476
SERVER_TRAFFIC_SECRET_0 657b50354c1746382c239831bf981b5eb716559294ba1d597d36d8b3f6077f9a e0d177c079c19f8834c4af7bd3fef68e650dc854d79387fca96a6e22d64b6964
EXPORTER_SECRET 657b50354c1746382c239831bf981b5eb716559294ba1d597d36d8b3f6077f9a c53123b001ece17398047e19a9fd7b7a735f393cca2aaa0925b2eae06e7f3800
CLIENT_HANDSHAKE_TRAFFIC_SECRET 18f8b334ebf9caf28a5629689492249e034281d5ae554ffb49bcaaea794d49e5 e2d09c4579e001a218f4679f8857d99c4acac3f8e5f9a416f48f799d3d8b42ff
SERVER_HANDSHAKE_TRAFFIC_SECRET 18f8b334ebf9caf28a5629689492249e034281d5ae554ffb49bcaaea794d49e5 22b23dd5ab54f9bac00e000bd1c71d68b2a404dded148e2f86a33cfde455d680
CLIENT_HANDSHAKE_TRAFFIC_SECRET 3028d28f762396176ffbcbe4ef2bec005791ca1ba14e3d2873e3e6c95e2f7323 4ed832114ce71fa1204b2c83155423f6e1dd96b813f8625b1577e654ce09dc13
SERVER_HANDSHAKE_TRAFFIC_SECRET 3028d28f762396176ffbcbe4ef2bec005791ca1ba14e3d2873e3e6c95e2f7323 8b37415325f2237b27eea1a0c51299c3ad6caab9bbda03abea2c518c3ed3f032
CLIENT_TRAFFIC_SECRET_0 18f8b334ebf9caf28a5629689492249e034281d5ae554ffb49bcaaea794d49e5 11c28aaad6308317c51092d8236df8bd844d8d0da8af9a5a0b7e2df99c5be613
SERVER_TRAFFIC_SECRET_0 18f8b334ebf9caf28a5629689492249e034281d5ae554ffb49bcaaea794d49e5 fde67101dbdb03cfda908870d5b1f70f616edea646f4eb8fc5c60fce88dc673a
EXPORTER_SECRET 18f8b334ebf9caf28a5629689492249e034281d5ae554ffb49bcaaea794d49e5 eb2c35a502db55619aa6801c711a544cf4ccf96623c1597fd8c59176621fd6ef
CLIENT_TRAFFIC_SECRET_0 3028d28f762396176ffbcbe4ef2bec005791ca1ba14e3d2873e3e6c95e2f7323 89bbee5a6856b940cb50e0bdb7026e6553ac671096add438d8a0d67a3fc1275d
SERVER_TRAFFIC_SECRET_0 3028d28f762396176ffbcbe4ef2bec005791ca1ba14e3d2873e3e6c95e2f7323 9f9cd42b9a6746e4f3189b78e3b0d746a44eedc8f1c31844c339dca5e3f86024
EXPORTER_SECRET 3028d28f762396176ffbcbe4ef2bec005791ca1ba14e3d2873e3e6c95e2f7323 0972ab32751541557f00f6a7bf45eae0ba6408ab1e9516b9a4225d5b55ff9875
CLIENT_HANDSHAKE_TRAFFIC_SECRET 7d89ec8e40c48506a2609cde9868aa3f69545aec4fcd290958256972f5fbfa6b d85924bb2a0687614efc4b1316829309a612eae839723b8e32b4b21a2dbf680a0c4806881515ad5be33eadf61a0a9ef5
SERVER_HANDSHAKE_TRAFFIC_SECRET 7d89ec8e40c48506a2609cde9868aa3f69545aec4fcd290958256972f5fbfa6b 53fd80601779e8191a522ca80459eb2e8227d807bb6eca48b72a570be1c51cc4af3c936bb01930b56236fba29a971ba4
CLIENT_TRAFFIC_SECRET_0 7d89ec8e40c48506a2609cde9868aa3f69545aec4fcd290958256972f5fbfa6b befcb783f5291fd55dda09b0fc7fba3e7be00c8338739ea5c10256ea9401729f4e786223a0f1fcf879227d6b5a8a346e
SERVER_TRAFFIC_SECRET_0 7d89ec8e40c48506a2609cde9868aa3f69545aec4fcd290958256972f5fbfa6b e383002706fc6cc0cd324bcdfac1a699683ea144f376979527e0b4cc692c3ee69d725ce621a6ca192f1fec6ff19f462f
EXPORTER_SECRET 7d89ec8e40c48506a2609cde9868aa3f69545aec4fcd290958256972f5fbfa6b 09ca7c9b863ef7c387515447ec70c15d848c2bae1e022add29be2872a440cfc081117aa663ef469361f194e95e7f41a4
CLIENT_HANDSHAKE_TRAFFIC_SECRET 8dbf5b57c5dce789820a59ade71f0b8be900db9288f553a6f00dc02fb226acaa cad87e4513ace8c10e2e9fda1a79148b718780c2639f0506bd57fa40aca2eb851c32da913c7a51a7baa105a360e7fcda
SERVER_HANDSHAKE_TRAFFIC_SECRET 8dbf5b57c5dce789820a59ade71f0b8be900db9288f553a6f00dc02fb226acaa 7aaa57a13ee1450600adbe08a69b85f0e8076c5bc42cbaa7ff9fd6f9901fd14a9672e882785609b6d9ebefa34680f685
CLIENT_TRAFFIC_SECRET_0 8dbf5b57c5dce789820a59ade71f0b8be900db9288f553a6f00dc02fb226acaa f86bf0e4f0fd3b7744f872332c32b2510e567e040d898655a58f9c0ce4d3a769d54dfb6dae9bf28ad2760705a6f509e4
SERVER_TRAFFIC_SECRET_0 8dbf5b57c5dce789820a59ade71f0b8be900db9288f553a6f00dc02fb226acaa 3d7aea8d0e20786cf56d6535ba201a2fc437892107eb4b557918213e5cc7ed025c14bd61279a0b22b4d019a36c0a4454
EXPORTER_SECRET 8dbf5b57c5dce789820a59ade71f0b8be900db9288f553a6f00dc02fb226acaa 608d50cda03908fe604b378b602eb301209b5f059fcf5bd399a3124e14689f6b5abce5dcbb3f4b0023ac6775e2e9858f
CLIENT_HANDSHAKE_TRAFFIC_SECRET 02763049cab7492d486ce1b289a87bea4a1a8cf18e45e3654ce8804b50a2c15d 7349340d41cd583e8cd337640e11e64c5e0ab1f2fcf642e89b5ec7914b662b0abc60e24882bd45d2fb4b3098e24821ea
SERVER_HANDSHAKE_TRAFFIC_SECRET 02763049cab7492d486ce1b289a87bea4a1a8cf18e45e3654ce8804b50a2c15d 838994ffcdd900452d4178fedc9e0bb8af26bfd1a8185f5c946c47098bed3acdbddcd35097bb0efc1543ee5b8ae7ff27
CLIENT_TRAFFIC_SECRET_0 02763049cab7492d486ce1b289a87bea4a1a8cf18e45e3654ce8804b50a2c15d 138cad2f508d593d6f72ac25353f77353654f56320a814ae3558c1d16655f5b4a4348dcd97fc98da7153a47a380363fd
SERVER_TRAFFIC_SECRET_0 02763049cab7492d486ce1b289a87bea4a1a8cf18e45e3654ce8804b50a2c15d c01308c5e56eff469701055b343db96ef64227723b13b4654edf0ae6add7acc90be51a1ac0636d97a7a3c2b83d9fbfda
EXPORTER_SECRET 02763049cab7492d486ce1b289a87bea4a1a8cf18e45e3654ce8804b50a2c15d 448316317081f3a9c53a228b97506d3d15b70b0dce51759abe9f3192ead2be6445a9635e19b6cf25ab609993bdc3cda8
CLIENT_HANDSHAKE_TRAFFIC_SECRET d73d6596bd4dc310be36559ab15d1f523884cad44d09e9695669593cbfc3a3d1 dbd3d764c49a5c67f6ce06f7a37ee9f6fdaa2594a0989af7391a4afed4d95a4f4c54e1ac6a081a9431b0ad1175e13581
SERVER_HANDSHAKE_TRAFFIC_SECRET d73d6596bd4dc310be36559ab15d1f523884cad44d09e9695669593cbfc3a3d1 2365ef17a64e2c1049461eaca350b7f9e75c3a081ac6cf3938f09e2aadf22a22c3b692914621a7c8a5ad7907adfd35a1
CLIENT_TRAFFIC_SECRET_0 d73d6596bd4dc310be36559ab15d1f523884cad44d09e9695669593cbfc3a3d1 5d733e60535ce104e010e87200631a9c1e6e019a9c51cb0857aaa04efd52caf071136d882de6c5ffa6051d12727eeda4
SERVER_TRAFFIC_SECRET_0 d73d6596bd4dc310be36559ab15d1f523884cad44d09e9695669593cbfc3a3d1 2c71cad3cc673539b9ea6e84d09cfc4b55c9aa508b35ee8b2bf62fc129460325216722348da4fb6fd950289f84e109d5
EXPORTER_SECRET d73d6596bd4dc310be36559ab15d1f523884cad44d09e9695669593cbfc3a3d1 6304b1debc1a17681c4ff36a0371bb30bdda4af54a51c59fa5ae171854a9217d9bd42446991c09224826cdc29a30b05f
CLIENT_HANDSHAKE_TRAFFIC_SECRET c454f3d95ef3d5b0976b8ab363c0b0f9723d0b413fb739c29213df29becfb260 62e01e481b94c5a3d7c82a793fcc8f882436288e99b0f2d29e659ff3f472f9d8
SERVER_HANDSHAKE_TRAFFIC_SECRET c454f3d95ef3d5b0976b8ab363c0b0f9723d0b413fb739c29213df29becfb260 a554c302f827c974897804ed1d51a0d916bca69eba24184734938e80f8a9022d
CLIENT_TRAFFIC_SECRET_0 c454f3d95ef3d5b0976b8ab363c0b0f9723d0b413fb739c29213df29becfb260 1d47505333fdf5c515179f623bb494c2475cf641f7fb8c8877700c49f0b2bd18
SERVER_TRAFFIC_SECRET_0 c454f3d95ef3d5b0976b8ab363c0b0f9723d0b413fb739c29213df29becfb260 5f8777491323aae2d88bd336a1f13e79521345aabbf4ffc2eca9f30dcff7abfd
EXPORTER_SECRET c454f3d95ef3d5b0976b8ab363c0b0f9723d0b413fb739c29213df29becfb260 ead1f40e02606f2f8cf7db9965b1e01f225746856b3289524bc20a50c91ec0dd
CLIENT_HANDSHAKE_TRAFFIC_SECRET d44b91666699ca9f38ef35c6871bbb547ab8baeb942dcbf1d8aa98bb681c727b 7ed9e2d3d80aefeba4425aefc4263efd21b8534b64557c28db883f450ba9057f
SERVER_HANDSHAKE_TRAFFIC_SECRET d44b91666699ca9f38ef35c6871bbb547ab8baeb942dcbf1d8aa98bb681c727b 5bb3c9957085f0c4fa96391e280f4ba2d5007aa5d84f360e36d87412a6508527
CLIENT_TRAFFIC_SECRET_0 d44b91666699ca9f38ef35c6871bbb547ab8baeb942dcbf1d8aa98bb681c727b 03694f0a2bddb72f25d5aeb626e83320841bd0bf2adc060f9809ce7ac79cf0cd
SERVER_TRAFFIC_SECRET_0 d44b91666699ca9f38ef35c6871bbb547ab8baeb942dcbf1d8aa98bb681c727b 69aa285d439eb724f1957d147140d97d665ca3e790c110b03d33035970f1a88f
EXPORTER_SECRET d44b91666699ca9f38ef35c6871bbb547ab8baeb942dcbf1d8aa98bb681c727b 0f5ef0ebc1f581ac41c8c6e2ec5eb8833e8731493bea24923d0ed479c8e94cf8
CLIENT_HANDSHAKE_TRAFFIC_SECRET 7a4b4f384702ed54267d0188a08f253819c7555abff3f2e370d7a54232ee7554 cc344d96ac0a5e85e34ca94cac4536afd9d7f698847ead7458900a56774b3a1041dabf39ea3338524500819f4dc7d173
SERVER_HANDSHAKE_TRAFFIC_SECRET 7a4b4f384702ed54267d0188a08f253819c7555abff3f2e370d7a54232ee7554 fd02ecbc82e1fd916d6c8122ce6bb6759b74e6f9b53abf503debfbd16d8d1d1f30e2749ceec648ac76c4af12152e9613
CLIENT_TRAFFIC_SECRET_0 7a4b4f384702ed54267d0188a08f253819c7555abff3f2e370d7a54232ee7554 d281abeb497ae505576903f7b0c30e74028636c39a091d9f437a6dd78e0f70156228c51e89704a7c8926df1417b8c10b
SERVER_TRAFFIC_SECRET_0 7a4b4f384702ed54267d0188a08f253819c7555abff3f2e370d7a54232ee7554 c69efae87f474cfbd3ee34c85244f96586d8b85d06baacb39b16bf103c06e160d6dbe24adb37e4f448c8ae12b8a80b5e
EXPORTER_SECRET 7a4b4f384702ed54267d0188a08f253819c7555abff3f2e370d7a54232ee7554 9f7b9cf995d61b0ddf1e0cdc6457215e986a71614ffe3aff35a1965caa793c283020e9b7f17f7b72ee24f7159612fe8c
CLIENT_HANDSHAKE_TRAFFIC_SECRET e594cf3ef9509b21a785c3c630b7ffe7567f78df015d2099d7ccfdbcf63b2f5a b14a1d7da6e8fa488985db652ea93440e4d9b9ef314a7e171b7d218aaf3fc5ac
SERVER_HANDSHAKE_TRAFFIC_SECRET e594cf3ef9509b21a785c3c630b7ffe7567f78df015d2099d7ccfdbcf63b2f5a 5d178ee94b8e14cf01bd421f36f83680eff67ab22f8c44b99a7010a32eaab666
CLIENT_TRAFFIC_SECRET_0 e594cf3ef9509b21a785c3c630b7ffe7567f78df015d2099d7ccfdbcf63b2f5a 7f24ed08559f914018c73116fcd0c2834b1f85a9745f101a34c48694a87ac0c0
SERVER_TRAFFIC_SECRET_0 e594cf3ef9509b21a785c3c630b7ffe7567f78df015d2099d7ccfdbcf63b2f5a e1f90f9810634a2ca7cb4b5079a0dbfaa5a090b30f98c83ee0097708c079bef1
EXPORTER_SECRET e594cf3ef9509b21a785c3c630b7ffe7567f78df015d2099d7ccfdbcf63b2f5a c434d3691b90951201e01b0efa71fe39b0b3264e2a4ca7e901ca9d5966e11cf2
CLIENT_HANDSHAKE_TRAFFIC_SECRET 9a731025c75bd4b7320205d82ea5977af80684faf0f98e406f496c14d308e056 d257030c3d70ea3028215085860dc36380e9b645a9644b3f2a8f7e035efe57bccce000a29d11229ec55abb25214ee39b
SERVER_HANDSHAKE_TRAFFIC_SECRET 9a731025c75bd4b7320205d82ea5977af80684faf0f98e406f496c14d308e056 44db67ced094a4c705f914cd7c816cfc06583f3ce9d84a1b308ddbd3452f00226db60b451e71f3a63c1f82158e8389ae
CLIENT_TRAFFIC_SECRET_0 9a731025c75bd4b7320205d82ea5977af80684faf0f98e406f496c14d308e056 de5f447dc253e2ea2b56b6ed7f0450b4f85e6dfc6111567325e34ec03029274382db2a24184110855b5a4112daa2260c
SERVER_TRAFFIC_SECRET_0 9a731025c75bd4b7320205d82ea5977af80684faf0f98e406f496c14d308e056 f8c8351dbe1e46f077325565ec31a3d2cfef184800b27c65f1a6066e1f6fddcf583bd1093e1a8404c0fde614eab75277
EXPORTER_SECRET 9a731025c75bd4b7320205d82ea5977af80684faf0f98e406f496c14d308e056 7942e46ecbd42d39400f1f257714ad1fb8be4b693e573a1418b66247f4137b05e0bfe0460a8c0b3e27ee5cff889ab975
CLIENT_HANDSHAKE_TRAFFIC_SECRET dd66f9bbc1f2a6e6e6f11bcaeb360e25a5cfcf2525a32ed3a294f1e4dc94dc65 3064a6dcb2660d052750f40ae16de43067ac7c6d9ee07b3ebcba6833e89f0237c3225129f2a2200671406ccc5e5dadb0
SERVER_HANDSHAKE_TRAFFIC_SECRET dd66f9bbc1f2a6e6e6f11bcaeb360e25a5cfcf2525a32ed3a294f1e4dc94dc65 2bb3cf96ced94e862770b374882245bb4c30b3683f41fc8531a03d5da5f97e04537042d2e11842e0e80acda2974199dd
CLIENT_TRAFFIC_SECRET_0 dd66f9bbc1f2a6e6e6f11bcaeb360e25a5cfcf2525a32ed3a294f1e4dc94dc65 f098c252d73b7bcaeb892ee36ce2541856417846efedca620dbf2577ee1316803a1c32abbc13028e296bf4f4d5365425
SERVER_TRAFFIC_SECRET_0 dd66f9bbc1f2a6e6e6f11bcaeb360e25a5cfcf2525a32ed3a294f1e4dc94dc65 610a055018084d045325fe79f5f25b4edadc746ec72acfbfa1e8d5d925830c648f414b3d875fa9964034a42d30cee51e
EXPORTER_SECRET dd66f9bbc1f2a6e6e6f11bcaeb360e25a5cfcf2525a32ed3a294f1e4dc94dc65 8cdad7f6f8ae5be1f8ca4daec62cabf0f5101eb356cdcbfe8067b53d1b028c306c2d277d7abab9a6ddf8f71be2c541af
CLIENT_HANDSHAKE_TRAFFIC_SECRET 291fb86f292d2de58dfbe7bce42ac1694ba8184e0b554ceb4b42857d8a1978a4 f0d9761c67dffac5584bb822cb1773a33c9735160ef725fb221169587daedb562f96b9493d8583d12f35c325da363488
SERVER_HANDSHAKE_TRAFFIC_SECRET 291fb86f292d2de58dfbe7bce42ac1694ba8184e0b554ceb4b42857d8a1978a4 92c4ba1d508efecb58d64b5f8c3f15fd97a4753b28f5f43959a35b660cf35396f6e86a329fc21b7784e135083df3c875
CLIENT_TRAFFIC_SECRET_0 291fb86f292d2de58dfbe7bce42ac1694ba8184e0b554ceb4b42857d8a1978a4 6c3a3a4daba2c2c1281258140c943d8a9bb27146a40be6b3a827ae578ec24054b7e8b29ab07711bf3fc8f97f125362dd
SERVER_TRAFFIC_SECRET_0 291fb86f292d2de58dfbe7bce42ac1694ba8184e0b554ceb4b42857d8a1978a4 c1a3ea14461db0cbd16d47f4b1a8b711512bb1d5b1edc6997293c69cae1bcaa8360728e454b2f4695465340ff752528d
EXPORTER_SECRET 291fb86f292d2de58dfbe7bce42ac1694ba8184e0b554ceb4b42857d8a1978a4 f49caa55e0c5e22cd05a1751f5ec1165ae530caa0a085fef0ea43b0ee5f8a23219cf08dff62e8426caf736b0c53cc430
CLIENT_HANDSHAKE_TRAFFIC_SECRET 9d95864689a2f5d28d4016a6d6ef81a4df896c38a10959c1b90c328d17fc64ec e92b0daaef359aa6876ddd489e642051773ae21b1849654451e31f1e04dd0eed
SERVER_HANDSHAKE_TRAFFIC_SECRET 9d95864689a2f5d28d4016a6d6ef81a4df896c38a10959c1b90c328d17fc64ec 8769550753bddc76e7c658de7fd546bbe53bf6ee9df28ff89b64506f462ffc6c
CLIENT_TRAFFIC_SECRET_0 9d95864689a2f5d28d4016a6d6ef81a4df896c38a10959c1b90c328d17fc64ec 34dc8ac7c57735391da9638b90651bcbdf84da3725f6f05cd546c02862a8487a
SERVER_TRAFFIC_SECRET_0 9d95864689a2f5d28d4016a6d6ef81a4df896c38a10959c1b90c328d17fc64ec 27b48514682fa7b9fb7928062274b77bcd482751208a91b4f9eecab50a3e9669
EXPORTER_SECRET 9d95864689a2f5d28d4016a6d6ef81a4df896c38a10959c1b90c328d17fc64ec 9028545f4d442e723ccdc7ed19052525a5c3ffeb401ec8a25af863688a7cd1e6
CLIENT_HANDSHAKE_TRAFFIC_SECRET 529005470f3660cfde3a0f9c6f0343799e07b071c7c791b59c8913217abfae41 33b6d5100b0fbffd7b675f759813fc3757f6da063bd4bf902beaeae5b9f84a2d
SERVER_HANDSHAKE_TRAFFIC_SECRET 529005470f3660cfde3a0f9c6f0343799e07b071c7c791b59c8913217abfae41 e764f6e974810d48c0f0cd6c975143d6496ffeb43f10e3ef017ffcebd75bc73c
CLIENT_TRAFFIC_SECRET_0 529005470f3660cfde3a0f9c6f0343799e07b071c7c791b59c8913217abfae41 820b4aeb10647cce235f114aef99012e43a00e7c7f2c35ba25581be5a63e2edd
SERVER_TRAFFIC_SECRET_0 529005470f3660cfde3a0f9c6f0343799e07b071c7c791b59c8913217abfae41 20a0d2cd64dfc0c2bda3cc41ed6ecc43f193a499d751b4936abac3ef3bb1c882
EXPORTER_SECRET 529005470f3660cfde3a0f9c6f0343799e07b071c7c791b59c8913217abfae41 7e9bae44182d82f73ca7405d7a45062aa99a49b8220d2378f21120bc1c615b23
CLIENT_HANDSHAKE_TRAFFIC_SECRET 656277441841bfdc2e2dc9ba026b03ee73d88b2a6cfd720da210c46431371a00 70dad3e73c5925d07ed5d98a514eb1a1ee6d2e2a92c3e24b8ee061e0f74af9f1ac903b5950a5f953a2bccc2ddc7779df
SERVER_HANDSHAKE_TRAFFIC_SECRET 656277441841bfdc2e2dc9ba026b03ee73d88b2a6cfd720da210c46431371a00 50cca846a441adb5bf91c0a73b2a384c07da1d8bf5070d60fc40f5cbe18fa2a5997f2edb8af73e91359569f194d56f41
CLIENT_TRAFFIC_SECRET_0 656277441841bfdc2e2dc9ba026b03ee73d88b2a6cfd720da210c46431371a00 bf8762f4f486c35651cdee8f7b220262b1959c3d03ab2ee56c516e7c3203418063948448c64c609cedb49387682c919e
SERVER_TRAFFIC_SECRET_0 656277441841bfdc2e2dc9ba026b03ee73d88b2a6cfd720da210c46431371a00 83609f44d9f57e6808578d33b248f65867bc19ab12d00907466d65791ae023f71641accaef9c8bbdd5a28aa91dc101e5
EXPORTER_SECRET 656277441841bfdc2e2dc9ba026b03ee73d88b2a6cfd720da210c46431371a00 bc808e4481f165d8cb6ec13e2947627b79a9d21c6ca0bb5897b2c9362c89e7e5c7a8bd7b3ec0bd9a51a85dc4c07bacf1
CLIENT_HANDSHAKE_TRAFFIC_SECRET 1f84232543523abd94d5c9b04944d51fc94f9e23c8a4c0ba3e8dedca9956700f ce75454a5177ed263f10e868cfee84758c5fb860067bbec4bb0b65e9a93ec1ae
SERVER_HANDSHAKE_TRAFFIC_SECRET 1f84232543523abd94d5c9b04944d51fc94f9e23c8a4c0ba3e8dedca9956700f d254c3a295658d29b3d4b15b1dc6c712698fca819fa2c64013d28e4ea0ed05bb
CLIENT_TRAFFIC_SECRET_0 1f84232543523abd94d5c9b04944d51fc94f9e23c8a4c0ba3e8dedca9956700f 42cfbb6ba4a43ac84a8a60d7f7475f2a5fadffe4153b4f00268bed7843ca922a
SERVER_TRAFFIC_SECRET_0 1f84232543523abd94d5c9b04944d51fc94f9e23c8a4c0ba3e8dedca9956700f 64b209ac4ad323852d06c76f761e14d65ad52df95935e79ea3c3a1ab2459325f
EXPORTER_SECRET 1f84232543523abd94d5c9b04944d51fc94f9e23c8a4c0ba3e8dedca9956700f 5fd91da6eb595952ad3d737039bdb7fa2d8222e772b00c64efaa8cf8c539309e
CLIENT_HANDSHAKE_TRAFFIC_SECRET 544cd24851933e38763cefbebb0fdea14deff1bfc4671ada34c11a23eb63fc55 5cfbf2009f683642f40e291a132ab5f103c38e917fbbd8ed59980dffee5bb9f92d09a7e786ff77337596bcf5eae37113
SERVER_HANDSHAKE_TRAFFIC_SECRET 544cd24851933e38763cefbebb0fdea14deff1bfc4671ada34c11a23eb63fc55 3e50d138c7c17d267d3860c3543f13297fd123d1d2d8df0e8f614d4ec31ddd7c6267c53ba5e26bf718121af36cb0be1d
CLIENT_TRAFFIC_SECRET_0 544cd24851933e38763cefbebb0fdea14deff1bfc4671ada34c11a23eb63fc55 a842bdc3393199beb2e0043736ca37fd5c6f769f98c2a4a8781b24955b7a46ea18fe64d114b45dd63a7b2e11149c92ad
SERVER_TRAFFIC_SECRET_0 544cd24851933e38763cefbebb0fdea14deff1bfc4671ada34c11a23eb63fc55 f594894149e613dbf622d551d3c6197bb900cce75d1dca750689bddc147ad84f0370905ecbe6cbec838db4e8cafdd0bc
EXPORTER_SECRET 544cd24851933e38763cefbebb0fdea14deff1bfc4671ada34c11a23eb63fc55 d730b3e3e013d01f08c6aeff47c98b9e9c2d1161a7bc9c7143d673bf6ed31ab63c6dc11cf80284252f34cd9ddf5c34f7
CLIENT_HANDSHAKE_TRAFFIC_SECRET 3dd6b0a3ab6536119e917e378851736d405d6b36273f696415004477c7069ddc 0a8e05df4c393e8b5ec49657c3e8a33238d6be3b3c58d81509155b589d9211dfc402ee3bd6fdcc986da3ab7cc1768ae1
SERVER_HANDSHAKE_TRAFFIC_SECRET 3dd6b0a3ab6536119e917e378851736d405d6b36273f696415004477c7069ddc 59a9fe3debce1717fe924dfaae2c1cb6fe6f6b19c068e430562323f41803a113454ee1f1c19c88ca450ca1c21b2df011
CLIENT_TRAFFIC_SECRET_0 3dd6b0a3ab6536119e917e378851736d405d6b36273f696415004477c7069ddc d8cd6f8e89cb646294e25052d69e0e595f84550481c04053577d1c41b59190f2362c36b58bab18529ace80cd848dac45
SERVER_TRAFFIC_SECRET_0 3dd6b0a3ab6536119e917e378851736d405d6b36273f696415004477c7069ddc 74b98d27c82b54b01d422f4847acf3b3a0336223130bf1dcb4fdad7ce3a1af70d3c4b798cd439b96d8cd48240cdef01a
EXPORTER_SECRET 3dd6b0a3ab6536119e917e378851736d405d6b36273f696415004477c7069ddc 84762bae1ab717dc9af232f0e585ed320fc8c7549fe8352a5fd90b01eaaccff834c642560934fd77748f474979151266
CLIENT_HANDSHAKE_TRAFFIC_SECRET b3ee58773b5e387d4bba0651c553c5ee3db780609433defacda134d3bbd1b864 ff53b57e4cc402f56004a5d8fd74d566d8c0ae2d1382bb53a5e29d2fa74712fa
SERVER_HANDSHAKE_TRAFFIC_SECRET b3ee58773b5e387d4bba0651c553c5ee3db780609433defacda134d3bbd1b864 6b6a46ac169abc2e918b0ceea37c7c6b50ef6a5faf7a08b6a6a122e7a3190134
CLIENT_TRAFFIC_SECRET_0 b3ee58773b5e387d4bba0651c553c5ee3db780609433defacda134d3bbd1b864 e13853cd01bc4b57e49be273fd2262be2d1ff67e682a5a25734aa40f146a8d27
SERVER_TRAFFIC_SECRET_0 b3ee58773b5e387d4bba0651c553c5ee3db780609433defacda134d3bbd1b864 a85c62de2d9dbc1f63f1bfc8f0fea994e064a72411fc6215f2e9e4516bdac074
EXPORTER_SECRET b3ee58773b5e387d4bba0651c553c5ee3db780609433defacda134d3bbd1b864 bf756b41466930cdec49190a465d0045b8a6e29ba6d60c2e5bafc5914197b288
CLIENT_HANDSHAKE_TRAFFIC_SECRET 2b8b78cb09f8aee39161ca0eb1f4c8d60018bfb8551ae1684c2f80855694fdf2 0c5a81536c4f6781d08a512ae8dc6a92d593fcb5762bf122950e5c675759c03ae93ecb5fcedb46ea4b134a86166531e5
SERVER_HANDSHAKE_TRAFFIC_SECRET 2b8b78cb09f8aee39161ca0eb1f4c8d60018bfb8551ae1684c2f80855694fdf2 d15af00b2e5b736e7d23f89f942ebf72f3db8b503089620281ad8db83c067bc02446892b9fc3a23f3cbc2c0b0bdec7fe
CLIENT_TRAFFIC_SECRET_0 2b8b78cb09f8aee39161ca0eb1f4c8d60018bfb8551ae1684c2f80855694fdf2 acceec64f484e99b7fb0ead8a6f61cf8f10f35f6d22c1432ff12526fb379457b17ed4b64696f6b245c6899899756052b
SERVER_TRAFFIC_SECRET_0 2b8b78cb09f8aee39161ca0eb1f4c8d60018bfb8551ae1684c2f80855694fdf2 f01c61f551395a204bc36445c35904156a6bb1b20154a8b512f96ca4e04404de4cf8debc909e7a3eb6f07151ee78240a
EXPORTER_SECRET 2b8b78cb09f8aee39161ca0eb1f4c8d60018bfb8551ae1684c2f80855694fdf2 64f95fbb0f1d7db5b32038626e8debb9e042d28e0f43ecf96b890c983100051a55b12c0f37fff6dc1f17eabba009d853
CLIENT_HANDSHAKE_TRAFFIC_SECRET 632f391cd58398f7c319f19d651fbc5150c7bf73bccc0ad3280123ccdfae4244 6e4b79ba3f3fa560403b6b642ce990cfbbf7e5467946fcd1d7315269f676beaa
SERVER_HANDSHAKE_TRAFFIC_SECRET 632f391cd58398f7c319f19d651fbc5150c7bf73bccc0ad3280123ccdfae4244 77277d637901fee706d89791869c50d58ea74b6f2404ab9961a02f1636c76361
CLIENT_TRAFFIC_SECRET_0 632f391cd58398f7c319f19d651fbc5150c7bf73bccc0ad3280123ccdfae4244 6246da8c8ef329fb735cedad1d2a1f732a0749ec5b9644fdecab76aa68ff9b53
SERVER_TRAFFIC_SECRET_0 632f391cd58398f7c319f19d651fbc5150c7bf73bccc0ad3280123ccdfae4244 e2c68aee580f010c98df4401401541f8c2432572f4cb7638c7417a0ccf437fdc
EXPORTER_SECRET 632f391cd58398f7c319f19d651fbc5150c7bf73bccc0ad3280123ccdfae4244 7bad0f4f34a3be75e234cc6c5674bd68f4d1f38f9877421c2eebd553581ce647
CLIENT_HANDSHAKE_TRAFFIC_SECRET ca243c6ce581ab344705b6401da19c2234b60c5ea510988a365245c4054f6339 7f091c7fee69b20a2a5abaa1582a5af33beb5fcbbe0e9a632027a892218941ff89a7df7adff8d2c477fa58dd76614b48
SERVER_HANDSHAKE_TRAFFIC_SECRET ca243c6ce581ab344705b6401da19c2234b60c5ea510988a365245c4054f6339 9d2f67de01230a1c5bf434ab1c265c32a959c3b0d2b0b8def0f3f71b5aeede283d7aea5d1f478e2a94261193f1ad50cc
CLIENT_TRAFFIC_SECRET_0 ca243c6ce581ab344705b6401da19c2234b60c5ea510988a365245c4054f6339 097f3fc5ad5a82ac612fb78d9098657aee138b49d708a486b4faf8d7ff547a9a8ef3abd28dce2addd337b016462145ee
SERVER_TRAFFIC_SECRET_0 ca243c6ce581ab344705b6401da19c2234b60c5ea510988a365245c4054f6339 68d3a61aa17b19d77ae999bcdb28e85eef44be5145f0e0ffe33f7913c4ec0bc789b5e5ecdf204476f2618968b2127ce2
EXPORTER_SECRET ca243c6ce581ab344705b6401da19c2234b60c5ea510988a365245c4054f6339 5494bb582568714ca70f720d035b7d40de9f2da75c0e7e082dc0ac4aba213acae02b30380a3815bc1713c192b6570675
CLIENT_HANDSHAKE_TRAFFIC_SECRET 49aab0e281c32de1258262e20f658eb092052117f73ea750d1a9bb2e117766c1 e4ce32f2b1d269c53e4ddc74325313da6cf96f1e5e78e5fe17343934518f6da7
SERVER_HANDSHAKE_TRAFFIC_SECRET 49aab0e281c32de1258262e20f658eb092052117f73ea750d1a9bb2e117766c1 a4a04218f24f3f87d2a4b082d289882d575937fe4f7ff5d8ab60e98a04ec400b
CLIENT_TRAFFIC_SECRET_0 49aab0e281c32de1258262e20f658eb092052117f73ea750d1a9bb2e117766c1 d36a05af7dfe1dd8d700424071fe71c90b22a0075669b7ca3b42f84dc9835b07
SERVER_TRAFFIC_SECRET_0 49aab0e281c32de1258262e20f658eb092052117f73ea750d1a9bb2e117766c1 5bb7b0b2c7f67a9c8d9dfb0dea07fd5c68b110bce16c2959e2516e661459332d
EXPORTER_SECRET 49aab0e281c32de1258262e20f658eb092052117f73ea750d1a9bb2e117766c1 105df862186ef71d73c9df059f6ec59e5a7d7df1895bcaab90828922ca46dc53
CLIENT_HANDSHAKE_TRAFFIC_SECRET 2a63924be9568bd712055004a770daa78be1372a9bdb0a5ad39edf9d226cb5bb 0b861765b46ca8966151c66ef810492e7a392cfd69471bb9946d19b0272a6053b4c85ad6c47d15f6774c1b713cb23446
SERVER_HANDSHAKE_TRAFFIC_SECRET 2a63924be9568bd712055004a770daa78be1372a9bdb0a5ad39edf9d226cb5bb e85b03ca6c413806b973129327ba869a665fed0fd1591b1c44b7a6bbcca5c5de77972fed32b6466696515df69a667452
CLIENT_TRAFFIC_SECRET_0 2a63924be9568bd712055004a770daa78be1372a9bdb0a5ad39edf9d226cb5bb bd1817b2f9156f832e213d1071c080233f7bf5e74a685b3af15e1797597a95f5f867aa1b2dc1742115e31934a4935152
SERVER_TRAFFIC_SECRET_0 2a63924be9568bd712055004a770daa78be1372a9bdb0a5ad39edf9d226cb5bb 82c31c268310486db272cf9248ba538680b3855d0ad4ed7bdcbcfdfac28a3783ae34fb835185a32a2e499a18b4ec2064
EXPORTER_SECRET 2a63924be9568bd712055004a770daa78be1372a9bdb0a5ad39edf9d226cb5bb 13789ffe99e6523c9ff879db5765af0eeacc586e44f756a8f8dbddb1099d85d49235c2208a25e549c0bbe1c919f85c2d
CLIENT_HANDSHAKE_TRAFFIC_SECRET 724cfe512bfd55c5a9b583f2efe3d0eaa5d4d462555bf3a2b7fa1b467a4728d3 13ba4cd02054973bfbb11aec49f7aaa730b0d3d1edf45cd6fa00d4502ef57ba4406174c8ac278fe4751084718460909e
SERVER_HANDSHAKE_TRAFFIC_SECRET 724cfe512bfd55c5a9b583f2efe3d0eaa5d4d462555bf3a2b7fa1b467a4728d3 f0191c5f8749cddd24404d15575865b04c3691e5fe08b39ac211fca3fe700e9bd33a78512d3b884379fa1833c14cc147
CLIENT_TRAFFIC_SECRET_0 724cfe512bfd55c5a9b583f2efe3d0eaa5d4d462555bf3a2b7fa1b467a4728d3 0430d7f5cd51c1dea0dedd3168abbf4f470a15b5b9fe80517cbd82e9188aef88cbe0e8e0887e75c7a6f25cff008f9abf
SERVER_TRAFFIC_SECRET_0 724cfe512bfd55c5a9b583f2efe3d0eaa5d4d462555bf3a2b7fa1b467a4728d3 91ea79067a7a960114f9f1614733ba6569066c5d4e8974eee5d33426c0b13f71b730e27ce59d62abe286fe2452dc1791
EXPORTER_SECRET 724cfe512bfd55c5a9b583f2efe3d0eaa5d4d462555bf3a2b7fa1b467a4728d3 41e54c49f1fbb244b02a7d39369e353a7fed8ffb1cd008954fbd7ff136dd213bc8cf16394ad6d326befd41c165a97a53
CLIENT_HANDSHAKE_TRAFFIC_SECRET bc2f6dfc4c910984fcec780213ea247b21f0a4948f1b5780540fa641e21cc2b8 b096668d71a52062aad075c49d63bf071e72b95d8c5531a02bb6f3150caa3e8f8065de29c74e49624383dd98b0657555
SERVER_HANDSHAKE_TRAFFIC_SECRET bc2f6dfc4c910984fcec780213ea247b21f0a4948f1b5780540fa641e21cc2b8 92ba151d696d82a3ff0b68aaa7c7f681f633cb4cfa481dbb6a86e31d29050571c418ddccf48c8b6bef97894814a83b5a
CLIENT_TRAFFIC_SECRET_0 bc2f6dfc4c910984fcec780213ea247b21f0a4948f1b5780540fa641e21cc2b8 ea39710b162ebfbe2146015974c45d9e6d4124b0d63ec65c36f392cc2226765f28c7ff1ccdbda45886c89381700fd636
SERVER_TRAFFIC_SECRET_0 bc2f6dfc4c910984fcec780213ea247b21f0a4948f1b5780540fa641e21cc2b8 de8394db2567dbc695fb732f87dd1b6baccfe759403d990e67ffa2e7788752f055da56c5722728494a20814fbc061f85
EXPORTER_SECRET bc2f6dfc4c910984fcec780213ea247b21f0a4948f1b5780540fa641e21cc2b8 ddd3fce27c76bc151324861d0dfa73a7a401f3c71e1e5d90e1a9c1fc5fc8a24733844fbd221ebc9a970552dbb45d7de5
CLIENT_HANDSHAKE_TRAFFIC_SECRET 475b8612e53449c689fe92a4f6d6de23103f0c8f276dd324f23ea5f060e662df 5a07bc7724b5f20b87ca23fee645de6f9017445bb46ed7745d5da586ef5c4e1feaaf99dab5f76aefca953e31cda43228
SERVER_HANDSHAKE_TRAFFIC_SECRET 475b8612e53449c689fe92a4f6d6de23103f0c8f276dd324f23ea5f060e662df a4f89425798206c44fa5989a4da957b02ad9bcbc8b15dc0528591565b34b0745bd389e7b529cdfb520d9cd981e8cc222
CLIENT_TRAFFIC_SECRET_0 475b8612e53449c689fe92a4f6d6de23103f0c8f276dd324f23ea5f060e662df 669cb2d19e92df3000a437baebce1fa0cef923be359d2e7e20c2850419d4cf5353c4e8532248fa722a0177af4fa886fa
SERVER_TRAFFIC_SECRET_0 475b8612e53449c689fe92a4f6d6de23103f0c8f276dd324f23ea5f060e662df 500e94029ffb27f520d15999049f0dcbac011cb43e911fc48612c41cca6f344390e56b33df08d8b9beaf5173d0f1d99c
EXPORTER_SECRET 475b8612e53449c689fe92a4f6d6de23103f0c8f276dd324f23ea5f060e662df 44409cead3a20f98868a0529b80b00e6d58ff1d6cd44dd943343218162915a483accb1e6abd6a4f66ec8408cca4669d0
CLIENT_HANDSHAKE_TRAFFIC_SECRET 0c71268e4b05013b4a050f1da4cd28a12c8e1de395cfb364e193667bbbd23685 3ab827fdde0ab0d447a4f4150b059c860b76a3b67f6b2df01c9330f63ca63ea86331e986c2ba7da2ef0205dc4f1ca174
SERVER_HANDSHAKE_TRAFFIC_SECRET 0c71268e4b05013b4a050f1da4cd28a12c8e1de395cfb364e193667bbbd23685 d5d2efe52c318dc1bdcfff26bd51354cd4024062a84002429aa068097bd77a5366b8378486c11be0c5d8c3f608d3a17b
CLIENT_HANDSHAKE_TRAFFIC_SECRET 14dc8cde2fbc91905f003373a0cbcd82e0c7f218e65c95a2192e5cf6cb6422d1 1bc347e865c904410e835394f8e56b03af1b4fdbd3ebce2e5c6b8a37b09a255a9d325bf7adefe912f774890d30fe4926
SERVER_HANDSHAKE_TRAFFIC_SECRET 14dc8cde2fbc91905f003373a0cbcd82e0c7f218e65c95a2192e5cf6cb6422d1 88eb9976dd013f6aeac197bc91f7790124102e3b8dfee142135f7dae099b75eaaab350ba7ccb17a74f54a6239f0f0a8f
CLIENT_TRAFFIC_SECRET_0 14dc8cde2fbc91905f003373a0cbcd82e0c7f218e65c95a2192e5cf6cb6422d1 06b600aadf78958e6b2ef73027d03393df9e35c4058532ad003aa3576be4b6d37de34a9a930cb47eb47daa119fdb2af5
SERVER_TRAFFIC_SECRET_0 14dc8cde2fbc91905f003373a0cbcd82e0c7f218e65c95a2192e5cf6cb6422d1 6dc57a7d053e90e6f22b36be21229b96140e0b3ef1989a28be08beb35fa9477d4017ec72cb5dc0a902472bccc13f9c6a
EXPORTER_SECRET 14dc8cde2fbc91905f003373a0cbcd82e0c7f218e65c95a2192e5cf6cb6422d1 0a837a849e073df08942ecbc57d5b18c1c255dd81ee961832dd3b6143c548041ae2ac34524cb9992ded79ecaaae8d830
CLIENT_TRAFFIC_SECRET_0 0c71268e4b05013b4a050f1da4cd28a12c8e1de395cfb364e193667bbbd23685 f2864c4880a6044ed187064282223f5760e66bcdd1854fa0ed8602caa27ed16daa68f39ffcc1deed23f39e123b220f2e
SERVER_TRAFFIC_SECRET_0 0c71268e4b05013b4a050f1da4cd28a12c8e1de395cfb364e193667bbbd23685 79def4a854af567f621f94197a605df23d4c9297e59fae7a29b944e07079c5874ed8d9358662c9ae75e860fef03d9508
EXPORTER_SECRET 0c71268e4b05013b4a050f1da4cd28a12c8e1de395cfb364e193667bbbd23685 d60fb64008d38ed18dc11c1d344bc8bfbb0faeb430b99b124ffa69db31dbfa5e63391ef7c77801d267a37dc4eec13942
CLIENT_HANDSHAKE_TRAFFIC_SECRET 419426e97dd9038a8cc776c6ec8aafebff01caa4c6ae959bc193d5ccb2329c67 af77de31c0d5849a303ac37abb078ce9daf2dfd553558d8f3a63bb14f632e065d5b5d7266ebc9d3bc0b93e69891a5373
SERVER_HANDSHAKE_TRAFFIC_SECRET 419426e97dd9038a8cc776c6ec8aafebff01caa4c6ae959bc193d5ccb2329c67 cbfbc3a83ab4bd8b5f14a726a24a290f7913fb5a6d04aaf31f913fc25d3e8100ed6e33baea8c44693f15462111e63a05
CLIENT_TRAFFIC_SECRET_0 419426e97dd9038a8cc776c6ec8aafebff01caa4c6ae959bc193d5ccb2329c67 5ea0b98684994c2675be634a9d2b97c78782d026322e6513a695ca1b283d1cc71aae0a80e0c284b324a360a51a78615f
SERVER_TRAFFIC_SECRET_0 419426e97dd9038a8cc776c6ec8aafebff01caa4c6ae959bc193d5ccb2329c67 871b4a41330020e5bcc6e38cb34e056f5b4ddf5681b30c9c411cd75311c3c82e296eabf3a25294b9d5f139fe1e2cfd1c
EXPORTER_SECRET 419426e97dd9038a8cc776c6ec8aafebff01caa4c6ae959bc193d5ccb2329c67 26b00f486e583829d326bc646dab8b2656acac0c0ea62574f30346e2c5f2eed1637756cdc0f7d66d02f65bff968e9888
CLIENT_HANDSHAKE_TRAFFIC_SECRET 7e8fb705c4f01a2e68c998f62688d6ed20f6c2c2f3610dcf11efc393052c75b0 dbd6f02d842e6b093cf081606f35848bb9e103027f760da7cb6aa5aca8d142ecbc9daac2ffb617f8cd6c664ae80669c4
SERVER_HANDSHAKE_TRAFFIC_SECRET 7e8fb705c4f01a2e68c998f62688d6ed20f6c2c2f3610dcf11efc393052c75b0 0abd630dd34e4a864602f676de81f2a6a432882065d75785f622a86553c2852409bc4b6125ceeae5fe867bc5d6f78130
CLIENT_TRAFFIC_SECRET_0 7e8fb705c4f01a2e68c998f62688d6ed20f6c2c2f3610dcf11efc393052c75b0 17f29c356b9c426246108105153d9d32875cd0a96187ed527069bd8cddd0bc1c006f3c6a169bc3dd68b09c750e6fc541
SERVER_TRAFFIC_SECRET_0 7e8fb705c4f01a2e68c998f62688d6ed20f6c2c2f3610dcf11efc393052c75b0 ee7834835d2b1e2884c0b5d3ae6231ef611db2bd56defcb4cb9a43e05ac531d15c9d7a41086e511c21a95f7a4f5c76d2
EXPORTER_SECRET 7e8fb705c4f01a2e68c998f62688d6ed20f6c2c2f3610dcf11efc393052c75b0 23565f967435e59fad29b73f1ec345e8e65ff316715f53f4020ed19fb87d3ac49bead3a41424815a975220b6f19ab149
