CLIENT_HANDSHAKE_TRAFFIC_SECRET 6c2c37ce792e4a327ad23f2e34af4c45437292687b44b7656863a2117d86e93c 5dd8557372f78a2057404cbc1a093fe51194117e4a0cec75fd7a4ba8192f59a5
SERVER_HANDSHAKE_TRAFFIC_SECRET 6c2c37ce792e4a327ad23f2e34af4c45437292687b44b7656863a2117d86e93c 876352dcc6aeeba88b9edd4efdbd30af31e8739650665d9378bed7f1b7643cd1
CLIENT_HANDSHAKE_TRAFFIC_SECRET 334f10c220aa2390c332f1a3995f2a488b1506e45fac0f490dd3b4faebdbdb4a 35eefadc2db54fafaf57dc5e08da55ee17ee4b87afca93bf06e939795f103a7c
SERVER_HANDSHAKE_TRAFFIC_SECRET 334f10c220aa2390c332f1a3995f2a488b1506e45fac0f490dd3b4faebdbdb4a 40e1572cef9ee28e6126e1a1c1873c31371c6d7b59b999ba641a6a04541cbcc0
CLIENT_TRAFFIC_SECRET_0 6c2c37ce792e4a327ad23f2e34af4c45437292687b44b7656863a2117d86e93c 2d967bbc949de4bad39fbc459bda65fa20c032889f5a3209739f804107e0e50f
SERVER_TRAFFIC_SECRET_0 6c2c37ce792e4a327ad23f2e34af4c45437292687b44b7656863a2117d86e93c e7cdc1a622fb8beed6e05d614d7ad5b79cca0ccf03d636d1f424e6e6305bbe54
EXPORTER_SECRET 6c2c37ce792e4a327ad23f2e34af4c45437292687b44b7656863a2117d86e93c a517216ebf7a3cc25c3f8ef313d352efd2ac363c391ef5e693e9ff2e615461ad
CLIENT_RANDOM 22c81b5d2b68d0c2ae63f8c6476a0594e7f7e0895fd09b50c45d8f1403ff459a 639148639011a836583a9b717c8d5145a7c598f641693e4b54f03c1e4d495645781826fcbbc2dd900cb71cff052c481c
CLIENT_TRAFFIC_SECRET_0 334f10c220aa2390c332f1a3995f2a488b1506e45fac0f490dd3b4faebdbdb4a bca51496db5d2fe3f8981c52df64907d67fbc71f492d1da4ade86e153c611523
SERVER_TRAFFIC_SECRET_0 334f10c220aa2390c332f1a3995f2a488b1506e45fac0f490dd3b4faebdbdb4a 069d8d3425f1415fe0242a64ec7afa37b1f40a03c771de507c475f0459480725
EXPORTER_SECRET 334f10c220aa2390c332f1a3995f2a488b1506e45fac0f490dd3b4faebdbdb4a 3fd9b991ccfb6a498e1e1f570337111ea9c3b0a94c7510f8ca09b4ffaac8697b
CLIENT_HANDSHAKE_TRAFFIC_SECRET fc98692dfa6ac6f7bf7e268f739d301342ed2505208370db429809c17b028d01 5e9fa59119ff170e9e27a8186179dee06f42197e4cdd4fd156e08a091698693e5bbabe775fa17ff40c890a0e87f16e76
SERVER_HANDSHAKE_TRAFFIC_SECRET fc98692dfa6ac6f7bf7e268f739d301342ed2505208370db429809c17b028d01 a8422df54815999f836debb03d713e8a8173a0897b29e6bed046e4ec1ab80d23e13c8ddab3fe6323ba62ccde8340ad6d
CLIENT_TRAFFIC_SECRET_0 fc98692dfa6ac6f7bf7e268f739d301342ed2505208370db429809c17b028d01 d562c65d6f4c513873ee5eeb15dee0d68f95571e375523ab042b06f258afc726ae734a9d53a84260039cab0e04423b43
SERVER_TRAFFIC_SECRET_0 fc98692dfa6ac6f7bf7e268f739d301342ed2505208370db429809c17b028d01 1a5bb959cd6e7a0e1771eccb5fcc3da99f0ad7edf4923e37f5ac600bb11828716c11ffb43d41b5e0b9de9e63d71b35f8
EXPORTER_SECRET fc98692dfa6ac6f7bf7e268f739d301342ed2505208370db429809c17b028d01 7bb0757462fd3fcf5fc88e4f77bf839e26b249fac8a47e03303858cf3a49e759fb94721686c262b75630b52df5e56f63
CLIENT_HANDSHAKE_TRAFFIC_SECRET 19d1482db45877d42cf1335e71ee897061e734ca46299b080678b0ffe6ae9e79 eecdcacc5a4a7e91f957d3000a92e4497891bf29a35d0c470c2951ef2b69b8d5
SERVER_HANDSHAKE_TRAFFIC_SECRET 19d1482db45877d42cf1335e71ee897061e734ca46299b080678b0ffe6ae9e79 50de7653bff9a9dfac933454ab490fb27f88f5c1c29fc7157f3f125eb038d09c
CLIENT_TRAFFIC_SECRET_0 19d1482db45877d42cf1335e71ee897061e734ca46299b080678b0ffe6ae9e79 16f5fd6d89e0b36c233875582eb85943a1b251faabc9089150736751dd9e13e8
SERVER_TRAFFIC_SECRET_0 19d1482db45877d42cf1335e71ee897061e734ca46299b080678b0ffe6ae9e79 223604c17098bacb37394d1576472051b6eae6402f4e8ed46055f6e268b6afb6
EXPORTER_SECRET 19d1482db45877d42cf1335e71ee897061e734ca46299b080678b0ffe6ae9e79 83aca00eb7e553c3eb1fdc24c527e3c0cbeb89931bd145704beca5ee1972ed2a
CLIENT_HANDSHAKE_TRAFFIC_SECRET ef8bb21a2c06ff4a9697b72f548fc343642d066e55182733e8016efa9f55913b 7b57eee90a9512ff19d083d9dc273eec75675cea927ce7a1edeb18569db458df2ec07404fe7f98a8f0bca141066e2c4a
SERVER_HANDSHAKE_TRAFFIC_SECRET ef8bb21a2c06ff4a9697b72f548fc343642d066e55182733e8016efa9f55913b a96e12633c74af36c2b44930a0b2fb07aad1704792ee6196847b81b6ca4bd9647f0f6a8ca27bfc524a5d85db75a35c29
CLIENT_TRAFFIC_SECRET_0 ef8bb21a2c06ff4a9697b72f548fc343642d066e55182733e8016efa9f55913b ff6bb19452b57af05cbb177c4a4e997ac5bb8cfa99b42202b9900ea033f925c6e0488868fe340084d56fd7f8da7c4d42
SERVER_TRAFFIC_SECRET_0 ef8bb21a2c06ff4a9697b72f548fc343642d066e55182733e8016efa9f55913b 6f2dc55854f9676a5f125587b0c6ba8bbd9cb06a714b90404b167f1bea4c2f7a64c4302e6bfff5ffebf1b40cc3cc59a0
EXPORTER_SECRET ef8bb21a2c06ff4a9697b72f548fc343642d066e55182733e8016efa9f55913b 51b5eaf567e4d67078e9da4f08f9dc1e61672c89a174b5de7495eadc6606ca26efe1a3946e056f4aac8bdb4439a1943a
CLIENT_HANDSHAKE_TRAFFIC_SECRET a7beeebc86a42ce679c632c5e261bb0595d82c2102f7c4fc1d0bbbba925720ed b7cd27f7e904117365e644f3447cba86e68a0774f98f626a0336eac7fbcd24bb268962233feb7180861aad0127922deb
SERVER_HANDSHAKE_TRAFFIC_SECRET a7beeebc86a42ce679c632c5e261bb0595d82c2102f7c4fc1d0bbbba925720ed 45b2029d28cf2eef3e7392d26a61eb678c71ee11faa1e3505c47b452c15288d501c5c168953d26ad3c38ba03d02ee649
CLIENT_TRAFFIC_SECRET_0 a7beeebc86a42ce679c632c5e261bb0595d82c2102f7c4fc1d0bbbba925720ed aaf59a1fc42419c3a10d384ad1c0f68a4283582fe9c99eb72e08e1e3590f7f83eca1836ab1f0c71868d6b637dc92904a
SERVER_TRAFFIC_SECRET_0 a7beeebc86a42ce679c632c5e261bb0595d82c2102f7c4fc1d0bbbba925720ed 3de19fcf0fcadf1054ea7bc072c75291d839b45432fca42681c9ddce6757c5626bfe984dfa4797a05dedec5d663e044b
EXPORTER_SECRET a7beeebc86a42ce679c632c5e261bb0595d82c2102f7c4fc1d0bbbba925720ed 53cbc31f4be0e9da654f410d352b00926f95a88603f259d66cee405e36547107891d29f9e61f9e384d5e851e43b3b57a
CLIENT_HANDSHAKE_TRAFFIC_SECRET 067f42d64b43b58c4ae8626f96ec3fc097f4939a5b8ff614febf53c502108345 8429bdc23e5a7cec1de90999a6f252c48da67d270b6897ba9fe478ff2314aaaf
SERVER_HANDSHAKE_TRAFFIC_SECRET 067f42d64b43b58c4ae8626f96ec3fc097f4939a5b8ff614febf53c502108345 2104a93fd76df3c773951e976c3d9850f951c8fe7b7b27adb8ccf79d23dc76dd
CLIENT_TRAFFIC_SECRET_0 067f42d64b43b58c4ae8626f96ec3fc097f4939a5b8ff614febf53c502108345 b21661fe360f46b696b7501af2c0b1d0cc757c76ba4737ec09473bdd3aa78e52
SERVER_TRAFFIC_SECRET_0 067f42d64b43b58c4ae8626f96ec3fc097f4939a5b8ff614febf53c502108345 c0169cb0a6e643183fc006ebd9e79f4c49baf12f2362c38855bb911f05e3696d
EXPORTER_SECRET 067f42d64b43b58c4ae8626f96ec3fc097f4939a5b8ff614febf53c502108345 7dec3951754b67d040f46a22b04f4cad062d19b9cb9ec74deec53b66bc5e0540
CLIENT_HANDSHAKE_TRAFFIC_SECRET 31381315a1bb06b185df32aef1cc26de664bf5481ae71dddcfdf553b44581237 eb90dbfdcd06cd9ae900ca58572aeeb37b19b3aa72ff5f61f60ce6d04d7572de19d121fc6211cb893fb9819d2fbf3a37
SERVER_HANDSHAKE_TRAFFIC_SECRET 31381315a1bb06b185df32aef1cc26de664bf5481ae71dddcfdf553b44581237 463a4edba2c002ddda6fd1056965b3251cbe5edf694c5e13f049a1eedece4799a3af99b9cc7f1751849603ab76eeab22
CLIENT_TRAFFIC_SECRET_0 31381315a1bb06b185df32aef1cc26de664bf5481ae71dddcfdf553b44581237 e6fd4a4077f4e508628607aba53ad57abff0c58fe4cbb9411c7a9bf408ac6d198c1e8873b4ad1bc238d1f0f58d55187f
SERVER_TRAFFIC_SECRET_0 31381315a1bb06b185df32aef1cc26de664bf5481ae71dddcfdf553b44581237 0d788d679de83d8183ac0544213656b85a6d661fd0e9c3894ebd3b72f6a14ffb7cefb35c14965760785377db1293fa5f
EXPORTER_SECRET 31381315a1bb06b185df32aef1cc26de664bf5481ae71dddcfdf553b44581237 6600a68d8c2d243145122b86f2bdb76908813cd0168a60ddd88126c5a505454aac269f1273730d20c2770b05adcae6f0
CLIENT_HANDSHAKE_TRAFFIC_SECRET 8367e1a06d54ee6d225711adc76f7d7316c526e69958bfccab25a0c2eb963a50 a13e084451955d69ee1853c51a1619a6f2c1dd1b9d4eb912835d89e9214547edb3c3650ac31e6f37ea634163d03f9021
SERVER_HANDSHAKE_TRAFFIC_SECRET 8367e1a06d54ee6d225711adc76f7d7316c526e69958bfccab25a0c2eb963a50 8931ed2f665873ad54ebb94fc147e1d5c1be9d20b3bd376a818b6ff95f9ff06587f41813cba24fac5837cda221309d85
CLIENT_TRAFFIC_SECRET_0 8367e1a06d54ee6d225711adc76f7d7316c526e69958bfccab25a0c2eb963a50 15e64b5afe72c84aeac538d7a3a48ef3e124e37b9404c7e10340c39cbd2e13ef8c9b3ad67e1cbea64f78aa1e1eb652dd
SERVER_TRAFFIC_SECRET_0 8367e1a06d54ee6d225711adc76f7d7316c526e69958bfccab25a0c2eb963a50 98c7b6d2266e56874c7df45c7b7b7387bd92d0923a5e77695cc7bddbd718d37b3b3e25305941fa9004d393fe9da5e9a2
EXPORTER_SECRET 8367e1a06d54ee6d225711adc76f7d7316c526e69958bfccab25a0c2eb963a50 e030c4753d2bcd3a611ab9291058cdacdd0062c79133dbc4c096d08dda566fbebb175cc38d316f89c62ac8fe7a11066c
CLIENT_HANDSHAKE_TRAFFIC_SECRET 28e1a1120557d258a05af69386ef5a53924f07d24197ae68cc9d3f1c60d2d8b3 38ba7a329ccae69836339a26ad20f3247c2022eaa67db858957d5cb168d2a68d93b70f82b38dbe03be4b83e5d93f18ac
SERVER_HANDSHAKE_TRAFFIC_SECRET 28e1a1120557d258a05af69386ef5a53924f07d24197ae68cc9d3f1c60d2d8b3 5009f02c2e4eb9108fd31cd48e5eec51f68779cab072eea7488b030594a1bc2e35844af3872a05378e80458c1f2aad44
CLIENT_TRAFFIC_SECRET_0 28e1a1120557d258a05af69386ef5a53924f07d24197ae68cc9d3f1c60d2d8b3 bc0793d67f4388cc5196d6591f4b8782a058caf7b1b5454d87b48cce8f1d25b4c7cc6f416789e53d1563880d728bde91
SERVER_TRAFFIC_SECRET_0 28e1a1120557d258a05af69386ef5a53924f07d24197ae68cc9d3f1c60d2d8b3 fb886c1a587e4bec6e5964573ebf08ea0732875bd5d938c8197545e6db446dea0367ddc8c5fcea65409c0cc5e9278965
EXPORTER_SECRET 28e1a1120557d258a05af69386ef5a53924f07d24197ae68cc9d3f1c60d2d8b3 7b1ff17139424dc08b9c89f800e3552fdded9c9cc981e4f66d3fa1771c5b2f2f3ff677cecfe3449f9b7c67d95c829445
CLIENT_HANDSHAKE_TRAFFIC_SECRET 21392f250799cf1e15e8c09bfe5a313192cabece73d429500a9ba3f9b28080c5 864452a730f656f26e2e4e8390cbe03f24ab175ed1a76220c7dca8dda737752230a2f28f57532ea04922a63e5fda0bb2
SERVER_HANDSHAKE_TRAFFIC_SECRET 21392f250799cf1e15e8c09bfe5a313192cabece73d429500a9ba3f9b28080c5 6e360bb4dedc9d3b32cd87f4ba71cc885c198b2094fb72868639a53c56df02bc85743649d3227ee005e2ff86103e0599
CLIENT_TRAFFIC_SECRET_0 21392f250799cf1e15e8c09bfe5a313192cabece73d429500a9ba3f9b28080c5 df0a732199d6d7454a16b2512c1c7040b0a42e41e97cf04a9179506c9bbead73d0fa0fe5caed40e0bc90640a47e16340
SERVER_TRAFFIC_SECRET_0 21392f250799cf1e15e8c09bfe5a313192cabece73d429500a9ba3f9b28080c5 b1324b41233fa53a1b3cafc35c5be0a235acb2244ae1023a4fe63687ce6714c0d49c671e617257ec923561f568bd5fc6
EXPORTER_SECRET 21392f250799cf1e15e8c09bfe5a313192cabece73d429500a9ba3f9b28080c5 cb630ccac7ee8e0e719466d205c890dab2c62b82ba408f0494227f0cbe03ee032f1eddff04c13852c12d17fddd49568e
CLIENT_RANDOM 0a04b4fdb37f28b5f86adb19e5b6ac3101a1d16fd9ec1a233ecd78f83fd68cf5 f9b1b7b58aacd9361429029471ba729d12d84360a36936b4685fb4d98609044d10b0b5470eb70c869767c39aab9bd11a
CLIENT_HANDSHAKE_TRAFFIC_SECRET 573966622289a8ee921d80b391c1203b056c7adce8f60e582bf82f69a501a725 d7ef90c0179a272f25bcde87997540753c88728bc1e8e053ca5c114d7ebea028d8653be10e195f67c8352516b491ee28
SERVER_HANDSHAKE_TRAFFIC_SECRET 573966622289a8ee921d80b391c1203b056c7adce8f60e582bf82f69a501a725 6e942c5ec91db76bf8f52f522cfee15a419e422e3eca79e7aa9a3e73bb1182f8dea00d18e265c4a8e85140621869f0ee
CLIENT_TRAFFIC_SECRET_0 573966622289a8ee921d80b391c1203b056c7adce8f60e582bf82f69a501a725 8d7f8578368b322b63b4d186a292e36acd51ccf3effe074e2b2c6a0397d3711e63d4778862ae7775f22458aa282ad1d8
SERVER_TRAFFIC_SECRET_0 573966622289a8ee921d80b391c1203b056c7adce8f60e582bf82f69a501a725 b5d87da33c44dc1de349ea3d83f2af06bcd9e15ae7b5253aa4d3d231dcae7a986fde68cb814aeff6896dfaf0bb326406
EXPORTER_SECRET 573966622289a8ee921d80b391c1203b056c7adce8f60e582bf82f69a501a725 5b3b70c1099839060290a94ae2c8d5bd6a3cefff21b9163386be0173f1ac3c81344450a15dd7fcce7da40702c40fc2e8
CLIENT_HANDSHAKE_TRAFFIC_SECRET 83a3679488e52d46f142298c20f311b64071c96b9704301f61d211f72c50d979 d2b6b07113a9d6d7d0d688e29a7b695fb68668f28aea4c0d797fbd7028245958
SERVER_HANDSHAKE_TRAFFIC_SECRET 83a3679488e52d46f142298c20f311b64071c96b9704301f61d211f72c50d979 b00b35c386bcd7569a8654451f8be1c1d7bf8c53448c343f0b9ba96f47a02373
CLIENT_TRAFFIC_SECRET_0 83a3679488e52d46f142298c20f311b64071c96b9704301f61d211f72c50d979 c4f11a2ec664d5e392b17a60184d22792d7cf33930658715ea9afc4c28ce3552
SERVER_TRAFFIC_SECRET_0 83a3679488e52d46f142298c20f311b64071c96b9704301f61d211f72c50d979 e2e25d99bc88f430dc0018f69456e549f50cff65175aaaf3e5637c14877a374b
EXPORTER_SECRET 83a3679488e52d46f142298c20f311b64071c96b9704301f61d211f72c50d979 ff40c841af53a8b579c34b7fa7ff8d30715416063971519590519592700dea9b
CLIENT_HANDSHAKE_TRAFFIC_SECRET 6289f7d58fa9136be9bd6803d598bc152f1409ba7007f0aed220e7ff18fc98f5 8fb83b88eac67bb8b32cd9e529d89696e86ed762b494b17720ca912c95148891f246b904e4ed4511c50938f568cd8f10
SERVER_HANDSHAKE_TRAFFIC_SECRET 6289f7d58fa9136be9bd6803d598bc152f1409ba7007f0aed220e7ff18fc98f5 359a612cb4544816743dd53dc37af7042be9f558973b086b2578222a72aa8646df3607d5035ac4b905279028ceb7ae21
CLIENT_TRAFFIC_SECRET_0 6289f7d58fa9136be9bd6803d598bc152f1409ba7007f0aed220e7ff18fc98f5 0777a48a713006026adf2e6271c2b6bafadaeb8a06d231d4cd7ea7caa37d14ae37a9a6ba3cb37a1c0d9d8c55e1205944
SERVER_TRAFFIC_SECRET_0 6289f7d58fa9136be9bd6803d598bc152f1409ba7007f0aed220e7ff18fc98f5 bd312db94cc0ce1d7346bc4e2bd6b61c5e921d2d1514a965e4b5ad9777fc596dacb105bd13b7978210ebc73601afe73c
EXPORTER_SECRET 6289f7d58fa9136be9bd6803d598bc152f1409ba7007f0aed220e7ff18fc98f5 72226f719d3b6cb0153e72ab51009724d90e776912b8ace8290e63d99a7ea9b59c956826b6c2c2ce3a526f23d5dcc0c8
CLIENT_RANDOM 1abdf1ac29cfb0080230804b4d1d6f12bf195c3d63357d4b75459f52da77550d 6662ac92b6f458823a9e70cbe9a5d0a96a1da758f01d096b119413ad3d554a94ae008151c2c89585d361b47d786914b9
CLIENT_HANDSHAKE_TRAFFIC_SECRET f813d59c187bc12f9c7dd29a0d4145ab78ebe8304248a4c85134208a65f5a61c 9406fac64f6e492772a89921d6a9de660c4d1a6605f6e607e1c96f0c33a446526e059778a42c168375d303fe5a8d267f
SERVER_HANDSHAKE_TRAFFIC_SECRET f813d59c187bc12f9c7dd29a0d4145ab78ebe8304248a4c85134208a65f5a61c 2c28c70949163c109c1b13b1c391a3b8eedc0a2cd2ea4be2d79f5bb53e97e83e1b39dcdd29c8fa64f9ec7ff8c617942e
CLIENT_TRAFFIC_SECRET_0 f813d59c187bc12f9c7dd29a0d4145ab78ebe8304248a4c85134208a65f5a61c c66541fbea3ab8d32d6e768ba61d27d286c100b2808034265b456b1a491ab6d66ac65f0501731e68708ab58400fe26b2
SERVER_TRAFFIC_SECRET_0 f813d59c187bc12f9c7dd29a0d4145ab78ebe8304248a4c85134208a65f5a61c 947fb72917fafc787e5fd8a36a1152d099195250bec6d138eb7342b5db42bc5644f36735411f10e03233b39975b4dde7
EXPORTER_SECRET f813d59c187bc12f9c7dd29a0d4145ab78ebe8304248a4c85134208a65f5a61c 2b0e2f5740f34f964063e582b9279f00c92e6cc60bd997a4ef730483f4e22ca2c20e21af13a5a6005ef19e449f508f8f
CLIENT_HANDSHAKE_TRAFFIC_SECRET 06b81e8e32c9376629acf7c2c0ac72807f6623155206e6ef860df6d9693545d2 9511e626412edb93b8722a098495f4ace1b10bc3e22b92a028dcec68744ffd49
SERVER_HANDSHAKE_TRAFFIC_SECRET 06b81e8e32c9376629acf7c2c0ac72807f6623155206e6ef860df6d9693545d2 389c73da9a9ded2feb6a14efd570a00b00866560bcbb64dc90245e622de885c9
CLIENT_TRAFFIC_SECRET_0 06b81e8e32c9376629acf7c2c0ac72807f6623155206e6ef860df6d9693545d2 e0df0f39c091411d957c9702c938454d275eef044bbef4ed7ffb9ae572f9858c
SERVER_TRAFFIC_SECRET_0 06b81e8e32c9376629acf7c2c0ac72807f6623155206e6ef860df6d9693545d2 568e14eaa02e945e01fb05d2b1e7bbca8abb69e435f1da45711bc12f63ae3150
EXPORTER_SECRET 06b81e8e32c9376629acf7c2c0ac72807f6623155206e6ef860df6d9693545d2 248d1b697b0eab6a4afedaca34b40d75de840bfeabacc2e0a55315b9b357d23e
CLIENT_RANDOM 2a5ef9cf21458f0ee6a4c60d9b639729884c6d5d668fc24d3981e1d8d82c011d 45aecc27ea59e8cee24a7d7153fd32ec62557c6a43e355d220895ec4b2a76eace57d710c337673728600c6c162db4a88
CLIENT_RANDOM ee976bfabbd94ca5925a454c50a47dfb7334a3c0007c46d58af790deaea8663f e7abc08b074d34ababb9c905a1fac5ad70f533cd80d419f4039b90fc0163f098ddcca3e48d572fe67fa1c9d7a2165d9b
CLIENT_HANDSHAKE_TRAFFIC_SECRET 3e43dd52c7403ac42ac02341645fb51fb4962f31f102708a70098e5edf071302 cbbac4002b40d9fbbf3de55f31d686bea2090c7f33607f87c3761db1845fc4a5856acfede59fd78757225d761ba9f2c8
SERVER_HANDSHAKE_TRAFFIC_SECRET 3e43dd52c7403ac42ac02341645fb51fb4962f31f102708a70098e5edf071302 5f9e968d77bec824309aadd6acf9b556a6cb50abd34bb5d4a08fced712ba9a6afc02e837f242f22ea5bcc64a4c1d5fa4
CLIENT_TRAFFIC_SECRET_0 3e43dd52c7403ac42ac02341645fb51fb4962f31f102708a70098e5edf071302 6318fbd241658ed0e78d765b40a91a9ed010775aa2481bea68ede5ed8f612e805de0499ccb4b97e879b961841fd1996b
SERVER_TRAFFIC_SECRET_0 3e43dd52c7403ac42ac02341645fb51fb4962f31f102708a70098e5edf071302 68796ef31fa1a40b43e45e620920a08209e99f8795eba00aa76dfa04de8bbeb3c88088f35c65aecf0370c1736f7b21e1
EXPORTER_SECRET 3e43dd52c7403ac42ac02341645fb51fb4962f31f102708a70098e5edf071302 e81a5944b2817fce3756f0af46eaac517be3e78dfefd30ede2bccf9a9f341afc940d4e9845140fb324d6389ecb9ec9e1
CLIENT_HANDSHAKE_TRAFFIC_SECRET 79f5ec3450e5c94550045e1141706486480d882df0b810cab004da7c8891661e ee9ad68e51a1d34ff96448ffcef940cefe278c6105adde91b030b5eaf0dd344971bae3f5d9b471cf21b58852d2db4572
SERVER_HANDSHAKE_TRAFFIC_SECRET 79f5ec3450e5c94550045e1141706486480d882df0b810cab004da7c8891661e ee71c3ea123acff71a78d5a64e6ba555a171a74e66859c060b2d905e84f75f8bbc9673131b420dfad72d585762d6be8b
CLIENT_TRAFFIC_SECRET_0 79f5ec3450e5c94550045e1141706486480d882df0b810cab004da7c8891661e 29957a50ad6f3c9123d00825b0b4543fb49924e304986bbdf49a25518065d3b5a4f40ff4cc6ad1822682d93ec9f6b0bb
SERVER_TRAFFIC_SECRET_0 79f5ec3450e5c94550045e1141706486480d882df0b810cab004da7c8891661e 1cfc43242874b0f01804f3e48a336d0bdaa231e706ac24466215b466dfc21f140cf123393085fd8a56a853dd8bbe210c
EXPORTER_SECRET 79f5ec3450e5c94550045e1141706486480d882df0b810cab004da7c8891661e a76fa88be723f936fa4395bd9b29d85b8c1ef0f0d63fe6561bcfeeddb79e805e269e21064489060a5fa0c8657f0fddda
CLIENT_HANDSHAKE_TRAFFIC_SECRET dc01b993bab1c98411345d1a22f50a59246ba272685d42a9664bbb135bde9b01 95a5f622847707c17eb442c4fb9b9a908408c31fefd9437d491870d2fab5e98d9dbf3ab1b607e5776fde5bc14fe61c4b
SERVER_HANDSHAKE_TRAFFIC_SECRET dc01b993bab1c98411345d1a22f50a59246ba272685d42a9664bbb135bde9b01 15ebf250ffbc36fd615db4db4db6b9ac2ee7c4e6f310f1ba86ebfd9537559dd28336c1e81462edb1e355c2c358186a4c
CLIENT_TRAFFIC_SECRET_0 dc01b993bab1c98411345d1a22f50a59246ba272685d42a9664bbb135bde9b01 3ace147df5b72fd1831012e0ab27abc035c8f54fc1b25d1f2f92f5ea719da5c4bcbd8ed2f3e046d61fb59f0f4d4801bd
SERVER_TRAFFIC_SECRET_0 dc01b993bab1c98411345d1a22f50a59246ba272685d42a9664bbb135bde9b01 c8a35033385a08a989883889ee0cda96f2c998873a92bbe18d15882294e3a91af605137f0df12fec3898fd5d9ffe7aea
EXPORTER_SECRET dc01b993bab1c98411345d1a22f50a59246ba272685d42a9664bbb135bde9b01 290a9aa30d3190a1c9f5633f962fa925cf1d154b57788ed300e0162056151aa7d32f393e02c78a0968d9ea08258157d9
CLIENT_HANDSHAKE_TRAFFIC_SECRET 7335bb1424af1658e3259e545a14ca70d4c61ef1ba98f2f8721b78be71d61413 f9149f930e30040116904b5ed7359bff9451d35ec6994db1671c8b8ea7ca8698ab215d3900e05dbecafa5394b5f68534
SERVER_HANDSHAKE_TRAFFIC_SECRET 7335bb1424af1658e3259e545a14ca70d4c61ef1ba98f2f8721b78be71d61413 b9e0053a391bba1fc06445e29026a624b06cd80a32d57b814624e6db31dc4f32ef7a7b038d17049f5d24a967d38f007e
CLIENT_TRAFFIC_SECRET_0 7335bb1424af1658e3259e545a14ca70d4c61ef1ba98f2f8721b78be71d61413 50d384f5c1eb03226a38ed2a5267f6fd8ffe9be1610cfb7f3d09cd55a6d64abc3930eb43b050aae37c151fcae247c64d
SERVER_TRAFFIC_SECRET_0 7335bb1424af1658e3259e545a14ca70d4c61ef1ba98f2f8721b78be71d61413 d60b6cbc117b9527d8ee70280956fc20d46b9c9251cff6a685abb224cbbaf6cd9ed655de1205dcaa137b989613f86c45
EXPORTER_SECRET 7335bb1424af1658e3259e545a14ca70d4c61ef1ba98f2f8721b78be71d61413 605d30b19083f984ab47fcc4956336be9d07e5d9510da0ef5040064ca1fa4ae590563958f8faec0db60f880b1ddaef5b
CLIENT_RANDOM 3f21f81b1a345b8178bd3f458bdacddc354d54411c5b6188cf09d44c96c6f762 5753a9b710ec81e47515a83d1f6ac4d09f93e6c71b2e5e92c32e3b5cbd1234cdcb552d7859caf2fb588920ad4b035ebe
CLIENT_HANDSHAKE_TRAFFIC_SECRET 6dc9a46f52ca3f8ebcc070aa5e8b50f2d9fb60104610592ca4c21137823e4461 180591e816d8ae1d9d07f7103575a74e943671f52fe9b97a670973fcc8a6f9951cb7a8eb0f26b43c15fc44521c7ce9e5
SERVER_HANDSHAKE_TRAFFIC_SECRET 6dc9a46f52ca3f8ebcc070aa5e8b50f2d9fb60104610592ca4c21137823e4461 e2293c96154c83889e6339a5e38906fea8bd824b110b7c81ec9647d816d6e8343dd0565cfd80bc1354ebe8eaa73f8d52
CLIENT_TRAFFIC_SECRET_0 6dc9a46f52ca3f8ebcc070aa5e8b50f2d9fb60104610592ca4c21137823e4461 d114278a9d0b69bdbd2ac9052f57bab64861aa998e11a5f97330943aaee387289a2297b84d3791a4d26fa8629981fcc9
SERVER_TRAFFIC_SECRET_0 6dc9a46f52ca3f8ebcc070aa5e8b50f2d9fb60104610592ca4c21137823e4461 7cba60503f64b69e20b986179729019015c35034592f8a9b640d984886ab6b42e33f41fad3aba74c22a7960a57eae93c
EXPORTER_SECRET 6dc9a46f52ca3f8ebcc070aa5e8b50f2d9fb60104610592ca4c21137823e4461 10a7c459497fba272f30fbc76bda1f6e75cd49f7015b466dd94c49ba9891b73d6da551e979530597cbea422bde005ff6
CLIENT_HANDSHAKE_TRAFFIC_SECRET db39573fae4e7b41aeb0f14f011d5d7f79965ea3e94a20262b2307a4d1e4461c 42a6a41b33026898bfaa4a0564f7f6c3cd80c834c591c0bff44586d903b07756571f462adab38a02dc12b9c0aa406a91
SERVER_HANDSHAKE_TRAFFIC_SECRET db39573fae4e7b41aeb0f14f011d5d7f79965ea3e94a20262b2307a4d1e4461c 42c99dbfa24a1a5dadb99a3adb2b337ccf451cd7d07d5fd85e1604d107c1ba99d39e59edefb48ab61913eb4ebd1abccf
CLIENT_TRAFFIC_SECRET_0 db39573fae4e7b41aeb0f14f011d5d7f79965ea3e94a20262b2307a4d1e4461c 3fae527cda4f5f163f0280472f1149553ce8021122265dfac09b58d329a9f977798b6e4d1be891aeb6571616a6fbe3e1
SERVER_TRAFFIC_SECRET_0 db39573fae4e7b41aeb0f14f011d5d7f79965ea3e94a20262b2307a4d1e4461c a0c894defeb787a72d98321879afc5002ca4ed5ceb9079ffe0aaeee6f607490ea842cac040c724014918f44aceb85865
EXPORTER_SECRET db39573fae4e7b41aeb0f14f011d5d7f79965ea3e94a20262b2307a4d1e4461c c2c190c75df43331573a2dd1a6f64d62308041c508c93e86a7ddfb10f05b9e5daba42777771714502115d8df678d909c
CLIENT_RANDOM 5f3c59c3ca02e1e0bf842ad436023fd93c46b96339d923e1b89ba130fea1e084 80296f1f3a1d552d7ee39d121c9dcca1dd00b4a6a5e4a60d6a4f79f128e5b88be19d4c815fa785cdf79c9179d2dd4c39
CLIENT_HANDSHAKE_TRAFFIC_SECRET da744e6b406ed137fdff335057cd59029e9c287bd62d65ab99bb62aa1ba91568 38fe2333fa509c1176e8031cdede8c6abec6034cae71f1bff34b1abf92f8e2435e1bdbf73ff33ffbc6c3ab2adb028838
SERVER_HANDSHAKE_TRAFFIC_SECRET da744e6b406ed137fdff335057cd59029e9c287bd62d65ab99bb62aa1ba91568 0dd88fc120257ec017522049c3123cf5bb321d037fa39df2a96e8acde7c368f1df16e4b8d84978f6b821aff6c7539bff
CLIENT_TRAFFIC_SECRET_0 da744e6b406ed137fdff335057cd59029e9c287bd62d65ab99bb62aa1ba91568 fb867991a049140dc5373d8b7d8fbf470b91ecb69caf2002e0f71874665a5296ee512aa2d3cd4e21360418ad5e9943a2
SERVER_TRAFFIC_SECRET_0 da744e6b406ed137fdff335057cd59029e9c287bd62d65ab99bb62aa1ba91568 4a50642cec3dcdafeb278a8c4a75c69132bbdef56c57a84aee9a558adf6cad1ee26b8982dae4f31273f1be95908c7b38
EXPORTER_SECRET da744e6b406ed137fdff335057cd59029e9c287bd62d65ab99bb62aa1ba91568 65f0f44da8bcde7ca665f14ce378e65e766336347bc938ada79d6867d0ce6bff73076035bee4cbf01b2058d3e92a8f7e
CLIENT_HANDSHAKE_TRAFFIC_SECRET 3eb6f873475a3257ba434295c2ab3dc3aeeec0d63fb197dfa3537eb21fc6736f 7f6cb29135c679ccc4601e9209b8738d9fbdb3e64461f2b81801d0b516b37e30a36781a64e07bd88f79e7bb73f65cba4
SERVER_HANDSHAKE_TRAFFIC_SECRET 3eb6f873475a3257ba434295c2ab3dc3aeeec0d63fb197dfa3537eb21fc6736f 6209fda2133a9c7e895eb1afdd44d1cfa1482c1edf12cd242c02d1738ffe3f5fbc00c323edc047ab91f6fa1fc183da59
CLIENT_TRAFFIC_SECRET_0 3eb6f873475a3257ba434295c2ab3dc3aeeec0d63fb197dfa3537eb21fc6736f a2c199e1e0a1b697d8190467726dd3885fb8a29fd6b0cbbe73419a7e1ec9eee448707ea4c616c90af4b40aa1a6bc1be6
SERVER_TRAFFIC_SECRET_0 3eb6f873475a3257ba434295c2ab3dc3aeeec0d63fb197dfa3537eb21fc6736f 658afe8e149c7ee12b3f9223c4e3b894d11cc9094497b7b23bc056f5b9316d02f70d1580bcad29ca4c3603f1f13ff9ac
EXPORTER_SECRET 3eb6f873475a3257ba434295c2ab3dc3aeeec0d63fb197dfa3537eb21fc6736f 652c6600cdf8802a2004a04e2ea1d045eb8c2ffa93ea2505067b974939fe39eb13bad4bf834c77e592dc8dc42565ac62
CLIENT_HANDSHAKE_TRAFFIC_SECRET 256ebbf30e98023d9154b75544fe11abd9881ddcb1c475dbf10b68e244ddcfcb 699b791ec11c44ebce30303081034cd573e594f5bf5f7a6e5771a90b69630a36
SERVER_HANDSHAKE_TRAFFIC_SECRET 256ebbf30e98023d9154b75544fe11abd9881ddcb1c475dbf10b68e244ddcfcb 8350e5f48097eb71440c1fd0f8e56cfc64614626239b7a1d416d1d465c3b96d1
CLIENT_HANDSHAKE_TRAFFIC_SECRET 2ae01d3404533f55fa0b843eac6786b0c5743a4376cb55deeb9b6590c406a9af 30fc368833344191035d99003c986b986685d6a2981e7c44fab0bb9f6bea371b
SERVER_HANDSHAKE_TRAFFIC_SECRET 2ae01d3404533f55fa0b843eac6786b0c5743a4376cb55deeb9b6590c406a9af c8e622961286a637a999f323a80f335fb02a492260cb316443463846e663d027
CLIENT_HANDSHAKE_TRAFFIC_SECRET f8bf7d027e9117f51c5c19e5c8261b0d8e59816de9653496f5f419f4b195681c 2b902ddd7815578d80200c5a72df4a06fae7c48e8f1b05254d1e229752a95816
SERVER_HANDSHAKE_TRAFFIC_SECRET f8bf7d027e9117f51c5c19e5c8261b0d8e59816de9653496f5f419f4b195681c ca75c30600c2b56acffd5363f8241065f7f5eb09149e73307345f2b54928cce1
CLIENT_TRAFFIC_SECRET_0 f8bf7d027e9117f51c5c19e5c8261b0d8e59816de9653496f5f419f4b195681c e7ac1475d5605aab90c463078b8109a46d9208965a1d604b84dbaf8675de8b3b
SERVER_TRAFFIC_SECRET_0 f8bf7d027e9117f51c5c19e5c8261b0d8e59816de9653496f5f419f4b195681c 3a1fd12f2b1b3fd5bdd9cf7cdbe92fa32b7eaa304b0696be407f18b0e97e5e3c
EXPORTER_SECRET f8bf7d027e9117f51c5c19e5c8261b0d8e59816de9653496f5f419f4b195681c c01154a50ac68376efcd7ba4c6fdd9d5946779942d5f9af0843a699878e32d3b
CLIENT_HANDSHAKE_TRAFFIC_SECRET cd004d1e4561788ae11443ebe027edd7bb1cb49db70e47820c454860ece7c3a6 e8009c923e3444b8c7b47ca04e270fb94df36d88c7612924e35a1e5fd95cb0a2744501112b557b951ae26bcd69ef9d08
SERVER_HANDSHAKE_TRAFFIC_SECRET cd004d1e4561788ae11443ebe027edd7bb1cb49db70e47820c454860ece7c3a6 0af3e281f411c590ca97d0d29ede180d7afbd2d819db3fcb93d756f41fac390fc7ff312fe5a00be2172b537739d974fd
CLIENT_TRAFFIC_SECRET_0 cd004d1e4561788ae11443ebe027edd7bb1cb49db70e47820c454860ece7c3a6 428aafe109778d8d8cf860c62da1c930ad78acce6ed4d1dbff1de4973147fc1d47218e0ca185da810c9d53f5f12d03c5
SERVER_TRAFFIC_SECRET_0 cd004d1e4561788ae11443ebe027edd7bb1cb49db70e47820c454860ece7c3a6 d84dc4f12f2a147778ab3113a95386fa6e8c7161edd076434be0d62207bb7bea9157333bf512a4e3505bbcb6da1c418c
EXPORTER_SECRET cd004d1e4561788ae11443ebe027edd7bb1cb49db70e47820c454860ece7c3a6 fde7f11f9779ec008be55f230a72361357a3c7273a48e1981fb7393fc29df39a8d2e47dc56bc66d9b6dd10ff84db0010
CLIENT_HANDSHAKE_TRAFFIC_SECRET a243f51d1165fbc880de57d5a1a9720a0f8f72595fdc1bd6cb0f3dfc12c56c6b 80356c211db0f59ef27bd7994347fab812a01c7fa8e77984362d0db3d02e011d
SERVER_HANDSHAKE_TRAFFIC_SECRET a243f51d1165fbc880de57d5a1a9720a0f8f72595fdc1bd6cb0f3dfc12c56c6b c157ea8cbfb8c95bcf0ca9d16a9d6139241d365a900931c80c8c8be397d031bd
CLIENT_TRAFFIC_SECRET_0 a243f51d1165fbc880de57d5a1a9720a0f8f72595fdc1bd6cb0f3dfc12c56c6b 8a6be2aa82741e2ba8c6926f7d117b6e7ec1a8e16c1e44840b7677955bdf2d69
SERVER_TRAFFIC_SECRET_0 a243f51d1165fbc880de57d5a1a9720a0f8f72595fdc1bd6cb0f3dfc12c56c6b 7818dc46983976ced19cb9106d58f55ec10b790c70fc744c8e110ff9169e3cba
EXPORTER_SECRET a243f51d1165fbc880de57d5a1a9720a0f8f72595fdc1bd6cb0f3dfc12c56c6b 794a7b39de36c4a45326f3b071750e131182fd91ba2790a4a161844a450cb1f2
CLIENT_HANDSHAKE_TRAFFIC_SECRET 0254ba462d4557b6ff34d9e5e58cfc9efbeacb48a3c3ba701267e12de0117c24 349d8ceef6f192de75c61cb7ea0303235209a58071ca8fb5fecfe0823cbd7377
SERVER_HANDSHAKE_TRAFFIC_SECRET 0254ba462d4557b6ff34d9e5e58cfc9efbeacb48a3c3ba701267e12de0117c24 395ca2580cc03321d0ae7d59e061a9da187c95f692042e828b2484b23de4f1f0
CLIENT_TRAFFIC_SECRET_0 0254ba462d4557b6ff34d9e5e58cfc9efbeacb48a3c3ba701267e12de0117c24 b5c7dcf2713bef7ed8d1f87384e087265044ab7ca930860af064ca3072d144cd
SERVER_TRAFFIC_SECRET_0 0254ba462d4557b6ff34d9e5e58cfc9efbeacb48a3c3ba701267e12de0117c24 fc19b5209a66fb8c105635e4ff87748e17ba9a9494b83d43a70709fbc828d840
EXPORTER_SECRET 0254ba462d4557b6ff34d9e5e58cfc9efbeacb48a3c3ba701267e12de0117c24 452db3c2c904ac84c8c024ac047ef3506ab9490151a470b9e950e88e4fad61e4
CLIENT_RANDOM 5dfa943ccd6f8b3afdd4b01c98380e37f50311344b24cf350adb80ac682439ca 20283de776c40eb10a9170db899f68c907bd8aa58c15c092d16a983b0b65a9d139666d01703b49a8ab365934e7326da7
CLIENT_HANDSHAKE_TRAFFIC_SECRET 6a408680a65a9377ba3ad0558eb8604563def2f9172df73e6766481d7a65ab6d c9c7076e013bf3cf91707215271aa9d6f8082ddaf62e1ffc1e71a33bc1274486
SERVER_HANDSHAKE_TRAFFIC_SECRET 6a408680a65a9377ba3ad0558eb8604563def2f9172df73e6766481d7a65ab6d 7131f67990cbf39c525d696a9ee0f0b5439d18c48f6ec24b059687da7f491497
CLIENT_TRAFFIC_SECRET_0 6a408680a65a9377ba3ad0558eb8604563def2f9172df73e6766481d7a65ab6d 8011a22b66540aaa632cbb3d2c5e79b9da81b534f0c60cb20fe712a5fe905a68
SERVER_TRAFFIC_SECRET_0 6a408680a65a9377ba3ad0558eb8604563def2f9172df73e6766481d7a65ab6d 62cf8d00f290b2475d76bfd483bfb541c4aced71da7dd457f47db185388dc4b6
EXPORTER_SECRET 6a408680a65a9377ba3ad0558eb8604563def2f9172df73e6766481d7a65ab6d 16e90190df673a778004b3e05ac09152d907dd1ed79ecd39249c8221fdfe7774
CLIENT_HANDSHAKE_TRAFFIC_SECRET d73e1a7b200c444c865953cffbce8e69600914816c1496dd46de8180973a647e 051e53f5d084aea9baf4fd8e4c70f9ee610af0d33f9ad4b37a126de61a341b7da65dddca254ad6b8e3903c87b4ac39e3
SERVER_HANDSHAKE_TRAFFIC_SECRET d73e1a7b200c444c865953cffbce8e69600914816c1496dd46de8180973a647e 89ebb3cf99ae80d299a6e250663a2d876bcea6b31a7fcd265dd37a12beb3f9f937577576734e1d4448b6a9e869782ffc
CLIENT_TRAFFIC_SECRET_0 d73e1a7b200c444c865953cffbce8e69600914816c1496dd46de8180973a647e ec1b18786d0e79e6c5578eb3296cd09f689a89d7ffa51c2e976e18e2ccc36e9e4ef6c67c27f817892d4f6da1fa30ebc4
SERVER_TRAFFIC_SECRET_0 d73e1a7b200c444c865953cffbce8e69600914816c1496dd46de8180973a647e 3b8a9b7937804935d0f540ba989ab1fe4ac7fd4913ae4c632ea7d1636f128146622956e5a50868785d7d526786257ab0
EXPORTER_SECRET d73e1a7b200c444c865953cffbce8e69600914816c1496dd46de8180973a647e e314a7b9d341a152e7a2fb0e414acc160ae65f764b5a3f8db5adc4858fb0b1b6071b09f1ff8eeefb0d948c1c7667d905
CLIENT_HANDSHAKE_TRAFFIC_SECRET ea0aa57049ed1d70a8619fbbb6780e4af41f930758e1d3feeea372626e1282b2 c8f02effe8434399f33a3bb47f0a5974b532b54423ce4954e8b1e879c5daf35d09b46560883414b35896564d263f0a1c
SERVER_HANDSHAKE_TRAFFIC_SECRET ea0aa57049ed1d70a8619fbbb6780e4af41f930758e1d3feeea372626e1282b2 19bff65cefa48f328339e31a41a3f648cccb7de73e63115b5569aad62dcb496df56c333b0bbcddd7391a43a8341f6e70
CLIENT_TRAFFIC_SECRET_0 ea0aa57049ed1d70a8619fbbb6780e4af41f930758e1d3feeea372626e1282b2 07a5a3e5d9913e74266e5290ec9b1168f1f1cdafe7733c8afaf6ff7612fdee0f2a4aba7053960e1a761ac4f893244e86
SERVER_TRAFFIC_SECRET_0 ea0aa57049ed1d70a8619fbbb6780e4af41f930758e1d3feeea372626e1282b2 10745e2f175933217988c4796cfdc4466951f62acd96163faf4e21191c506157372dce5d1164bdeba6794e7106386f12
EXPORTER_SECRET ea0aa57049ed1d70a8619fbbb6780e4af41f930758e1d3feeea372626e1282b2 74e71b0cb4f693330075f41fcfb4e6637367e55b50156eea7552d5b71cc7e3b87f9f499f9915d9b4cf855f6347854398
CLIENT_RANDOM 6735911b125734e305a858d5ab5acb601fe59d51b16eb10c3e26717ede79f09e 6fce8cd796168d998d169034af5096b95f41f7ae7fe7555a049f5d04bc8413cfe79c814abc85939dc18bc8f38a81317b
CLIENT_HANDSHAKE_TRAFFIC_SECRET adc9452d780c544f0a77fc6fc35ce7415155a6fbd220a0d2eef741444195e524 f4401e441d8b5da69e07596ad3e72c550d0a497b446f4f5496202176e91960fda64d64c1e0ecec0eb4fcf2bacb037cd9
SERVER_HANDSHAKE_TRAFFIC_SECRET adc9452d780c544f0a77fc6fc35ce7415155a6fbd220a0d2eef741444195e524 137bc8fe45efab04bcfb36f6461aa9105f3586c56ef8e7dbaac4e5d43d71e554b5cf06c5afaa35b64f61f01eab9db439
CLIENT_TRAFFIC_SECRET_0 adc9452d780c544f0a77fc6fc35ce7415155a6fbd220a0d2eef741444195e524 e04cd7e7b007a4e44e7eddc64baaa62a1c6fe4bc648234053ba321b134aa326848a6527c3163e29b63794c2ab722929b
SERVER_TRAFFIC_SECRET_0 adc9452d780c544f0a77fc6fc35ce7415155a6fbd220a0d2eef741444195e524 8b61017f6f37f7b58dd31b9c4f1ce58b351bd74be5232eb0fb55fb50ae6fc7adca94815e47f794301da926f6c01320d8
EXPORTER_SECRET adc9452d780c544f0a77fc6fc35ce7415155a6fbd220a0d2eef741444195e524 f0196dbb0d0384baf0e6615bd8e23d807a7b20fce5c07944e61bad0cbbc718b43adb947a4d2763625876ff92de3eb8b5
CLIENT_RANDOM 93e2c84f06d54edc0e69baaa666fff1dfda25fba5b2ce1e495f5eb0a2b7acb97 ec6de420fed8d3cd84d8843a0c66c476dd61661f1ca22fb7daf8b3e73962a1db1bf8bbc89118c8b397e4d9748e2cf01a
CLIENT_RANDOM 19d82e44f6a3d0f5d5bc88957152bb8f44ba387c78bf6b6ecbdbeef553054a7d f75a37e84cde0114670e0ff2c4cd54c30416f3f6e8e6741e2bb41e76443702fadf1f1f6f855fe054f56fe74d7da92965
CLIENT_RANDOM dff5a64f99bf148ac83d24aeee23328e7ca1eb00105ffc69d947555abdce974d fde512820434972598f5ab61c196342af0825df99621a7a09f56bc70204c0e241e8978405b03aab45192232dd36581fe
CLIENT_RANDOM f466415be6112dc9829b829933b600e4846c5f7c2cf3e19d5bfa382837475e52 61934c5b064d7a51c76aa728f13a0755db1d46170ed5f4c56e03dd1081d17be3f5c8919757d32fa6d484059437240e5c
CLIENT_RANDOM 8996d2cedf3726f32e694783dcd76d8939132cd1d28794858feccc3824c41ad5 a0358eafcc07ac2deeca0c92c8258a64521caae7d803cf57512f6d707314b30090590d9bbbb18eaa50a6aa5b2771d34a
CLIENT_HANDSHAKE_TRAFFIC_SECRET 5c8e01bbd303b8617189be61c269e241499e141aebb7be0d48acf9b8b78934ba fba66eff812942a81b32a9bc57ca1c9aa7419c38f7c0de248b207a5a014ef4c2
SERVER_HANDSHAKE_TRAFFIC_SECRET 5c8e01bbd303b8617189be61c269e241499e141aebb7be0d48acf9b8b78934ba 81a624cf7a8590d988c3729206822eeb1f9aa223d7692638cb3a31785641e482
CLIENT_HANDSHAKE_TRAFFIC_SECRET 92ca0c5462aa003956fe32006f97c62fdb2918cb87db0ea53a169af30506fba5 81225546b13e2feb62a281cd081ca4f2e5a61dea6cc477cabe1f89ac1fe8e3c2
SERVER_HANDSHAKE_TRAFFIC_SECRET 92ca0c5462aa003956fe32006f97c62fdb2918cb87db0ea53a169af30506fba5 e4bc93b4dde30006acd384d42cfb905b9f1b3c5acfef0753280a53b150268ad7
CLIENT_HANDSHAKE_TRAFFIC_SECRET 39ca959f8e9fa5700483902598bdf232cf6f1685cac72302e8566ecccce00ec4 3503edec8800180219c692e8963b212ba5cef54dcd22ac6a0c5b9b1164bdaa10
SERVER_HANDSHAKE_TRAFFIC_SECRET 39ca959f8e9fa5700483902598bdf232cf6f1685cac72302e8566ecccce00ec4 8b5475787306e64af6892898a558ea530fa705112eb98a6c8bad8d46d8065244
CLIENT_TRAFFIC_SECRET_0 5c8e01bbd303b8617189be61c269e241499e141aebb7be0d48acf9b8b78934ba 91b0b1b06b3ff63af8dcb482231796867f68ecbfd94bedb3bb019431a90d734f
SERVER_TRAFFIC_SECRET_0 5c8e01bbd303b8617189be61c269e241499e141aebb7be0d48acf9b8b78934ba 7f6dac24c3abde0070eaecbd879e4f8702de5b04787e101032904aab5e60ef78
EXPORTER_SECRET 5c8e01bbd303b8617189be61c269e241499e141aebb7be0d48acf9b8b78934ba b5fc19ab30cf21a2ad32858ee3bb01d542ef6c343683b7e4a20a360fc86325a6
CLIENT_TRAFFIC_SECRET_0 92ca0c5462aa003956fe32006f97c62fdb2918cb87db0ea53a169af30506fba5 09cce0dd2514e4555c9751e76aa15e840f13ed32ee0013569c2bf88e764cc1a0
SERVER_TRAFFIC_SECRET_0 92ca0c5462aa003956fe32006f97c62fdb2918cb87db0ea53a169af30506fba5 8bdbc14e1ca4f98a33d16db29ec26c84ac7ee8f546137997120d030b2d83beb3
EXPORTER_SECRET 92ca0c5462aa003956fe32006f97c62fdb2918cb87db0ea53a169af30506fba5 42e02603da89589cd348f9618fac8ad52f235efa2394356d2fc89762f235471d
CLIENT_TRAFFIC_SECRET_0 39ca959f8e9fa5700483902598bdf232cf6f1685cac72302e8566ecccce00ec4 ff81eb7794aa6d0cf698d833b2c36fc79dc406a899d63c8749f2ac828b582abe
SERVER_TRAFFIC_SECRET_0 39ca959f8e9fa5700483902598bdf232cf6f1685cac72302e8566ecccce00ec4 118aa20c1390d13285d6cbcebac5bca48c57d39d520937544b1d0434e3d88180
EXPORTER_SECRET 39ca959f8e9fa5700483902598bdf232cf6f1685cac72302e8566ecccce00ec4 e7ed8696f690a2f07dbcb19db6a2d4725b3f7b954d5795d3dcbffab1ddeb7be9
CLIENT_HANDSHAKE_TRAFFIC_SECRET 60715ad4725659386a0fd4c6cb4237874b5a2d67a474e01800db39c1ce01089a fad85c587a9d598c6c9eeca71e74dbe85c10729d2be629a3bebcff1042d79ebb
SERVER_HANDSHAKE_TRAFFIC_SECRET 60715ad4725659386a0fd4c6cb4237874b5a2d67a474e01800db39c1ce01089a 00c219b3077eb8e098ca47a4d4218af5ca6ef8bb6141a5aff6e8324184fc8cf3
CLIENT_TRAFFIC_SECRET_0 60715ad4725659386a0fd4c6cb4237874b5a2d67a474e01800db39c1ce01089a 7894c140a6ca53eb38e470f139754c275a3bd04a54083c2c12ed22b8f9120658
SERVER_TRAFFIC_SECRET_0 60715ad4725659386a0fd4c6cb4237874b5a2d67a474e01800db39c1ce01089a 4fe3ab3e7ec5f89e78666dc761ea38101e6174bfd4de3f6a49c3a980e565356b
EXPORTER_SECRET 60715ad4725659386a0fd4c6cb4237874b5a2d67a474e01800db39c1ce01089a c662a9e01b5211b8ea60bbe0abef6d93e3f94da98129d2b2a3be1342fd607789
CLIENT_HANDSHAKE_TRAFFIC_SECRET 26d8ec0642bffd033209f57e8fd8a79a192354890fd90e0fb0dac6aafb451acc b1f6d93d20ecce1ed3ee571e5a765b55b78dcfd9959c7e2c2d8c2df6923a006b
SERVER_HANDSHAKE_TRAFFIC_SECRET 26d8ec0642bffd033209f57e8fd8a79a192354890fd90e0fb0dac6aafb451acc 1e97e00a10660d8861858fea7f133b23ed4bf819530d35228beeb6cb3afc59d7
CLIENT_TRAFFIC_SECRET_0 26d8ec0642bffd033209f57e8fd8a79a192354890fd90e0fb0dac6aafb451acc 1095d0f8a6c40b5c940339fe83f6eb95983d51bd2618c690562033aa65393bfd
SERVER_TRAFFIC_SECRET_0 26d8ec0642bffd033209f57e8fd8a79a192354890fd90e0fb0dac6aafb451acc 14164a06b7baaa11aab47907b5165595415f41160fb584b7b90995be15e54236
EXPORTER_SECRET 26d8ec0642bffd033209f57e8fd8a79a192354890fd90e0fb0dac6aafb451acc 65868bbb2e657a4fa5bb5548396950cb54eba3046b69f6b0bb819924e2184293
CLIENT_HANDSHAKE_TRAFFIC_SECRET ce587331ff59b58fddb84c9c3c98c64783fe1e81b97400bb654d294fdee70247 d3512ff1b8edbba93966a8a0cd6d0bd9e291901b0d95fbe32da838320b664f98
SERVER_HANDSHAKE_TRAFFIC_SECRET ce587331ff59b58fddb84c9c3c98c64783fe1e81b97400bb654d294fdee70247 3b513fd6a0f9a7ac8eef2259dd11c5943fe3466a04c703be13adc353a3eea75d
CLIENT_TRAFFIC_SECRET_0 ce587331ff59b58fddb84c9c3c98c64783fe1e81b97400bb654d294fdee70247 e7b813f4554976fb846bedffef5181abd52fc8a5d7ff635da701fe05c4f31826
SERVER_TRAFFIC_SECRET_0 ce587331ff59b58fddb84c9c3c98c64783fe1e81b97400bb654d294fdee70247 7d59c928d7a38d272147f14a77e74eb55417dd59dfe12fe1958cd3c6b32a913f
EXPORTER_SECRET ce587331ff59b58fddb84c9c3c98c64783fe1e81b97400bb654d294fdee70247 a80ddd97999aa261c36c5f046f02ab64674c5f72121dc8d03cbdf004a3508340
CLIENT_HANDSHAKE_TRAFFIC_SECRET 68d98e23435533b459245c514e8336f3019df32f228bdf87a16e57bc6f306a87 6f73ec5d3884d1cccfbb4137ef7f6d44e5a5d402b2edbeff7424ee7ec74463ef
SERVER_HANDSHAKE_TRAFFIC_SECRET 68d98e23435533b459245c514e8336f3019df32f228bdf87a16e57bc6f306a87 b3325be17fb672d6e319df4bffd690dd1d0411028772ce49a924be468ad397ae
CLIENT_TRAFFIC_SECRET_0 68d98e23435533b459245c514e8336f3019df32f228bdf87a16e57bc6f306a87 897d0e4c4bf8c38623010235be577b4a090bce2b06e8190fe9fd7edd689d0b3c
SERVER_TRAFFIC_SECRET_0 68d98e23435533b459245c514e8336f3019df32f228bdf87a16e57bc6f306a87 adf8b9e10efd173208e73d18241ebba840dd00b1832e7a3317b5fe6a27f3db60
EXPORTER_SECRET 68d98e23435533b459245c514e8336f3019df32f228bdf87a16e57bc6f306a87 a785b618d1f84934242fe9a42326a548d1ee385f1ea91e282cd02887e257d50a
CLIENT_HANDSHAKE_TRAFFIC_SECRET 437ea8ab7e91da7014044626939b993bc8199b6ce0ddc9e8eb707c8d7714175f 3a4456f553e96ca6061a938c90c31aa1e2cf4bca09df906cce6140e86b1488bb
SERVER_HANDSHAKE_TRAFFIC_SECRET 437ea8ab7e91da7014044626939b993bc8199b6ce0ddc9e8eb707c8d7714175f a4e4ab142ae9f0d85e277a9db49bc82ae48a81321df612bff28baa2672f49b90
CLIENT_TRAFFIC_SECRET_0 437ea8ab7e91da7014044626939b993bc8199b6ce0ddc9e8eb707c8d7714175f 72db32ca6dff8f8d78e056c4b9b996d8a083e0986791c6ed4a8f5ff54e045d0c
SERVER_TRAFFIC_SECRET_0 437ea8ab7e91da7014044626939b993bc8199b6ce0ddc9e8eb707c8d7714175f 3f67aa52cb1689fefb54dad2b81bd27f1146e8f2d3b99ae9c4480ee4ae21eb6e
EXPORTER_SECRET 437ea8ab7e91da7014044626939b993bc8199b6ce0ddc9e8eb707c8d7714175f f052fd2939aa844bb4f947b3dfb5c0dc1783cbd0d7e499371a438d6133a02296
CLIENT_HANDSHAKE_TRAFFIC_SECRET d7fc8c4264ffcc7d9a28ed4ed97c5406cbd3013de8b41f33c8db4e7f7b0336fb eb88446058620a7fc6f41cfaa0bf637d51249fe777a9865c2ded80c45a4432c3
SERVER_HANDSHAKE_TRAFFIC_SECRET d7fc8c4264ffcc7d9a28ed4ed97c5406cbd3013de8b41f33c8db4e7f7b0336fb 556c6d2da6bb3c767c62a35d7de3638883cd8333a167413984f9ddda935e10ca
CLIENT_HANDSHAKE_TRAFFIC_SECRET 17099ff9da60133b9468bd297878af2e4d26e8bf5dc75b934ad65d151078b6ba d1e88814d2123bf5c1c415fd2e30fa1e427f7c79d333d11841a66323bff4c817
SERVER_HANDSHAKE_TRAFFIC_SECRET 17099ff9da60133b9468bd297878af2e4d26e8bf5dc75b934ad65d151078b6ba 291f469300c6ffcd098bf9cbb02c7e8cdd84625336450fdb993f34f93c247c92
CLIENT_TRAFFIC_SECRET_0 d7fc8c4264ffcc7d9a28ed4ed97c5406cbd3013de8b41f33c8db4e7f7b0336fb 395cef38489382a89574a5a3a4acb0286f6e456804ff2983cbe5f8a3e91583b1
SERVER_TRAFFIC_SECRET_0 d7fc8c4264ffcc7d9a28ed4ed97c5406cbd3013de8b41f33c8db4e7f7b0336fb 1842f0c7608ef842fec4edca37e49133c481be4dda369ffede1d3965dbee0ec9
EXPORTER_SECRET d7fc8c4264ffcc7d9a28ed4ed97c5406cbd3013de8b41f33c8db4e7f7b0336fb 785fc2b6c8f67d6a377422fd14344c60e7a0cb89418c9f0e5b4d887f3774cffb
CLIENT_TRAFFIC_SECRET_0 17099ff9da60133b9468bd297878af2e4d26e8bf5dc75b934ad65d151078b6ba 49c7749ead0473084e45e842f82bd35978b4be6e63e743a35d9e1151f5efb76e
SERVER_TRAFFIC_SECRET_0 17099ff9da60133b9468bd297878af2e4d26e8bf5dc75b934ad65d151078b6ba 03f9442591983c41294e1ea8ca82dbaba205df282c574f0e8ccacd651bd05933
EXPORTER_SECRET 17099ff9da60133b9468bd297878af2e4d26e8bf5dc75b934ad65d151078b6ba 8d0e518c712d9d25bc5c19ac6da78248690b3b6b4a13a7433ae0dd40549b79bc
CLIENT_HANDSHAKE_TRAFFIC_SECRET 94f04b2fcf0feff981c8d8117fc45b39b1cd55d92c2fcac39f6609286461a922 99fb1a3536a6e4481b84eeb91219db8f3a5eafaf957845b8bb0fd9af5252e8f3
SERVER_HANDSHAKE_TRAFFIC_SECRET 94f04b2fcf0feff981c8d8117fc45b39b1cd55d92c2fcac39f6609286461a922 90a02ed18b4b03a1117ca4e93de631b2a6c3b72859fafe4c7ad5eac3a8e34c2b
CLIENT_TRAFFIC_SECRET_0 94f04b2fcf0feff981c8d8117fc45b39b1cd55d92c2fcac39f6609286461a922 028f1bcdc24df21f3ab5ef6dcf5caa46a8748beee63f45350acd4df2714f7ed7
SERVER_TRAFFIC_SECRET_0 94f04b2fcf0feff981c8d8117fc45b39b1cd55d92c2fcac39f6609286461a922 da180866df89a7efed3f88f7dbda4f7215d5b8f9b9e81578295b991750d76d30
EXPORTER_SECRET 94f04b2fcf0feff981c8d8117fc45b39b1cd55d92c2fcac39f6609286461a922 039d1713818af01a5a5fea7c44fe575c84d4765339e6c214bdc60203d26596d5
CLIENT_HANDSHAKE_TRAFFIC_SECRET b7151a0dc3d7b56ae3d817bb6f9e4d2bafeaf8309147593c7b06f23770b6de87 ac0d6f7e0900323ac495c8577777d911feb6b1e7a29d500f6a229cc5a1264cb1
SERVER_HANDSHAKE_TRAFFIC_SECRET b7151a0dc3d7b56ae3d817bb6f9e4d2bafeaf8309147593c7b06f23770b6de87 8068d21a7daf82bce9953b57f83aaf018d1e5cb720f686fbb1b60b9f0fa81ccc
CLIENT_TRAFFIC_SECRET_0 b7151a0dc3d7b56ae3d817bb6f9e4d2bafeaf8309147593c7b06f23770b6de87 11c3e3578660458364c396087810a5a477fdedfa1a5b1da1d008f06829ed88e7
SERVER_TRAFFIC_SECRET_0 b7151a0dc3d7b56ae3d817bb6f9e4d2bafeaf8309147593c7b06f23770b6de87 6a815804733519d52f2b9986948e29a0c4bb27272c5e0f3e2ef063914457c7f0
EXPORTER_SECRET b7151a0dc3d7b56ae3d817bb6f9e4d2bafeaf8309147593c7b06f23770b6de87 629dda3d695160b05de74f67e8b3ad874fe2962d7b5406e520f878aeda36c80b
CLIENT_HANDSHAKE_TRAFFIC_SECRET 3cb71ff2a6762e1757efe53e3ad166579e0223e15cb325845b344c3363d5796e f60043df209c0fda32263e847163b8fc5fa12a8a6c734ff3b1d2559e7c84ce67
SERVER_HANDSHAKE_TRAFFIC_SECRET 3cb71ff2a6762e1757efe53e3ad166579e0223e15cb325845b344c3363d5796e 1255dc2583e1f3fd133ceefa904779ab22f41c72e71c2c14c8255529d73bdbcd
CLIENT_TRAFFIC_SECRET_0 3cb71ff2a6762e1757efe53e3ad166579e0223e15cb325845b344c3363d5796e a59d0045499fa117dfebbac97757ba7e0c0b2078d78027e2c30ddbbb3fefcad9
SERVER_TRAFFIC_SECRET_0 3cb71ff2a6762e1757efe53e3ad166579e0223e15cb325845b344c3363d5796e 22658cad1d0b7653e953f32632ce132af0de177b376671e5b3683eec3b296771
EXPORTER_SECRET 3cb71ff2a6762e1757efe53e3ad166579e0223e15cb325845b344c3363d5796e c83c9d77c9c134478a655194eccdba7673816a07af92b8393597ad66288169fc
CLIENT_HANDSHAKE_TRAFFIC_SECRET 3ceeacfcd1e8cdce7ddee4b8561eb0775d7b785ff432d3438dbb208e16363db7 8da541e19d59baf6b9d60cd72e6dd19b39b84e89053772c61e89d17c68b318c6
SERVER_HANDSHAKE_TRAFFIC_SECRET 3ceeacfcd1e8cdce7ddee4b8561eb0775d7b785ff432d3438dbb208e16363db7 17e5dde2ac27d87d1da980803c0ad622526192efde2f4c73266d53e74cd9565f
CLIENT_TRAFFIC_SECRET_0 3ceeacfcd1e8cdce7ddee4b8561eb0775d7b785ff432d3438dbb208e16363db7 6468186a6ab1f63567f228c9f4dc5ba51091e562e73ef0fb413728ca1dff59d1
SERVER_TRAFFIC_SECRET_0 3ceeacfcd1e8cdce7ddee4b8561eb0775d7b785ff432d3438dbb208e16363db7 bb5ea3c39005de4b8c6070bf2b5108b6f4e603ec1fda7d3aba09f19247f33a91
EXPORTER_SECRET 3ceeacfcd1e8cdce7ddee4b8561eb0775d7b785ff432d3438dbb208e16363db7 9d9548b6f2791be9065bea32f1f91a87ff14b3ada55c358eefa991108e81d682
