CLIENT_HANDSHAKE_TRAFFIC_SECRET d6eea88b473a98ceb656a9beb4f6296459d52695f84fefc406cf966402db4d00 20177db2b98b1b2e2d6a040b46ac01ed0e0f425dc0e8efba7edfd142a9aa4a56
SERVER_HANDSHAKE_TRAFFIC_SECRET d6eea88b473a98ceb656a9beb4f6296459d52695f84fefc406cf966402db4d00 aa66a9f672009591611b2218b9a7dbb12e0c1b3524669465604cfcd1a395a026
CLIENT_HANDSHAKE_TRAFFIC_SECRET c4fa50cb95a93be7f90704fd64dd2973a8ee1fadd695308873d4b403bc9fd39c adebbeea4ecf6322cd6a9a5401b724a61252a75be2431a10d058cc5ae372a6ca
SERVER_HANDSHAKE_TRAFFIC_SECRET c4fa50cb95a93be7f90704fd64dd2973a8ee1fadd695308873d4b403bc9fd39c 33de718e5e325209c350a092718c9a1b1092cd8013ae989b6d5fc1058d63bf80
CLIENT_TRAFFIC_SECRET_0 d6eea88b473a98ceb656a9beb4f6296459d52695f84fefc406cf966402db4d00 36c511a32ccc118df9d9fc16e0a19f2bae487dfaf19343097512605b00379732
SERVER_TRAFFIC_SECRET_0 d6eea88b473a98ceb656a9beb4f6296459d52695f84fefc406cf966402db4d00 7d5f986729ae7e353a2531ece29b5b4a1a52ba65e039744fdc2ed8a34788bf0c
EXPORTER_SECRET d6eea88b473a98ceb656a9beb4f6296459d52695f84fefc406cf966402db4d00 711369f57a5db96f7e531a02d5673ae5f728f47c2167e72e699be3dbedb6ab3f
CLIENT_TRAFFIC_SECRET_0 c4fa50cb95a93be7f90704fd64dd2973a8ee1fadd695308873d4b403bc9fd39c fe2630297a3608a5a769decbcbbb521f432550c44015e8b3b4690e1c67481b79
SERVER_TRAFFIC_SECRET_0 c4fa50cb95a93be7f90704fd64dd2973a8ee1fadd695308873d4b403bc9fd39c 13b04ae5e4f1afb86632a4f35d964f696bab53a5f4095da42a8fdb7501b6fe28
EXPORTER_SECRET c4fa50cb95a93be7f90704fd64dd2973a8ee1fadd695308873d4b403bc9fd39c c3e54d200ede8834dca0f25fcddec809b60ee882b4cb50a04f18d0328c1e1fca
CLIENT_HANDSHAKE_TRAFFIC_SECRET 340b901b20e60406c97cdc19f6c65f15f88cb171e81fab35cf9b37ab012f4cdd 38810a2aeac7599c1da71d59096ae1ffd42072a8f07d9d556d460656a573719b
SERVER_HANDSHAKE_TRAFFIC_SECRET 340b901b20e60406c97cdc19f6c65f15f88cb171e81fab35cf9b37ab012f4cdd 4b10a1f2ebd6f8b3f001caed1de1572d0381bf253dbfda043131e5fe73e554c9
CLIENT_TRAFFIC_SECRET_0 340b901b20e60406c97cdc19f6c65f15f88cb171e81fab35cf9b37ab012f4cdd 94b291460a9d8ea6352fc6aff6ba00f3d45290ebc1187f65057c941f1bc8e40e
SERVER_TRAFFIC_SECRET_0 340b901b20e60406c97cdc19f6c65f15f88cb171e81fab35cf9b37ab012f4cdd 66d385cecc9a4d2522f9e7e1404b1d5d5e0245a64f96e5c0f7d5fb773fe12cb8
EXPORTER_SECRET 340b901b20e60406c97cdc19f6c65f15f88cb171e81fab35cf9b37ab012f4cdd 6883e90736fbd098e9a99992b38b4d1f044c2fb719f9cdd7a2e14a7b418379b0
CLIENT_RANDOM 2b0e5f6bfda6d8700377547ea8247fd93460a6137fa694909410deccee36cb2e d863e9130ad39ecd3ad28ad995ec1e645bdbd223b1134c9735a1b140fc81364eb34dc6752e011587a84b770fb07c8f4a
CLIENT_HANDSHAKE_TRAFFIC_SECRET 6f870712363e69ef037569cfd40a93909ff10512bf17167f45ce8bef7360d1aa 7f4d20b06dd96aaa204ae0ce422500fb35c985d38b2573840bca57b69bd3dfe7490170e72bf108ac5dfa9f87fb935f7d
SERVER_HANDSHAKE_TRAFFIC_SECRET 6f870712363e69ef037569cfd40a93909ff10512bf17167f45ce8bef7360d1aa a049cf2205a3cbc9df4076f647b9314b4f773fdc3f2da0146e17641d344073f509137bb2a0c8c82dd4f3be567f30019a
CLIENT_TRAFFIC_SECRET_0 6f870712363e69ef037569cfd40a93909ff10512bf17167f45ce8bef7360d1aa 921c7b48304d9768ef57c4e3315f37f89a4ac5477b8750f26e8c9b594da545f1fc99e4484b5d55249e78118ee3c4819a
SERVER_TRAFFIC_SECRET_0 6f870712363e69ef037569cfd40a93909ff10512bf17167f45ce8bef7360d1aa 4daadb4e4860ed0147bfc21e6c10f5b428a58b6222eb0b52e7bb745b009705ad37b631fce5d6f2ee6663b824050d59e9
EXPORTER_SECRET 6f870712363e69ef037569cfd40a93909ff10512bf17167f45ce8bef7360d1aa 9469685c5dbb87bcd1a5fe8028f3403703e9ca4dcda4468566885b0a11c1c78793da5a49d5265b7e06a3918a71b9e8ae
CLIENT_HANDSHAKE_TRAFFIC_SECRET 9453f766402f01076dcc467e7025d4123bfdeac8fb40b2727cc91158e8d58607 301a085698dbb749422c2b80083c366b97595921e7d5a92a934d1b7126996b95e69bff57437a94d302953f12cc52a79b
SERVER_HANDSHAKE_TRAFFIC_SECRET 9453f766402f01076dcc467e7025d4123bfdeac8fb40b2727cc91158e8d58607 3d46ab6f25d1d428e95cf4bc02dd9e23825b2b88d8bf8533518473bec4a284f2c4ec33ffd73a571d209a9053f1cd1f98
CLIENT_TRAFFIC_SECRET_0 9453f766402f01076dcc467e7025d4123bfdeac8fb40b2727cc91158e8d58607 e3143a4f8c29568fe6ff618b567b3cb6fef6369670b2a416f653668154b465c816548c6d5ef4082ffbc46841e40c139f
SERVER_TRAFFIC_SECRET_0 9453f766402f01076dcc467e7025d4123bfdeac8fb40b2727cc91158e8d58607 a9cd3b99b5dd363549ab81d0c15c790bd1d2cfae41fd4dd05583375f2deb42c6b5eec173962d86770ae14ec7c13cb8ae
EXPORTER_SECRET 9453f766402f01076dcc467e7025d4123bfdeac8fb40b2727cc91158e8d58607 21db1e75a108e7c40267f076aafbf54a5f742e2e1f3b7fa7a790266fc9063f4188231153a271c92a18a955f69527c826
CLIENT_HANDSHAKE_TRAFFIC_SECRET 4b0651c3a3e92952e6a2e9e1ebb6fa7fb0a0ac8e90a78a004e6784a5140006e2 2d6894bab5212fc5ee51e2f84e89e281145cb6422639891a5e0105c9e6c92135e2b636b0a84a1a3d0a197f2ceb5ab267
SERVER_HANDSHAKE_TRAFFIC_SECRET 4b0651c3a3e92952e6a2e9e1ebb6fa7fb0a0ac8e90a78a004e6784a5140006e2 07abd373656f73a4dde11ea0d5c61ea1710fbe279462c61e648f8252ed2c4b01ac4f3b0c824e9f3b0f816fd17f0f38c0
CLIENT_TRAFFIC_SECRET_0 4b0651c3a3e92952e6a2e9e1ebb6fa7fb0a0ac8e90a78a004e6784a5140006e2 735ef18853039657f5f48691399e17841fed7471aadc9efd215aaf07a76f29f24bf95f93241d61685586a3b20bc7c754
SERVER_TRAFFIC_SECRET_0 4b0651c3a3e92952e6a2e9e1ebb6fa7fb0a0ac8e90a78a004e6784a5140006e2 371d87357d514176df94dc5280801a29df8beb52ffdf60ea1d8e26849cd89da3c07e98260d55d77d48deca94de298b8e
EXPORTER_SECRET 4b0651c3a3e92952e6a2e9e1ebb6fa7fb0a0ac8e90a78a004e6784a5140006e2 1932c0c1b4d3190db68585979517f93fef45b670c84a0cc1376e2f7a407c1e4286a54026920fb6698a864a61b9dc796e
CLIENT_RANDOM 00635b8e386360f76532c48e13a12f974548bf78ef1b90a962612a9d4bad3ab6 3d3ff25cc8ddb612d43089a00da9eb4950f1655beb295c9e44cdb687cd20b44204fcf4d9397b4f99374a02def0694e0a
CLIENT_RANDOM 5e3bf0dbd9bb7fa31b9fa67a1cb3ba379f356961df8e74ec40b67fb0af5250f8 a31abb78fb02b68e920e4cfe5833279894cdded124911769821d93287220fa8a7738c542efd1e3d68898c05d5a4f6cae
CLIENT_HANDSHAKE_TRAFFIC_SECRET c9b998701c56928f80e4c24ce26d0ac27bfc43c28de3390949eea304b878ca6e 0e03b999d3ecd1bd2391d676edfac797379db551b8effe167db96b233f1f6d84
SERVER_HANDSHAKE_TRAFFIC_SECRET c9b998701c56928f80e4c24ce26d0ac27bfc43c28de3390949eea304b878ca6e 8f8dd33d0d7bc1f59bf07f4665f041db9ee4e2653855e307bb3fda437c209adc
CLIENT_TRAFFIC_SECRET_0 c9b998701c56928f80e4c24ce26d0ac27bfc43c28de3390949eea304b878ca6e 467fb6e2e6926c145e3e6be6ff8488dbb03d8b572f15f84855ee67aea13edcd6
SERVER_TRAFFIC_SECRET_0 c9b998701c56928f80e4c24ce26d0ac27bfc43c28de3390949eea304b878ca6e f12c9500aa697fee99283adcd74c000c098c7b1a4f72ab9e75710ef5e387cda5
EXPORTER_SECRET c9b998701c56928f80e4c24ce26d0ac27bfc43c28de3390949eea304b878ca6e 45610c7f9f0200fc599dacd0b397de7a4c843cbbee6fb58d1ea0807ce5aca4c6
CLIENT_RANDOM a3800a405104a0612bffa0f6ffded50c6010185b7d12edd85c3e9e9b57be37f7 a9361ecc02eaf2f66eb1aea732194333a8c9c427f639d9b7699070ecd224898f48285bc5c4a4af440d034e77a54be513
CLIENT_RANDOM 9e5cd8e9fe091b7fb10adfb77aaf8cb3a99cee5a9c09cc48743f3a46a80cb173 e97e2bbc6f94c2ed007667c65c6359ffd62f8adcdf241d69fe869678eb24a07caedebc383505d7470013db2244f964be
CLIENT_HANDSHAKE_TRAFFIC_SECRET e4541b4997b2453e4cd04eb395490c3fddb2a3008be25eb411ab0d339d39bcf8 54c80de6fb7f6bd4ed0154ba2f9fbde9302e66564e3a96568df5d13b0a5c56f5142e58ad4d6b943e9f77d5aea95487cb
SERVER_HANDSHAKE_TRAFFIC_SECRET e4541b4997b2453e4cd04eb395490c3fddb2a3008be25eb411ab0d339d39bcf8 9a275ea2c14652b6405533d866bdd15381ede065d4d8beb7d98dd38dab7af8289d14209aa283443ad6c2ffe8dd27471d
CLIENT_TRAFFIC_SECRET_0 e4541b4997b2453e4cd04eb395490c3fddb2a3008be25eb411ab0d339d39bcf8 b764d380324b1c83569eeefba03412717c6cf3ea2eded12b67099c9f6873e3bd496b6494caa378efae4b3faf5b8be4ed
SERVER_TRAFFIC_SECRET_0 e4541b4997b2453e4cd04eb395490c3fddb2a3008be25eb411ab0d339d39bcf8 3a447d5861da6de3c5bcf8e38e489d335ee5e849cfdf13a36523ae46ecdfffc0958f4c648fdbf869a815ff44d4f3cd85
EXPORTER_SECRET e4541b4997b2453e4cd04eb395490c3fddb2a3008be25eb411ab0d339d39bcf8 333aa02ef7146c7fcb3aff4de3db3ddf909b279e9c4540272013e252eb218c373deddc77b2d9725b115ffcd88e31aa2e
CLIENT_HANDSHAKE_TRAFFIC_SECRET fee8944745c9b317ab24e813eca4c73eff3edba3a78a8617c9b7424b40e0e311 7a4d9c1413131fa07637cf6e783da1a7d399ea0458190a94693dbcc77b5cc8cbf0ad1cc26b830982fe6ae6093a9b36f6
SERVER_HANDSHAKE_TRAFFIC_SECRET fee8944745c9b317ab24e813eca4c73eff3edba3a78a8617c9b7424b40e0e311 92f2693cf9ad449932156179464ce64e1b36d3cfcc47466556a5b31c3467d93585747edc5b58ca79c20c7c2f74e987fb
CLIENT_TRAFFIC_SECRET_0 fee8944745c9b317ab24e813eca4c73eff3edba3a78a8617c9b7424b40e0e311 a9064a2c72ac4731db67ea44b9cdcbe26be0a4ed50a6bc3ce4cc1df118ad9c3696ea141e6d1c7129623073c29d9253e2
SERVER_TRAFFIC_SECRET_0 fee8944745c9b317ab24e813eca4c73eff3edba3a78a8617c9b7424b40e0e311 ae190bd9e4d8d55b9516eb099ecb64bc001f9c5b3dcdcaff6b1ce07621e2d9c1d78192ed018c6fbb8d73c64c09083730
EXPORTER_SECRET fee8944745c9b317ab24e813eca4c73eff3edba3a78a8617c9b7424b40e0e311 dddfb978812db29ad14643523df815289589c995f8146da503cc330b547c1f51523dbb184f5aee32af33037d28e36d6f
CLIENT_HANDSHAKE_TRAFFIC_SECRET 5c1fa07382098cdd6659a7b4fd3ad20f4db85eff2bcb8a42c9bda6ecf1a77093 57787da7f02c3d645c4ef342c8f80ecc4198b33617ee52592b67513fb35604e7849e4b54dc701de792486e41bee226fc
SERVER_HANDSHAKE_TRAFFIC_SECRET 5c1fa07382098cdd6659a7b4fd3ad20f4db85eff2bcb8a42c9bda6ecf1a77093 50e7594e59d41f472e15714f8d1531a6b4553f4dcc27077af894dce7d5cdf98426543d3b2ea68dbd9a0ba78c693d955d
CLIENT_TRAFFIC_SECRET_0 5c1fa07382098cdd6659a7b4fd3ad20f4db85eff2bcb8a42c9bda6ecf1a77093 3ebc0109fe8e2298fca4a31094061e41e815189c6948effdff3e56a3c983edac88de48853e422be1bb145049224a3dde
SERVER_TRAFFIC_SECRET_0 5c1fa07382098cdd6659a7b4fd3ad20f4db85eff2bcb8a42c9bda6ecf1a77093 ccff8e5d77e63dd222b26576cd99cdacf207392b29667702ebd46976840ff9e0e4c3915f382cbab83adca3c05d65085c
EXPORTER_SECRET 5c1fa07382098cdd6659a7b4fd3ad20f4db85eff2bcb8a42c9bda6ecf1a77093 eeef480236ddb134258c05fb4cb01b9229d9e14c0f606287dc163ce719f38fe3e307ccc664d6897f58da88697fdb59ab
CLIENT_RANDOM bac78763c62f50e20759c5d49e9b32e5c9f08c8389f950505652cd217fe5ca2c d7380dab0396f07a2d112746a7f36d80bbdb02ebdf1b9b284f7a21ad98d45f5ee3a05b4fe619e0e3d946f2a8e59cbb9e
CLIENT_HANDSHAKE_TRAFFIC_SECRET a3318ae245fa9aaef7b8e24335ddb76a6460267fb1ee64f13a92932b9147d8aa 85fe1e7ca64d5965c683280f29e3162dfe95d97e467566e2ebdb9d8d5cdc77851bc9e8bda17874496cc78f1ece6da1e7
SERVER_HANDSHAKE_TRAFFIC_SECRET a3318ae245fa9aaef7b8e24335ddb76a6460267fb1ee64f13a92932b9147d8aa 071b8cc0708f32d1d86aff0bc561e9996517a3b30ce88bcff054341c9d9ef6ff426769628a2b0daf3da9a2567976b07f
CLIENT_TRAFFIC_SECRET_0 a3318ae245fa9aaef7b8e24335ddb76a6460267fb1ee64f13a92932b9147d8aa 531c40200c8ade7896460aa2b74073f982ebb2c5e323432facd1ccd8b1cdcde712fff56f554ebf709c25e2dd9cc8fccd
SERVER_TRAFFIC_SECRET_0 a3318ae245fa9aaef7b8e24335ddb76a6460267fb1ee64f13a92932b9147d8aa 3e497e221d39d927164080502dd22cfc06053e5c9cb3ad0e2d61ba2e5892cea6e0eb4758b6486222dbad286586ebe5c9
EXPORTER_SECRET a3318ae245fa9aaef7b8e24335ddb76a6460267fb1ee64f13a92932b9147d8aa 6acf04a18203bc85f2df6be4a7b9420bdb938c91a3e650431246a19057a914ac4faaef4d4b5c0c7907b18f939a0cf96e
CLIENT_RANDOM c8b01a0110d6f8b3f47931639a1be51446e1ca2d72732f019d5d063a0b2638ba 0434fd597f9a3eb02b7c53218c100313c2cecc945eb654005f0e1fdc7dfff085d7ccfc41b65f07117faba7ae611ac827
CLIENT_HANDSHAKE_TRAFFIC_SECRET 858fc1083f6f8c46bbd029d3eae7d04486f797c44afda16a341cc08961708816 ce165948f763218feb394bf19780e51a18dbf6b1da99c61ec45be41fab2fabe63aac66a9e08c430baea3ba326d848138
SERVER_HANDSHAKE_TRAFFIC_SECRET 858fc1083f6f8c46bbd029d3eae7d04486f797c44afda16a341cc08961708816 cdb773419cf47200707721d78214c32bc0ffafaed0d06d2353fb223aaa9bf1e2705b6a85df0ea5cceef0cb486cafd92f
CLIENT_TRAFFIC_SECRET_0 858fc1083f6f8c46bbd029d3eae7d04486f797c44afda16a341cc08961708816 ea03971931a4787260c122e79adf494b48eacdccbe078415baabdee3654ec8b0445c432e307312c3feb54f8ae12a1ec9
SERVER_TRAFFIC_SECRET_0 858fc1083f6f8c46bbd029d3eae7d04486f797c44afda16a341cc08961708816 a51624bf24ee3c34e575043d88fd6647b413dafa0b7fba116cabbc4db275b6fba600d6069a743562378780105d707e37
EXPORTER_SECRET 858fc1083f6f8c46bbd029d3eae7d04486f797c44afda16a341cc08961708816 d5a470915aff760a6c50a4bb29c83515ea5de831d9e5b827d3f5b4179dace6ecf7414042fb3c3cc311cc8d9bd09ce679
CLIENT_HANDSHAKE_TRAFFIC_SECRET f7c28c5c87226cf7047a2fdb03224f0cc07c9a0a23963b7217d096fc2213670c f627572983ed5d1d27f63b498c07b975f582fce0a063378ae82a4dd72f2ac1df
SERVER_HANDSHAKE_TRAFFIC_SECRET f7c28c5c87226cf7047a2fdb03224f0cc07c9a0a23963b7217d096fc2213670c 62c44c7135ddc324c3c4a5768567de2e6d854403853fabc9d8e10ef52fe974f6
CLIENT_TRAFFIC_SECRET_0 f7c28c5c87226cf7047a2fdb03224f0cc07c9a0a23963b7217d096fc2213670c cf7b1b3ba0323ba93e91dde135c87a3aa0837e05a27ae5e9f5368ed7961a686d
SERVER_TRAFFIC_SECRET_0 f7c28c5c87226cf7047a2fdb03224f0cc07c9a0a23963b7217d096fc2213670c 0aef152d6f563a698ffea6c5e2253abbaa0ac010f79c59909bc32f85d057af57
EXPORTER_SECRET f7c28c5c87226cf7047a2fdb03224f0cc07c9a0a23963b7217d096fc2213670c ec41f6994ae250c9106d6073622b47f9b0ca52812d334fdeb8bbd58549c02f89
CLIENT_HANDSHAKE_TRAFFIC_SECRET 3ab55de8346bec4495ab5ebfec768a5044069d975a28a91dfe6446db575860ee 5b71dc8d303659f340468222c42100a5a1adf86c636333f381d86ae7d7da8688
SERVER_HANDSHAKE_TRAFFIC_SECRET 3ab55de8346bec4495ab5ebfec768a5044069d975a28a91dfe6446db575860ee 019a7fb23c62c81062647fd7cc13b585978bcd6cd217d2f864c5c9ca2a83d142
CLIENT_TRAFFIC_SECRET_0 3ab55de8346bec4495ab5ebfec768a5044069d975a28a91dfe6446db575860ee e6aa908e8e3aa136536d40430c4ed2dc4afd0cb236fe9431eab43ef4aaff54a8
SERVER_TRAFFIC_SECRET_0 3ab55de8346bec4495ab5ebfec768a5044069d975a28a91dfe6446db575860ee 93b00bf6f8b2b5d6959bb0d0c4b70a7c9278c7c8df4e414677ce3e322bde4d76
EXPORTER_SECRET 3ab55de8346bec4495ab5ebfec768a5044069d975a28a91dfe6446db575860ee 97c63fac495efbe3b5cfe8078b8f45f91d416217bf629a1c3d4903d93ca88896
CLIENT_HANDSHAKE_TRAFFIC_SECRET 7d3f17f15f730d34ef6b95993df66bc6afa58586e99f9c273d023e0b87a7461e f86028476590edd3895c7c529274ca8d73666bd2146006969177bcfb78a0baab
SERVER_HANDSHAKE_TRAFFIC_SECRET 7d3f17f15f730d34ef6b95993df66bc6afa58586e99f9c273d023e0b87a7461e 2ce0c9c4c7c59f06778395cd9b1177c4760bbca1852e99d81f17f2ed73ab12a7
CLIENT_TRAFFIC_SECRET_0 7d3f17f15f730d34ef6b95993df66bc6afa58586e99f9c273d023e0b87a7461e 672b541f38d35ada1f755a9091dd8a85af56c98f3e1a7278b67eba349008de86
SERVER_TRAFFIC_SECRET_0 7d3f17f15f730d34ef6b95993df66bc6afa58586e99f9c273d023e0b87a7461e 1973c3048c4a3eed2fc3e2e6e576c9b8d712846ed5222eaea87fd2fa0e02da31
EXPORTER_SECRET 7d3f17f15f730d34ef6b95993df66bc6afa58586e99f9c273d023e0b87a7461e a456158d5849f4e069615c6fdaf6636c29b174dac6553bcad3d3e27b4afb7fb3
CLIENT_HANDSHAKE_TRAFFIC_SECRET c3eae7f71a0c26e4dbe59b6057eb9487e9ede4bf4396bfc597228f03b4949a9a d976cd4203bf740bda0e314f2968424febf6614fff81fca0d46c168363d6c1d3484b0bac2362a1e173c542ce2498359a
SERVER_HANDSHAKE_TRAFFIC_SECRET c3eae7f71a0c26e4dbe59b6057eb9487e9ede4bf4396bfc597228f03b4949a9a b87c6d0707a94e368c860e2e6716f1d814c9fafb84950d16bf5b2c78789dcb0fac3efb63a1d76129f24ebb65f85d8683
CLIENT_TRAFFIC_SECRET_0 c3eae7f71a0c26e4dbe59b6057eb9487e9ede4bf4396bfc597228f03b4949a9a 5496d7c2edfac59222939ad824a4b20c323474b526cb3ba606d2f86c33d726feff7107fc305d5a516e304d4fd555cd07
SERVER_TRAFFIC_SECRET_0 c3eae7f71a0c26e4dbe59b6057eb9487e9ede4bf4396bfc597228f03b4949a9a baaa1afcf9d9b3010fcc00c42b640961b1617c990d0f0af3d8ea1da0aca608de45d36847221bed97f3800387caab50ea
EXPORTER_SECRET c3eae7f71a0c26e4dbe59b6057eb9487e9ede4bf4396bfc597228f03b4949a9a cdef751f07599cecd13cb7c31a6b4204d9591d096b4890b715fad077223b9e5b3b0edf21d269f794c81924fbe2a88374
CLIENT_HANDSHAKE_TRAFFIC_SECRET d99eaf51ac00e2ef176ae2ad3e8b1fef854555fe0bf36c876278007e5ea46838 517a8273580f2373262097faa258db038f966667c9cac8321af0e1fd1d014be6a4b20a360fe59a50e6db28e32319783a
SERVER_HANDSHAKE_TRAFFIC_SECRET d99eaf51ac00e2ef176ae2ad3e8b1fef854555fe0bf36c876278007e5ea46838 7490ae90da2dd36204316b8918f529d3f6e72935e5c221a20c999bd5a9c011f81ba338a804af385beb7729bdf338993b
CLIENT_TRAFFIC_SECRET_0 d99eaf51ac00e2ef176ae2ad3e8b1fef854555fe0bf36c876278007e5ea46838 fb70b8d890d073693523306a1ba4600e06dff7c93c197e3a208839915661d4d3e505f0a341007c837016e1fcb54b4485
SERVER_TRAFFIC_SECRET_0 d99eaf51ac00e2ef176ae2ad3e8b1fef854555fe0bf36c876278007e5ea46838 2781ab567dbbf103e84e5b0b58dbfd58cea39efbc44a9a9ed7d786a0374530b9129cc6dda9606c1525e3b995f26a9d64
EXPORTER_SECRET d99eaf51ac00e2ef176ae2ad3e8b1fef854555fe0bf36c876278007e5ea46838 58cd666ee8b232149f8c0ddda6003b87feab8d1d3322ea56a32a4307be975f2e1296cf00e9b28c04c495e1e10db1c5fb
CLIENT_HANDSHAKE_TRAFFIC_SECRET 0756d18d426407a30a0e4d9e33d5ed4e424e6e7468f562d6324f083eb9f45938 9e88e4bb4a472f77ebeb2c91a9b5de01e7c2842e8db5421835a71c3cf6c1e7e730209a2e7a2d03577458078aeb416c22
SERVER_HANDSHAKE_TRAFFIC_SECRET 0756d18d426407a30a0e4d9e33d5ed4e424e6e7468f562d6324f083eb9f45938 28ff15007a83c15b3e229fa27d8184e20582428af409f3ca00b7435e8c0fae054fdd9fe678a1d1aa5c6605ac9d33271d
CLIENT_TRAFFIC_SECRET_0 0756d18d426407a30a0e4d9e33d5ed4e424e6e7468f562d6324f083eb9f45938 993ce53916c6efc2dae87ec0b42671ce92f4178bc5672a248dc730dbccef99766dd191a57d80c86738b67add2b7f6f01
SERVER_TRAFFIC_SECRET_0 0756d18d426407a30a0e4d9e33d5ed4e424e6e7468f562d6324f083eb9f45938 0d4c9b809bece488e311162bfc767a3bec072e231d7ff051c80e3b35166954a7b858482661fa14db17450c405d7de7ab
EXPORTER_SECRET 0756d18d426407a30a0e4d9e33d5ed4e424e6e7468f562d6324f083eb9f45938 99a9fead1df4e50def38506e2747dbfb986ccc38128189969176a8a73c3b96bbf4ac73f76e90a5b2b05c803e3391c9d8
CLIENT_HANDSHAKE_TRAFFIC_SECRET 9680a8b5cdef826a6ca9031c84154f6108afe581a5ac5058024a77a1f8bd3201 2b9718401c577fe5ebb85dc7d679d289a1b4851561911de7f421e10ad9821a5df812d771080d66d3a5419538c4ebda36
SERVER_HANDSHAKE_TRAFFIC_SECRET 9680a8b5cdef826a6ca9031c84154f6108afe581a5ac5058024a77a1f8bd3201 61840d0eafbbabca71a47c5bf4cbbacf3fc79d3c40beea2863cbd30bcb85b9c1ec27b9996c54d25add003cc3cccdde69
CLIENT_TRAFFIC_SECRET_0 9680a8b5cdef826a6ca9031c84154f6108afe581a5ac5058024a77a1f8bd3201 79071a743a9dc4a368fb2092785073b714eceb7eeb62ef5e323e1025769c6bbc2e676c4cd5a6fa656eb2283ba2f65708
SERVER_TRAFFIC_SECRET_0 9680a8b5cdef826a6ca9031c84154f6108afe581a5ac5058024a77a1f8bd3201 8c3564acc183f3b76940609815c703288baf7663ae3380f5d651f9f6ce7172d534fa289d3465ea52c17791a42b23ea51
EXPORTER_SECRET 9680a8b5cdef826a6ca9031c84154f6108afe581a5ac5058024a77a1f8bd3201 ffac0f3b2ebfacf5ac56d8f6ecc4466b3ce5bdf670dd78cff28da07244243fc7245ff022aab3e1b01e192a4a03c23753
CLIENT_HANDSHAKE_TRAFFIC_SECRET 2f95174983f2e22c753f2bebcfe364171660c7d8fc108c7b6d541fecb2677855 412647a9aee55510c0d8b1847b36a356a9a61ddfd6f15d90261e8987b1c88c9e3b73a684bc5038aca9068f1249e6eea5
SERVER_HANDSHAKE_TRAFFIC_SECRET 2f95174983f2e22c753f2bebcfe364171660c7d8fc108c7b6d541fecb2677855 88bfe95cb5b511a365e99ae046c3a61116631d6a3fa2db0aad2e3fa04dfba2b5e463ca47c2934ea76f2065efc82e991e
CLIENT_TRAFFIC_SECRET_0 2f95174983f2e22c753f2bebcfe364171660c7d8fc108c7b6d541fecb2677855 581be5d55c91b77a86a5945559eca1356edfbf600c3a2a72a569de35b8a7ef821b3d3fb36ff2ddb781302cd2a4293f90
SERVER_TRAFFIC_SECRET_0 2f95174983f2e22c753f2bebcfe364171660c7d8fc108c7b6d541fecb2677855 8ff378154f1d2369ed95fdc4c266d4b68f037680951b1615f3318aee2aa9bd773e3d28e9c8087c650ab4467cc1cbf8d6
EXPORTER_SECRET 2f95174983f2e22c753f2bebcfe364171660c7d8fc108c7b6d541fecb2677855 f801286963673951990ca4f13ca15af23057892d35dba2c59b1a6c475f1fbcc5ef7465263f72276b0e397b7d75e15a01
CLIENT_HANDSHAKE_TRAFFIC_SECRET f07252352bafa47c29424f36283594ee99afffff3f6fd49d28cb289dabd1649f 4e37bf195063f24c682dbfe1f13ee0225bd2ba42b31d7bb5484039b25572a1f6e76dd1935ea67b7e4f4af40cb35e81de
SERVER_HANDSHAKE_TRAFFIC_SECRET f07252352bafa47c29424f36283594ee99afffff3f6fd49d28cb289dabd1649f 750d172968e3c1015d8267650642553430342058a84690170488d4fd29ba2be0b4f2297e84008ba752bf6b9cc91c3877
CLIENT_TRAFFIC_SECRET_0 f07252352bafa47c29424f36283594ee99afffff3f6fd49d28cb289dabd1649f 74e49b0c9c3f337015da0f792b2b0ce8fab2501ca251cd85dbcce1351dff53a0679aae912bd962de6ccaabaca299944d
SERVER_TRAFFIC_SECRET_0 f07252352bafa47c29424f36283594ee99afffff3f6fd49d28cb289dabd1649f a2569e4b04bf692b3fb34fb1307657f2e7e85567e97277a68bb7c7ff42932946a3f1da8a9c5ef10014e1878e5e562a3a
EXPORTER_SECRET f07252352bafa47c29424f36283594ee99afffff3f6fd49d28cb289dabd1649f 57445ee2a9a2d101265a1b8c82a5aeaafaaf9370006ca6a24a5eabe594133f4c350a1f09207373e1ae98087648d9b055
CLIENT_HANDSHAKE_TRAFFIC_SECRET 9ab52aef0bebf0c6c1510df706b1af0169e7cb6a7326d5c9de4dd157eeb7199a 74d38695acdce499681e5d11549d3bca3c00961858b5b1516602534442eb8c8f01ecaefdbd6a53865395f885c747d92a
SERVER_HANDSHAKE_TRAFFIC_SECRET 9ab52aef0bebf0c6c1510df706b1af0169e7cb6a7326d5c9de4dd157eeb7199a 24c0b389ecc28c63fb10ed8d61a1a08a8abc15a877605e24ee86535d11753bd1c3e8d98bba5966dab5e19fd7f205366b
CLIENT_TRAFFIC_SECRET_0 9ab52aef0bebf0c6c1510df706b1af0169e7cb6a7326d5c9de4dd157eeb7199a bf40d60e8d159cbe5daeb2bfb1131927c2e6035262c06435d5d70b8a55efe1b799be9b425479097f8b11a0de66d79d6e
SERVER_TRAFFIC_SECRET_0 9ab52aef0bebf0c6c1510df706b1af0169e7cb6a7326d5c9de4dd157eeb7199a e7645da65ab0f26d5916a89cd34d182ac2c093518e9939eb3d74d7951fd3ebb30e407f446729749d49f942a938e55a44
EXPORTER_SECRET 9ab52aef0bebf0c6c1510df706b1af0169e7cb6a7326d5c9de4dd157eeb7199a ccd36036c1e99cd97292ee72f11b668bee8b66960ea6ba77c7860d0b8d78854c70b47266333a6de3923aa2a5f601707c
CLIENT_HANDSHAKE_TRAFFIC_SECRET ad7696f9483057408660b487e47ffcaf1ba56a5d633ef948f5fe17eab99693b6 8ede4996054aecc1d47931c46f76fcd112a3afc8ee37be1707acd6cbd910e7afefed68e548cf35f5479f175f8ec62a56
SERVER_HANDSHAKE_TRAFFIC_SECRET ad7696f9483057408660b487e47ffcaf1ba56a5d633ef948f5fe17eab99693b6 8fa7f72b701a65889b39e17b24073f10647c8f39d668a7a067f850ac111f1326900b1659bf061f7de8d6352955cecb28
CLIENT_TRAFFIC_SECRET_0 ad7696f9483057408660b487e47ffcaf1ba56a5d633ef948f5fe17eab99693b6 16aed4b59b289a8a39fb4619afd78a599fe4ba240bcf4a66de8e3f7b08a56e6ab6f0778eb7d10dff59e969a436d4eb17
SERVER_TRAFFIC_SECRET_0 ad7696f9483057408660b487e47ffcaf1ba56a5d633ef948f5fe17eab99693b6 4e4870b373d3f9b6db0ff474ce08220248ad6f5b60bf49cbbda111ed5ace6ecc34c08716ecc44aa0c0e0765318c4800d
EXPORTER_SECRET ad7696f9483057408660b487e47ffcaf1ba56a5d633ef948f5fe17eab99693b6 a1b99f8d5c320cd73ccf27d14e4dd970da865e148cccbac5de98a3902a46a9972d26edd0677f28a5afc58b57440ee628
CLIENT_HANDSHAKE_TRAFFIC_SECRET 79b020f15d66fc6a1b451f75414382af8587e49fab69061d63b41c148bd44f6e d95cd6d7379bde3e12f5078633f557127bf00004d18d9b090776890d81dee71e
SERVER_HANDSHAKE_TRAFFIC_SECRET 79b020f15d66fc6a1b451f75414382af8587e49fab69061d63b41c148bd44f6e cdd041b5b22401328f5113ada1e8db610c08af01cfe912515fe8b958b988ac5b
CLIENT_HANDSHAKE_TRAFFIC_SECRET d3ed132ad48b50a38482dfa45235901ceace47d0aebaadf2874d93f880246cc7 5c691a5ed7d9ec519f345359854c9c93f83c3d40d049e2d88ea5c560b1652f2a
SERVER_HANDSHAKE_TRAFFIC_SECRET d3ed132ad48b50a38482dfa45235901ceace47d0aebaadf2874d93f880246cc7 1d13156b0efabd5fa987f4ccd70ef2f3977ea14790ebc976774ec83d81b92895
CLIENT_TRAFFIC_SECRET_0 79b020f15d66fc6a1b451f75414382af8587e49fab69061d63b41c148bd44f6e e3b4e7b3385396d4e229a9fddc09126403455c1f283b21404891ec08c816e13f
SERVER_TRAFFIC_SECRET_0 79b020f15d66fc6a1b451f75414382af8587e49fab69061d63b41c148bd44f6e 2028c075ce6d1b5fbc2c654e845893ae3e8fe1248afef9016f641b9d1aa5f6ee
EXPORTER_SECRET 79b020f15d66fc6a1b451f75414382af8587e49fab69061d63b41c148bd44f6e 4a9fadafb6ca13ac0b74de359ad37ec62629ce1f7c235be79ef5a45196216529
CLIENT_TRAFFIC_SECRET_0 d3ed132ad48b50a38482dfa45235901ceace47d0aebaadf2874d93f880246cc7 67a46846a75f14d46c0413163a37d942b645c2222b933221e0776814c077d29c
SERVER_TRAFFIC_SECRET_0 d3ed132ad48b50a38482dfa45235901ceace47d0aebaadf2874d93f880246cc7 1cfc19dc389e2878187a4519c9d132a4869c7dbe20ed599fe42817a4de89bf42
EXPORTER_SECRET d3ed132ad48b50a38482dfa45235901ceace47d0aebaadf2874d93f880246cc7 3f71fd76d2d3edad0d5c08c47ae64c692fec76e202834abe3cfa13adcf02bae1
CLIENT_HANDSHAKE_TRAFFIC_SECRET b61de284a6ba5c589b6829a0f2db7e1d86d2139f146734a051d22c6afbf0c186 7f53992555ca92b3106d503f3bedc5533d0301164df37671aa6490d0fcc5d24cebde5104f465ee7d7b14d1c25e9b49f2
SERVER_HANDSHAKE_TRAFFIC_SECRET b61de284a6ba5c589b6829a0f2db7e1d86d2139f146734a051d22c6afbf0c186 b1fe6e233938abc54b78dfce978e0a4816639de8615a3747256a5834cbf036fd4221c829828294dc50dcbf690c089efb
CLIENT_TRAFFIC_SECRET_0 b61de284a6ba5c589b6829a0f2db7e1d86d2139f146734a051d22c6afbf0c186 7d363a1a56ca02e90821d67646ab714980d3e8f233b11188ab45a192060e2655a427f2910441e82bb09a38ddea55f2e2
SERVER_TRAFFIC_SECRET_0 b61de284a6ba5c589b6829a0f2db7e1d86d2139f146734a051d22c6afbf0c186 1ecb2ddd038a829c545541930234e0f620c354528458e1485c41ce88dad3eb52b33a926cd3677c894abf4d7881cff5b4
EXPORTER_SECRET b61de284a6ba5c589b6829a0f2db7e1d86d2139f146734a051d22c6afbf0c186 aed1aded0da65b0ff545320f874f9a574fb0f08aad27aa3c0f0ed5c53ae13e24f32576bbfeaa49f4100087c83913b307
CLIENT_RANDOM 337641601dd753687bd9dbbd7120e24cb302bf8f5e52f35844aed1e805cf15b9 c6efd7d316a81676acfed6bf01b9b1f8f5ead42abed39650f67c848807cbdcfc3f870af7d1a3a458c2bfba280089dfe7
CLIENT_HANDSHAKE_TRAFFIC_SECRET 6ae197b23fe65fca547373346f86471603cfb5a87f54bbb2bf1a759878568968 27ad9ba182163b2d762fc3b6fbecff91f7ccb6e2c0c5d2cee75adc04a26c9e55dcba88d83889256330f7d4cfdde6434b
SERVER_HANDSHAKE_TRAFFIC_SECRET 6ae197b23fe65fca547373346f86471603cfb5a87f54bbb2bf1a759878568968 57700b10cf151cc107448086c3ffe28d6b1cd563fdf990582775de1b5bade94146d4cf24c8319ac2281eb47648052c3f
CLIENT_TRAFFIC_SECRET_0 6ae197b23fe65fca547373346f86471603cfb5a87f54bbb2bf1a759878568968 892209b0cad255758eb845cd9a1b4af412a555fe3bc7afa97f1f53606149fecf9dce1a251bbde077564a1f7832d10174
SERVER_TRAFFIC_SECRET_0 6ae197b23fe65fca547373346f86471603cfb5a87f54bbb2bf1a759878568968 73be8164c6e39caea09ee0aef549e4cf5a7b905d74c77a1b52bb3facd48b92835a329c5a9737c7d877790be772c67dd5
EXPORTER_SECRET 6ae197b23fe65fca547373346f86471603cfb5a87f54bbb2bf1a759878568968 0162518ad2e73f580197a79ebb3341f6d7ec347cf122beb470ba0714036ffdcc220641fc5bfb3ed1e8754961182c709c
CLIENT_HANDSHAKE_TRAFFIC_SECRET 3314bc5e6e184c104a0a58b183204c2796664e79b2d7e85da606cbff53179b38 d84a308785aad00639dfe2e133a55d63b2f0ed307be4b4745cc1a5dec195289f2808d148ec061a39cee715a3cac6e051
SERVER_HANDSHAKE_TRAFFIC_SECRET 3314bc5e6e184c104a0a58b183204c2796664e79b2d7e85da606cbff53179b38 1d5b935276b3ea1d2f2402743819d460fe5bce91cf8333093a7e3452a065418bcd83644532aa157a49716bfbc90f5a45
CLIENT_HANDSHAKE_TRAFFIC_SECRET 2f2e909447032938d5a6450c8dd5839451b663cde6b58e854ea3d7f57e31be57 d060238545ad75c76e9a39920548ef06e386b34f97df320a2928c3a985186667
SERVER_HANDSHAKE_TRAFFIC_SECRET 2f2e909447032938d5a6450c8dd5839451b663cde6b58e854ea3d7f57e31be57 92e524c0eee8aa9d4ad3bda14248223c1fbd0d6299d7ce68b37a815b76d4bab1
CLIENT_TRAFFIC_SECRET_0 3314bc5e6e184c104a0a58b183204c2796664e79b2d7e85da606cbff53179b38 dbad382e68f0e6e7b817d348725c3d635302293c08808f84219ebdec68cc9a99b93fd6d922b1c85ed0eeaba0e6e77f19
SERVER_TRAFFIC_SECRET_0 3314bc5e6e184c104a0a58b183204c2796664e79b2d7e85da606cbff53179b38 39a5373d25d40180b8d045d984b129eeeeda43abfbb879e4be09ccd2a2666e100cabc26eccb1e9a2cfc528db774a5779
EXPORTER_SECRET 3314bc5e6e184c104a0a58b183204c2796664e79b2d7e85da606cbff53179b38 73bd09e371faa11847066c1e723fa745c66445ab73820923a9916f6dfa34f6f22218f3780c62c28f700ab717e8edee8d
CLIENT_TRAFFIC_SECRET_0 2f2e909447032938d5a6450c8dd5839451b663cde6b58e854ea3d7f57e31be57 fa1b1658ba9d9fd62e42b0ef2b48ca90cf73b7a9472e58b7d0b2bdea7a0854aa
SERVER_TRAFFIC_SECRET_0 2f2e909447032938d5a6450c8dd5839451b663cde6b58e854ea3d7f57e31be57 0dc9e46a8e258f0de4f9247ea353b3eea5bec5e8f76c00663589923644e7a01b
EXPORTER_SECRET 2f2e909447032938d5a6450c8dd5839451b663cde6b58e854ea3d7f57e31be57 5f4ff2c4adf6f1caf518dc4296da0b1f8efe6f106dc7340ed60cb70f4a431d22
CLIENT_HANDSHAKE_TRAFFIC_SECRET 8589fe3f45c07bbf26a2e2c8a3cafb013e87efafb2326a757c5c42ed4dbcfd3b e784a1793d3d6861cffecf6c58651360314b74abd6f6620c1d14a056cf8a23793d4e01580b5e1d372b3336bd0fb2776e
SERVER_HANDSHAKE_TRAFFIC_SECRET 8589fe3f45c07bbf26a2e2c8a3cafb013e87efafb2326a757c5c42ed4dbcfd3b 54db8fdd150d39bdfe561705fb713e98571ec4b23cb198a91180cf26ece265f0b2d734696aa8465e94e116f6328d7398
CLIENT_TRAFFIC_SECRET_0 8589fe3f45c07bbf26a2e2c8a3cafb013e87efafb2326a757c5c42ed4dbcfd3b 016acca73c4cb50c8738f6b73de2977043f64cbe2c46e462af95a0798a98f01d99b7839fb3870935b2f6eeeaba0a3ca3
SERVER_TRAFFIC_SECRET_0 8589fe3f45c07bbf26a2e2c8a3cafb013e87efafb2326a757c5c42ed4dbcfd3b d50ce07bcf505f4c1003e36cc78eb67897c15d0db1fd832b23041732e770180c0facaf24dfae7d8ab1719de0e37dc9fe
EXPORTER_SECRET 8589fe3f45c07bbf26a2e2c8a3cafb013e87efafb2326a757c5c42ed4dbcfd3b 62368d68b7be65102cb7e46b6ff0fb2f64cadb47b5ac18a79471f16077ad52290a08519a2f1a500dd36fa4c52ea9afed
CLIENT_HANDSHAKE_TRAFFIC_SECRET f123fa91cb58db550a98f82733b62f0453d929e2a7fcfd0841fa14073408950f 7b1e618929d17cc4bae3e8d887dad9540a611ff64ec6fbb0919ac28f8966182d
SERVER_HANDSHAKE_TRAFFIC_SECRET f123fa91cb58db550a98f82733b62f0453d929e2a7fcfd0841fa14073408950f 0541b010bff6e8ef6a90ff84bb1be5a4e43c496b33f64d400d7426d71880b8b5
CLIENT_TRAFFIC_SECRET_0 f123fa91cb58db550a98f82733b62f0453d929e2a7fcfd0841fa14073408950f b729bae593106d4298efa76aec1fef0e7f43a098332465922ab67bc0c00226ca
SERVER_TRAFFIC_SECRET_0 f123fa91cb58db550a98f82733b62f0453d929e2a7fcfd0841fa14073408950f d494fef729ed681423c9dbb22d6be4fd7725132e26e62bef050f96b05bd915f8
EXPORTER_SECRET f123fa91cb58db550a98f82733b62f0453d929e2a7fcfd0841fa14073408950f ad46a944e1b1cbe9ec51809283b751873754411bc192d170d8af369e09c49fb7
CLIENT_RANDOM 5522d5453c7483c6369f57685d20cbef179dd87ec14c5eb221f3dff23237a35b 4eb6d4598d584c2cb3242086869b6cf4e3ed87523c663753977d8b23887921e340e6dcb4d2bcabc2a09da24e7346bac7
CLIENT_HANDSHAKE_TRAFFIC_SECRET 6445b97be142d2547f12db98b8ffeb2d0ce1d102eecc5c54afa2cefc044c90e6 0dbe4599d82c9cc9f9127985ffd5933b14cbee4153a35536d05e565000970e75
SERVER_HANDSHAKE_TRAFFIC_SECRET 6445b97be142d2547f12db98b8ffeb2d0ce1d102eecc5c54afa2cefc044c90e6 a108c519400fac9cb2bd790c4dff75cbce825d8f99e9482b9e5a5a91f06572b4
CLIENT_HANDSHAKE_TRAFFIC_SECRET 71f7e9e5c6819a16df8e859a761ea6e96a9ffd0bee8e98ea7bb6a889097512a4 1f7489ce04e636d9a656a2088e90a7f9620346130b1ca01311c681269609c403
SERVER_HANDSHAKE_TRAFFIC_SECRET 71f7e9e5c6819a16df8e859a761ea6e96a9ffd0bee8e98ea7bb6a889097512a4 6e4d593188e4fd75ac53dc350de428c26a42c073968e0b3717d705fe709aa0bd
CLIENT_TRAFFIC_SECRET_0 71f7e9e5c6819a16df8e859a761ea6e96a9ffd0bee8e98ea7bb6a889097512a4 7383adec8aea640dfd50ca26b13a22aac5230b49a2e33bd9587a955765d741ce
SERVER_TRAFFIC_SECRET_0 71f7e9e5c6819a16df8e859a761ea6e96a9ffd0bee8e98ea7bb6a889097512a4 3ec6efac76b52bd25fcaac41f027d0c125100d415c5c3e373fc55528381f2c74
EXPORTER_SECRET 71f7e9e5c6819a16df8e859a761ea6e96a9ffd0bee8e98ea7bb6a889097512a4 d89ba56314ee2a18a49988e053e57825b8e2fba5ca732e4373170bfaf0e16ef7
CLIENT_TRAFFIC_SECRET_0 6445b97be142d2547f12db98b8ffeb2d0ce1d102eecc5c54afa2cefc044c90e6 cf3995f69c01421d16f4eb9f9d0f1d2e82a795bc3616d3b4fe5c44853f56c79c
SERVER_TRAFFIC_SECRET_0 6445b97be142d2547f12db98b8ffeb2d0ce1d102eecc5c54afa2cefc044c90e6 dec6f6329376caf0dbc730f228ab954b12572adfc99fe9f002e8a95cbcf4efb4
EXPORTER_SECRET 6445b97be142d2547f12db98b8ffeb2d0ce1d102eecc5c54afa2cefc044c90e6 4603630db2e5e2942fa03672356e4ad242d26ae407fb4dc25686538b083050fa
CLIENT_HANDSHAKE_TRAFFIC_SECRET d38d97c3d7ba0e2a545ad50ebdd27aaab7e0646192ad75005bb36c293af11228 25b04ebd03b267168eae8df44203c4f56aa575452f331f7b24e53c204150d2d8
SERVER_HANDSHAKE_TRAFFIC_SECRET d38d97c3d7ba0e2a545ad50ebdd27aaab7e0646192ad75005bb36c293af11228 aa3d0e1845b6c5ee047da239569dc946ab587341b066dc8e936c627d00c28711
CLIENT_TRAFFIC_SECRET_0 d38d97c3d7ba0e2a545ad50ebdd27aaab7e0646192ad75005bb36c293af11228 0ae1bf24aa0dac5bb99021da72ec26e4501647d5efa5fb844cbdc0ccd76dba0e
SERVER_TRAFFIC_SECRET_0 d38d97c3d7ba0e2a545ad50ebdd27aaab7e0646192ad75005bb36c293af11228 983e67b14440b9b65a842e33048774beb9e23f21d93322e9449148aaa462d7e3
EXPORTER_SECRET d38d97c3d7ba0e2a545ad50ebdd27aaab7e0646192ad75005bb36c293af11228 e17906bb29de8ee2bef7d1e1fa42ac8ef7910d28276b905d3ae6eef166bb966e
CLIENT_HANDSHAKE_TRAFFIC_SECRET b9688505762b24afe74e1e0d5b3aa51c9a3a3c72b0df204d057c49e7a41b3003 6210cec3c00c77bd5063a3e4fc56f367c443cc1e5889870bca653e7e57118c4ee826ba55858606d21143c8969fbbb701
SERVER_HANDSHAKE_TRAFFIC_SECRET b9688505762b24afe74e1e0d5b3aa51c9a3a3c72b0df204d057c49e7a41b3003 67f94e8f44877716a3de0204d862a5f8256b4a26231b34462985cc681a517876c25e89821a5a3680d4c95e73a219ecee
CLIENT_TRAFFIC_SECRET_0 b9688505762b24afe74e1e0d5b3aa51c9a3a3c72b0df204d057c49e7a41b3003 255b6184d48d2befca8509da83435fa65286a1d9433ef978a8b67bcb18c0379879ad56c289f70eafbafbc21c518681e9
SERVER_TRAFFIC_SECRET_0 b9688505762b24afe74e1e0d5b3aa51c9a3a3c72b0df204d057c49e7a41b3003 b0507d9d26ceddccdaf78cc80dfd1de6cec107848e3908eb7c4fcbbd4908a067a3a1f5fc6bcd42ef0310abd34470da05
EXPORTER_SECRET b9688505762b24afe74e1e0d5b3aa51c9a3a3c72b0df204d057c49e7a41b3003 f2786f89311139f0c093ee36feb247e7ad77f2115faae5ec7512e12c84a4964dce353a16bca2d9ab77d2120453656e91
CLIENT_HANDSHAKE_TRAFFIC_SECRET 2b141df10e07fe695ec9474379129c5e7f7fdbdcc4edc0841f12e30d67cac0e1 31b7cdcfb5e1894d1b00e5bb4a7dfd5833de0bfc1b53240a1e273e16a288227f424f8ca387522c4a4dd5f46fa3ddbd78
SERVER_HANDSHAKE_TRAFFIC_SECRET 2b141df10e07fe695ec9474379129c5e7f7fdbdcc4edc0841f12e30d67cac0e1 a45eccab7d8dfb60d31a6c6bf11d7d71b91ca7ba5b2c1885c51b1f9f6ce081ee7de9cffe3ba24ba8da38d7df8a9bcbaa
CLIENT_TRAFFIC_SECRET_0 2b141df10e07fe695ec9474379129c5e7f7fdbdcc4edc0841f12e30d67cac0e1 dca4986436520be7080c76afd503c736d0d51166c7b62583fdeac3ff87dc42b7f844a8c061be368aa74c617604261ecd
SERVER_TRAFFIC_SECRET_0 2b141df10e07fe695ec9474379129c5e7f7fdbdcc4edc0841f12e30d67cac0e1 afdc25daafbeff228977a8045fa9148fa7ddcfaec60bcddd2e1100180f29dae662622e44497f4cba9c95da477204b7f1
EXPORTER_SECRET 2b141df10e07fe695ec9474379129c5e7f7fdbdcc4edc0841f12e30d67cac0e1 64812124652a1b32d81400ef220b2cecf6a3a226b8d5be6e1ad11c4fd5f5745fe529195b803f58ac802c25d76a4235ad
