CLIENT_HANDSHAKE_TRAFFIC_SECRET 5c05c6ecb2525d5bb854ceea34da6200243b60b24cc30ad18a974bca41486205 32706cb1b378d4954c921939d1fdebdcc15563436893411df22aae913b4f9918
SERVER_HANDSHAKE_TRAFFIC_SECRET 5c05c6ecb2525d5bb854ceea34da6200243b60b24cc30ad18a974bca41486205 5ea1795ce3f68586b93df1ebc76e8324fce0db47425809cc66415e9624e28567
CLIENT_HANDSHAKE_TRAFFIC_SECRET d31c7c0267d1dc15a81c55a7f56b9645eac9fd2715af8e8ff63bd2d7baefaf64 512225cc50bd5ae49002d3f52f2da30b8c8b8236b35a364bca5c498ef19b2dac
SERVER_HANDSHAKE_TRAFFIC_SECRET d31c7c0267d1dc15a81c55a7f56b9645eac9fd2715af8e8ff63bd2d7baefaf64 33e1280fcf186a4e1637253be8b713a8c4319f9e5bbab984e7b9253101e20630
CLIENT_TRAFFIC_SECRET_0 d31c7c0267d1dc15a81c55a7f56b9645eac9fd2715af8e8ff63bd2d7baefaf64 3ed77ef17fb2ba7a63f4cccf785901a12210500e28033e6a98dfffad136da1dc
SERVER_TRAFFIC_SECRET_0 d31c7c0267d1dc15a81c55a7f56b9645eac9fd2715af8e8ff63bd2d7baefaf64 4f3b908c25976999d3af6cde40bc899c877bb8c4b7968576e00cfd6973c8cb67
EXPORTER_SECRET d31c7c0267d1dc15a81c55a7f56b9645eac9fd2715af8e8ff63bd2d7baefaf64 0e602626ac4f124421f15f4eb57ba38f5744f1479b6b6e7d619554487d5efdc0
CLIENT_TRAFFIC_SECRET_0 5c05c6ecb2525d5bb854ceea34da6200243b60b24cc30ad18a974bca41486205 1e44dd18a52f240a4a8e21bf00db526f778d2ad69fa62f785dda2a46b12a39a4
SERVER_TRAFFIC_SECRET_0 5c05c6ecb2525d5bb854ceea34da6200243b60b24cc30ad18a974bca41486205 23ba695cae948005c0fe18cef8c3bf0983e6b7e86f3a9380e56f353395fa927a
EXPORTER_SECRET 5c05c6ecb2525d5bb854ceea34da6200243b60b24cc30ad18a974bca41486205 0caa20ced088281aee5dd2cf020c52ac386bce92bf3bb6d233b7857665740721
CLIENT_HANDSHAKE_TRAFFIC_SECRET e81e5101de4c82264ada81a136f80933c0a35021cdd8bb3edfd227e2a9b121dd e89ac4125d9459ba98912dc7b20d2797e0fd1a80790069b3eea552783bf12186
SERVER_HANDSHAKE_TRAFFIC_SECRET e81e5101de4c82264ada81a136f80933c0a35021cdd8bb3edfd227e2a9b121dd eee5f07a3939345bdb7e35f67e7f75fff73da92b5eb34e607c68533559109af0
CLIENT_TRAFFIC_SECRET_0 e81e5101de4c82264ada81a136f80933c0a35021cdd8bb3edfd227e2a9b121dd 2a3a3fe08847192fb1f9a4792d2d4b609963cdec871e0d3d8f75db836ff98289
SERVER_TRAFFIC_SECRET_0 e81e5101de4c82264ada81a136f80933c0a35021cdd8bb3edfd227e2a9b121dd 0bd57b48b6b83eefbecabd7a05acbd9fafcd2eed6c155695374a8eef6bfdd1a7
EXPORTER_SECRET e81e5101de4c82264ada81a136f80933c0a35021cdd8bb3edfd227e2a9b121dd dfe3ca4e4a12d87ffcb5dbd15d32de738f10e7aa4cf7dd5a0849682dc7c2d05c
CLIENT_HANDSHAKE_TRAFFIC_SECRET fe4387419d50bb1cfcae417b9a22d3754096a4f7aa7c281e070a1b57f162f684 828ecab37f7b301b5568b680c183344d7a9e58d635aa7fc50d7f905215675961da406af3fb6e71150f2655a13166bf9c
SERVER_HANDSHAKE_TRAFFIC_SECRET fe4387419d50bb1cfcae417b9a22d3754096a4f7aa7c281e070a1b57f162f684 10230e2b40bf41240a6525f1c17494fd836ffd8dac2d03dae134a61d3cfe5095fbedd2063315dfa687f89ff45d89e424
CLIENT_TRAFFIC_SECRET_0 fe4387419d50bb1cfcae417b9a22d3754096a4f7aa7c281e070a1b57f162f684 0a2581fb7e881cabef0e67280265eae7648a00ca28aba3b75d56d0f6dc59c4ca5f20a31cbbcaf4652777c5cacf05bbd6
SERVER_TRAFFIC_SECRET_0 fe4387419d50bb1cfcae417b9a22d3754096a4f7aa7c281e070a1b57f162f684 eb5f08711586fe054581a5e04a7b17e9f310df689fceb38a0dbaafdf46885474c0ba8b16c41edd0ecd3f651c6c9b12f1
EXPORTER_SECRET fe4387419d50bb1cfcae417b9a22d3754096a4f7aa7c281e070a1b57f162f684 f0e571bcd963cf2dfc3f69360dc6f17541af7ce13f7c48d07d4c480ef7d3af958bc459907362428fac339bac64d59335
CLIENT_HANDSHAKE_TRAFFIC_SECRET 59d5025af0d31078499454b13ad2c53e1131f14e09a9e4eb69041fbdc670487f 5d835ac04f66ce727ec838b82bec1b8524de072c92b9255c361b2acd1b9405490760471c049abb9ef8f2b2ce36cd30a9
SERVER_HANDSHAKE_TRAFFIC_SECRET 59d5025af0d31078499454b13ad2c53e1131f14e09a9e4eb69041fbdc670487f 06cb664fedf0fa31906392045d4cda30dc6f4a94107adcdbe43dd4b9457045ede69f543143baaf33c5b3374d51402841
CLIENT_TRAFFIC_SECRET_0 59d5025af0d31078499454b13ad2c53e1131f14e09a9e4eb69041fbdc670487f 7674220d966b285dcb29dcb8e7c6597ec3feab4dd7b15e848d5a2954c6f0e8530b3232abed9b4a800b1218d76fa8ea2c
SERVER_TRAFFIC_SECRET_0 59d5025af0d31078499454b13ad2c53e1131f14e09a9e4eb69041fbdc670487f d61cda4664bc6951508a5f93e8e2c8cb492d474364e3a7891deb1faab7bfa337119259c0c468cbd2f1010fa7ffd76945
EXPORTER_SECRET 59d5025af0d31078499454b13ad2c53e1131f14e09a9e4eb69041fbdc670487f a56c3a336d03ad32ce2d64b9e89a4af19d0bdaa4c3e6dc71350c52a11798683f149b0cd3eb01888c65ab6c4ff43b2fb9
CLIENT_HANDSHAKE_TRAFFIC_SECRET 1e40d66a47c86788362828c1d72468d6ac97f2404d96d261074a7aca47600260 91421e1c30c2ed1e5553eef5c020b47314e350d6f4027eeaae6bccc04334e42df4db1fb373610b0e431bc7f94cdb428e
SERVER_HANDSHAKE_TRAFFIC_SECRET 1e40d66a47c86788362828c1d72468d6ac97f2404d96d261074a7aca47600260 2e6c056a3dcc543e43d27ceb3cb70b0b754946fa0962c93ace2e5bc8653fdd7a7dc1374369e56ece992a5f2411ffc76a
CLIENT_TRAFFIC_SECRET_0 1e40d66a47c86788362828c1d72468d6ac97f2404d96d261074a7aca47600260 d7f6b2cf31554fa31e12c86dd592e68da906d862f15c256b06521c66aa60d206ad46573e68f6540c7820b2e71745d0be
SERVER_TRAFFIC_SECRET_0 1e40d66a47c86788362828c1d72468d6ac97f2404d96d261074a7aca47600260 3cee3799eebc089d881304e1c5c5556dd8ea4c6d2f4e9703498e72126912c65b272a268451b807578a71146347d7770a
EXPORTER_SECRET 1e40d66a47c86788362828c1d72468d6ac97f2404d96d261074a7aca47600260 a3788e91af3046dd658bb2360c816c7a91767e41b9ef5eb5123a600aad45b7b3390fcc0cf3e23face71a1135cff43d75
CLIENT_HANDSHAKE_TRAFFIC_SECRET d3c4d46316759394792a58f9929fb75ed5d64801ab246b71c9b3c01cca94d637 577ee7905bfef17f3673a446b4c7a26a9e53db0ac56548f2111bfd8df89fbfb3e0e28350261f075990cd23aff14c9296
SERVER_HANDSHAKE_TRAFFIC_SECRET d3c4d46316759394792a58f9929fb75ed5d64801ab246b71c9b3c01cca94d637 c4cb802d919e0353aa6bcdcaecc4d849e6e368375b85915d50935d7c9fb3b6eef78d05461454dfdf5991ef0cc502cdf9
CLIENT_TRAFFIC_SECRET_0 d3c4d46316759394792a58f9929fb75ed5d64801ab246b71c9b3c01cca94d637 616be445857f4d3d2324eb28ba2efe63a29040b4eaee0c63aa68781fe1848382abc2735151c0056e022a0c1b5aaad0df
SERVER_TRAFFIC_SECRET_0 d3c4d46316759394792a58f9929fb75ed5d64801ab246b71c9b3c01cca94d637 83cc6c42d0571b763a9e28a27d9f03c61fc303998b117491935522ba1318c2e047c00a81deabf2530829d25a2d1c68d1
EXPORTER_SECRET d3c4d46316759394792a58f9929fb75ed5d64801ab246b71c9b3c01cca94d637 dd39e18fb15b620f8b2625eccd541b1329f1c427adb07cd32b5ce435e8af640c906848d7f6e184a5dda9c5fd972b5a8b
CLIENT_HANDSHAKE_TRAFFIC_SECRET a1abfd5d050f2034be62194e4c3a55e6e455d221ebb62208c8f8c8e0c63f2459 50a1d69d1c0e1c03f04640108138af94ce61b09cad357fab515e1709c425112c0abd646d038b4a207c1c15d3b55927ed
SERVER_HANDSHAKE_TRAFFIC_SECRET a1abfd5d050f2034be62194e4c3a55e6e455d221ebb62208c8f8c8e0c63f2459 3b974d538adc5cb079fd6d9411f7c03fe63cb8d528fd76616aef86dfd712fefcb48137eab9e30acbd39a2703fffc485f
CLIENT_TRAFFIC_SECRET_0 a1abfd5d050f2034be62194e4c3a55e6e455d221ebb62208c8f8c8e0c63f2459 5bfa8c74fffe25bfd42798566a92815296a8fb5c467651b3777589474b9c1bbb45a55a14ab8179f98487a0cebb7545ab
SERVER_TRAFFIC_SECRET_0 a1abfd5d050f2034be62194e4c3a55e6e455d221ebb62208c8f8c8e0c63f2459 07d3cfadd78035a6f47e846381a36268f6e0162d020b54d7177c6af1cf568df05f1874483dc9467151881cc66189fc29
EXPORTER_SECRET a1abfd5d050f2034be62194e4c3a55e6e455d221ebb62208c8f8c8e0c63f2459 1cf7fb60c2329918ecf1f4d3e0e26b4c8433aeeb9d5a626c4bb93bfd49e9e3b6f7b1610c50aab1937c9b845b90f32be8
CLIENT_HANDSHAKE_TRAFFIC_SECRET 071f1c61b02cfc7f183006b955a11fff6d576e309562556163228d2f03e8035e 1a4b806fcb7ae25e95b9fe58ad85bea284988a28d5f794498d5487c68ee782b01034c75585c734cf8563f89ac8ccc625
SERVER_HANDSHAKE_TRAFFIC_SECRET 071f1c61b02cfc7f183006b955a11fff6d576e309562556163228d2f03e8035e f0c03b1b19fa43b513d2e18415de327495a7df8ee9eca83b89801200a782cb990eee3f9718066a5803b41a00b276b296
CLIENT_TRAFFIC_SECRET_0 071f1c61b02cfc7f183006b955a11fff6d576e309562556163228d2f03e8035e 9c673d1babeef3b3aa670ab714d9669515863c05b0bca93e12f50250b935a62daaa7db66ed569e4955bb28a25d0b1aaa
SERVER_TRAFFIC_SECRET_0 071f1c61b02cfc7f183006b955a11fff6d576e309562556163228d2f03e8035e f336902371de9a19d675880ac039a4472436e03f854156c1d4d77c76b1c91315be6d8aa2d88594e000d4b8e3d154bddf
EXPORTER_SECRET 071f1c61b02cfc7f183006b955a11fff6d576e309562556163228d2f03e8035e 0bd2e44ee88554e41e9c0c5f88f1513f20bffaf23f356856d27766d1e9c1ba0aec23cc639718e0fc2d5cd76b2fb468b7
CLIENT_HANDSHAKE_TRAFFIC_SECRET cee03825590f1849b851a1554fa3241efc0d79be33a963bf6e10ed5e99b2a8e3 d59e1b80799f69d267c23cad9c315a30ba64bd25829a605624b560c28f77880e8a0df1ef7c20a7292f60035f1e650335
SERVER_HANDSHAKE_TRAFFIC_SECRET cee03825590f1849b851a1554fa3241efc0d79be33a963bf6e10ed5e99b2a8e3 8919963e705e4501cae39eff93a9f76431e282d868c4e48e30b60ac96d4e07bf7e03b078ae1e49ca5b5929b4bbee5eb2
CLIENT_TRAFFIC_SECRET_0 cee03825590f1849b851a1554fa3241efc0d79be33a963bf6e10ed5e99b2a8e3 dd176ee87907ae2be325f51ab9beaebf4c203d673004747cdda74b37cb5387556d5d01403851001fc292e6ad8ef7c0c6
SERVER_TRAFFIC_SECRET_0 cee03825590f1849b851a1554fa3241efc0d79be33a963bf6e10ed5e99b2a8e3 295ab8a822efddefd2f42b85b719d45d584186e8134091c25443c6c98e59dbb64d6966ec5a79eb66bb65b20188466191
EXPORTER_SECRET cee03825590f1849b851a1554fa3241efc0d79be33a963bf6e10ed5e99b2a8e3 9f260f52e8c78b87327daf48818dad77fd321aa3ba2493239e027556ff65baa194fa275fc170dd7fcaca3822705cf074
CLIENT_HANDSHAKE_TRAFFIC_SECRET b4adeb6aff6ae952d8f080781821bc1782eb45247474a3e0ef6ff6adc4150ca9 dbcf79bee44ef8cd37785777193d2a3de904a8e52d4e8e802c05a8230b458ed4e49df6f4364f42bd5cad1c93b0fe4cd4
SERVER_HANDSHAKE_TRAFFIC_SECRET b4adeb6aff6ae952d8f080781821bc1782eb45247474a3e0ef6ff6adc4150ca9 819f1e861139e381e5c348138fe4b0966ed8d9bf3473b89af1db33acd0e4b9d344e3a57e4ccf680efe48bbbb38884469
CLIENT_TRAFFIC_SECRET_0 b4adeb6aff6ae952d8f080781821bc1782eb45247474a3e0ef6ff6adc4150ca9 2af8beca48612363857492a1c122a1d633c85c0d34120f54bb7e4ff242b0d093d07086054b207844811752fe3c00645b
SERVER_TRAFFIC_SECRET_0 b4adeb6aff6ae952d8f080781821bc1782eb45247474a3e0ef6ff6adc4150ca9 cea744842fcc7a2663baa57c81d760c4c00812e5c80b68e4588de3ec97723b59057912614a7e87af4cc0f97f41c2154a
EXPORTER_SECRET b4adeb6aff6ae952d8f080781821bc1782eb45247474a3e0ef6ff6adc4150ca9 2abe36245948ff3e9da81a1da81ff23fd771438cb53ad4456ff37d676905be112f5b868e40a7946bb5e9644418e7d55e
CLIENT_HANDSHAKE_TRAFFIC_SECRET 70864c4cacb8780537d13997f01f88f848174aa3a0538393f88cd6a69419daf7 f27dc2c64112a34a2bbb8d3d57ca6cc2294744e562ec39eaacc726a6a1ca76a79824e5eb7e644614000d6a3ef4b9c8a4
SERVER_HANDSHAKE_TRAFFIC_SECRET 70864c4cacb8780537d13997f01f88f848174aa3a0538393f88cd6a69419daf7 f14ff4cc48504040515471e5b082329ab8ac7022c11e594071827f8099682ded29bc53283a0457ac6c24a4fcb70b6e84
CLIENT_TRAFFIC_SECRET_0 70864c4cacb8780537d13997f01f88f848174aa3a0538393f88cd6a69419daf7 599b6bac6a66c4dea16c259d377883f7c2c14fa6e8a8991a2064e77f1636d29543dfb79bad67d55fcebd109e0c315eea
SERVER_TRAFFIC_SECRET_0 70864c4cacb8780537d13997f01f88f848174aa3a0538393f88cd6a69419daf7 fc2d525d06e9853f8461b08dd1c190b19f926dc305e3155f143d417f0318086cc58cc6ee0667fe5b7f13b20cc6471cde
EXPORTER_SECRET 70864c4cacb8780537d13997f01f88f848174aa3a0538393f88cd6a69419daf7 b4c57d3700462b476c30e1502601a294a40518c056dd884fd7aefdf15e9f92272d9983c4f7500db04e4152badd7f40e5
CLIENT_HANDSHAKE_TRAFFIC_SECRET bac66087fc6a299f1513a16455763be47291ebfaf989dd3889c258e049408ca9 9a5519fdb4c35a63b658e5672d86a420acdea364678f021a009b0f3cbb635ba4df3c508903875c4ff70b8b570cef00b2
SERVER_HANDSHAKE_TRAFFIC_SECRET bac66087fc6a299f1513a16455763be47291ebfaf989dd3889c258e049408ca9 e3ba2d2d70bc37f0799f5e1f4274cb17bf89f025d495a25ffbf594347c53025ec0c647b4be613689d19b13e996c07fd2
CLIENT_TRAFFIC_SECRET_0 bac66087fc6a299f1513a16455763be47291ebfaf989dd3889c258e049408ca9 ee6642c021eab33edd7ffd998d0b56ff3c0979d29424a63a53c4b89c3154eb85d71d92bdf986b0bbf8d5d97f60970f4b
SERVER_TRAFFIC_SECRET_0 bac66087fc6a299f1513a16455763be47291ebfaf989dd3889c258e049408ca9 ccf5a59d84a0ef363a5fe9506fa614248550724cf1b081454ecab675eb418e38861b9985707c99d6818667485e0ad693
EXPORTER_SECRET bac66087fc6a299f1513a16455763be47291ebfaf989dd3889c258e049408ca9 89f91a560ca62a0d529fc2a16fdef0f200617178765ac09244433da3406eae95b170b9be306e5c99dbbb5cb1b16ab3b7
CLIENT_RANDOM b85f8d1e641f2b8b803fa886270a5ed82556521645a8733b45102eba890f36ae 011fbc5f0f608cf0822629373c7ccbf6bbca0f620c2aceaa6c084a49d95ef7a26df2459d14092872fe51bc3ecdda65ac
CLIENT_HANDSHAKE_TRAFFIC_SECRET 96efa4c85373a5bf8663b7b77a1f9e61718ba8b0af3868ec6a32ad348aa00c73 a2224940300930591ffd7eec666b7ba740d0d808dbd5692d1ebe918488723da7
SERVER_HANDSHAKE_TRAFFIC_SECRET 96efa4c85373a5bf8663b7b77a1f9e61718ba8b0af3868ec6a32ad348aa00c73 7cdeb2af5dad347e77054a70c69565e94395f02c28ceceb99c9118e721432932
CLIENT_TRAFFIC_SECRET_0 96efa4c85373a5bf8663b7b77a1f9e61718ba8b0af3868ec6a32ad348aa00c73 e1b81cb529a1cbe5709a4b7a71c25d6293c05f2842b46633f183e968c68ad0d1
SERVER_TRAFFIC_SECRET_0 96efa4c85373a5bf8663b7b77a1f9e61718ba8b0af3868ec6a32ad348aa00c73 f9766d81e6793bfd73dad2abc2a393351b2089f1bfb861d8f7e1ca3d4df3077d
EXPORTER_SECRET 96efa4c85373a5bf8663b7b77a1f9e61718ba8b0af3868ec6a32ad348aa00c73 e02dc1648303dc3769640b3469b33d6219e43f1e45aaf94c2e99f4e13bb8de12
CLIENT_RANDOM 1745b7595dbed3ffacffedbf16b957e5e442b20a42733c39723b7d3341aeaadb d2edcca5308fb5843c8966aed09265e1d23a6643410fef419ca71efde75c0aeacc37cea1bb44816918753c19fb1b1fe0
CLIENT_RANDOM f10026c3f0447f5eceac7b17ab6580d075690c7a9dd909db3bfc9378cf18eaed 33ae047177f93c4ae1d599499bd6fe246a532d42c983b3fd6a954d8a037ba10e98934109e96d8da3e687efa8eec6e0bf
CLIENT_HANDSHAKE_TRAFFIC_SECRET 39c6a478af785f1774dff63cccf6d4cb1001298ba3624381db4912f640e6cf49 b710d429ee20b7a286c93c79fdf7b5d2981f3773b377b84129f91d5ff2c1ebd96f56818b190d52edf1dfdf3bd595c771
SERVER_HANDSHAKE_TRAFFIC_SECRET 39c6a478af785f1774dff63cccf6d4cb1001298ba3624381db4912f640e6cf49 36bc94e9d872bd48917666200cb6f23ea4efc26e86522fcce831499561805a60443c8b92c88c662fff1f995620bf9d14
CLIENT_TRAFFIC_SECRET_0 39c6a478af785f1774dff63cccf6d4cb1001298ba3624381db4912f640e6cf49 c9f035096cfbabf19ef92b9ae01e45dc319c721fc8eeb677b83a98a682de54ad455202d9016fb8e219bbe4dee159b43a
SERVER_TRAFFIC_SECRET_0 39c6a478af785f1774dff63cccf6d4cb1001298ba3624381db4912f640e6cf49 4f3399693abf507e3235a8ce29faa4862e908b7bb7efaebb6e0035d6f9e8ed6757d53964c8f10773183fa48ee9022910
EXPORTER_SECRET 39c6a478af785f1774dff63cccf6d4cb1001298ba3624381db4912f640e6cf49 3472aefd7ab6786f5d641a07be4910b1bc01ca5895c4a21a90b11f5013f17bddf30739a21485230d34fef5508cb51151
CLIENT_HANDSHAKE_TRAFFIC_SECRET 67e250e8b8df376d04bc8e6bfb34dd034d256cec9985948413b4e4b307799169 55333abf6455e835a7d1600920807f5c3c4531ffdff2c3ce9bbfe15e7a20954cebc90b6e9edddb64f247661374c29291
SERVER_HANDSHAKE_TRAFFIC_SECRET 67e250e8b8df376d04bc8e6bfb34dd034d256cec9985948413b4e4b307799169 baf0b40cb5982caf060b39dbc6657562f71138a4496ee0c6fcc21035ce34e95361b8320f4b2eeb38bee1835c4e2e9311
CLIENT_TRAFFIC_SECRET_0 67e250e8b8df376d04bc8e6bfb34dd034d256cec9985948413b4e4b307799169 8ef5f18446bf196802f92488d809ad5c9f75d2d2ee56d1df1658c279b8dbcb555ab8c6804ead96a27ba07e2aae61b062
SERVER_TRAFFIC_SECRET_0 67e250e8b8df376d04bc8e6bfb34dd034d256cec9985948413b4e4b307799169 9477e17e5e43eaee40ae9b34d06e934a8da8e53ac557b871d8a0e0ce835ba1bc11f2259e6790795738c7288cc5151e92
EXPORTER_SECRET 67e250e8b8df376d04bc8e6bfb34dd034d256cec9985948413b4e4b307799169 ff20c7abd0582663f09ce6ba0bb076a8fe79f767cf70beb743f59cf4793045896a69a50efc26bbf60944a83f823304b2
CLIENT_RANDOM ccc9e111ab04401cd06bc99c745a09f2843a52a76ad4d3bd4184f6e3f7a81340 7cabefbc115fd97750b8b578792322bf9ea1e577f56e5b80207f7e083340caf60e5ae3f96c1846c1fb38d1029d73b117
CLIENT_HANDSHAKE_TRAFFIC_SECRET 5e463b0288382c8be6ad940ef41561d353255d4b21e42f7b36d6099fce4f03b0 fe2f14cac788d65cbc7d24bf94a322ec81743693f3e543be9a814cedfdb7f34c91cce188ddd83c7075e6a0dcca66a30c
SERVER_HANDSHAKE_TRAFFIC_SECRET 5e463b0288382c8be6ad940ef41561d353255d4b21e42f7b36d6099fce4f03b0 f89c9ecb5989161b7fc615c712ca503938ad3c899325b8faa328ce78dbdf3087f2b35b9d2cfb29c5f59c15dc2c260c54
CLIENT_TRAFFIC_SECRET_0 5e463b0288382c8be6ad940ef41561d353255d4b21e42f7b36d6099fce4f03b0 bda82c03e8275e1bd5a65b2b2271e0734c51bd35abf3e1ec6f300bd80e5d07a4dad29cfed25dabfe321c5e4eff278d2c
SERVER_TRAFFIC_SECRET_0 5e463b0288382c8be6ad940ef41561d353255d4b21e42f7b36d6099fce4f03b0 a02d15f9b468c8bfcc4fa6de6e6dc6b838f96ca062a6caf2b426661af437f7c34a139b789ea39f560e7130118cef890f
EXPORTER_SECRET 5e463b0288382c8be6ad940ef41561d353255d4b21e42f7b36d6099fce4f03b0 9bffb765bbce4c4876d06764186398e5aa90d5693a688cb50e2285c88a8d439ec2548974328a893222b7b0207921a91e
CLIENT_HANDSHAKE_TRAFFIC_SECRET ea4701e3668089602fd23877db3fe8a737fbbc31d001c5db0c6a594fcadcba16 994ce6ead9534ffcebaa1311edb3dc7e397b73e0d9d625a335621b0f8a2c2cbe
SERVER_HANDSHAKE_TRAFFIC_SECRET ea4701e3668089602fd23877db3fe8a737fbbc31d001c5db0c6a594fcadcba16 74482d12e5e3c6bf6cb96d9676643bf6db34ade8c87559c1bd049d38bf01d306
CLIENT_TRAFFIC_SECRET_0 ea4701e3668089602fd23877db3fe8a737fbbc31d001c5db0c6a594fcadcba16 a19074cd418d1346e961abad6054f5af56e36e592703018ee4e0a8a6fefa7451
SERVER_TRAFFIC_SECRET_0 ea4701e3668089602fd23877db3fe8a737fbbc31d001c5db0c6a594fcadcba16 a7a61027300060e45ff9523fb64c8af669c9f255467c19de8064cc6460eda58f
EXPORTER_SECRET ea4701e3668089602fd23877db3fe8a737fbbc31d001c5db0c6a594fcadcba16 3eec100d0e0483786d347f19b4ef2c4c8c876df2ca89d83c52ce0f5a76d4e472
CLIENT_HANDSHAKE_TRAFFIC_SECRET 18e13e548c21be5e88c360cf63cf96a620aa2f06aec167f7641ebfc3366bf5af a0a8c607e2424ae442c8fe0aabb77c610cd39fd9083c7c1c3bdda60b8842fc6e90b0030de70a1fb9b6193ff6f400fcae
SERVER_HANDSHAKE_TRAFFIC_SECRET 18e13e548c21be5e88c360cf63cf96a620aa2f06aec167f7641ebfc3366bf5af d0ba0dca1b1654620de43be2bfeed9511f60aa7bf8a61615fef3f15d9e37cb11035ccb862a6f6b9a5136cd232bcbd798
CLIENT_TRAFFIC_SECRET_0 18e13e548c21be5e88c360cf63cf96a620aa2f06aec167f7641ebfc3366bf5af 42b39b0d02f15550146179d26f9faf120003af5892a30ee318a07f0ab0b41d3b7fa2d5a14a5d3899a0e25e6fc2815117
SERVER_TRAFFIC_SECRET_0 18e13e548c21be5e88c360cf63cf96a620aa2f06aec167f7641ebfc3366bf5af eff0ce863df85810a038f7095228a163a43f811983ecd9a7667fd72c9de2957a8ed50dcc8a3ddf19a3b94fe9f9415003
EXPORTER_SECRET 18e13e548c21be5e88c360cf63cf96a620aa2f06aec167f7641ebfc3366bf5af b0d2c115ed48bef921198862ed7e6164d925435b818d79fe1d72bbebe79636a3f65129733e718c75838f8a37b7359b8f
CLIENT_HANDSHAKE_TRAFFIC_SECRET 16c13138134f9c693bcbfefb678c3d486cadee552eefb835f45e02f03fa3ed89 a5df9d988feae8d4e86f905881160cf9851da849fb5025c17e312f015b450bdf8eb3badf5577c49fa45428cd050fd25f
SERVER_HANDSHAKE_TRAFFIC_SECRET 16c13138134f9c693bcbfefb678c3d486cadee552eefb835f45e02f03fa3ed89 7c83fdfc4e3f41260fda5e36c709ca05f8260b4b099c6977f61912c9137bb60f0fa9741b87d1c4ecbe7e809814b6b7dc
CLIENT_TRAFFIC_SECRET_0 16c13138134f9c693bcbfefb678c3d486cadee552eefb835f45e02f03fa3ed89 c9b8cbb6d8de47d8201d317332ddaede1089a57da09626b7a5f6c56967a99c6dbaef599b85e554438fc8c1cf0a601756
SERVER_TRAFFIC_SECRET_0 16c13138134f9c693bcbfefb678c3d486cadee552eefb835f45e02f03fa3ed89 43e9a7a23a8c77bd8f223ffe834641c1d8cc88201da1b7fb949d782c2a70d5016fb875cefbc786fa383be0b4e9047868
EXPORTER_SECRET 16c13138134f9c693bcbfefb678c3d486cadee552eefb835f45e02f03fa3ed89 689bfd48549b08d2d60a6e633945ae5ec5b8f760b1efd8ec5bc6efdab0ba5ee8cd750927e5d217dea06e2c8c85041684
CLIENT_HANDSHAKE_TRAFFIC_SECRET 70a7612f925f18e31addf10fd55855644b40064b776ec0660703a31c3a1f1055 8f29a7750821e0db949d9e745d5e88e254368efcf2477661545739a38482aa243939465d22855def0e5ab9e274f251b8
SERVER_HANDSHAKE_TRAFFIC_SECRET 70a7612f925f18e31addf10fd55855644b40064b776ec0660703a31c3a1f1055 0cce13547a0da9334bf0ef2aebb1aedc846bfcc4c60475233796fb1ba26ccc5494f61cd001c5b64f4f813c1fa8168e5d
CLIENT_TRAFFIC_SECRET_0 70a7612f925f18e31addf10fd55855644b40064b776ec0660703a31c3a1f1055 3914317f870b84f1e4da3ec26ba9d66b38d7dbe5f987dc51d591fc4acb1a6d96ba22642d9a7e97427927deed88fca378
SERVER_TRAFFIC_SECRET_0 70a7612f925f18e31addf10fd55855644b40064b776ec0660703a31c3a1f1055 9514256a85e34bbf0bbf8d6abea3238df96885358e4f90caeb26bbef726dc14b89a0f6876c8701534cb2aa1b63d9430f
EXPORTER_SECRET 70a7612f925f18e31addf10fd55855644b40064b776ec0660703a31c3a1f1055 5f23579b65f9a2fbfac52b68adac800bad1667ee1d52d6abe2180098e9f0ca0ee1c05314be3fb5df992829cb62502975
CLIENT_HANDSHAKE_TRAFFIC_SECRET 20f9c60943848d06335d724682da5f75f3cd4a4b42bc6a158d79f6086506c7d6 5b8021d091f66a246aecc6fa23d9598fc07bdb1460ff71cfdacd577c80525e5b45d78db484dc47b0938503d9a201749b
SERVER_HANDSHAKE_TRAFFIC_SECRET 20f9c60943848d06335d724682da5f75f3cd4a4b42bc6a158d79f6086506c7d6 3acea3f8db65baf23b1714765c93f49e6b9116be390dde57352f4a724c881ad0ef54cd6cbd1ee9ccddaca5ed61c493de
CLIENT_TRAFFIC_SECRET_0 20f9c60943848d06335d724682da5f75f3cd4a4b42bc6a158d79f6086506c7d6 dfb252c343e9df69a59bfb25be466aaabd2291d09c399fc1270c685f2ed3066739a404c044eae943fafa21360d34815e
SERVER_TRAFFIC_SECRET_0 20f9c60943848d06335d724682da5f75f3cd4a4b42bc6a158d79f6086506c7d6 ec7780912dcb67c3cf9ac29c60ee784f4a2406a122b70afba752a1e27537459b828d67569b3c0ecba21a5e24d932861a
EXPORTER_SECRET 20f9c60943848d06335d724682da5f75f3cd4a4b42bc6a158d79f6086506c7d6 80077807048492ea440cc93956b811ab5f9a6277bab97b16ae569ee663df4ca770332bfb1550d092ee949130a27ef8e4
CLIENT_HANDSHAKE_TRAFFIC_SECRET 04e194e8b5f4477bf1b4aadebaab075fbcff88ec3d3f95feb1bd9a326b48c0bc 8ec4c524921f0b2f04d1759dd876accd62a98ce59e9322acd25a0ab97dce74e25520361fb5aaf74fa72121f54dcdbd65
SERVER_HANDSHAKE_TRAFFIC_SECRET 04e194e8b5f4477bf1b4aadebaab075fbcff88ec3d3f95feb1bd9a326b48c0bc 54ea6f1f85ee4b2ecb700d246f2e0db5bc2c4107192ee9fdb8b16d2b39aec430b5b7581f6fd4d5d2b66ed95ee93141dc
CLIENT_TRAFFIC_SECRET_0 04e194e8b5f4477bf1b4aadebaab075fbcff88ec3d3f95feb1bd9a326b48c0bc cba77ab02e39a286b9f39ba5a55c1fe0c530eb7a243a7725cf9995da34134056c9b45b2fc5bcffb4f808cc31a2c10463
SERVER_TRAFFIC_SECRET_0 04e194e8b5f4477bf1b4aadebaab075fbcff88ec3d3f95feb1bd9a326b48c0bc b371642dfe74418d79810fb2d754587f8e83378336c66f5d3b1adc09c21b7a170f78131a78fde4554c2c909828ddad4f
EXPORTER_SECRET 04e194e8b5f4477bf1b4aadebaab075fbcff88ec3d3f95feb1bd9a326b48c0bc 6aa783eb880189463358eec8bdd142794795585b4e46574094aaac7ce8436ea4e39375c68d5715ac8b2d282aac9dc848
CLIENT_HANDSHAKE_TRAFFIC_SECRET b745a34122df3484f17dfdd8f858f6951a28d13a8433b44912f6497e4b128f1f 0e96be38527431acded22390d5c69bb2245209563e3936250ef4d9899f10313818a3a5ab63e9bff38abcc46d50a381c7
SERVER_HANDSHAKE_TRAFFIC_SECRET b745a34122df3484f17dfdd8f858f6951a28d13a8433b44912f6497e4b128f1f a2507f49850e84303ee1b3b8d52d82911a850cf51f84f25deb4413e1b86d3fe99024d41e86f5e304cdbf1d6caa3de7ee
CLIENT_TRAFFIC_SECRET_0 b745a34122df3484f17dfdd8f858f6951a28d13a8433b44912f6497e4b128f1f 030c97eeb9ebd86fe617fc4e3e9bbf03a27aa113a7ffd933080d593b581d778da0fedeb05fa9abb456041e6eb1d3106c
SERVER_TRAFFIC_SECRET_0 b745a34122df3484f17dfdd8f858f6951a28d13a8433b44912f6497e4b128f1f 0e90169094036b4140f1f6d14b33d51704ada8e73f857783f586adbff7e7704b882edee4b6ff0673371dc8e65059883e
EXPORTER_SECRET b745a34122df3484f17dfdd8f858f6951a28d13a8433b44912f6497e4b128f1f eded241ea8941a7b83d018cfafc3e9b3d5e1b0e77505bc12bc890592634ac48ddf224290d492700cd69b24188811e8d8
CLIENT_HANDSHAKE_TRAFFIC_SECRET 1ff2e323f3e77e0a34f12e2baa1bea6e642c1e4692076ee8f7676f116d7b2c48 fa476d4446e090227b61981d21ffe9313f00ef245c95c440b64e2d97113e2c18
SERVER_HANDSHAKE_TRAFFIC_SECRET 1ff2e323f3e77e0a34f12e2baa1bea6e642c1e4692076ee8f7676f116d7b2c48 650461d5398df7908c6ed8f5cc400f4b2ba9e2f31f1e44b5ed3530fd4512b17c
CLIENT_TRAFFIC_SECRET_0 1ff2e323f3e77e0a34f12e2baa1bea6e642c1e4692076ee8f7676f116d7b2c48 0003c85d31e94d93b75efc627ff5810f716313673caf96d4e048d32983afbff8
SERVER_TRAFFIC_SECRET_0 1ff2e323f3e77e0a34f12e2baa1bea6e642c1e4692076ee8f7676f116d7b2c48 342673d919fc91f189e490dace5d19ec0b6f1bb349da9ecd7b557536e9320ba8
EXPORTER_SECRET 1ff2e323f3e77e0a34f12e2baa1bea6e642c1e4692076ee8f7676f116d7b2c48 e752a520409ed9ffbcceedcf3c9e069f5b16af17d1ae22e173ebc2ec0839a1fd
CLIENT_HANDSHAKE_TRAFFIC_SECRET 3cf80d5e4d080a141029900f38554ee61c02463aaaea4bcee20df0ff43b46cf7 6037a3a25029f1a4944a6dba3abb4f907560c89c0cc66ae2ea2e73e1349912b50efc1f5aaae2ea029c3ba1f293611bf8
SERVER_HANDSHAKE_TRAFFIC_SECRET 3cf80d5e4d080a141029900f38554ee61c02463aaaea4bcee20df0ff43b46cf7 233ae73eda4a1aab86e9acb7a92245c4921d844daa0a03e8ddc95babb9831320b69ed4a76aeb620acf6a9188ccc59e1f
CLIENT_TRAFFIC_SECRET_0 3cf80d5e4d080a141029900f38554ee61c02463aaaea4bcee20df0ff43b46cf7 9f9ef6dd5adec34ed73cce015dcb5f01942f5bb49bfb040b500274eb252bef4dffeb0202cb7f2b807b15086879f4db53
SERVER_TRAFFIC_SECRET_0 3cf80d5e4d080a141029900f38554ee61c02463aaaea4bcee20df0ff43b46cf7 3fdd0fa813ac3e02cae2455c1040aa41ae52b4b08feae6bdd710892694845bc39da3a61be07a70a815e6416f8f584722
EXPORTER_SECRET 3cf80d5e4d080a141029900f38554ee61c02463aaaea4bcee20df0ff43b46cf7 ded516d77e451f612a46e782ec9bc44ceea896c1b536409b585f4cbd3ab6186be267178246582ab7b6c82d6a9a31be42
CLIENT_HANDSHAKE_TRAFFIC_SECRET f2e6f078e251d47a4e90c43d5d8fd355ac6d073f5a4298611eb5151d9d48a42d ecaad7f893fc8f2b2559f855c5e62839e4bf81f803b0bf6e3943380d37866bec
SERVER_HANDSHAKE_TRAFFIC_SECRET f2e6f078e251d47a4e90c43d5d8fd355ac6d073f5a4298611eb5151d9d48a42d 9d0b0ca837819e287207760a9e62860e695a70190cc97b9d29c719300de10086
CLIENT_TRAFFIC_SECRET_0 f2e6f078e251d47a4e90c43d5d8fd355ac6d073f5a4298611eb5151d9d48a42d 289dfaae2d68f7470e48e161e117c0fd5e98006ab32433a5e59d1de22b1b4639
SERVER_TRAFFIC_SECRET_0 f2e6f078e251d47a4e90c43d5d8fd355ac6d073f5a4298611eb5151d9d48a42d 7602461002e85090ff379b5ffacb0def2a9c8ffe32c6bcb337493d359e34e6d3
EXPORTER_SECRET f2e6f078e251d47a4e90c43d5d8fd355ac6d073f5a4298611eb5151d9d48a42d 311a0c08f43e91ea504edb7621e14234abb74710a1d8dcd0aa7fcc50439c5a3e
CLIENT_HANDSHAKE_TRAFFIC_SECRET e9b09ed3ce2d6ca5633b37cd0e47e7f5ca21e53a796dce8d067dc746b1a3e078 d65a840345c8e540bac8de9e9b79f0ebf97533f9353c4eab0d3f472905b7079b
SERVER_HANDSHAKE_TRAFFIC_SECRET e9b09ed3ce2d6ca5633b37cd0e47e7f5ca21e53a796dce8d067dc746b1a3e078 abed183a272f09a6a10251cc8e0e7fa1c92b6dbc0323ffa02d65d6ac113dad86
CLIENT_TRAFFIC_SECRET_0 e9b09ed3ce2d6ca5633b37cd0e47e7f5ca21e53a796dce8d067dc746b1a3e078 c544be838a1cc3e6a981caba18a8fc94d7e93aff582dd52c333d91e427de3da8
SERVER_TRAFFIC_SECRET_0 e9b09ed3ce2d6ca5633b37cd0e47e7f5ca21e53a796dce8d067dc746b1a3e078 8a3e36a603439405d8139f1f442a643e4e64340a5f0d116dcec27802d7da46be
EXPORTER_SECRET e9b09ed3ce2d6ca5633b37cd0e47e7f5ca21e53a796dce8d067dc746b1a3e078 8f2ba9678f9dbc97870c42635b06861f679af95a4b13a5e065f2c397e42da0e0
CLIENT_HANDSHAKE_TRAFFIC_SECRET ac33ecd21b647a4f8986d3c3a26dcedfe7977c3b62a928deea707b037ef25a94 97d739538dd702867651c590dfadd4da53425cd0cd310c99dfca372e26292bc7bbcf8d0b2a28848e5e8a73bd11fda26d
SERVER_HANDSHAKE_TRAFFIC_SECRET ac33ecd21b647a4f8986d3c3a26dcedfe7977c3b62a928deea707b037ef25a94 54b14f1d835d9af0c3b329e33a672b54723cd00ef7da2a7b669ea082508e1e62cc723ab131592e7441757dbc21f7a12d
CLIENT_TRAFFIC_SECRET_0 ac33ecd21b647a4f8986d3c3a26dcedfe7977c3b62a928deea707b037ef25a94 56c04727460f3d802f16ec8205b436433039b5aa839ba12aee87dc5a8ad4450f4f335ea3c373fef5783443d50720742b
SERVER_TRAFFIC_SECRET_0 ac33ecd21b647a4f8986d3c3a26dcedfe7977c3b62a928deea707b037ef25a94 70260e1a79ab8d1b26693f6bced34207872ed6606a7c811003d37dffd72ea707267fa733604e396e28908f6d68b29288
EXPORTER_SECRET ac33ecd21b647a4f8986d3c3a26dcedfe7977c3b62a928deea707b037ef25a94 0c74dd0649df20a4bfb8f5afb6d906c0391a847034d2aacb01049c1235950cddaaa352ffebaf1d76a224a1fe57c63817
