# SSL/TLS secrets log file, generated by NSS
CLIENT_HANDSHAKE_TRAFFIC_SECRET 1253a0ee8aa0f2bcc08d1012c020e7a7c5ebfb748612301d6ab99967ca543ac5 cc180e3af009a0f557ed147c7ff151b0c5b4505ecf011f3af7132c4425ef7a8b
SERVER_HANDSHAKE_TRAFFIC_SECRET 1253a0ee8aa0f2bcc08d1012c020e7a7c5ebfb748612301d6ab99967ca543ac5 df2bff430db8a4e1f970c9e513c5be404846c8428841bbd48887fb9f79c3fadf
CLIENT_TRAFFIC_SECRET_0 1253a0ee8aa0f2bcc08d1012c020e7a7c5ebfb748612301d6ab99967ca543ac5 06c3534c2c56c4856958af4dc52da90ead0209d3c6dfa3926350e24830df33d0
SERVER_TRAFFIC_SECRET_0 1253a0ee8aa0f2bcc08d1012c020e7a7c5ebfb748612301d6ab99967ca543ac5 3b30a6b8be5d46ab12435abfd343d53c15327a7c4cd2ba227f5a0d6750cc73bb
EXPORTER_SECRET 1253a0ee8aa0f2bcc08d1012c020e7a7c5ebfb748612301d6ab99967ca543ac5 fa745efb650affe35093b240c8b1801801cd36a619f4a1b3a658018960949da4
CLIENT_HANDSHAKE_TRAFFIC_SECRET 5422dd1b4d38ba90f033e02299a9d88320f14c684dd55feacbac0fc19b710db2 d060934f9562563954cc0bfdca62f743827a9f56bdb7d12d540c250dc66bf70e
SERVER_HANDSHAKE_TRAFFIC_SECRET 5422dd1b4d38ba90f033e02299a9d88320f14c684dd55feacbac0fc19b710db2 bd8a8525236815c71b2cfc0127ca565630ce0a6ef13dcc17030cffedb68e7ee4
CLIENT_TRAFFIC_SECRET_0 5422dd1b4d38ba90f033e02299a9d88320f14c684dd55feacbac0fc19b710db2 13929c9ea388b0a6d8c4ed567c4e826e33f591c2938b31d4406abdc61a7cca16
SERVER_TRAFFIC_SECRET_0 5422dd1b4d38ba90f033e02299a9d88320f14c684dd55feacbac0fc19b710db2 de93c0720230b5b4109047d7c2ef9e7354e960d16fc45feab9c432d18fe750de
EXPORTER_SECRET 5422dd1b4d38ba90f033e02299a9d88320f14c684dd55feacbac0fc19b710db2 066362b731ec925da7ebbf7b3675038eb85afff17519e63c1076f7768476c99f
CLIENT_HANDSHAKE_TRAFFIC_SECRET 092d623856a42a3e151aa44dca5aaaddbb3b9cc3fd205254a896c040f27978ec bf2583e8019887171c75fd05a659633d676dc8f829b9fbe29c3bed54f1dd21f4
SERVER_HANDSHAKE_TRAFFIC_SECRET 092d623856a42a3e151aa44dca5aaaddbb3b9cc3fd205254a896c040f27978ec 894ad1995a8da5de35c431ac710f5b8cd435b21f0a1102a19ccf0ae5dc799806
CLIENT_HANDSHAKE_TRAFFIC_SECRET 2340dae69ceaa617e0025ddb9ba7f3567ba48af5134dfc156d8c7c6abc1c3b3d 5a0cfeb397ff2e044d3018810aa4e7f6f04c9db3a8f14e5c6438482a918924d3
SERVER_HANDSHAKE_TRAFFIC_SECRET 2340dae69ceaa617e0025ddb9ba7f3567ba48af5134dfc156d8c7c6abc1c3b3d b044257492859d82517617db21ac9350d913373cbc72ac07b133830b4ef64ac5
CLIENT_TRAFFIC_SECRET_0 092d623856a42a3e151aa44dca5aaaddbb3b9cc3fd205254a896c040f27978ec 7352705787d062fb4542d8320ddb98c36cd4eb2a584284a196a7a7b6d7d70be5
SERVER_TRAFFIC_SECRET_0 092d623856a42a3e151aa44dca5aaaddbb3b9cc3fd205254a896c040f27978ec d6520b995db72b4ee1e125ddea3b18c70d2628bcc04babe2a6e3c2944b42ca2d
EXPORTER_SECRET 092d623856a42a3e151aa44dca5aaaddbb3b9cc3fd205254a896c040f27978ec d50d7170ca5964fea4cdee1a412fd0f6fb0dcebf86c3e0aca9f452485f62ad57
CLIENT_TRAFFIC_SECRET_0 2340dae69ceaa617e0025ddb9ba7f3567ba48af5134dfc156d8c7c6abc1c3b3d 5a6a5b95d7f3d0ecf3d754891e23701325bf0e761c887c8c5809439fd327f75d
SERVER_TRAFFIC_SECRET_0 2340dae69ceaa617e0025ddb9ba7f3567ba48af5134dfc156d8c7c6abc1c3b3d 5d30202c3e36893ebd9baa335d5964dd6b4adf45cca40a68129f24702a602559
EXPORTER_SECRET 2340dae69ceaa617e0025ddb9ba7f3567ba48af5134dfc156d8c7c6abc1c3b3d 01588610a89854549bd91c7e693ce2a0d608a7dea0389ac47f2342bdbc0d306a
CLIENT_HANDSHAKE_TRAFFIC_SECRET 91f12a6776e71653c5190ab7f483e01df30cb53371d7a5ee89bb50b068c170bb f1f7504ae05f86a5a0be542bc909562476eaba70737e4ce35fa2f0dc0f21bc43
SERVER_HANDSHAKE_TRAFFIC_SECRET 91f12a6776e71653c5190ab7f483e01df30cb53371d7a5ee89bb50b068c170bb cb30b3f3af259d21ec7f4e7d8e430ebf10cd1dd4bd33b83db55b1e7928c5b665
CLIENT_HANDSHAKE_TRAFFIC_SECRET 29b70852a6c47f1b8c1041a2b572171dadc8e3c2f2947323b22e63b13dc7d00d 7d9801611fd0772ff8effd3006211d56498855349086791c26fa4371c5e2dffa
SERVER_HANDSHAKE_TRAFFIC_SECRET 29b70852a6c47f1b8c1041a2b572171dadc8e3c2f2947323b22e63b13dc7d00d 42d8d793ea595f33eaac1064791f7841b48f70d5f2e73c3ea0968a9b2ee3e7b0
CLIENT_TRAFFIC_SECRET_0 29b70852a6c47f1b8c1041a2b572171dadc8e3c2f2947323b22e63b13dc7d00d e59c311cc82287474334da460bab58fecd4f8494bbc0e90ea880a54a1a8e9b2d
SERVER_TRAFFIC_SECRET_0 29b70852a6c47f1b8c1041a2b572171dadc8e3c2f2947323b22e63b13dc7d00d 58abd80c3df61f18e4759f8d1858ba70c9737ce747e2cc1831d9cf7d27a9128d
EXPORTER_SECRET 29b70852a6c47f1b8c1041a2b572171dadc8e3c2f2947323b22e63b13dc7d00d 0768cb493defef58ab4f3abf4f828073b23cc106485617feed46b04ff4df7593
CLIENT_TRAFFIC_SECRET_0 91f12a6776e71653c5190ab7f483e01df30cb53371d7a5ee89bb50b068c170bb ba3d79e47134509d637a87d74ca3c16f9835b944096bdfc8fe6f5dd65d6da43b
SERVER_TRAFFIC_SECRET_0 91f12a6776e71653c5190ab7f483e01df30cb53371d7a5ee89bb50b068c170bb 39dd56e3afba0eb87019394694bcdb2a1fe06f10fe57e4e4f9575caafbd52f2e
EXPORTER_SECRET 91f12a6776e71653c5190ab7f483e01df30cb53371d7a5ee89bb50b068c170bb 6790043e467f3b5eb7980bbc78c5b74c6ce1f441565edb74e14ca07a38121538
CLIENT_HANDSHAKE_TRAFFIC_SECRET b64799d45babb0c0c26e85afc3ca885ae5e4756aa9a0b8fca1a4a070607ce3eb 8befdae18d2a31de4bbd8463b954669d2534b1936da6a5609f4cb53226ca5d02
SERVER_HANDSHAKE_TRAFFIC_SECRET b64799d45babb0c0c26e85afc3ca885ae5e4756aa9a0b8fca1a4a070607ce3eb 0c9fda06eae59444999e662e6cf3ce55526df290e283feac89f024b46472daf0
CLIENT_HANDSHAKE_TRAFFIC_SECRET 818a22996ce8d656b5369740c9735299f6e5c57179515de19a5ea0f38164a750 efa3c37e9d67eb8a88240c44320b1dda07ca97ac8e1c99a45560b7b55eb41b9c
SERVER_HANDSHAKE_TRAFFIC_SECRET 818a22996ce8d656b5369740c9735299f6e5c57179515de19a5ea0f38164a750 0fa7843b98eeed28cc200d6803b0fce5f4ffbe64f90ccd145fd5baf81384aa4e
CLIENT_TRAFFIC_SECRET_0 818a22996ce8d656b5369740c9735299f6e5c57179515de19a5ea0f38164a750 8ecd9a05dc16cb634a9e7d2fa12263a596cabd25030f1f81ee6fb5be6a42c31f
SERVER_TRAFFIC_SECRET_0 818a22996ce8d656b5369740c9735299f6e5c57179515de19a5ea0f38164a750 2a18b904d40a7bc12b8d88f158c44e828e996883e3a58fa7281be2f7fc5b96c0
EXPORTER_SECRET 818a22996ce8d656b5369740c9735299f6e5c57179515de19a5ea0f38164a750 8feef8744f0e7ab676d67dd7ae0ec4ea7e36c6b6c13ee81678e6b10115ece456
CLIENT_TRAFFIC_SECRET_0 b64799d45babb0c0c26e85afc3ca885ae5e4756aa9a0b8fca1a4a070607ce3eb 54dda0fa03a45895d2c1e4ab20442721ca09b904dad1744c7880051f76cd86b6
SERVER_TRAFFIC_SECRET_0 b64799d45babb0c0c26e85afc3ca885ae5e4756aa9a0b8fca1a4a070607ce3eb 25e72cbee271e37e1f8762ded4944540ec348e4a4bc00c9ca0b80f9bb16758a4
EXPORTER_SECRET b64799d45babb0c0c26e85afc3ca885ae5e4756aa9a0b8fca1a4a070607ce3eb bd64e61848f375b8276e3ce603b11b528a3f456ff83df28e5e6120d70a20805d
CLIENT_HANDSHAKE_TRAFFIC_SECRET 24b273335fcc990e6fb738c6f820ea8d0cc091ecfd9cbc6deaf6e75e2b99f933 64de2a3c8b8e100869ac15cbaaa9d2f10a6a53bc645c7b774300946d56571c7c
SERVER_HANDSHAKE_TRAFFIC_SECRET 24b273335fcc990e6fb738c6f820ea8d0cc091ecfd9cbc6deaf6e75e2b99f933 2aa9006f0b1725a47973336698c82ee03db6f7c1b11e0bb8ec3c819ad3cb46f2
CLIENT_TRAFFIC_SECRET_0 24b273335fcc990e6fb738c6f820ea8d0cc091ecfd9cbc6deaf6e75e2b99f933 5481291aceebb90236e034302261a4b55c57033efec1746dd1d03dedc6a8b7e0
SERVER_TRAFFIC_SECRET_0 24b273335fcc990e6fb738c6f820ea8d0cc091ecfd9cbc6deaf6e75e2b99f933 dc4340e59c8ab7e1cc969550c853de440dc561bd339732a686017b9c8e603b88
EXPORTER_SECRET 24b273335fcc990e6fb738c6f820ea8d0cc091ecfd9cbc6deaf6e75e2b99f933 348127d0f1df122fcd8a146d784887254d2d7f50da632c7c9613df4c33da4776
CLIENT_HANDSHAKE_TRAFFIC_SECRET 71057ece9a7e47cad57f34870edd97a44d8fccee1685f7da2d299efbca9a7387 ba412ac3d438d5f4b6ca86552b25ae38bd9b0839657ee8b5ba64e384e0b96bdc
SERVER_HANDSHAKE_TRAFFIC_SECRET 71057ece9a7e47cad57f34870edd97a44d8fccee1685f7da2d299efbca9a7387 fcb2952552c61f5dd87f868e4e51d5372e55388f3a9b0087a5d0c0b7c6e020e3
CLIENT_TRAFFIC_SECRET_0 71057ece9a7e47cad57f34870edd97a44d8fccee1685f7da2d299efbca9a7387 9f6f8382f4a39a7881e0b80d999cf6eff093358d64da0f08483d141caaa1a0a6
SERVER_TRAFFIC_SECRET_0 71057ece9a7e47cad57f34870edd97a44d8fccee1685f7da2d299efbca9a7387 6754346c45086f8831da7ed35a34411029c41af99c34d89ae0d59c3ac0bba6ae
EXPORTER_SECRET 71057ece9a7e47cad57f34870edd97a44d8fccee1685f7da2d299efbca9a7387 03aa2b8483a75463f469c85c9586301ea60732fb7dff5ae698c345e812124f67
CLIENT_HANDSHAKE_TRAFFIC_SECRET 7157460b1552733372c8778cff9447d1aac61802151fbbb60ead2dfcaa1d355a e31264d54a396167c035562632931951b033a0f044b8563ec74e2338037a6f1a
SERVER_HANDSHAKE_TRAFFIC_SECRET 7157460b1552733372c8778cff9447d1aac61802151fbbb60ead2dfcaa1d355a 59554afbc423f975da0a7809bc2b2ccf13638c8229b00a7e4caedbd5f740f1bc
CLIENT_TRAFFIC_SECRET_0 7157460b1552733372c8778cff9447d1aac61802151fbbb60ead2dfcaa1d355a 8daf783fb4b1d1d22842b999aa36b6bc503eb9c8253b9318e939c7c8a9833bc9
SERVER_TRAFFIC_SECRET_0 7157460b1552733372c8778cff9447d1aac61802151fbbb60ead2dfcaa1d355a 0dbe7bcf9562e7697e711307ce9076c4c75d463cf2ad661bfb3fd31244aaf286
EXPORTER_SECRET 7157460b1552733372c8778cff9447d1aac61802151fbbb60ead2dfcaa1d355a 304822be9dcf9bd78fc3dd19d54df3714751236c1de3d2e016d0ec80a5eafb8b
CLIENT_HANDSHAKE_TRAFFIC_SECRET 9920eb734851fc823e82780581d61903b34886769d69d1a97166bbe6a1d0fb47 4ad66897c91e8a3477d73bcbc2ec29682e76315c90505159a6dcab8e7ecf9572
SERVER_HANDSHAKE_TRAFFIC_SECRET 9920eb734851fc823e82780581d61903b34886769d69d1a97166bbe6a1d0fb47 fc6ec1c4fefddeb65ec960ccf70ff628511546e576a6044b5f5fb01260f0cc0e
CLIENT_TRAFFIC_SECRET_0 9920eb734851fc823e82780581d61903b34886769d69d1a97166bbe6a1d0fb47 ba25aebbc583c424fc3aed81cfb41f581407a22bf586085fd6bab5accc03dfff
SERVER_TRAFFIC_SECRET_0 9920eb734851fc823e82780581d61903b34886769d69d1a97166bbe6a1d0fb47 fb60ce034fbabed4405ed43d2bd666d059b4ee355bb22257f3620ad8761de10c
EXPORTER_SECRET 9920eb734851fc823e82780581d61903b34886769d69d1a97166bbe6a1d0fb47 ec768a3a9c04e7b9368acc363a0f76006964cf9eae6a52245f6474554657c8b9
CLIENT_HANDSHAKE_TRAFFIC_SECRET 4ef21a8a7105b596a7a714c15b187a4f987337769098b52b405b1090a7e107fe f8aaadc37547a5b5e98d84580f58b58432c84848783c1228c7721245726ebc64d694b783fce22f13e1f808ad01265247
SERVER_HANDSHAKE_TRAFFIC_SECRET 4ef21a8a7105b596a7a714c15b187a4f987337769098b52b405b1090a7e107fe 3a046782992acbe1cb0f0ba29efcccf680604a214d19e691d3ba0aa0f7c1bd7058aecd1198f90d484be4d4e55db6a4d5
CLIENT_TRAFFIC_SECRET_0 4ef21a8a7105b596a7a714c15b187a4f987337769098b52b405b1090a7e107fe d7b1f5dad528b5e546fecb3882d8c4aed2a886318d56e04bcda71fa21542eb49351cc880b431253458d2704c708dfa33
SERVER_TRAFFIC_SECRET_0 4ef21a8a7105b596a7a714c15b187a4f987337769098b52b405b1090a7e107fe 07df811fbc749414e3d9e031c33bace49caa7a737cdb8ac4c3d876239ca9dca8ed975e77df221dddcfde15154f239257
EXPORTER_SECRET 4ef21a8a7105b596a7a714c15b187a4f987337769098b52b405b1090a7e107fe 59b02696e28473babaff310d3e0407a6945c69b0acc285904dcf8e1c6679e185311a6e4a9028e3dc62f461d38aa3face
CLIENT_HANDSHAKE_TRAFFIC_SECRET f0e5588cbb52cb0c6e7cf7fb9ea8ac22cbc73bbc16f8d75545634c17cb8c2a94 fe3ea460974aa344a96a957e5bfe8d22d97d008839ac4a66c85baf8fe82da3e81b8321f18636cea44841038cf5acbd64
SERVER_HANDSHAKE_TRAFFIC_SECRET f0e5588cbb52cb0c6e7cf7fb9ea8ac22cbc73bbc16f8d75545634c17cb8c2a94 53a87736a19bc08e692e0f65a3db43584822cf96a6a91c4557efa6de946fd984e475b43f4fa341945753eabe0ae5c891
CLIENT_TRAFFIC_SECRET_0 f0e5588cbb52cb0c6e7cf7fb9ea8ac22cbc73bbc16f8d75545634c17cb8c2a94 4d6516307513caaae35cea82b7abffb1897c1ba21ecc54730944edd10ae9571e5c84ae8f9b90dd41cd12d85552e370bb
SERVER_TRAFFIC_SECRET_0 f0e5588cbb52cb0c6e7cf7fb9ea8ac22cbc73bbc16f8d75545634c17cb8c2a94 93955a9b1b3dc55a49dfb202ed1a13f1461b22ce9511f4260e94a775867cd0075805d706e649fa62af1749f7283cbbbd
EXPORTER_SECRET f0e5588cbb52cb0c6e7cf7fb9ea8ac22cbc73bbc16f8d75545634c17cb8c2a94 c52180eb03b4850e76a20cdb4f4c2b07ab131c934113b13865e2d4e31bd70c8a25960bdf2ec28a7c18df8a3e526a2485
CLIENT_HANDSHAKE_TRAFFIC_SECRET 4ef180dce8d7914af3bcbe00895e60c141bf81b9f3a500e5e290c515ad83c814 fb7f615329fe9976470ae8f8d48c32ac2c60bd5c712fb04ca32166c615be6389dee32b436ba210cee2b34b3ae0512785
SERVER_HANDSHAKE_TRAFFIC_SECRET 4ef180dce8d7914af3bcbe00895e60c141bf81b9f3a500e5e290c515ad83c814 7e7948410481c8d42f2c0dd8eb8304d7a8495a90adf6446fff5db86de655c86fe517c3c09b3c00984336e6b9bc7e4a5f
CLIENT_HANDSHAKE_TRAFFIC_SECRET e700207f2ee454b73995b63c3e4495dae6963cb982d54f66726c089f754f569d 2ba1b8825af82e9cf23c22026f859b1457c29d0e69a7643721393ce888b25cbc398148bf5c5b6e1b8594dcbfa7b3f64e
SERVER_HANDSHAKE_TRAFFIC_SECRET e700207f2ee454b73995b63c3e4495dae6963cb982d54f66726c089f754f569d d33bc4df808c94a24a0edeceb35e78ba325aba27842b819604087ea2d8e7d0d85c5c2f1796833ae49c9e02d041669239
CLIENT_TRAFFIC_SECRET_0 4ef180dce8d7914af3bcbe00895e60c141bf81b9f3a500e5e290c515ad83c814 951c987b5d30efef1543882ec139b34b849815bebd35382529dc53a7fec328ceed432533878f29eac64586072f859d9d
SERVER_TRAFFIC_SECRET_0 4ef180dce8d7914af3bcbe00895e60c141bf81b9f3a500e5e290c515ad83c814 07d5fd4a735bc7a797e1c87796088caf1c615af55bb53b5575b2ea23c4a61f79cb79f748b491e65df9f868cd4448eb3a
EXPORTER_SECRET 4ef180dce8d7914af3bcbe00895e60c141bf81b9f3a500e5e290c515ad83c814 94e761de3588ed8c3cb777108ff69dc49ea12281d9e125b2ff1583bf80c5ae15e26297dc6cafcbe0aaac643b06e2e6b9
CLIENT_TRAFFIC_SECRET_0 e700207f2ee454b73995b63c3e4495dae6963cb982d54f66726c089f754f569d 47919285835c4388e50e0d8ad4dfebb6b5958e75acdb23668572358ae4adc1fffc3fa756cec1cb8399a3225c56aa4772
SERVER_TRAFFIC_SECRET_0 e700207f2ee454b73995b63c3e4495dae6963cb982d54f66726c089f754f569d 9a11d1ac8ad75328fa477a3256b637f5d34f599ca577e08c148fb1879ace21eb9c91040d3fb52927b3093bf21adaf7b1
EXPORTER_SECRET e700207f2ee454b73995b63c3e4495dae6963cb982d54f66726c089f754f569d 64e78901a28cc241b52ba012ca1f7488aa2188e2400beb127b4d7e6974fee9bf16e88894b872907bc672a082adacf292
CLIENT_HANDSHAKE_TRAFFIC_SECRET 3bce23b93f28194f3eabdc0de5beff52e20dbf9646848cf3bb61682a4da5f280 a4371c425c1f8b6953142260f9ff03065487c6276831b26777f5ccfc11ddf6845a408a4c4dd3a6ca6c3390d7c827b538
SERVER_HANDSHAKE_TRAFFIC_SECRET 3bce23b93f28194f3eabdc0de5beff52e20dbf9646848cf3bb61682a4da5f280 a2142e6830ceff95418bb0954e27c6a70b4f0d32c100ac2375e35806572ea6fe492e1d4cdedf55c9f331f077ec0e337e
CLIENT_HANDSHAKE_TRAFFIC_SECRET 83a51d75759268e24cf351ff681b6c480dfe7c1bc7c54a27613d84aea8eed4ec 997bb94319f7881d9627808c75d71d7c24cfee1b8e3aea8adcfb2e32e14a0447d32087f944a47bf24bec85f7e435eb49
SERVER_HANDSHAKE_TRAFFIC_SECRET 83a51d75759268e24cf351ff681b6c480dfe7c1bc7c54a27613d84aea8eed4ec 9f33c65cef4a0782577963e7e0e2b7f42ee7b34718f0aa50d4584b4bdf1c6bb581acb4f158e71a958698f91a13cec93a
CLIENT_TRAFFIC_SECRET_0 83a51d75759268e24cf351ff681b6c480dfe7c1bc7c54a27613d84aea8eed4ec 544ce06c2532d5f32e39e85be875b6314e2139a7289c7a44e97c0c2ad3375478af7218b04211e87ec2d6c66a932a56ae
SERVER_TRAFFIC_SECRET_0 83a51d75759268e24cf351ff681b6c480dfe7c1bc7c54a27613d84aea8eed4ec 80968706239af364ea3706c1e5f82d5cb6e42f778fd97486bf7b8361c4f2a9e57a8704846281a72e58f048a506f071b4
EXPORTER_SECRET 83a51d75759268e24cf351ff681b6c480dfe7c1bc7c54a27613d84aea8eed4ec 9e93a929c99df0c89f92115ed9bf16ec79bd4195410bdf6380c0b353d622760f3afa5f5bdfbe36c4406ce61ed9464045
CLIENT_TRAFFIC_SECRET_0 3bce23b93f28194f3eabdc0de5beff52e20dbf9646848cf3bb61682a4da5f280 edf649775b54edeca0321539c3dff81db3b1b62da215aa67894ba0d2273dea810c7a2aca835557e6e250c603dca7c43a
SERVER_TRAFFIC_SECRET_0 3bce23b93f28194f3eabdc0de5beff52e20dbf9646848cf3bb61682a4da5f280 18b0a2dbcca1dddbe679035a34b4f85062293eb9ea56fd3372066752a9d03b7952fe1862e11b99aa214eb0bbaf1d7233
EXPORTER_SECRET 3bce23b93f28194f3eabdc0de5beff52e20dbf9646848cf3bb61682a4da5f280 129c2a4bacd11eb0863c8d9726a161f54fe95ce339d699045aaf8e77c1b4c79f6b9748ca82b9cb016c48aac01250c9b3
CLIENT_RANDOM 873d0107c44d8a1bf3de95b6546cf34a1ddc0c5f55228d3af946369ddd955ed5 2fe22c75f0dec860470a53668595dd5f81b37ed4544ca0017ebbc0423aaa6a10a782a1a2742788683b245c64717ff302
CLIENT_HANDSHAKE_TRAFFIC_SECRET a6744972531af20182a3361bd1373ab3c79ece7a7543f2b0bbc621c8a3fa47ea 68f39142d7dfdcd0feb399375db54c4c12a4b5a1bd80b1777120cd90d38e2d42b6dfac64d232d507fcb7bb7b3227d25d
SERVER_HANDSHAKE_TRAFFIC_SECRET a6744972531af20182a3361bd1373ab3c79ece7a7543f2b0bbc621c8a3fa47ea 145e0bc04a89cf65fc37cd206546d271a6659d8c7ddf71f3ab4e639b78b2b65246deecd1a0e5963f006806107b6962fb
CLIENT_HANDSHAKE_TRAFFIC_SECRET 0ce73de03ed76b790c2e590d9e02a37d21328954ec4c55e8cb9bccffabe97d99 6e0328f4b752d805ef8e7d68693733ab934e8f2d1f58313e954b1b82b87ffa15bc40e15f74381194d1c293fa2ae8de67
SERVER_HANDSHAKE_TRAFFIC_SECRET 0ce73de03ed76b790c2e590d9e02a37d21328954ec4c55e8cb9bccffabe97d99 96e0de1d829d691f2fb8b214ae8af56d79f8ee582b4c774efc4414edc73a2408005f4b019daaef48128fc5a2a5811a41
CLIENT_TRAFFIC_SECRET_0 0ce73de03ed76b790c2e590d9e02a37d21328954ec4c55e8cb9bccffabe97d99 439dfbbabcd2ae137315398cbfbf2c53a9e2dc81b7a8af959034c44584012d6660aa1a54378c6c63b1d2f2618cd931ce
SERVER_TRAFFIC_SECRET_0 0ce73de03ed76b790c2e590d9e02a37d21328954ec4c55e8cb9bccffabe97d99 a96c216287b8ebe5dd1586619c41c4ec3f78f6c07d6ee7f8770f3b736c7e11f3a944fdb3a46d94ef4d21bffdcaddfeac
EXPORTER_SECRET 0ce73de03ed76b790c2e590d9e02a37d21328954ec4c55e8cb9bccffabe97d99 780f771e2aa74b62521d1c9197838637f748eb20825d3a921bbc9488d13ee53ef90e351968c3b404f2f99b71a228628b
CLIENT_TRAFFIC_SECRET_0 a6744972531af20182a3361bd1373ab3c79ece7a7543f2b0bbc621c8a3fa47ea b340d3eee8e807dd2950fd62cafa5a6efa39e408c35d975474ad4bde982985edf431e94c7d5d1273e40b8dc23aa562f6
SERVER_TRAFFIC_SECRET_0 a6744972531af20182a3361bd1373ab3c79ece7a7543f2b0bbc621c8a3fa47ea 8c06da0d47f710554674d7a785e7d64dead2be52a311c265f7d89fa94636c2016bcc85bc7f166e707f1143d7567a3cb4
EXPORTER_SECRET a6744972531af20182a3361bd1373ab3c79ece7a7543f2b0bbc621c8a3fa47ea f1eb5ce1342015de26dd18ef3cd8b1549f30abfee79727d41f01581f0842e9e9ac9814bf1ba23c110b67d47eabc7cecc
CLIENT_HANDSHAKE_TRAFFIC_SECRET bfe26608edcaf54233698cb16a505017297b029d6460951611e1affd8fefbb50 b8b6bb3f669e744580c02642482e691cde82cff7d9f9941675d0965d02536e607500cf580169db92282a9fddb242f45c
SERVER_HANDSHAKE_TRAFFIC_SECRET bfe26608edcaf54233698cb16a505017297b029d6460951611e1affd8fefbb50 d6359678d73f4b5a5cb660ed23d705dfd62812f1e7bd278b82541e9571814716e98f38387cbc3470a43d5807ea091590
CLIENT_TRAFFIC_SECRET_0 bfe26608edcaf54233698cb16a505017297b029d6460951611e1affd8fefbb50 93830f3b9d35ce10fee925d58ee3e8467a07981e913c075ccaee48432cd9f2c0f6ad07966686c12e78879124e10a0126
SERVER_TRAFFIC_SECRET_0 bfe26608edcaf54233698cb16a505017297b029d6460951611e1affd8fefbb50 ec0808e5adbf162fcddf8ca0271c0ba1196807c674e0f2ccc11d28630a56e8a309c4ed524f5e1bba1ccd2b80f35b6e54
EXPORTER_SECRET bfe26608edcaf54233698cb16a505017297b029d6460951611e1affd8fefbb50 e4d564aeee45ee581707fa9dfbf794ce7d240847f411402abf57dde5b9f59cd1ed0bb17cea9bab07c973cd8d03fe671c
CLIENT_HANDSHAKE_TRAFFIC_SECRET 424fae8a1052ad6cd65b3ba33d9a0e09849497eb8eba29c56ed9650b780b6e06 b6effdd61ab4ef95c93d018b79371ad50283c7bc2f1d14beca6f1d7481aed04a7208031296492bb6a17f66499af699fe
SERVER_HANDSHAKE_TRAFFIC_SECRET 424fae8a1052ad6cd65b3ba33d9a0e09849497eb8eba29c56ed9650b780b6e06 ae277e4e7377d6e78870455a34df55e6065acc7ff7c1959d4eee3f3fc29c7a85004c62f0551a4088091e9719c563d6b9
CLIENT_TRAFFIC_SECRET_0 424fae8a1052ad6cd65b3ba33d9a0e09849497eb8eba29c56ed9650b780b6e06 5e2580498798484aa9215d1a1b5700fe8160d280e3a7be8a0d47ad24835af870a3056a242f15c8899e223b8e2f3937fb
SERVER_TRAFFIC_SECRET_0 424fae8a1052ad6cd65b3ba33d9a0e09849497eb8eba29c56ed9650b780b6e06 ca54143e8eed14444555ee1782aadf065da8c552e2fefd5d9c191d039c4ae78bbec472aba40e8c297b84d28857a8a5bd
EXPORTER_SECRET 424fae8a1052ad6cd65b3ba33d9a0e09849497eb8eba29c56ed9650b780b6e06 b44a89accb7f7a254aac8fb1f23bce900fbacf5e638d372f806d7c2133e847af7bfdc91e83d348c392d2824c8b668592
CLIENT_HANDSHAKE_TRAFFIC_SECRET 261adc9fd6b9f748eaa4f4d752420342698b28ecfebf641366a0442a1f2efc8a 71678fa43236e9da328a985a8852424d2f143db923bd2edb6a2c0ae9b90ce675430ee4833fd4476162d2ea7863af4315
SERVER_HANDSHAKE_TRAFFIC_SECRET 261adc9fd6b9f748eaa4f4d752420342698b28ecfebf641366a0442a1f2efc8a 5d9aa4ae15bd0d86924be9074db6ad2a58b1607bab15a7bee098c55efc85e1cfbd559be78ed1d408ab8f9113fa35953c
CLIENT_TRAFFIC_SECRET_0 261adc9fd6b9f748eaa4f4d752420342698b28ecfebf641366a0442a1f2efc8a c2a67ca2ecde23b76a30646fc9d1f4848b2fff0240ce6acaf116d3caab417d7e1ad33731b072d932691cd022baf8976f
SERVER_TRAFFIC_SECRET_0 261adc9fd6b9f748eaa4f4d752420342698b28ecfebf641366a0442a1f2efc8a 3277e7368c4a1b388c072fe62762ddb6769df521a3181a863caa39f603ea24e1dbaf0b996ee4a9d8d176bb7793043b3d
EXPORTER_SECRET 261adc9fd6b9f748eaa4f4d752420342698b28ecfebf641366a0442a1f2efc8a 143194d650be788a9b873e9ca71000037b1332163bcc2d15e95e07bb8ae6f1d169fc341881aea030fe59d75d804cf199
CLIENT_HANDSHAKE_TRAFFIC_SECRET ebd268279119e51dc3d39693a1cafa57a81bc5417820f22ade0e7376c28b862c 38f3e69ad637bb288e3dfdf94b477645e8a79708c8d159140c2a726dbc3e224d
SERVER_HANDSHAKE_TRAFFIC_SECRET ebd268279119e51dc3d39693a1cafa57a81bc5417820f22ade0e7376c28b862c a62f7a6490ae832295f2f4705c1a52adf4100a07438158b56695fcf4192ce975
CLIENT_HANDSHAKE_TRAFFIC_SECRET 756e8a893ebf455133392ff8c4da5b4edf90a34d7d5129477418f93bdc98b638 448dbfdf606ac00fa4e5d48cd0b38e446f52d9327e0efb4d13133252dd676048
SERVER_HANDSHAKE_TRAFFIC_SECRET 756e8a893ebf455133392ff8c4da5b4edf90a34d7d5129477418f93bdc98b638 1c631272e26d4c76bfa5dac874f5eb3a3e155fa4d509fc50e9e62abad8f5d5de
CLIENT_TRAFFIC_SECRET_0 756e8a893ebf455133392ff8c4da5b4edf90a34d7d5129477418f93bdc98b638 47a38a6bedbe287ea3db89cb00a5c82614a7e0dfee285cddb8d5ee5a97507502
SERVER_TRAFFIC_SECRET_0 756e8a893ebf455133392ff8c4da5b4edf90a34d7d5129477418f93bdc98b638 e31661dd2b74188f0b0c8d3f38560c6048e66d333a0647a673eeee23d97072fd
EXPORTER_SECRET 756e8a893ebf455133392ff8c4da5b4edf90a34d7d5129477418f93bdc98b638 9b592c9c146b8cc014156959c8fb14e1beeda71212e4be7df49b6e4354d1b14b
CLIENT_HANDSHAKE_TRAFFIC_SECRET 041a66d5e04fcdb5f39f27293b2049595eb11d17fcffa37f12745284477b2891 98e94415b51a6effbe20de299b66fcca990cae6e2db0761e701bc0af4795ac67d02099e01e84674172c8a921855945ae
SERVER_HANDSHAKE_TRAFFIC_SECRET 041a66d5e04fcdb5f39f27293b2049595eb11d17fcffa37f12745284477b2891 4fc657673e8bebf468905c7fea5a44e1ee5cfc373ccb4347ec72455508677bcba0f88f72fea40006159df9545cfe52ed
CLIENT_TRAFFIC_SECRET_0 041a66d5e04fcdb5f39f27293b2049595eb11d17fcffa37f12745284477b2891 2b8e8bcd85dace50cad2b9288b74f5c33b7774e7318c438dc277a920bd5b725cd2a4b9d4db2621269d95b0236fc051f9
SERVER_TRAFFIC_SECRET_0 041a66d5e04fcdb5f39f27293b2049595eb11d17fcffa37f12745284477b2891 0a1a3df51fcd00237b879866962f968574d7da5e2d46c0ab59caff276e2ac343f57794170a8fbe9c2db4cb892838744b
EXPORTER_SECRET 041a66d5e04fcdb5f39f27293b2049595eb11d17fcffa37f12745284477b2891 299e24190392102180b9a46f402c688fc7872f99141f7840e55ca7acf081f40a11ade13c5c39b328b1eaf7ed3bf31aee
CLIENT_TRAFFIC_SECRET_0 ebd268279119e51dc3d39693a1cafa57a81bc5417820f22ade0e7376c28b862c 74ed421c1e205dfe37c15e3d8bc0d53ba239dadfc2034dfad8ec70360b0fc9bc
SERVER_TRAFFIC_SECRET_0 ebd268279119e51dc3d39693a1cafa57a81bc5417820f22ade0e7376c28b862c f26484dadf16948e5c990d75e391348dc89599ae6d45b01ad497746eb2a7ed7f
EXPORTER_SECRET ebd268279119e51dc3d39693a1cafa57a81bc5417820f22ade0e7376c28b862c 4dbce00858eda250710d0c94f0529b476f0a44fa88deac604257e18f8367f34d
CLIENT_HANDSHAKE_TRAFFIC_SECRET bb8c6de1585046233b81d126200a3c7d676623c9788822ccbf4b2de4cef30e1b a28cf038fff898f296ea98fc00ba506baa08d7e1425b5a7e16a801e65029a8eb35883678b613ffea522e3ef9e114f7b9
SERVER_HANDSHAKE_TRAFFIC_SECRET bb8c6de1585046233b81d126200a3c7d676623c9788822ccbf4b2de4cef30e1b 2011cb38ba445ed284d351e818c62d5e2baac5af84e797200e45e7fe0a64e4164dde73ef19f5f9c15bb32384e0365c4d
CLIENT_TRAFFIC_SECRET_0 bb8c6de1585046233b81d126200a3c7d676623c9788822ccbf4b2de4cef30e1b 892280d2b515cf4f2a5164e79c3f018c6e36dd23f3efe3e6f696dab8c82be0172a1bdf5979d870f5b364b89eb1dc5835
SERVER_TRAFFIC_SECRET_0 bb8c6de1585046233b81d126200a3c7d676623c9788822ccbf4b2de4cef30e1b e0550f065ad2fe77da51600cff661bc5a9a797ce11568aee8b4129b3a55ab1c8c5393b495be58a3f786ccb2cd45f3324
EXPORTER_SECRET bb8c6de1585046233b81d126200a3c7d676623c9788822ccbf4b2de4cef30e1b c709bd6d0d4b701b778ef9240e97e2df4440316ce7c1c2a427749d1ebcaa55c74d835d39822a88b669b5e5b48bd1701f
CLIENT_HANDSHAKE_TRAFFIC_SECRET 60d9de43266fd4012380bcf851af4a8f112fec8810bde73f4bcbffee0e3441ce 697d4ab2af39316fddcac0ed52fee331592238b5a3ebfe382cf5c33064889463a8ca2131492091500836018c5f298047
SERVER_HANDSHAKE_TRAFFIC_SECRET 60d9de43266fd4012380bcf851af4a8f112fec8810bde73f4bcbffee0e3441ce fefde468fde039bc8c2016dc0a5ffa622b6a6518f2ec7862a70f8bfbf444d57e030660afa6709447e8aa63db62fa29f0
CLIENT_TRAFFIC_SECRET_0 60d9de43266fd4012380bcf851af4a8f112fec8810bde73f4bcbffee0e3441ce 2b4f710f3d50cc0ee5d4c88f404fd6f6e0692c66d6031cad8227a3045d904f7509e1b833c323860a7adb64d0d2353fb6
SERVER_TRAFFIC_SECRET_0 60d9de43266fd4012380bcf851af4a8f112fec8810bde73f4bcbffee0e3441ce 15fde15ee36804dd17314d80c7faa1f00dc241325bc8ef03b6bcdc4ca763c3e6a93cb1d99ca6e9b0d205731bf7d89af9
EXPORTER_SECRET 60d9de43266fd4012380bcf851af4a8f112fec8810bde73f4bcbffee0e3441ce d21a92682455dfe78385206946c4aea0cb58808e88cebf94aa6cba4c74d60f1e27a4e65d726ca67530cc88b839c51499
CLIENT_HANDSHAKE_TRAFFIC_SECRET 32008a3e532dee437bce067f0a1e7a66af52bab4cde22956ea1c49b9f0daf3c1 52a1c47dad71e7e5e53d4ed82c78990064e6c17437570a3fed124a7511cb0aac3918a350058950650520122f1e3ba064
SERVER_HANDSHAKE_TRAFFIC_SECRET 32008a3e532dee437bce067f0a1e7a66af52bab4cde22956ea1c49b9f0daf3c1 5249cb31055f3bd548ec93e373ee14b391b9a83e9369a790e597262b61b2b928423c6663013d84fc3dfdb8e77b7917cd
CLIENT_TRAFFIC_SECRET_0 32008a3e532dee437bce067f0a1e7a66af52bab4cde22956ea1c49b9f0daf3c1 230c1e925b2aefe1657ef2fdb17a2c2b65fcd93be0066cbcc8cc73dd329ffed835c3911d5b411f4f8e13fa674069b4fb
SERVER_TRAFFIC_SECRET_0 32008a3e532dee437bce067f0a1e7a66af52bab4cde22956ea1c49b9f0daf3c1 8641c1c4a94ebd72506087e42cae9eef7f17b090344ad972b60e5adf25007d3f684fb0115d8cd7358b9b5fd674315bd9
EXPORTER_SECRET 32008a3e532dee437bce067f0a1e7a66af52bab4cde22956ea1c49b9f0daf3c1 0d7f8aeb562dd4eedfc98e492f6a5363defe8de5e4e1e87349898b2e24553a7ce9e65312fcefecdb86dbdf218b24a51d
CLIENT_HANDSHAKE_TRAFFIC_SECRET b01814dc63ab5714598bc9f84b840a265681246998bd3e28e77d2fbf9605e983 8dee214be4acdbb2389a25c8aa2322be25864e20797050204392fa4d3cba95df021e206f349a65efdc93a1c6ec059ce9
SERVER_HANDSHAKE_TRAFFIC_SECRET b01814dc63ab5714598bc9f84b840a265681246998bd3e28e77d2fbf9605e983 f2aa375ba943c05a54e723667162f485b6ad03728050d3e8ae147ae8954bd8cc433b618debed0d4bf19d9ad751ccaa88
CLIENT_TRAFFIC_SECRET_0 b01814dc63ab5714598bc9f84b840a265681246998bd3e28e77d2fbf9605e983 7a82a1de60394dcdf9c69ce88f1a4ce496c4ce8a749813218cdf7867cd7bdd034bac39b7099b1ed331ddf8dc6501ce32
SERVER_TRAFFIC_SECRET_0 b01814dc63ab5714598bc9f84b840a265681246998bd3e28e77d2fbf9605e983 27fd9a037e9f6c0f9440a35de37c5cf0d9f8618501b0ccef64fed40fc616a686d742d5255e15b3428e2e46246a5df447
EXPORTER_SECRET b01814dc63ab5714598bc9f84b840a265681246998bd3e28e77d2fbf9605e983 6af6f3d8c836789129d2864096f0d4c6468a6ed733a77a1b278aa4f19dc86af75560488f2b29f286be9c08523e7db917
CLIENT_HANDSHAKE_TRAFFIC_SECRET 5a1130db57c05c74bdf0ad5a8598e177348e76dea7b7bda97b1c8f6e8f52f08e 5395f4d4f867dad0040d20122006a28322e4476111e157719f190a4f02ddaf2575ba3e948374ff1c976a9403dd9b5f75
SERVER_HANDSHAKE_TRAFFIC_SECRET 5a1130db57c05c74bdf0ad5a8598e177348e76dea7b7bda97b1c8f6e8f52f08e 59bc5d9c8d124e5f8f880ddc93b62e573d8e40cbace282c406d0cc699aed0c56171390f3ddd45a6e02f299e29e785808
CLIENT_TRAFFIC_SECRET_0 5a1130db57c05c74bdf0ad5a8598e177348e76dea7b7bda97b1c8f6e8f52f08e 4a55ca9c12af94470a8f51d95fa4fbd33c88871c02d02203c1e808c52ffb518eb7f408b7376b7185713c02055968c10a
SERVER_TRAFFIC_SECRET_0 5a1130db57c05c74bdf0ad5a8598e177348e76dea7b7bda97b1c8f6e8f52f08e 098abf5e044df6d6dbf50bd5f36b18cbcc8d72012a17bd32f665d5e9ff097917ddcdab2fece712e28b9739c88f50cc37
EXPORTER_SECRET 5a1130db57c05c74bdf0ad5a8598e177348e76dea7b7bda97b1c8f6e8f52f08e 429671ed34e7269203c4a49cb985ac53fc5a3a68027cb09b3c3dc7bd0a2f5862b44c5bfa028152de242764b600dc546d
CLIENT_HANDSHAKE_TRAFFIC_SECRET 2bb5ddb1a3b683aefcf9b4338f81ab98687693c764679168ceee4490052c1b76 257588111ed068d0d8b472bf84b60cf5a80b877e722e72ad784c651ca1ca95172dccbc85ae622825e3ee1b46bcdf0e38
SERVER_HANDSHAKE_TRAFFIC_SECRET 2bb5ddb1a3b683aefcf9b4338f81ab98687693c764679168ceee4490052c1b76 d6ae9e26fd4eb0294dc8db86293e9995f79ced69ff308efa00cc8dd03633daf248501ecdbed8a9b26d60708a29d832c8
CLIENT_HANDSHAKE_TRAFFIC_SECRET c107715473f7f170c0f25fdd0fd649cd362b87fe16de1cb3d795881ba44729f3 45600ae42ab5fec0c75633c12e457a5cb3289dfa25fdeefdb4b932621217e854dce90c392fbb0f879ed01f340021adcd
SERVER_HANDSHAKE_TRAFFIC_SECRET c107715473f7f170c0f25fdd0fd649cd362b87fe16de1cb3d795881ba44729f3 db84bd829ca18d0ad52290e2804e61c91e075e676a5a526dee8bebc58a57a007b121e09182545ee79b7fc46fb8d1a4aa
CLIENT_HANDSHAKE_TRAFFIC_SECRET 0ed41783d802eb695fea493499b5741e1f78e64518b129d9b591317502a320ad 4cc8eabd40deabe52a3a50ee64ca18c0cae7128c87432ffb08dfe26392c962eb7e99266d31b729d0220d7d0d86c27dab
SERVER_HANDSHAKE_TRAFFIC_SECRET 0ed41783d802eb695fea493499b5741e1f78e64518b129d9b591317502a320ad c3c039c2b1227e080243f0310f58c2e02b81178ce5ee9d6d182680d6c7d68aa8b31fd3c42a793dae9eb47b1a79870aba
CLIENT_TRAFFIC_SECRET_0 c107715473f7f170c0f25fdd0fd649cd362b87fe16de1cb3d795881ba44729f3 5bb1423bb96ddd811115fda5471e8826762b382849ca97a5aff1bdb83a561507f0c30ee27ec06be8536466ddbbe6fed5
SERVER_TRAFFIC_SECRET_0 c107715473f7f170c0f25fdd0fd649cd362b87fe16de1cb3d795881ba44729f3 a4a50255d89643671f47c5ad289cc0bf1da09c101941d72b0af1e6509c7870afeb48117cf0dac4f64c8f13f4330b09ee
EXPORTER_SECRET c107715473f7f170c0f25fdd0fd649cd362b87fe16de1cb3d795881ba44729f3 2d75c2291ae0a29a09920726583ff3a7b23a46a282c52925b44ee3bf9097b6403e2cdd6931f1778c33eb741cf685aaaf
CLIENT_TRAFFIC_SECRET_0 0ed41783d802eb695fea493499b5741e1f78e64518b129d9b591317502a320ad 4b0de24336508936f2712b8fbec23dac8cbf39ef835b962d78d2bfcb4ca764e97927abae4ec43fdd28df7b9f7a909a8a
SERVER_TRAFFIC_SECRET_0 0ed41783d802eb695fea493499b5741e1f78e64518b129d9b591317502a320ad 065e6398739f40ce1a4cefa2cec30a51674b6176016be8a8c657ce9747759229b5b40bbcba74ce9d8c775010ae2ac330
EXPORTER_SECRET 0ed41783d802eb695fea493499b5741e1f78e64518b129d9b591317502a320ad 977943362326205eb51dfc0704cba12c2507778aa9ba18afda92be356e4ab915ba88a78f164887115eb53889524da218
CLIENT_TRAFFIC_SECRET_0 2bb5ddb1a3b683aefcf9b4338f81ab98687693c764679168ceee4490052c1b76 cef028e82c9e6695e279e54e98f41c3d1e36e94df1c26b3e01460428b4a12675ad00ac25755c1d7265d82c425d1d1c4f
SERVER_TRAFFIC_SECRET_0 2bb5ddb1a3b683aefcf9b4338f81ab98687693c764679168ceee4490052c1b76 5ca4a6209c4fcf00a458f63c1de2891d5eb6e091a814787bbeb8d87b0581b28407b26f080902db317d94e9a1748bd482
EXPORTER_SECRET 2bb5ddb1a3b683aefcf9b4338f81ab98687693c764679168ceee4490052c1b76 e89980cb51df9fe24c6ba32b987ec61d2f78615620d28bcf4a5e697d6fafa0b1544bada03c579c04a449a5d4d50a5620
CLIENT_HANDSHAKE_TRAFFIC_SECRET 1dda399c654e7235b7c64f707c146e6c5d8dfded6a6bb81e951fc2952ca4ca8e a72c1f38dd81ab2082e0062698695c996eba61c067f0c13095eaf27e7c2f2f60e1102ee40432c3aa4137ef07339d739a
SERVER_HANDSHAKE_TRAFFIC_SECRET 1dda399c654e7235b7c64f707c146e6c5d8dfded6a6bb81e951fc2952ca4ca8e b92f643f8339310312704993b3c5a3ef70fbf5be8d31d00a12ba63fe7de3f22de87b8243df831b867b877c8e47dcf706
CLIENT_HANDSHAKE_TRAFFIC_SECRET fa4332bc3996b1984822dd609f06977573b320d278d1274d257486a66702320c 65b1391ffc9b506524f7e82a3e7d330970e398f0169df11406b8288e92ab3903a4aa547780df2bc68bfa7e8100ba29d2
SERVER_HANDSHAKE_TRAFFIC_SECRET fa4332bc3996b1984822dd609f06977573b320d278d1274d257486a66702320c 2ef97e7b1e5a788966317203ab7e1d73e9bd8464cd35793385198833372b8db3f18e3147ff53304f2b5502a309d475a4
CLIENT_HANDSHAKE_TRAFFIC_SECRET 6230b95d21d5a06010472b812c817c55fef0dcbb0a4c2306c31dc7a912c0e545 3c7c8ae58495cfb8a9e746ed5b57f4f2a1fbc7218c1d9af261dc10fdd03a73be5a42e1e5e0d3d1eb4cb39cee98776a67
SERVER_HANDSHAKE_TRAFFIC_SECRET 6230b95d21d5a06010472b812c817c55fef0dcbb0a4c2306c31dc7a912c0e545 af4528b683a2134db9d0fcf1bbfb39b8591351c02728195ae9ba11207b471c2d7cb77d07ee4a7eb34c81b318da9b6974
CLIENT_TRAFFIC_SECRET_0 1dda399c654e7235b7c64f707c146e6c5d8dfded6a6bb81e951fc2952ca4ca8e bd296cd3989c233626f64bc0e81030c1f380e0a3422322d647aaefa3df3a0c96a3d95a1f469a6f3228e97d0377273b46
SERVER_TRAFFIC_SECRET_0 1dda399c654e7235b7c64f707c146e6c5d8dfded6a6bb81e951fc2952ca4ca8e ec20dece8c3537acb3facc267f48b215e578af048563fe02bb04f26b7767911a771133f5115ddc48253694e637a69baa
EXPORTER_SECRET 1dda399c654e7235b7c64f707c146e6c5d8dfded6a6bb81e951fc2952ca4ca8e dc9cb633fa9bd50b0d4d1fc64525cb8fe1317ddcc40800518ac80e2b8ce93087c1ad9dc74ca4cf53e07477d585a94ea5
CLIENT_TRAFFIC_SECRET_0 fa4332bc3996b1984822dd609f06977573b320d278d1274d257486a66702320c 42435cbeb62fd34aa0c283b4fd6893f27b929fc967c6e5edb49b8e30f27eea5cf355e218bc39255bbfd99a6701070fb3
SERVER_TRAFFIC_SECRET_0 fa4332bc3996b1984822dd609f06977573b320d278d1274d257486a66702320c a32a8b1c25bfc631aaf34c00890c6aaaed8225111a0731d88dea3dd01c23f97346e7faeb06175d49d299711702aefb22
EXPORTER_SECRET fa4332bc3996b1984822dd609f06977573b320d278d1274d257486a66702320c eb4b785d96cbe81f4cd16425151d1d6ac145b48847501f4bb3dd44649d9054ed5ea2f4f2a4de11f1611946d8e66184f9
CLIENT_TRAFFIC_SECRET_0 6230b95d21d5a06010472b812c817c55fef0dcbb0a4c2306c31dc7a912c0e545 1b7fd938c59003aba01c4772297857a2b796d20228a1c79b5d13c7be2a39dfc00945e58e0ba95b4481ae78e540ce8139
SERVER_TRAFFIC_SECRET_0 6230b95d21d5a06010472b812c817c55fef0dcbb0a4c2306c31dc7a912c0e545 5121eef296a3d59abbdf27f06b4e257a19a64fbd825d269fd8e34f614d1f730d38b2d0c54c2bca0018d68c266733a539
EXPORTER_SECRET 6230b95d21d5a06010472b812c817c55fef0dcbb0a4c2306c31dc7a912c0e545 12f558cad5ca334c33c6fbdb85fb65efd97ddde7f8f7cef387b668c7775b50f805abff197d531c3bdfeed818c5d355e2
CLIENT_HANDSHAKE_TRAFFIC_SECRET f1fdd268dce6f33b28f27bce388507cde8d86b65d0969a1a348f05ef04230a05 aae1b17c757d291180041ccc4830a05869e3f02ec63a4857fa1158007ded1075485244a44c882d0cd6d7e96a69d2e6f1
SERVER_HANDSHAKE_TRAFFIC_SECRET f1fdd268dce6f33b28f27bce388507cde8d86b65d0969a1a348f05ef04230a05 a686da75385a33c4ce071967287ea4ad9ec98a8d0f13eded64c04d71fc41cdf0b358414dff25d0fd7ec2a60308e8dc33
CLIENT_TRAFFIC_SECRET_0 f1fdd268dce6f33b28f27bce388507cde8d86b65d0969a1a348f05ef04230a05 5dff60c651ecb8eec700b56bc558f43c2fa986aeb24db291ad8d966f4b218fcf568ad5a78b8591ecec26950e5e46437b
SERVER_TRAFFIC_SECRET_0 f1fdd268dce6f33b28f27bce388507cde8d86b65d0969a1a348f05ef04230a05 18f050373314fb83fd20e59a76f13f60173157d78fe9b9d78b28b1217fd4db9e0a69c01c94145f6ec8f9bc6270c2ec54
EXPORTER_SECRET f1fdd268dce6f33b28f27bce388507cde8d86b65d0969a1a348f05ef04230a05 5ea9213946effbe692a411cb307bc50e29b61ce0245260f58295dc72053da526de14f9997f2a79b4c38b7e8b323c64d8
CLIENT_HANDSHAKE_TRAFFIC_SECRET b9f3690223bdf41766add2e70d49b292688b56049b7004d193b9ec0da3cb0763 9f627c16b751932881632ad215af8321568826fcc7e5cc8cdf72b0951e5a122e411a839a0f73b99dd39ec675446480d6
SERVER_HANDSHAKE_TRAFFIC_SECRET b9f3690223bdf41766add2e70d49b292688b56049b7004d193b9ec0da3cb0763 5ee50de1e8f0e871787bbf209fe0a90b92ac62c410e2cdf4f92dd443cb0f6b82fc4f8786ae6d458b55bc5e06feb98720
CLIENT_TRAFFIC_SECRET_0 b9f3690223bdf41766add2e70d49b292688b56049b7004d193b9ec0da3cb0763 c0989811a3a3e3d5a20ade5167d0d60b3f846274b7b28e6e8f16bfed52ae588d6971f65030af424da0ec1fc591fc10ea
SERVER_TRAFFIC_SECRET_0 b9f3690223bdf41766add2e70d49b292688b56049b7004d193b9ec0da3cb0763 9f30658557217e9bad34d7b30f4ec2182b93e179552e19b20f088ba0a8134c920495e32a999232f26c79922b4de6cab7
EXPORTER_SECRET b9f3690223bdf41766add2e70d49b292688b56049b7004d193b9ec0da3cb0763 f6f774159a4684a662f653ef473b8972c7fe695a52d879260a398c1ac1335ea35898c017de254e23f1bf84ca332a25d7
CLIENT_RANDOM 896c43fb3fdc9a168998a613a2ed643f839e0824ec49231b807f464114ac5cd4 ab6e80bc71465bf6be34e598dae2dfa882985ad05c8a659d33f2ed75bd930af0db248f57a05e828cf6644a124b0034f5
CLIENT_HANDSHAKE_TRAFFIC_SECRET bf00e52f20c063313fb07192e67d0d1c37b3aed62469c853820f482c9fddad5a 1b55b43e625603df351cc9694089d502188bd0e595e7a66cbaf4902d79bd3372409f45a6aa6bc406473b0055c51392bb
SERVER_HANDSHAKE_TRAFFIC_SECRET bf00e52f20c063313fb07192e67d0d1c37b3aed62469c853820f482c9fddad5a d336c006f70eaefab24966b7336debb450a7aba351217dbce7e3d0cc69abe46eced84ad8536207cbbe8ead8439755e33
CLIENT_TRAFFIC_SECRET_0 bf00e52f20c063313fb07192e67d0d1c37b3aed62469c853820f482c9fddad5a 097fe0ac947c9ecd1dcad00d63949387e1777ddba5afb514a7de7546c04390de0e84356b68d97d352891ea97fc28a043
SERVER_TRAFFIC_SECRET_0 bf00e52f20c063313fb07192e67d0d1c37b3aed62469c853820f482c9fddad5a c2318ad32570bc6d561dd362c353a7706fd7a107ccfc51710f515d7452817293ae1706be6367c95afc7a4d9401d64f24
EXPORTER_SECRET bf00e52f20c063313fb07192e67d0d1c37b3aed62469c853820f482c9fddad5a 2152e00ede144bcf45b00c0e4b168b307a07841477ce14d18f74c54f825b3fbca3ef794e007497ae4728ca0ff6fc7b57
CLIENT_EARLY_TRAFFIC_SECRET ef69001f822dcf602a073c7627c12aeae1a4ba959c18a0400c898096cf1870b0 97104b7755d5d0a85eca2fb9a90af1669044abb858b26b961ba5fafa62b1db2d
EARLY_EXPORTER_SECRET ef69001f822dcf602a073c7627c12aeae1a4ba959c18a0400c898096cf1870b0 caa7104f550ae6352b8a2d34010a13407ce307ac3b367bf152db2b0ab4218b0b
CLIENT_HANDSHAKE_TRAFFIC_SECRET 5706017f60fa8d3af4925f9b655ac547b973d4d3c5b54a3f191237ca2ae216d1 3a4583f53ff1f956efa1d4ad94165a8bc4f79f6c8691489cbc431c8940bf3846d8ac4c458ef20833afaff8694f8843eb
SERVER_HANDSHAKE_TRAFFIC_SECRET 5706017f60fa8d3af4925f9b655ac547b973d4d3c5b54a3f191237ca2ae216d1 26e1a71d258706f3aeceaca3845dce9f7d51807330e56aa34c351183c1daa835de1b9e6b54df3214b042e915f34358ba
CLIENT_TRAFFIC_SECRET_0 5706017f60fa8d3af4925f9b655ac547b973d4d3c5b54a3f191237ca2ae216d1 992fa8d879a590140cbe2f4f150f5e6042ea33b8176323dc5a825da6156d8798ce6c13df17e26f3e3001cd79dfdb1c18
SERVER_TRAFFIC_SECRET_0 5706017f60fa8d3af4925f9b655ac547b973d4d3c5b54a3f191237ca2ae216d1 5258ea00c8b2c79c487edfaf70a05fc4cd792ac7f165b4319d6d2f3c48d23d5387ca9089a9112c50d18fe4ef98e7d8a2
EXPORTER_SECRET 5706017f60fa8d3af4925f9b655ac547b973d4d3c5b54a3f191237ca2ae216d1 b1cbb1bc8a53604f404675c4e5f7fc2a6e7eb8f40eb81eb8ccfe28c3665588242e4e82be1826c4b06e4279167d33afa0
CLIENT_EARLY_TRAFFIC_SECRET 992d3b61c3e48baac7b70f61606448c0217e6f22c8db89863973ed7ca768cba2 21490714e265b9dbd6fa20b51e1b972f7a1f4a45a49217fb7841889133bf2dfc
EARLY_EXPORTER_SECRET 992d3b61c3e48baac7b70f61606448c0217e6f22c8db89863973ed7ca768cba2 bb4208af0a6d2fff8bae648a6b8f376325a2cd5e28e1488c6a57d0d69a34b77b
CLIENT_HANDSHAKE_TRAFFIC_SECRET ef69001f822dcf602a073c7627c12aeae1a4ba959c18a0400c898096cf1870b0 71eb26fa1f876f72eaa2f6baf8cf7e0a95d2326164ab0984d2e2e0cdfd253c10
SERVER_HANDSHAKE_TRAFFIC_SECRET ef69001f822dcf602a073c7627c12aeae1a4ba959c18a0400c898096cf1870b0 9163b862b467a2f6dd4146d2cf4be22796e8dde8f9a911f9e8f8b0bddd2442e5
CLIENT_TRAFFIC_SECRET_0 ef69001f822dcf602a073c7627c12aeae1a4ba959c18a0400c898096cf1870b0 1e09284e07baffbb2c604135ed8ef2c6692f3b97038750c249b9901f0edb5778
SERVER_TRAFFIC_SECRET_0 ef69001f822dcf602a073c7627c12aeae1a4ba959c18a0400c898096cf1870b0 ac4b2651d8ebe6c3fe641e402c93244460e406c11dcd6e40f9fe3e28ea5a7a75
EXPORTER_SECRET ef69001f822dcf602a073c7627c12aeae1a4ba959c18a0400c898096cf1870b0 2d332a1ee2bbb036cea7934487960132f048ec160ed4b46a38325615b0c97a32
CLIENT_HANDSHAKE_TRAFFIC_SECRET 992d3b61c3e48baac7b70f61606448c0217e6f22c8db89863973ed7ca768cba2 3ba9fbbd77d857b168e90601d6147acaab06790ad90515398f4249f2aadda266
SERVER_HANDSHAKE_TRAFFIC_SECRET 992d3b61c3e48baac7b70f61606448c0217e6f22c8db89863973ed7ca768cba2 9c00222b5c7fcc94580e6c32c844eafe2342f1db852093c5f5bc9089c03a48cc
CLIENT_TRAFFIC_SECRET_0 992d3b61c3e48baac7b70f61606448c0217e6f22c8db89863973ed7ca768cba2 a8ee134afaa4d30acf5dc7bac4c832c773e1a293ec6cdf1ca2613e28dc603321
SERVER_TRAFFIC_SECRET_0 992d3b61c3e48baac7b70f61606448c0217e6f22c8db89863973ed7ca768cba2 a71559b89853eacd97f921a83fad5a1de556741425e5ce471745d1f0513b6003
EXPORTER_SECRET 992d3b61c3e48baac7b70f61606448c0217e6f22c8db89863973ed7ca768cba2 c45c1286ca110c9f4ac1d530d97fe2182e037e088a8a18a246283fac9cdbc722
CLIENT_HANDSHAKE_TRAFFIC_SECRET e868beb568f0785f557efe923461d20943ef957cfffb56e1348c04c624344c22 4ee3e26f73e248ef5764e69cb542dc74b1847c20b8dfdd88328fd7d93ec6bb32ac628fcd28086e2d59f6509981a4b2aa
SERVER_HANDSHAKE_TRAFFIC_SECRET e868beb568f0785f557efe923461d20943ef957cfffb56e1348c04c624344c22 b1a22eccc972f347532b904bf71076725a1e571250af1d801f3d803c6ef58bb5a5e8530315829e508a07aee25e646bc1
CLIENT_TRAFFIC_SECRET_0 e868beb568f0785f557efe923461d20943ef957cfffb56e1348c04c624344c22 20bf72e3659bd6b7e13ecaeda6a45bc0bf50765d8804fa85a6eeaa64e829a1c4f967c2f7e10d46c39949b34161615c95
SERVER_TRAFFIC_SECRET_0 e868beb568f0785f557efe923461d20943ef957cfffb56e1348c04c624344c22 f7f6ab2fd5f63c1fb69434d5072716f75fc5c014c5d6ed8d47d89f4ce7700cd409fe8c79f748f5f64935d2db03025052
EXPORTER_SECRET e868beb568f0785f557efe923461d20943ef957cfffb56e1348c04c624344c22 200bf4f5bfad859bcf96ea88aec608c48c4c6fde772be498dce92201a3637a97adea5db0f4cea03c1a8a6a7d715cbdd9
CLIENT_HANDSHAKE_TRAFFIC_SECRET 8a95c2f20dc4d9ed809f54361bd2812bc1d58f8fba5e80d8dd3a79ea4a53fe0c 30f21cc3a910fbdf0e967f8b48a74b2c39634d0ab176551e8cb387bcee5212c6
SERVER_HANDSHAKE_TRAFFIC_SECRET 8a95c2f20dc4d9ed809f54361bd2812bc1d58f8fba5e80d8dd3a79ea4a53fe0c f416cd1d1b3b07cae9e036085529da8733996dce7f0ee259fd77fa488a27dfe5
CLIENT_TRAFFIC_SECRET_0 8a95c2f20dc4d9ed809f54361bd2812bc1d58f8fba5e80d8dd3a79ea4a53fe0c df5861b48afb82c723a6d4b2b0ab51b357a42411970418323ef2c2bbea74e115
SERVER_TRAFFIC_SECRET_0 8a95c2f20dc4d9ed809f54361bd2812bc1d58f8fba5e80d8dd3a79ea4a53fe0c fb6f7f2fd85ce243fd380b787f6f81c2515f89990c064c2bd52f7350a93af3c0
EXPORTER_SECRET 8a95c2f20dc4d9ed809f54361bd2812bc1d58f8fba5e80d8dd3a79ea4a53fe0c 9cdf8b7bfbfcbc68a95859ff800f991170ecdc7517d6ccbc41fac2b8a32bf02b
CLIENT_HANDSHAKE_TRAFFIC_SECRET ca35fa467da9b9a115a5ee48dbf1ea91664c83a1bb18b127afba9da8fba9618e c537ee4430385dc5ae7d29a376b43b439a8a0edc09eaa4b130cd3c1da27676ab522dc6e140dd4863ad00a1f108d6a665
SERVER_HANDSHAKE_TRAFFIC_SECRET ca35fa467da9b9a115a5ee48dbf1ea91664c83a1bb18b127afba9da8fba9618e b16243d59a064665ea0b9cdc1b6648f4d86115639d2687bc65f1944f023b1ac0eb0c3262c17e3af4b6548a7f1cf0b80b
CLIENT_TRAFFIC_SECRET_0 ca35fa467da9b9a115a5ee48dbf1ea91664c83a1bb18b127afba9da8fba9618e 54ec0636977bcdc3ccccbf697d046fc86a602fb6e621f33a9aee9295b19c0828717c106d6c9eff0449d4484615d6e96d
SERVER_TRAFFIC_SECRET_0 ca35fa467da9b9a115a5ee48dbf1ea91664c83a1bb18b127afba9da8fba9618e f7f2359d9a7d46c37b25bbb383b04dec54d73df7944cf040b3f81631fa5b2c92fa6ab8621f8340cf15b34e220e7146e4
EXPORTER_SECRET ca35fa467da9b9a115a5ee48dbf1ea91664c83a1bb18b127afba9da8fba9618e 883df0e93a3ecc3325b1fc3541ca7336c308934b8f712c6ec9b606833e3c1f0ab4f22a9e6b8ba3878768ec736404f85d
# SSL/TLS secrets log file, generated by NSS
SERVER_HANDSHAKE_TRAFFIC_SECRET 59886e5817a3ee492d6d83c8ee5c3cfb4eed4ffb36965d2ae163ddf73579572a a9b9e628b0739b6ad935beb7bb24dbbd6d67df10fa54fec09132a9e875fe0acfb9670ec5fd95e0e02926d649755adc75
EXPORTER_SECRET 59886e5817a3ee492d6d83c8ee5c3cfb4eed4ffb36965d2ae163ddf73579572a 3154be7347323045eacc6957f1e953de43ce62758aec0203a296c634e657945fa96976781f25f7c1c22b9e0110bf49f1
SERVER_TRAFFIC_SECRET_0 59886e5817a3ee492d6d83c8ee5c3cfb4eed4ffb36965d2ae163ddf73579572a 23cd5ab56d5b5ebed9cf82c7053dcf8aeaf81ccc675fd089299ba29533b305e3c6acde4a9428e585dd24cdb18dce4f0f
CLIENT_HANDSHAKE_TRAFFIC_SECRET 59886e5817a3ee492d6d83c8ee5c3cfb4eed4ffb36965d2ae163ddf73579572a 414c443da01a696e6f78e30a1abb1f928ca92ce59ad0c7f9ecf06e178bbbd23a6abfee313a582538b778b33df4a1e6b6
CLIENT_TRAFFIC_SECRET_0 59886e5817a3ee492d6d83c8ee5c3cfb4eed4ffb36965d2ae163ddf73579572a db070b70b00b08920d52a608eef1bd10fc6a099638c388c398fb2b2b8738306de3f8edf4bc0dddcc2b6b4021f1de8c58
SERVER_HANDSHAKE_TRAFFIC_SECRET d1cf1e1f95c3fdbba0da640414481f163cba1975b7a87d410d11b73fb5c4cbbd bf985975290dddb62da3b97f0faf6ea8abc04e8befadfe619d165cf69f532c364b55588f2f05f2106a606981da024e5d
EXPORTER_SECRET d1cf1e1f95c3fdbba0da640414481f163cba1975b7a87d410d11b73fb5c4cbbd 0482bcea6c41ef6414eeacef4376db5ff25a3f66dd79eaa6a0437bc37b91e7fe8b4e528ac7ab1f22669cb1f61f8b2f66
SERVER_TRAFFIC_SECRET_0 d1cf1e1f95c3fdbba0da640414481f163cba1975b7a87d410d11b73fb5c4cbbd d6ee1ee5d05a8159c91dd2ce217fdbe5d00e69cdbc73a7bc0531d0be5f4adf54b543361e969f070853108f001e3f2c55
CLIENT_HANDSHAKE_TRAFFIC_SECRET d1cf1e1f95c3fdbba0da640414481f163cba1975b7a87d410d11b73fb5c4cbbd fd83d2393647925b0e5f6b61da62e593564b35365505ee9fab3b5c8885609c03f1df7e9463ea1284194a7dc2098fbcde
CLIENT_TRAFFIC_SECRET_0 d1cf1e1f95c3fdbba0da640414481f163cba1975b7a87d410d11b73fb5c4cbbd 480e8a8df8faf619bebd91e3b19539a2d5330d6647dc074a7fcd88d0b2544ae83a81888e77c6b64388fdba52c776a5ad
SERVER_HANDSHAKE_TRAFFIC_SECRET ec5941eed678b37699f17f81bcc0f1ef48fa97a05843b2470bff3e8bcdafb5ee 6dcce2c5c1b02d3c6584d152b4809caa1b763139f69f111c0d26eaa304a7a078912ab1e588cd7442c920d280a8204fef
SERVER_HANDSHAKE_TRAFFIC_SECRET be7e9a5ac63d8befff1e971e55a8808e3964066855a13fc00c1776f62d944138 c2e40eaf747984ff2113ceab7ef55ead890fbee3bf53adb475a3cdab558ca641f435163387b5d15c1f52ed8f8ec9f4c9
EXPORTER_SECRET ec5941eed678b37699f17f81bcc0f1ef48fa97a05843b2470bff3e8bcdafb5ee 9163eb4c704398573ae4c60a5bbe3730cbc0a72e19bd001c95044dd0374c9244fd638919650863600e100cdf1598fee8
SERVER_TRAFFIC_SECRET_0 ec5941eed678b37699f17f81bcc0f1ef48fa97a05843b2470bff3e8bcdafb5ee e8deab3cf53ed636617bc32f2a03f6a111fd66d7fd6fe5563df51e643591283cf638808356f53257f7f0cfc20826be84
EXPORTER_SECRET be7e9a5ac63d8befff1e971e55a8808e3964066855a13fc00c1776f62d944138 1cc4f940ac18b9b99c71a844d0daa7b3650f430d711d5608fc09a4902c62772a971eb8faabb87af0c95fe06f46f0dfc1
CLIENT_HANDSHAKE_TRAFFIC_SECRET ec5941eed678b37699f17f81bcc0f1ef48fa97a05843b2470bff3e8bcdafb5ee e13644a5252e6c3bd41e64eb5c6939baaf72237e9d85f6b0fa8d6c5877542fd4b382af5a23759b8ea89b60e3577843ef
SERVER_TRAFFIC_SECRET_0 be7e9a5ac63d8befff1e971e55a8808e3964066855a13fc00c1776f62d944138 e215fd4b47ffbb7ea3e6c72be422f71f8ab531241d2bdf1187487225dcc41e994ef864406c25cfbd4894aba704b0c4ce
CLIENT_TRAFFIC_SECRET_0 ec5941eed678b37699f17f81bcc0f1ef48fa97a05843b2470bff3e8bcdafb5ee 39e0a039416a1733b30cdeb1dfc24b733056c3b8af3996b0af3cfb10d2a23917ec8d5c729b98ff47345fe67c319789bf
CLIENT_HANDSHAKE_TRAFFIC_SECRET be7e9a5ac63d8befff1e971e55a8808e3964066855a13fc00c1776f62d944138 5fb0b5f5a3e3575d6d7ca424470c5fc165e04a9f7c8082260442804e7585c0ecf994bd66fd85acfccfe0eb34b58d2c4f
CLIENT_TRAFFIC_SECRET_0 be7e9a5ac63d8befff1e971e55a8808e3964066855a13fc00c1776f62d944138 163666543dc82aeb7a54583106da2cfa7ec3eead3eac40ce35459889f2619da4ecd6082a7c1c6976e27fce53f736dcf5
