# SSL/TLS secrets log file, generated by NSS
CLIENT_HANDSHAKE_TRAFFIC_SECRET 5dcca30c29d598c9cf3c41bd85c731ccbfb3bac7932aa77ee21caab51eedc001 bdfa7ad55a15c7be2448a5906b02b74a2f4e4efebdfea6bc9912c83c4c684be2
SERVER_HANDSHAKE_TRAFFIC_SECRET 5dcca30c29d598c9cf3c41bd85c731ccbfb3bac7932aa77ee21caab51eedc001 320865ea8374c2c33f2c5eebee9bea9d898a7e5032842373610c554ef0d98101
CLIENT_RANDOM afc4da125a086e47274d7744228689389896eeb997afe17919427c33254d23eb 4e4fd44ec3829ebb76fd096ae55c8121659c1218ce0911e5f1b5fb3f02c14d87d8f31bf746711a46e23cf68e14543b75
CLIENT_TRAFFIC_SECRET_0 5dcca30c29d598c9cf3c41bd85c731ccbfb3bac7932aa77ee21caab51eedc001 dea8c1309e2c6a6d491da6017c100b5891afde0a8d9bbd49a9a34df1bbcb125d
SERVER_TRAFFIC_SECRET_0 5dcca30c29d598c9cf3c41bd85c731ccbfb3bac7932aa77ee21caab51eedc001 2c8a06aee21e911c262577e5522aa615aa7a57e8d139a7176c1956e573280961
EXPORTER_SECRET 5dcca30c29d598c9cf3c41bd85c731ccbfb3bac7932aa77ee21caab51eedc001 d2846454bf117c68e2ce3c151075c812bb753d8ad1ec3295181c80815ff69eb7
CLIENT_HANDSHAKE_TRAFFIC_SECRET 7776915597cad03862aa9672f12c83702d1c8063ce9ccc2410c04a7fded5791a 664f43cddd5c50ead6ae36e9896124c5f2a5fc56214861b0e5e8f9b3f0ec59c7
SERVER_HANDSHAKE_TRAFFIC_SECRET 7776915597cad03862aa9672f12c83702d1c8063ce9ccc2410c04a7fded5791a d88656d1e8cb7a3339a26a9533a62f42ac3577ae80fa199aabb41ae928fbbc35
CLIENT_TRAFFIC_SECRET_0 7776915597cad03862aa9672f12c83702d1c8063ce9ccc2410c04a7fded5791a f453cd92de0f1b8748382a131e662a2da0b9be78abd3e6c84b6833e29b96b890
SERVER_TRAFFIC_SECRET_0 7776915597cad03862aa9672f12c83702d1c8063ce9ccc2410c04a7fded5791a 4cb5ee25ee4f7c04e8b5ec8f3bff7900e3f052b527f4f286f2fba4e9712384ef
EXPORTER_SECRET 7776915597cad03862aa9672f12c83702d1c8063ce9ccc2410c04a7fded5791a a28e3415afc901f1b8252d8acb0b72c02c50bbd55efc5ddb39912ea50c2ade4e
CLIENT_HANDSHAKE_TRAFFIC_SECRET 30da780c725fdfdb09f8c40218f2ae0f20e998fbf93ebc0b4b9dbaf40722ffe4 82b1c29069fe9057fb912d6d9f28cd609424554f2bff45eee8e2c12e8a684053
SERVER_HANDSHAKE_TRAFFIC_SECRET 30da780c725fdfdb09f8c40218f2ae0f20e998fbf93ebc0b4b9dbaf40722ffe4 76526095b8bf7f87071f2501c6706260f634aee67ce9b03206d4771c5f846957
CLIENT_HANDSHAKE_TRAFFIC_SECRET df5fcb75076f6d18542a8e15574697042dde41bb8f81411ad3be37dcc4706309 ebd4e83d52e1ee82742f33578c71e4d1017d6a365da48fd56bfb45de3cc89764
SERVER_HANDSHAKE_TRAFFIC_SECRET df5fcb75076f6d18542a8e15574697042dde41bb8f81411ad3be37dcc4706309 3d4416c58c09f3d60252a3df812893a8993578887fb9eb199f7032015b13f9b4
CLIENT_TRAFFIC_SECRET_0 30da780c725fdfdb09f8c40218f2ae0f20e998fbf93ebc0b4b9dbaf40722ffe4 aceaff0b4f296feb6687a17fee94d3357eff9e95aa663ec6317a48a1ef16686a
SERVER_TRAFFIC_SECRET_0 30da780c725fdfdb09f8c40218f2ae0f20e998fbf93ebc0b4b9dbaf40722ffe4 ddd906b4e57501e115cbf1e1a3ee3e494a3815d19f572baafebb6cf082715a46
EXPORTER_SECRET 30da780c725fdfdb09f8c40218f2ae0f20e998fbf93ebc0b4b9dbaf40722ffe4 857b174a14dca2cc90847cc995d49535ce40eec170060f638a71f4c1bc1d88ca
CLIENT_RANDOM 4b8d12065bdc3a7d6235f2f765049b2c743ad394b38948fbef3e95436c1c6120 5d8596c7cd62c0c8301980a951f0e19003b58a74624dc655c5ecc5a9bcc0484f304ebaffebcaccd9032a9613834f895e
CLIENT_TRAFFIC_SECRET_0 df5fcb75076f6d18542a8e15574697042dde41bb8f81411ad3be37dcc4706309 6dd8a08761a351964e606ae8acb781a634e4ab22df2f4eaf1cb18dead3bda8f8
SERVER_TRAFFIC_SECRET_0 df5fcb75076f6d18542a8e15574697042dde41bb8f81411ad3be37dcc4706309 6a409a788dadb08fdde77ecc0b9259c95e67d142363eca8acc3558bf386df6f2
EXPORTER_SECRET df5fcb75076f6d18542a8e15574697042dde41bb8f81411ad3be37dcc4706309 ce2497273a584dcb23ee8628bcc346aa4c2e0a22b997b7771c50181ebb8046cb
CLIENT_HANDSHAKE_TRAFFIC_SECRET e171f4dad045b94bf3f8f5d5b651ca95b891709bbdd4c84c523fe38ef366634d 8ab9111e17ec1fc9da655ac648560d660411b94dcbf0c8dc3733430c804b0a2f
SERVER_HANDSHAKE_TRAFFIC_SECRET e171f4dad045b94bf3f8f5d5b651ca95b891709bbdd4c84c523fe38ef366634d c18f05cdf72d43cf26ec639b5cbefda46dbb2c89431173fa1bfa7c3830ff4492
CLIENT_TRAFFIC_SECRET_0 e171f4dad045b94bf3f8f5d5b651ca95b891709bbdd4c84c523fe38ef366634d f4c2d3636b97dedee4f00348b50d885cdd75eb7f971fad2aa91a9db2d2227b9d
SERVER_TRAFFIC_SECRET_0 e171f4dad045b94bf3f8f5d5b651ca95b891709bbdd4c84c523fe38ef366634d ad017f1711aa64f261ac3813d063c84a8c0dfcd234aac43de354eb2bfc71b069
EXPORTER_SECRET e171f4dad045b94bf3f8f5d5b651ca95b891709bbdd4c84c523fe38ef366634d 3d6d7b49febd69c11b47d6032cdf2391a8efc4da324dd71914eb43eb2aeec476
CLIENT_HANDSHAKE_TRAFFIC_SECRET 4788251f81d7f9162a1f29c21e71abda6450efa32d4a1e7b725ebbbe278b7326 b5d4eae1b317b8141a80bb7765fa9a59d138165af23933371d163fe942175993
SERVER_HANDSHAKE_TRAFFIC_SECRET 4788251f81d7f9162a1f29c21e71abda6450efa32d4a1e7b725ebbbe278b7326 49a2f9ba67c3541e7739971d9dc49c8f49f53029f964e58b24ca6ab2c80d3d0c
CLIENT_TRAFFIC_SECRET_0 4788251f81d7f9162a1f29c21e71abda6450efa32d4a1e7b725ebbbe278b7326 2e5ad40145501121c7f8de7b3f12e18982e8da6ff5e2c21af71a34b4f8382a07
SERVER_TRAFFIC_SECRET_0 4788251f81d7f9162a1f29c21e71abda6450efa32d4a1e7b725ebbbe278b7326 e007edf152173e644773329eee1d0d50965f7ec0bcddaac6221fe763f4c0b444
EXPORTER_SECRET 4788251f81d7f9162a1f29c21e71abda6450efa32d4a1e7b725ebbbe278b7326 a821a70c59d576a75e8dc681892a5c7cc934ccb863f0fe296058dbd2aa2302ce
CLIENT_HANDSHAKE_TRAFFIC_SECRET b2910080078494d93e6e347db5b7a665e382da6681a4d18f26d91f1086cb77fc b33492c8095e630987eae85ede583f78d285606eb2ea1fa4192ab53a961bf8f5
SERVER_HANDSHAKE_TRAFFIC_SECRET b2910080078494d93e6e347db5b7a665e382da6681a4d18f26d91f1086cb77fc dd336bb0292e294f43e4585375474b90128bb5efbdf5e15cab9dc1721ef48914
CLIENT_TRAFFIC_SECRET_0 b2910080078494d93e6e347db5b7a665e382da6681a4d18f26d91f1086cb77fc 66e60a7f5a4db006fe8f6644474e23bff140c2ad3372d5f971e57d5714c27e90
SERVER_TRAFFIC_SECRET_0 b2910080078494d93e6e347db5b7a665e382da6681a4d18f26d91f1086cb77fc 2ff9915d5b99f4bf329aee9034c887997364097be74614851d35a56f15cf0b25
EXPORTER_SECRET b2910080078494d93e6e347db5b7a665e382da6681a4d18f26d91f1086cb77fc ad8eace3678202c98b28ef299c553d0ddcd23b7b9c373888d4915acd9cb249a4
CLIENT_HANDSHAKE_TRAFFIC_SECRET 54dd91fe2fa82b5d8f6dae8b18ea7cbb0a955fd0552f064e12628feff4311103 552b199ddaf674d164263146fdf67a8a98daae5186cb8f68a0781519eb106239
SERVER_HANDSHAKE_TRAFFIC_SECRET 54dd91fe2fa82b5d8f6dae8b18ea7cbb0a955fd0552f064e12628feff4311103 70d78e7e5b86bb1cd5e25a01b8c01bb99c0e59116b1a41256a59e67fe42b1230
CLIENT_TRAFFIC_SECRET_0 54dd91fe2fa82b5d8f6dae8b18ea7cbb0a955fd0552f064e12628feff4311103 998a5fd26f443aec024b04fb9b4f6a008503a2a77524f052668db9b5f8c8ec8d
SERVER_TRAFFIC_SECRET_0 54dd91fe2fa82b5d8f6dae8b18ea7cbb0a955fd0552f064e12628feff4311103 80479fdbf116b56ddd0da1149c12901868e6dd325277a4dc0883fe481ee4375b
EXPORTER_SECRET 54dd91fe2fa82b5d8f6dae8b18ea7cbb0a955fd0552f064e12628feff4311103 38828f66ee7e5d5623d331d9e5dcaf96d7c42f3ad10701fd52e2eba922cd4bdd
CLIENT_HANDSHAKE_TRAFFIC_SECRET f6d8bf5ec05211e2cc3eb500e8f166c91a50163ae7339473ec2b2d8bf38111f1 c7bb89fc28d31351c3c59fe9e900dbd45e948d48da7ce9542743b87124863a16
SERVER_HANDSHAKE_TRAFFIC_SECRET f6d8bf5ec05211e2cc3eb500e8f166c91a50163ae7339473ec2b2d8bf38111f1 17197e7fb0dd8f4394a6440d636a36bab100cb15aaed4632e3f55d85a22bbf4c
CLIENT_HANDSHAKE_TRAFFIC_SECRET d6a9dd1eaa8f634a1482f67e7da710fb103c1513f591ac647ae026f3a99447fa 75ab4149c7a9e2f41e368dc6e43d532ec15ea5dc56639073ea0df5dd1fd7e872
SERVER_HANDSHAKE_TRAFFIC_SECRET d6a9dd1eaa8f634a1482f67e7da710fb103c1513f591ac647ae026f3a99447fa d6d5d3ab67c18fb8ab5c528d9ae4cd8409409316581e19ca5eb4e96b93ef0a37
CLIENT_TRAFFIC_SECRET_0 f6d8bf5ec05211e2cc3eb500e8f166c91a50163ae7339473ec2b2d8bf38111f1 ba9594f2907f4fa89948a42bf49d075b8c36aabe0122c0df77687ace282ea44a
SERVER_TRAFFIC_SECRET_0 f6d8bf5ec05211e2cc3eb500e8f166c91a50163ae7339473ec2b2d8bf38111f1 c4d8ee87dfdacbaf04cae3eb9f7bc033b02fb4aad8877ee89cb89fc696a13c2b
EXPORTER_SECRET f6d8bf5ec05211e2cc3eb500e8f166c91a50163ae7339473ec2b2d8bf38111f1 664873a640fa4af87e6a48774c58e819b99456c29ea0528b91a8ef35d1c197f0
CLIENT_TRAFFIC_SECRET_0 d6a9dd1eaa8f634a1482f67e7da710fb103c1513f591ac647ae026f3a99447fa 0d4d1c51c2c608200edeca713527add8a8517065b2f637682637443ace08b4d1
SERVER_TRAFFIC_SECRET_0 d6a9dd1eaa8f634a1482f67e7da710fb103c1513f591ac647ae026f3a99447fa 146c0cc3b305a4fe75a956bc83f313fb60dcdaa58e04d2c3ce4d1b8839a049c0
EXPORTER_SECRET d6a9dd1eaa8f634a1482f67e7da710fb103c1513f591ac647ae026f3a99447fa 7af914be5e4f70f99f04be27b859f618c93cdb70b88e9ae74ab9248022045708
CLIENT_HANDSHAKE_TRAFFIC_SECRET 1498180df666ad00491dfec664a23500d6403f6cdb870a9704c849dc25c955a7 d4436d44a533bd58813e819729e0e3e5ce1b6f6f4dbf149d395ae6d0c6fbe124
SERVER_HANDSHAKE_TRAFFIC_SECRET 1498180df666ad00491dfec664a23500d6403f6cdb870a9704c849dc25c955a7 e17f8f068f27136241fab4b9a6cff09f7f9df52880ee147d593667eaf339075c
CLIENT_TRAFFIC_SECRET_0 1498180df666ad00491dfec664a23500d6403f6cdb870a9704c849dc25c955a7 d65d1bf004f43965f412ff4db1d6b92ed5d471aedfa761c4a0d79163dbfac4a5
SERVER_TRAFFIC_SECRET_0 1498180df666ad00491dfec664a23500d6403f6cdb870a9704c849dc25c955a7 9697b45b260eb339f8783aa981d5d11c8499ebec2c173351a0ecdbf766986668
EXPORTER_SECRET 1498180df666ad00491dfec664a23500d6403f6cdb870a9704c849dc25c955a7 7cf986e6e3aa15029d05fdc6580babf559a2af6bd1040459cd4f3306b5762844
CLIENT_HANDSHAKE_TRAFFIC_SECRET 476ca0e902e49ff60a87099c0e3f8c7982e55343bd92ebb869b42da4214bc508 180d130eef629dc30fbedb85511f1792907a9e6b1115d88d7645f5c70a99d511
SERVER_HANDSHAKE_TRAFFIC_SECRET 476ca0e902e49ff60a87099c0e3f8c7982e55343bd92ebb869b42da4214bc508 d0cb72fd1d767b86f16543cda2f2d1d5c16c2025544900054754268503d41254
CLIENT_TRAFFIC_SECRET_0 476ca0e902e49ff60a87099c0e3f8c7982e55343bd92ebb869b42da4214bc508 ee5d56381de2d6c8e2b17b0c88fdfea3ae51256cc7a6496b88fb829379118159
SERVER_TRAFFIC_SECRET_0 476ca0e902e49ff60a87099c0e3f8c7982e55343bd92ebb869b42da4214bc508 192b346358448f67163f67b015c77bb2fc50173959acc3d48b14dc00f7183bb6
EXPORTER_SECRET 476ca0e902e49ff60a87099c0e3f8c7982e55343bd92ebb869b42da4214bc508 9e5794f629d7da88517ed03d1f553a16b42518f52a3542be1bf0447f02b5d10a
CLIENT_HANDSHAKE_TRAFFIC_SECRET a820149a55f045d89fa65cc762cd54574f46b8eedb4338e256dfbb9965debf5b 10be96a952508beee75b864e13a4cdd663b7dea4a0ed1443c25f428e1b3d8f2a
SERVER_HANDSHAKE_TRAFFIC_SECRET a820149a55f045d89fa65cc762cd54574f46b8eedb4338e256dfbb9965debf5b 76fe6a901a9dde71fcfdf3c72c41bf0565f7bdd8da04e84607676fa37d108809
CLIENT_TRAFFIC_SECRET_0 a820149a55f045d89fa65cc762cd54574f46b8eedb4338e256dfbb9965debf5b 11d7297126c49d965d501caa5a708e072c6bbd9b87a967b103ae1323b11d3fbc
SERVER_TRAFFIC_SECRET_0 a820149a55f045d89fa65cc762cd54574f46b8eedb4338e256dfbb9965debf5b cf201b75736fca3f87ed8a95c3f752cb71f5add007622e00d2275b51ab71f3b5
EXPORTER_SECRET a820149a55f045d89fa65cc762cd54574f46b8eedb4338e256dfbb9965debf5b 4a6cb089e55971a9c72ea63c7abf6fda078c0f4898e3c606121c1fe6a9ca9e9a
CLIENT_HANDSHAKE_TRAFFIC_SECRET b993f600a49d2fa0668348bae5a31afa130cd818ea925b3bf0d3a171969e79b6 72b35700c68d7b0f8535178987464d53e59dfe3b0d2729f2e0a5de3bc9b6dfc47cbb8426841582d5d580daaa2dc75646
SERVER_HANDSHAKE_TRAFFIC_SECRET b993f600a49d2fa0668348bae5a31afa130cd818ea925b3bf0d3a171969e79b6 a884d8541e49ad424a5176adace3ed1e118504a01088c4a8df2e2b2a363b9e287f3aa3688b30e8030d8a9aaba162a83e
CLIENT_TRAFFIC_SECRET_0 b993f600a49d2fa0668348bae5a31afa130cd818ea925b3bf0d3a171969e79b6 8a45cafdabc7933b3f64610ad49531e9c8bbe163170b69f3b350fd295b9d0ff975829f57041e48bedb7bdd65d83cb505
SERVER_TRAFFIC_SECRET_0 b993f600a49d2fa0668348bae5a31afa130cd818ea925b3bf0d3a171969e79b6 e6f06aa3437188e23ac10d3814b6cdee7e4e86c2b20b33cc46368c47c9303920384a8ca051b5ebdf89e1960bfc38e1b5
EXPORTER_SECRET b993f600a49d2fa0668348bae5a31afa130cd818ea925b3bf0d3a171969e79b6 4680e9c2770225aa7f3b6b9b53c05dc82fbbccca16591dd3b81d7838767e951c45a88069ba7e04b9cff4b957d927c727
CLIENT_HANDSHAKE_TRAFFIC_SECRET 43276abadee9152640c67264b501d71d6b651402d5d4909759345d11e2ee5c67 b11e15b7200a4244f8b564ff804b5db2de99ca0b0c18561dc78a0f71342717cf5522ed0ebf10ee78e81f86a603d44787
SERVER_HANDSHAKE_TRAFFIC_SECRET 43276abadee9152640c67264b501d71d6b651402d5d4909759345d11e2ee5c67 81252e0acd0f0ffe962f75ace2babc5428d4c2681ce43489a65f8cb8bc0aed938a4ef609f8532df28485cbc2864defc4
CLIENT_RANDOM 26837ddaa089fbba42110960b3142474c81c2ede16bf7beac47b12dc9e44eaa8 b63eb9bb72128037e413c2040841abc75109c6975958de3fbbfa949289408b7b7098627ed02e666f49a0549aa17709a4
CLIENT_TRAFFIC_SECRET_0 43276abadee9152640c67264b501d71d6b651402d5d4909759345d11e2ee5c67 6917f0a2b3e42b5530752d44f0c8166c1ef219b966a1d54f16712ca8b72be9e32b42e82725c530ad2cf4cb746ff1a3fc
SERVER_TRAFFIC_SECRET_0 43276abadee9152640c67264b501d71d6b651402d5d4909759345d11e2ee5c67 0548d5224ad2336cefee946078303b951950009296886a04dffcfbc51382c22829b68aa4a6445f21295405f811e72978
EXPORTER_SECRET 43276abadee9152640c67264b501d71d6b651402d5d4909759345d11e2ee5c67 03e447bc5a1f62b4a77602bc0d4193b0f3eb3022fc1aee24b3f3308896dcb255b6257f7044a278b2f22a3e13aedd05d1
CLIENT_HANDSHAKE_TRAFFIC_SECRET d83343ee4f110eda1ea6605ee526a4b958a41c03f943b0970cf42b0912a0b1d5 6019382000f31dd2948dec61fe652c75f9b5082df8e0bc786ec47e600cfc152d5414f6d40a06d350321c42f5ca822933
SERVER_HANDSHAKE_TRAFFIC_SECRET d83343ee4f110eda1ea6605ee526a4b958a41c03f943b0970cf42b0912a0b1d5 1591653b4c1c4c6c4a4eb02cc58c6abe1fe4aab9325a520bd21a0758895b56c7a8f4fededc55770823c73d9171e736dc
CLIENT_HANDSHAKE_TRAFFIC_SECRET 97a95826437eedebdb484095036c80489db2670f2f18e476185b470d87a86f82 6fe5c1924ce1ef34afdd8ae95a6d5f21db1eeeac5a429ca73f1dc410305b27d53ef805481ba3e86ee0c1cfc386377694
SERVER_HANDSHAKE_TRAFFIC_SECRET 97a95826437eedebdb484095036c80489db2670f2f18e476185b470d87a86f82 e555182210af8005fae3e6ee2162997ebfff8f4b4dc12ee9601f938199911404c277daa28bddbdcb39f6239dc4e52e20
CLIENT_HANDSHAKE_TRAFFIC_SECRET 7f8f42f175db72a27569a841084ff59234373c0deb6f2deee2103af27e5958b8 086cc2b103cad4fd5736f79f5fca5ffed9c37ba910fa84c35ef89665176913624853167d2e011e1b817353f6abcbf129
SERVER_HANDSHAKE_TRAFFIC_SECRET 7f8f42f175db72a27569a841084ff59234373c0deb6f2deee2103af27e5958b8 8b2b03c2656e39233a09d8aa4e515efbe24f0b501ad99d444cc17add7c8176176d4e384a8bfb92dd2b6dd8cbedb1378c
CLIENT_HANDSHAKE_TRAFFIC_SECRET 3a0b03c25134b9918b77863d716bbf132b260f7c550a31a88e9af47500969acd 5dbac55a0bdf0800a03b569da8c735abf80a8e1c64989fbf0bfe3572548be8246050e2f7ef5151052527fc6ef49ecd2a
SERVER_HANDSHAKE_TRAFFIC_SECRET 3a0b03c25134b9918b77863d716bbf132b260f7c550a31a88e9af47500969acd b204d6b3c8fadabca68287bf2dd90a5524925ead44d311125246162bfdf4925e67eb7d370174d4eb7e1c417448dfdf45
CLIENT_TRAFFIC_SECRET_0 d83343ee4f110eda1ea6605ee526a4b958a41c03f943b0970cf42b0912a0b1d5 ed8644d473097e688740dfa572fdc8d5689ffc853b9f3965a28dd63783b01d0e7629f22e7995d238e66d74c3a9005eb8
SERVER_TRAFFIC_SECRET_0 d83343ee4f110eda1ea6605ee526a4b958a41c03f943b0970cf42b0912a0b1d5 f405dd2840805dda08bd47c05a396fe55885a1f85b2d87593251218110e3539b5f29e1a502bb5a48a5fb6fd1163b949c
EXPORTER_SECRET d83343ee4f110eda1ea6605ee526a4b958a41c03f943b0970cf42b0912a0b1d5 b473e5be8fa7700e0dd31d79f3cf8975b71328800bf3fd8b6c3d131e774a0cca101fe1c107056ad39b4c1bc2f199cefb
CLIENT_TRAFFIC_SECRET_0 97a95826437eedebdb484095036c80489db2670f2f18e476185b470d87a86f82 0a6584bcec3886eac84fb618ee999fb37596f31c716ab54e9f7cdef1db69eaff03de4c85c3823b5c9734dba0d7ec3ca2
SERVER_TRAFFIC_SECRET_0 97a95826437eedebdb484095036c80489db2670f2f18e476185b470d87a86f82 9d23130455601960b734c000a168bc40557e56b521c5168bc32a4a80171155b38c5059f73a924dc31a69642ef22cd36e
EXPORTER_SECRET 97a95826437eedebdb484095036c80489db2670f2f18e476185b470d87a86f82 1fbdbc8c05a0ae0e809cc1a7891ffaf51164522af9385b6b1ae2a04e4a0fa8a04ab915539b0d550f2b4aa0b043439d88
CLIENT_HANDSHAKE_TRAFFIC_SECRET 4c5f4a06ecc25f931311c7c843b4d8188072149df39f941633f4b62339ac6d92 1387ccf008942ca2df0faceca67f2d0e7c97c54fa6fd5683f172a6fb700291357fa8fc8b2cc0dd77a2e104530aa1f814
SERVER_HANDSHAKE_TRAFFIC_SECRET 4c5f4a06ecc25f931311c7c843b4d8188072149df39f941633f4b62339ac6d92 4c373491e351b962953ad6491f44836c48d31088b08379daaa1ec9df998a44a1ea7101e2690fddea53d3dfa5a3d6bdd8
CLIENT_TRAFFIC_SECRET_0 7f8f42f175db72a27569a841084ff59234373c0deb6f2deee2103af27e5958b8 f7328190faafec1554b3b1dafbd39a1460f2e58cae56ecb53c7a5253b272e5242185a5773e9d16c7bec3aba1d8b76914
SERVER_TRAFFIC_SECRET_0 7f8f42f175db72a27569a841084ff59234373c0deb6f2deee2103af27e5958b8 6d170dc4e21a6244245a27bf8349ccb6840944bd9e06871a24d071cda4e5dd0ac638c0f55e38d862396c685d520baa1e
EXPORTER_SECRET 7f8f42f175db72a27569a841084ff59234373c0deb6f2deee2103af27e5958b8 739e0f7770deaefb07682e7ee5ec4d5e8c57ce7520a967fd43bf091270d520b3d54acf3fbd412e77a852e479bd994408
CLIENT_TRAFFIC_SECRET_0 3a0b03c25134b9918b77863d716bbf132b260f7c550a31a88e9af47500969acd 7b95ebb25f9c8ccc627d540cb5e42600d0b60a00d6ad3526de2d463c42862b0166c002a721900b504b6f8e332c1c028d
SERVER_TRAFFIC_SECRET_0 3a0b03c25134b9918b77863d716bbf132b260f7c550a31a88e9af47500969acd f8cfd9ea5a2a0fb51250885fac4f2acdff6fb3e44540707a9ba7e268ca507a5c6fc4c792beb8ea6ecf0af9d87fee8504
EXPORTER_SECRET 3a0b03c25134b9918b77863d716bbf132b260f7c550a31a88e9af47500969acd 819b3604377ada5ed5abbbea126b181a64484a98aaabd7e73897f6c9ac48aa3be2789532b56a83656cd9513006e5b6e9
CLIENT_TRAFFIC_SECRET_0 4c5f4a06ecc25f931311c7c843b4d8188072149df39f941633f4b62339ac6d92 bd9f3ba2b26074eddf876c4e109da0f0952644e02787ddd9dcf3567f6fe51648bb5123fa648d24d4c95582a65f1b4480
SERVER_TRAFFIC_SECRET_0 4c5f4a06ecc25f931311c7c843b4d8188072149df39f941633f4b62339ac6d92 c6a9732d9dcb973dd8abe5ee0f0741706b61b5f6aa01c5183ef7ce5abe0424ee5076e186d494629e33d3025b46b79ea1
EXPORTER_SECRET 4c5f4a06ecc25f931311c7c843b4d8188072149df39f941633f4b62339ac6d92 1b4c1986284fc04f078dc69b369612b86143f82255da08a60c779d484b39852c1e6b6dd76b270c3dd4eeb289d48888a7
CLIENT_HANDSHAKE_TRAFFIC_SECRET 4dccc0c5251799aa77fe37183abe54941c6d7ed65c0368127f78b55829ebece7 ee709766cea4e7707c5c426cc959156eef75089f1956c10d33b5054e6b6f638da4c3f69db8dc1a4e0d5c54fc19c6e22c
SERVER_HANDSHAKE_TRAFFIC_SECRET 4dccc0c5251799aa77fe37183abe54941c6d7ed65c0368127f78b55829ebece7 074ed84e7109bf87e99d438d2aa01afff0a9b5cf693b09ba9ffeaba2f42b4174fb7deff8c01f60c1f3f74ce57510b1da
CLIENT_TRAFFIC_SECRET_0 4dccc0c5251799aa77fe37183abe54941c6d7ed65c0368127f78b55829ebece7 c35959ab1e4ba035a2676d56cba4c2dfba5cf3820cdd18b3c7d48ee0c237667e9a41d8ef002aa0ece4a856784ef66f60
SERVER_TRAFFIC_SECRET_0 4dccc0c5251799aa77fe37183abe54941c6d7ed65c0368127f78b55829ebece7 8710a3a0f2cfffe0ffeb66c62aac0703bc2d465085dd55676d4ffe7b254f4860d88514112b0f4a36009481def1609e86
EXPORTER_SECRET 4dccc0c5251799aa77fe37183abe54941c6d7ed65c0368127f78b55829ebece7 cdd5de005e85a0c24e979d9f7a0768b45e82eb34df285ecb696552adadcb19842bd72b26dde0f73aea5c07c22b196967
CLIENT_HANDSHAKE_TRAFFIC_SECRET a5a4f42fa9790c7bae725ed70cd8317d24a627e7a1320a531e37440403f6b7de c6c59e1e9a673c17a2e7e513508614770e78a5825f5fb0141b0b860552717afdbbf175dbba3bcc621476ea2673e03cf0
SERVER_HANDSHAKE_TRAFFIC_SECRET a5a4f42fa9790c7bae725ed70cd8317d24a627e7a1320a531e37440403f6b7de 793f990d8a907ee31b4b702eeabb4fd514a493ff9ddb6bbdfb28efaf751ac215b834102ac85f4b240ab78f07165ab389
CLIENT_TRAFFIC_SECRET_0 a5a4f42fa9790c7bae725ed70cd8317d24a627e7a1320a531e37440403f6b7de fb90f6899b43c600958dafe59bca1b5b307007bb879a920299b3aaf90cb716be88ee75d55ba3d10c045a9d8b8ddda0a1
SERVER_TRAFFIC_SECRET_0 a5a4f42fa9790c7bae725ed70cd8317d24a627e7a1320a531e37440403f6b7de bb71ef18a9704bf3cbf296edcfb5533f5d0b096b9c7a5a606e52db3a5b9d70d77497c7dab00455a36e8b7918a95c1163
EXPORTER_SECRET a5a4f42fa9790c7bae725ed70cd8317d24a627e7a1320a531e37440403f6b7de 7ba47ee8456b4eee3849cc300a87f8250a56772d755c6f55a943e851ed740857abc43ad2395656fc4ce9abbc9c70bb74
CLIENT_HANDSHAKE_TRAFFIC_SECRET 98429ff5e63e03c3af792266cac403e306066bf9c444433b05715f07d29f9215 7507b4bbb3a8d7962c1871a1e42dfdd399bd77e05ef4143c67055db46edbc8110208f892f0d6d8d151c777f99def2a3d
SERVER_HANDSHAKE_TRAFFIC_SECRET 98429ff5e63e03c3af792266cac403e306066bf9c444433b05715f07d29f9215 8622b5622d0f56f5d9705fe6d4ab80f51671df03b217b19fef5e842a21f6cee3ed35ec3f8d708f829ca29cfab081bd95
CLIENT_TRAFFIC_SECRET_0 98429ff5e63e03c3af792266cac403e306066bf9c444433b05715f07d29f9215 97d19703ec7c811573a963abeb797732829f8ff92c15b59e018bc5fe61fc2338c67464341d009dc82388ad23d9fbe881
SERVER_TRAFFIC_SECRET_0 98429ff5e63e03c3af792266cac403e306066bf9c444433b05715f07d29f9215 086ab6a0aa0f99f62c4260b790527139583baec1a1f78b414671df2a960b04222959abf2ef3e49713a28915b78a17752
EXPORTER_SECRET 98429ff5e63e03c3af792266cac403e306066bf9c444433b05715f07d29f9215 1d2ba2451c7e4650648ddf024f9fee8135f00db592159fae6e3b2cd20a81e47428e168a25b22579774bc48941e36ff76
CLIENT_HANDSHAKE_TRAFFIC_SECRET 3368aff6b21db47dd5df056758398fc9c32ef63ab38a6f441bd4ea93168be38b 058551dac591455a5a26316752f9d45513fc7a74e42b59372e52641cd89fda71
SERVER_HANDSHAKE_TRAFFIC_SECRET 3368aff6b21db47dd5df056758398fc9c32ef63ab38a6f441bd4ea93168be38b 5395d9e8b7dc9f7962cc30703f4614e99626c6e88d86e9b134b3bb6092d826e8
CLIENT_HANDSHAKE_TRAFFIC_SECRET 13d5eff0912f3a473f295406cd7acfbfa0da2458f8d7e440b16bc2b82227cc82 c34426e9d9259b5c34b12b0dd57cd3caca2ef016b352944f7b1dedc1383a12616719c13a7d9d81035099a6420842d1b5
SERVER_HANDSHAKE_TRAFFIC_SECRET 13d5eff0912f3a473f295406cd7acfbfa0da2458f8d7e440b16bc2b82227cc82 527164d71895a2c37d471f65fc3518b176110e51f4bb97e75c34febf5b5ae8aa697dd4318b69befd2f193c464030c2ae
CLIENT_TRAFFIC_SECRET_0 13d5eff0912f3a473f295406cd7acfbfa0da2458f8d7e440b16bc2b82227cc82 f958279ffcdfce9d5c55768cdff491423a7f6e25207d9cfe2ebf5cc885fc197da3b58903273068f25a982de23cd5f16d
SERVER_TRAFFIC_SECRET_0 13d5eff0912f3a473f295406cd7acfbfa0da2458f8d7e440b16bc2b82227cc82 e5f9347399c0ad39654a940e4fe10ab66349dc5be75897f231ae67da2513a6331acea2f614feed35df55d3e587689a38
EXPORTER_SECRET 13d5eff0912f3a473f295406cd7acfbfa0da2458f8d7e440b16bc2b82227cc82 e84028bfa25ccf920cd60605d24d9876ed75b2176aff7386e8ba06c6b612217c9d4fcdc6613149ef878e030f6c838424
CLIENT_HANDSHAKE_TRAFFIC_SECRET 7adc0da1b1012e5cb50b65ed11eabdce4725b92d326e2ad896d9cf961e5614f0 2c4243c79cc6064381da1b305108465d6874fdacaf6ca6ed2622fde0e433aa77109abfb1a5ed83a65b8765925ac17907
SERVER_HANDSHAKE_TRAFFIC_SECRET 7adc0da1b1012e5cb50b65ed11eabdce4725b92d326e2ad896d9cf961e5614f0 fc7d9e39d4b15b089fe485a2fcf238926f369877fd43d4c1489dd052e344fb81421dc63d27b1daf2aaa19b5271b2eddb
CLIENT_HANDSHAKE_TRAFFIC_SECRET 22fd14616207c551989982dfe763b19f4eff1818f3518ab39aa98629f2acb21b 8699a906eeee9231707f2803a6d8be72c565d4fc76dd2a604c187b11127d8071
SERVER_HANDSHAKE_TRAFFIC_SECRET 22fd14616207c551989982dfe763b19f4eff1818f3518ab39aa98629f2acb21b 7921d94b2da965d8978b01c93ef22d63ca3567b767fc53defe6f2747b62f23d5
CLIENT_HANDSHAKE_TRAFFIC_SECRET 0763fdf4475551aa91c19043c5cfdb0cd0507122d059b41d9cfbbb4dca2e6e04 a039a0fc7f4056ab56b7ad89cd99c1d55ebc732807818960712f47aa0582c75fea755db733c5ca73134d953ef59d00a5
SERVER_HANDSHAKE_TRAFFIC_SECRET 0763fdf4475551aa91c19043c5cfdb0cd0507122d059b41d9cfbbb4dca2e6e04 4d9f486d3ebca64c3ea2e0a5850d0fff0df3686a6d406a5aebd1d4ed5b77158417ea1d37a04e41611109b3353b327c83
CLIENT_TRAFFIC_SECRET_0 7adc0da1b1012e5cb50b65ed11eabdce4725b92d326e2ad896d9cf961e5614f0 a2266523a923dfb338206b4a47aed5dad2f48e53825b99498b97747790847a8c2d996a3f1638e4ebcb5d2092644ee013
SERVER_TRAFFIC_SECRET_0 7adc0da1b1012e5cb50b65ed11eabdce4725b92d326e2ad896d9cf961e5614f0 de2e44c0bcaeca8ed9f9d3956aa65e512280aa0b9f223c5fe8e25600b5da54f34689e43b7447e62e880bddcf93961750
EXPORTER_SECRET 7adc0da1b1012e5cb50b65ed11eabdce4725b92d326e2ad896d9cf961e5614f0 6d052e0156f25cd216e9c473cc36e16f36e80d423f50c8bd6c18bb3543e64a74d110ab9aa9bc8551091ba21a58cf7782
CLIENT_TRAFFIC_SECRET_0 0763fdf4475551aa91c19043c5cfdb0cd0507122d059b41d9cfbbb4dca2e6e04 164f06f514cef9c94572239274d8fdb320f344c9e51983a588199f7e2bcfa0110beb776b96dae2723c7440e1c4fe5063
SERVER_TRAFFIC_SECRET_0 0763fdf4475551aa91c19043c5cfdb0cd0507122d059b41d9cfbbb4dca2e6e04 3b22d9af09e9f324588f35373bdafc1438acae998030d18ae517ffedf0d2cdbcf70694178fe9af9892ac839d23aef80a
EXPORTER_SECRET 0763fdf4475551aa91c19043c5cfdb0cd0507122d059b41d9cfbbb4dca2e6e04 fdf3bddc5442e6f761e72e7f287f40f0c22248597a7d18412150e4f1fa3f29dbfa41b4e6287816607dfa38a2bcb2883a
CLIENT_HANDSHAKE_TRAFFIC_SECRET 7831cf3d4ed3cc53745659ccaf937bf4d500cd145bc30674fcbe8db322d826e7 0d3a86924389c95b2e5b2895ed0e65126bece433e083c53571ca55871dcfc1ac31384f671fdbdeddd07581ab1b781eca
SERVER_HANDSHAKE_TRAFFIC_SECRET 7831cf3d4ed3cc53745659ccaf937bf4d500cd145bc30674fcbe8db322d826e7 9735775dc493265197d431a9287d27574052535ace8374643c055a9e029b8f79f87d10016e3c9bf5ce19ed965962d5dc
CLIENT_TRAFFIC_SECRET_0 7831cf3d4ed3cc53745659ccaf937bf4d500cd145bc30674fcbe8db322d826e7 686218c26f0e5fab9d2bc6a701a70ce3afa32840454f73aaf9adb5d88a3bd9092a4f2001635d37229bb481693f1357ed
SERVER_TRAFFIC_SECRET_0 7831cf3d4ed3cc53745659ccaf937bf4d500cd145bc30674fcbe8db322d826e7 47daa9405a3faeca205b81b2709d1ae25ab06d5b47a55c998936b992b02941672ef3e0700da2d896ff78f907453356cd
EXPORTER_SECRET 7831cf3d4ed3cc53745659ccaf937bf4d500cd145bc30674fcbe8db322d826e7 dd3dbc998d68fbd2db78417962b342ad62226bdff4d0784255a5c05193e5a3a927be285668546d62443e44dc8da4f0f0
CLIENT_TRAFFIC_SECRET_0 3368aff6b21db47dd5df056758398fc9c32ef63ab38a6f441bd4ea93168be38b b38c87f36aa1deeb654de9a463d09f0c7381937d25f6fa4d6903fd93df7b0d01
SERVER_TRAFFIC_SECRET_0 3368aff6b21db47dd5df056758398fc9c32ef63ab38a6f441bd4ea93168be38b df5863dc6a3bee6c4bc9b7d159cdd043f41a67a0385ded80545f120eb25649b2
EXPORTER_SECRET 3368aff6b21db47dd5df056758398fc9c32ef63ab38a6f441bd4ea93168be38b 88512fb60d40fa9d1002c07caef7eaf0655709e3d41ff01fc2ec21144388a114
CLIENT_TRAFFIC_SECRET_0 22fd14616207c551989982dfe763b19f4eff1818f3518ab39aa98629f2acb21b 7897afbd090f04fb0af29f12d10d474b275b6cb0a87a960c6f802881d9518105
SERVER_TRAFFIC_SECRET_0 22fd14616207c551989982dfe763b19f4eff1818f3518ab39aa98629f2acb21b 86bc711ddf63db43efa41fe5d587f8937dd2ad14c27bfb7ab4a71f9a057d46c3
EXPORTER_SECRET 22fd14616207c551989982dfe763b19f4eff1818f3518ab39aa98629f2acb21b d9e9abb364981fa59b2c18e6062bd64dd215ebf3a799fc62dbf9ccc33fddd00d
CLIENT_HANDSHAKE_TRAFFIC_SECRET fe7317d3267175f58c0f65f41769bc269dba552867ca97b89bb0a023d14b1d6f 5ae76b817bcbf267a21b755b87cf306d3055ecfc2b9c28360b8f58035f5b1fae8852a14fd43a60cd7bb9914bf8d21b0b
SERVER_HANDSHAKE_TRAFFIC_SECRET fe7317d3267175f58c0f65f41769bc269dba552867ca97b89bb0a023d14b1d6f b79b1bc9d7cead4da56de4e3a4b8788ab747c0b58e1e58b609ba264d84563d570b9df065067bdf95991fd0babf5747d3
CLIENT_TRAFFIC_SECRET_0 fe7317d3267175f58c0f65f41769bc269dba552867ca97b89bb0a023d14b1d6f 3489fa797e5eb1821526d9c428b48b108ac18d5f3562bcadfa2ec60fb1e630c81b0c600939dd62a7f9363ce469df212f
SERVER_TRAFFIC_SECRET_0 fe7317d3267175f58c0f65f41769bc269dba552867ca97b89bb0a023d14b1d6f b90f986f47b0770c8a4c38a74022b5414a1a43ad1a67e69c658ae971ecda99c821e9748fac016a03603aba8539d62d65
EXPORTER_SECRET fe7317d3267175f58c0f65f41769bc269dba552867ca97b89bb0a023d14b1d6f 02b1b87239ddd27f07548690f558a415fb0c5b8a59eabde4ccd6b3ac8a2383fc27637c592c59c49570cd7c2d9686a745
CLIENT_HANDSHAKE_TRAFFIC_SECRET 733ccfe5995f4e543961dd1d09bb039530ae8d0c842b61857a8c88b94bed1e17 6e46f64e52ffea6aef0cff5796f8f1596b4e5004bda0bb1d93ba42bbbb9aaf0724747a6a68a18eae0cf66a5cae8322ff
SERVER_HANDSHAKE_TRAFFIC_SECRET 733ccfe5995f4e543961dd1d09bb039530ae8d0c842b61857a8c88b94bed1e17 ffa79d636052e244f6e8f3f23ab13e8e940a876575b9f3ee56a91c7bae0f0d08b5142c139373f45cb24fe0027c7a5614
CLIENT_TRAFFIC_SECRET_0 733ccfe5995f4e543961dd1d09bb039530ae8d0c842b61857a8c88b94bed1e17 d7eb1ade162727112076480e565a05237582a4088771b0841484de9b09ae7349c3b742baab49af39b1c915b3d38d12cb
SERVER_TRAFFIC_SECRET_0 733ccfe5995f4e543961dd1d09bb039530ae8d0c842b61857a8c88b94bed1e17 c6db36639dbd7a15eced929f955fe55292c976d5e769477d64905e0e43d0ac0a446f896e4dd95f34c12df9308709c4c4
EXPORTER_SECRET 733ccfe5995f4e543961dd1d09bb039530ae8d0c842b61857a8c88b94bed1e17 c09a7eb10a1b1f94aa6df8df53cd48238afb63e28994fb08c3921ae44d033059595e2e0beb410819600fff70c0eb606b
CLIENT_HANDSHAKE_TRAFFIC_SECRET 4a57877ef8510faf3bbe498f4b26c28b5ccd429844fb85da0f2055723857e653 b009c07230fcac188db3eb36a650454e303bac34aaa244398e14918c1c4d31a138e9fb2e83c14f9e70717d80e4b5d3be
SERVER_HANDSHAKE_TRAFFIC_SECRET 4a57877ef8510faf3bbe498f4b26c28b5ccd429844fb85da0f2055723857e653 77d752760d48000f8f0b65e3edbc31a6d4fe00b398aa58aa07270783121c53909685fa0bb39a54d7c477fb5463878537
CLIENT_HANDSHAKE_TRAFFIC_SECRET db0ba223af4c324ee48f06e784c6b6bd2d75e0e9a6f5dda68d2ddf6e0e90bf00 a07ec2748bbe5ef34a65d5721a8881f1083423723bd8bbef5cd4a78b4e9394318c4deac3973794c513ae8611694f5bbb
SERVER_HANDSHAKE_TRAFFIC_SECRET db0ba223af4c324ee48f06e784c6b6bd2d75e0e9a6f5dda68d2ddf6e0e90bf00 b8b892de3e1d955374a9886c5835d8cfb7d35ab5b2e4de11482e2f85c7af8f4bd456eb5b168880cada133757e4529baa
CLIENT_TRAFFIC_SECRET_0 4a57877ef8510faf3bbe498f4b26c28b5ccd429844fb85da0f2055723857e653 63fcf822ccb556ecda09b26f9768966a021c643424e15360fe2f7b7a1205866ebdce52cfaef853657b1098b980067c18
SERVER_TRAFFIC_SECRET_0 4a57877ef8510faf3bbe498f4b26c28b5ccd429844fb85da0f2055723857e653 b666ff7cd1c9c225d0234fc71a8067128358a54ed74a0f1b7c6a046fa346f66fcb9850071d52f30f902fcaed34fd4d0b
EXPORTER_SECRET 4a57877ef8510faf3bbe498f4b26c28b5ccd429844fb85da0f2055723857e653 f83f7a579582937d2f1b6d9e118186a74501541ef8792fc49d1ba886db3c2b513b095a3de6212becb9bf6455a4467edf
CLIENT_HANDSHAKE_TRAFFIC_SECRET 3341aa7a0c60cdac187ded56d6b56f6a7a5884a136edf07c48f19f3a90ceff6e caf4bc09af9d9b138c8a2a6cdabafb8aee436f789db9023a89a5f19b871b817e59cbe8780ca91a2cfef04f0b66d9a46a
SERVER_HANDSHAKE_TRAFFIC_SECRET 3341aa7a0c60cdac187ded56d6b56f6a7a5884a136edf07c48f19f3a90ceff6e 035958eb7f9dbcd7d603616eeb0ae9630a1e0652cfce76b47988f293d102237ddeebfee8c5f6359c71532c2bdd39f36d
CLIENT_TRAFFIC_SECRET_0 3341aa7a0c60cdac187ded56d6b56f6a7a5884a136edf07c48f19f3a90ceff6e 8fbb9714fe2f2a9611500b1edafcc9e2861765f6632bf4a220738e46beef9ad540ba77212da4d5dec231ddf3d8402b27
SERVER_TRAFFIC_SECRET_0 3341aa7a0c60cdac187ded56d6b56f6a7a5884a136edf07c48f19f3a90ceff6e ff7fe04ca644da86afb696f3cbf5c05e3ce002d464c4bc39fcfaaa2c9f5afdbc8f691db3e6c5ce63e53a559a5d339369
EXPORTER_SECRET 3341aa7a0c60cdac187ded56d6b56f6a7a5884a136edf07c48f19f3a90ceff6e 0c2d50005a07e81f190ad4ada4893705aaa8f18095d0237d95f5cae0f2dd8e9cd8f95d52ebf6873e119d5d2a1ef19dfe
CLIENT_TRAFFIC_SECRET_0 db0ba223af4c324ee48f06e784c6b6bd2d75e0e9a6f5dda68d2ddf6e0e90bf00 830e983d4eb77b1943332d24e5d1c8bd9884b0b4cd1b9173be811b4d65054401a92031d15809f68c19f4a173ca24132f
SERVER_TRAFFIC_SECRET_0 db0ba223af4c324ee48f06e784c6b6bd2d75e0e9a6f5dda68d2ddf6e0e90bf00 419e56fe02003c46a1432eb1adcd548d13ea288c36cbc1434bfbdc3ad52b770dd0cb2aad235be2486efff84eff99a4b8
EXPORTER_SECRET db0ba223af4c324ee48f06e784c6b6bd2d75e0e9a6f5dda68d2ddf6e0e90bf00 443e70b3047b7eca81716aabdb3b6f9e0a032924c6fc7528f98b4c380b8873b809b778745ad7ca627c3794c68252e88b
CLIENT_HANDSHAKE_TRAFFIC_SECRET a88bf666178a94812fda12b9ce066b69f4e38eac3662b88b2e69552faca33202 1a2e056dfe5e96f4d4f9b478666cc362d410ad08f26ce8731cddce1c1a1991b4445153d8a0b16fdfb027a77d65913773
SERVER_HANDSHAKE_TRAFFIC_SECRET a88bf666178a94812fda12b9ce066b69f4e38eac3662b88b2e69552faca33202 6e8932f8aaf46a0592e3db8f710fb74bb39825190b8093be589c3042ab48cbc478c064d1d2978a9f4da70226690d0bc7
CLIENT_TRAFFIC_SECRET_0 a88bf666178a94812fda12b9ce066b69f4e38eac3662b88b2e69552faca33202 7bc033570a208ebd71c73595cdfc3993cd3e9edd222a35d6085aa7e0c846bc694d668884e75dafa0c42af3adc79278ec
SERVER_TRAFFIC_SECRET_0 a88bf666178a94812fda12b9ce066b69f4e38eac3662b88b2e69552faca33202 223031309d23259d3cc14c3eaf4c928efe504339d6f96f4229c4fe869dc23aba93591e28b2794c52464bf8b63ed3bd15
EXPORTER_SECRET a88bf666178a94812fda12b9ce066b69f4e38eac3662b88b2e69552faca33202 b047d4a41bd0de51ea337d88c47c09f53a8c0f19ca0d63af7d4dc61555937c29912278fe6897040e4ae72d5c2f71cece
CLIENT_HANDSHAKE_TRAFFIC_SECRET 4aaf863be7f2eb477addb6d2385077f6e609da05124719d3581c5d419348abb8 3bc4c65cfdecbb9a0beb506668788b827e1d3d1256b2075fc96cceb037b9a08a637f321141376d60f33b487b60ed2d19
SERVER_HANDSHAKE_TRAFFIC_SECRET 4aaf863be7f2eb477addb6d2385077f6e609da05124719d3581c5d419348abb8 a272b4e2f179cc23fb9c6b6119d49fa139cc2064876ec23b59ed428b27967fbc6d936a9ab785c394973f7780353ba9d2
CLIENT_TRAFFIC_SECRET_0 4aaf863be7f2eb477addb6d2385077f6e609da05124719d3581c5d419348abb8 562890422a4722a9fa1758f988fe2ffe2290458fd2489da81d26744b7fe44c7cc4394133c3fad0316b3b2b0d54e047d7
SERVER_TRAFFIC_SECRET_0 4aaf863be7f2eb477addb6d2385077f6e609da05124719d3581c5d419348abb8 6e8a7a0181c9b3e35b301359d5f9e9ebd41f3bb3233a6545b033bc06b836a75db56ec7398c2c83cab4f7475e7a22cb37
EXPORTER_SECRET 4aaf863be7f2eb477addb6d2385077f6e609da05124719d3581c5d419348abb8 922f8793fb51aab1bac22cd7ff78ed8193646c86f8fb14a0ae5ce6e4d76f5ba2049f5e89958fdbac66ffebd44e2d816b
# SSL/TLS secrets log file, generated by NSS
SERVER_HANDSHAKE_TRAFFIC_SECRET add6eb4fb2bd5333fb04dfdee650ce3e65064634cdb5d73332bf32ea10e07dc0 34bdb5150d0929386e931f72e3b9c9c687b1ac3a76505381b29f4fe87fe8ca801c135d253a87420680709db3da7e2c51
SERVER_HANDSHAKE_TRAFFIC_SECRET aeddda3a3c1668aa3aa10417c79c76fb167ef28a674a7af72de6b3e74a83aa0b dde99ce5ed828a3a2f17a426d87c11ad985cf9db9dd1982efd9ffc69c293acd0a10155670c53a05cc14c35051d5f21cd
EXPORTER_SECRET add6eb4fb2bd5333fb04dfdee650ce3e65064634cdb5d73332bf32ea10e07dc0 2bf2457958b1477cf6ad2d5959a19d2e37880bd514f1624a2275a9a996bc5ca96a1bc86b8dae9147241b155b5f66511d
SERVER_TRAFFIC_SECRET_0 add6eb4fb2bd5333fb04dfdee650ce3e65064634cdb5d73332bf32ea10e07dc0 3e3c6516685039864b5dfbb6aa2c1187fdb392945f1afde1fa487a0ace797873f1166679a1bece4d292bd6751e344442
CLIENT_HANDSHAKE_TRAFFIC_SECRET add6eb4fb2bd5333fb04dfdee650ce3e65064634cdb5d73332bf32ea10e07dc0 12bb132689e1ca44c7b9599310703f2255bfaf4a626b7c31e2f3d6b1b9201a8c323434ad1a8ee65b89a1f023930604aa
CLIENT_TRAFFIC_SECRET_0 add6eb4fb2bd5333fb04dfdee650ce3e65064634cdb5d73332bf32ea10e07dc0 9ba6231572430620a5451e1448961b87f6f1ccc599a093d647f885842189cd06b9e78322a57c0780668f7834026f3081
EXPORTER_SECRET aeddda3a3c1668aa3aa10417c79c76fb167ef28a674a7af72de6b3e74a83aa0b 218f1fb619cf84b9d71f4d4cdc9b5185afc6b448f38646813f88a7650daea4331591514a249a3ef0e03cddd56cfdb93d
SERVER_TRAFFIC_SECRET_0 aeddda3a3c1668aa3aa10417c79c76fb167ef28a674a7af72de6b3e74a83aa0b eb1c214988ffd6e7d0581b046feaee18362fd96aabf13f7e07db381caab8b7e77685f18146c001b658a7d5e980c2e5df
CLIENT_HANDSHAKE_TRAFFIC_SECRET aeddda3a3c1668aa3aa10417c79c76fb167ef28a674a7af72de6b3e74a83aa0b 81cc53e7df635e2bf499a63baa7931e5e884f8e1da3319a277cc513bff6a94eb65d680fa7e6c1633e1b0aaedb896e4fa
CLIENT_TRAFFIC_SECRET_0 aeddda3a3c1668aa3aa10417c79c76fb167ef28a674a7af72de6b3e74a83aa0b 0e54d7ae4138954a304624ef598ad56493df34784377698d95fb94d1cb9a9d674264ac1f708806639f8bc18d5d1889f9
SERVER_HANDSHAKE_TRAFFIC_SECRET cd9b85eebe51be2353d75a7234af76e5bfa9f9cd998433d976430c9ce8ca197a ba4146cf2f976d32a09ba1a135f06290ce5b3499e9a1a059e75e70682c3eda8c1f4bc57c6032ad5e35a1dcac88ed48c5
EXPORTER_SECRET cd9b85eebe51be2353d75a7234af76e5bfa9f9cd998433d976430c9ce8ca197a 6eb6b794ff77ceb73d86182104ee187166c968ac8b5539bc2270b4c83911af76ebe5e701a9ec14c192d65cef3fa7022a
SERVER_TRAFFIC_SECRET_0 cd9b85eebe51be2353d75a7234af76e5bfa9f9cd998433d976430c9ce8ca197a 1c706d5d439c161603c4735bf7029ffa11128893df80adae20fc0ef436b166dd145ad325694088a81bc4776ccf35ee9d
CLIENT_HANDSHAKE_TRAFFIC_SECRET cd9b85eebe51be2353d75a7234af76e5bfa9f9cd998433d976430c9ce8ca197a 37acc044bd86b7a82339f2ed8b98f5f51b6641624efeed92387f3f1bdba22e701749dc8efe474f58c647a75bdf3aefca
CLIENT_TRAFFIC_SECRET_0 cd9b85eebe51be2353d75a7234af76e5bfa9f9cd998433d976430c9ce8ca197a 33c697d2ba917a088e4d428d1b41303e9db384dfcd803784487631f923b5105b4a52115d9212d4b5bde6224e1d242e6a
