CLIENT_HANDSHAKE_TRAFFIC_SECRET 7219d3ca8a76d8a8f87d3ed8ea7407395d2cc1f56de3d9eb245e7fb7cb8095a8 4646e6746a085966434b8e04ccaacd86132a6071bb2b6ad6ebe5592515904884
SERVER_HANDSHAKE_TRAFFIC_SECRET 7219d3ca8a76d8a8f87d3ed8ea7407395d2cc1f56de3d9eb245e7fb7cb8095a8 dbb73d8e53763ad029a624de6d96b00dd5d7ab92cf55fbff1f852cd0e5da96ab
CLIENT_HANDSHAKE_TRAFFIC_SECRET d59b134908b3a5e66fc7927a2975ac201d274576218abfb6e0a72bf4d51dfb6a a433cb8ffc86aac0b7992f98f8111e55ead426f682be5d8ef10a813e5079f467
SERVER_HANDSHAKE_TRAFFIC_SECRET d59b134908b3a5e66fc7927a2975ac201d274576218abfb6e0a72bf4d51dfb6a eb0f2a132f8a94f3c29be6bc6e4003708a794b3b2d626ca2e43cb78f12f2a7c4
CLIENT_TRAFFIC_SECRET_0 d59b134908b3a5e66fc7927a2975ac201d274576218abfb6e0a72bf4d51dfb6a ba7fdb2c0c11cf19a442296df0724ae8d7aee89c87902900980e5f30c6e61358
SERVER_TRAFFIC_SECRET_0 d59b134908b3a5e66fc7927a2975ac201d274576218abfb6e0a72bf4d51dfb6a ca6b6ff33da070265a7fbac064ae1495d4fb26aed02b35cba6960d1bddca0c6a
EXPORTER_SECRET d59b134908b3a5e66fc7927a2975ac201d274576218abfb6e0a72bf4d51dfb6a 757eddc6b86a759a57b27728e87cce00c35c12db71b7916f95b9297c4c95e1fd
CLIENT_TRAFFIC_SECRET_0 7219d3ca8a76d8a8f87d3ed8ea7407395d2cc1f56de3d9eb245e7fb7cb8095a8 25d42529413f6bb3525eb7f461bb03b8e46972a2e8b0c2eaccd8823acde13b15
SERVER_TRAFFIC_SECRET_0 7219d3ca8a76d8a8f87d3ed8ea7407395d2cc1f56de3d9eb245e7fb7cb8095a8 e2673e9d4ed16dab66220dfd8e7d783d6fe908b11bff507747e9f1dd79efadd6
EXPORTER_SECRET 7219d3ca8a76d8a8f87d3ed8ea7407395d2cc1f56de3d9eb245e7fb7cb8095a8 a6416fc7e6349fed135a8e4eb1f9d5006bb7fd8b87a9ef6fdceea5ef1b182be2
CLIENT_RANDOM 33183e0315d2f59f14a2b3eb46b139d02b143169629da4a5dac15ef079be1824 23740884952fdc3048ddf4afd2e3290f76b41cdbb0b8fc792b80c4e8b249b1d7222fe746082417e522a2c00f1901faeb
CLIENT_HANDSHAKE_TRAFFIC_SECRET c5525604b9a2dd3ce466dd17c721fe555a6f52bd357b0994b48af44329b841ed 152479e4da3dc21b950a5c81f2aa874b9206d1e8a386859d6220e0334f21bdb21971e231fbea2f933d691972b7fad7e9
SERVER_HANDSHAKE_TRAFFIC_SECRET c5525604b9a2dd3ce466dd17c721fe555a6f52bd357b0994b48af44329b841ed aae3afe3a12e9770f2992ded510677648c5795dc4dd90033062418007ffd0001a32f1a9bad354724fb56e6023f222cb4
CLIENT_TRAFFIC_SECRET_0 c5525604b9a2dd3ce466dd17c721fe555a6f52bd357b0994b48af44329b841ed bddefc6554633516fbe8741279731c5fb09e370de0ac74923f7a4c234d35394a11c5df034a001753a28c28abbfc9b92e
SERVER_TRAFFIC_SECRET_0 c5525604b9a2dd3ce466dd17c721fe555a6f52bd357b0994b48af44329b841ed f50b5e903288b21ac9717cb6229529ca933e16518431de4632a51336abdc149cc4a707e064641d005b4e7d1041ce1b6e
EXPORTER_SECRET c5525604b9a2dd3ce466dd17c721fe555a6f52bd357b0994b48af44329b841ed 809ec4500c9289edc7f12a8088a10c70d4c8f88d0b07ff50a075caf91d30d5cfa0c13eb5fa6370c7edeb6f0c61052c6c
CLIENT_HANDSHAKE_TRAFFIC_SECRET ca9707d3ceb8742b1434ec3c36f47a629c4efd3ce1368039400472384dd48e9d 063c48f7431311571871c6f50d4166932f752101a2ec72ba75aa5b2c1c6f32512f426a54b19a80f0373f4f0b858747df
SERVER_HANDSHAKE_TRAFFIC_SECRET ca9707d3ceb8742b1434ec3c36f47a629c4efd3ce1368039400472384dd48e9d 4f5ac4850e79f60f0a98151fb779db3bbe119f4f7104677a135f948f5cb1259ce28ff22fa13c858358c916fd59fe66be
CLIENT_HANDSHAKE_TRAFFIC_SECRET 6800ff79599defcf60e7e88860d2a27cd9b0c78a82f58aecfb67d70ca3267028 6edb0ca618611c33762878bc58488844f4f5ca937fa9650d3581a46269b8cb80
SERVER_HANDSHAKE_TRAFFIC_SECRET 6800ff79599defcf60e7e88860d2a27cd9b0c78a82f58aecfb67d70ca3267028 63dd3622b5340cf0af20a774ab5d5080f30a136b0842920d81e569afb51979ee
CLIENT_TRAFFIC_SECRET_0 6800ff79599defcf60e7e88860d2a27cd9b0c78a82f58aecfb67d70ca3267028 7df50dc3ebb4bd297ec8fa89b7e4bf2d6eb7d3844706087af559090979f9ea37
SERVER_TRAFFIC_SECRET_0 6800ff79599defcf60e7e88860d2a27cd9b0c78a82f58aecfb67d70ca3267028 302a308d9d05d8898b805e1e4214627f5159411381a0f9f6afadf31eddda81fd
EXPORTER_SECRET 6800ff79599defcf60e7e88860d2a27cd9b0c78a82f58aecfb67d70ca3267028 23c7a384f9b984b7bcbbba6cc61c01b9b4647ddcfdf6dfeec5561f58b02b05a8
CLIENT_HANDSHAKE_TRAFFIC_SECRET 28e92145d9314c90e02649e7ef247f906e8573e448d2dc92c7503d5ed2f3cd7f b17df6ab1a616b8d00d6c6515f9c4691493dad8abe7681df0b2131e1594c541a0a17d5bafa597dd882d94a40b7117a3e
SERVER_HANDSHAKE_TRAFFIC_SECRET 28e92145d9314c90e02649e7ef247f906e8573e448d2dc92c7503d5ed2f3cd7f 6d8d22c427f82ca2737c286f5e797ea6ad51b1a6c5c6f3b27e20d08a4d3afc460e20b1bef2c21ff7a279cb12177578f1
CLIENT_TRAFFIC_SECRET_0 28e92145d9314c90e02649e7ef247f906e8573e448d2dc92c7503d5ed2f3cd7f d2f9f3273f83619483323b26fe0facb10a04334eeb6e41e48a2483b086ea80d96338ef471ed1710ce7182302a161f4af
SERVER_TRAFFIC_SECRET_0 28e92145d9314c90e02649e7ef247f906e8573e448d2dc92c7503d5ed2f3cd7f 56271589c82590491df3817c77728a34772b9c138e8c95bf3bff1aa9cd60de3ffa4c465dcef058026bd5798a9a6a3e91
EXPORTER_SECRET 28e92145d9314c90e02649e7ef247f906e8573e448d2dc92c7503d5ed2f3cd7f 8d296d8999f5a7f75a48b11869d488d010df51850364861406ccd14ecf7a49e02cf23dff1baa5b5164fe27abd2eb2c01
CLIENT_TRAFFIC_SECRET_0 ca9707d3ceb8742b1434ec3c36f47a629c4efd3ce1368039400472384dd48e9d 64d820558f8c0a0bf8e06de5b140fe69315f1a96f8aadbb66f14341ca7c73ef74dd2e7caf88b4fae817c7afac7dda9fa
SERVER_TRAFFIC_SECRET_0 ca9707d3ceb8742b1434ec3c36f47a629c4efd3ce1368039400472384dd48e9d 06fbe5034f8404a114c86c7efe6792fe2b3f887d479950975969cd7c30f0ff2310c5ffa062344e729cfd8ac436953122
EXPORTER_SECRET ca9707d3ceb8742b1434ec3c36f47a629c4efd3ce1368039400472384dd48e9d e890a0f2badb46fc12fb667e6ff46376c0fe44d1bef4d7b51778d21ab816fc0c9dcf06cc080f36a686a0030b79294633
CLIENT_HANDSHAKE_TRAFFIC_SECRET 4e5f40c62dedc869e3572da232b888e559f4f075f7de7d74a43bd163cf044a3c 5ab1c24e9f5e3f5b2616525c351010df70783ba93c57ee14b81920234956cad5
SERVER_HANDSHAKE_TRAFFIC_SECRET 4e5f40c62dedc869e3572da232b888e559f4f075f7de7d74a43bd163cf044a3c 4189252d51475485f222d6fc363a92cd85723766279b5e23dd2a25ed2b9c43c1
CLIENT_TRAFFIC_SECRET_0 4e5f40c62dedc869e3572da232b888e559f4f075f7de7d74a43bd163cf044a3c d5b3e0bdb9c9d9aa935b94d402b627cdee60da7b4243e50ddb6d3d9c96983fc1
SERVER_TRAFFIC_SECRET_0 4e5f40c62dedc869e3572da232b888e559f4f075f7de7d74a43bd163cf044a3c 57a82587e191d84e1da946922e3f9001b82834289c6ae6621361dc2f0766ef78
EXPORTER_SECRET 4e5f40c62dedc869e3572da232b888e559f4f075f7de7d74a43bd163cf044a3c 75a56f14191727471c1e151d4c85f45ef57e585df2f35f9b68f3127df1838291
CLIENT_HANDSHAKE_TRAFFIC_SECRET cceab81e7b569cc03b5310bd52824b46a8cbcedc0822d8e6c70caf650acc7735 e6080ab1b760d476bb054de43f23f253a0a17ef1d84364c40f2cf8052bf79b23
SERVER_HANDSHAKE_TRAFFIC_SECRET cceab81e7b569cc03b5310bd52824b46a8cbcedc0822d8e6c70caf650acc7735 9cb48b44f58bb544b644fc61a1c92a0c202cb110d7b83df5c77d865f22866367
CLIENT_TRAFFIC_SECRET_0 cceab81e7b569cc03b5310bd52824b46a8cbcedc0822d8e6c70caf650acc7735 611429a613bc37a708688b5fa2255329fa4fe9d848e302ca48ceb27bfe7d4233
SERVER_TRAFFIC_SECRET_0 cceab81e7b569cc03b5310bd52824b46a8cbcedc0822d8e6c70caf650acc7735 0cedcf39f924ee9d8c9b1b4487949b221e3234320fd3f68ba396c2777e606cb3
EXPORTER_SECRET cceab81e7b569cc03b5310bd52824b46a8cbcedc0822d8e6c70caf650acc7735 6fbf0daf3f17ea3fc67f9e8f40c4963bb530bc9c0a22e165fa55c6c7cfd45a05
CLIENT_HANDSHAKE_TRAFFIC_SECRET 42c7fa953918852b60d9042f3a33cfde6c652f44f7bfaca4be0657a7f7618f7d 874d02848c0bd43379678d1b9668ae25b31f9607ee6f80298536b8fb9b1a48eca658e57338987afb78050cb7e73993e5
SERVER_HANDSHAKE_TRAFFIC_SECRET 42c7fa953918852b60d9042f3a33cfde6c652f44f7bfaca4be0657a7f7618f7d f67f17351384568f6b9a151a75ad36be94144c70e93b59d2090e4b88b98775ac328dac95c5fd9666c9bfe6f3c191c531
CLIENT_HANDSHAKE_TRAFFIC_SECRET ce8511bc09c41bfb5546cd7de04c3a6ce8cf7e02b0f64c5cc7279f77faa3681e 882191c93f834e4398a03acb6481e7c7cd388b374cfadbcf277606a461f3f158
SERVER_HANDSHAKE_TRAFFIC_SECRET ce8511bc09c41bfb5546cd7de04c3a6ce8cf7e02b0f64c5cc7279f77faa3681e c46a7a17b6f4149da8f7eaa8ba76ff5744cc508e2d5fcf5144a5ab544b16ab08
CLIENT_HANDSHAKE_TRAFFIC_SECRET e4687a1e92ed3822fe21af0028810402fe968d904830200f9b33865b1fdcc3c2 09d820a07c45eebaafcb4288d2c5ea253b105a68114d8b5d1f96a890dc4746d02b2337a8129946672410c7ddfb75767d
SERVER_HANDSHAKE_TRAFFIC_SECRET e4687a1e92ed3822fe21af0028810402fe968d904830200f9b33865b1fdcc3c2 42d43a79133a875032d25b6b5e90a09c66db62a910b6f92639b8fc03f91251fa2b21a3efb506690891e64eadfd580552
CLIENT_TRAFFIC_SECRET_0 e4687a1e92ed3822fe21af0028810402fe968d904830200f9b33865b1fdcc3c2 317f90797adfe22e603859c8297c00786184e342764ddb7424cc7d2fc6d624047372452325e18837ce941e276eed5f24
SERVER_TRAFFIC_SECRET_0 e4687a1e92ed3822fe21af0028810402fe968d904830200f9b33865b1fdcc3c2 0f8a76d4c7a37d8fd689e83c666669c729cf1ad39d7f1ac673c859b31b12716bc9cb474decc4368e335e41ffea503101
EXPORTER_SECRET e4687a1e92ed3822fe21af0028810402fe968d904830200f9b33865b1fdcc3c2 c6a44ca8d049b09868746a060abfe3355358e974ca29dae09d21962eacb94037dbdaa6f9ce2316f9ed7cf94f4e4578c8
CLIENT_TRAFFIC_SECRET_0 ce8511bc09c41bfb5546cd7de04c3a6ce8cf7e02b0f64c5cc7279f77faa3681e ff54e7927b6576b1adf6d117dfe93c38b104d47bf8a5428d70e482efee0703e9
SERVER_TRAFFIC_SECRET_0 ce8511bc09c41bfb5546cd7de04c3a6ce8cf7e02b0f64c5cc7279f77faa3681e dac10af3c4860cea2b2ff0c5461d8e30eba77e7e5113001c98021f43a5a6687e
EXPORTER_SECRET ce8511bc09c41bfb5546cd7de04c3a6ce8cf7e02b0f64c5cc7279f77faa3681e 7cab9fa0439ec4fec2097debea138cb08cc6d0a234eabf2814462bef1efcbba7
CLIENT_HANDSHAKE_TRAFFIC_SECRET 1b399a124b1c50f1f5959287877fb743e1c611fd4f014f1dc764f1dc584980ae 5db991fc19d343c642f37dcff7edf95df4d8dbd885d62a0a4b5822cf5efce468e14b8658bb916da3afce5233bd406cf5
SERVER_HANDSHAKE_TRAFFIC_SECRET 1b399a124b1c50f1f5959287877fb743e1c611fd4f014f1dc764f1dc584980ae d2f627a2f09e64b30af1412ccca722cc646c99cb2fe3f79ae0ce420e12f7b80e685c4c343d20e769a33a19dc0caad620
CLIENT_TRAFFIC_SECRET_0 1b399a124b1c50f1f5959287877fb743e1c611fd4f014f1dc764f1dc584980ae 4dec88c99cc6bd4c389ef94c57b5fe1cf29e6bb4517e8d5c9cad92b5be2d9631e453b5894e45e4b50a3cdeff1e03d871
SERVER_TRAFFIC_SECRET_0 1b399a124b1c50f1f5959287877fb743e1c611fd4f014f1dc764f1dc584980ae 35cd3bae6c836935cd1305d25f8f622e19c794db602385d9735f04578c7989c778d56b56c2a0ab27ceafe8b09078adc2
EXPORTER_SECRET 1b399a124b1c50f1f5959287877fb743e1c611fd4f014f1dc764f1dc584980ae 8b063fcd3a2728ad4504691ef3b8fac71166bb733fb0dce325115980935ffece561968d3d59cc909aa23364173a45f28
CLIENT_HANDSHAKE_TRAFFIC_SECRET 2a5a7a7639600ef9700944caa6fa0c1a1a9a14b14db174120a91fdc1cc191e03 0eeb0ab4ac2d09fb6a604b101463c82d504d62270cc7c68293a87ebfdc634e734b5e65659817b3a5dcb0c3a6d391d14b
SERVER_HANDSHAKE_TRAFFIC_SECRET 2a5a7a7639600ef9700944caa6fa0c1a1a9a14b14db174120a91fdc1cc191e03 8fb1f4943d933d47249e52c8fa5560aa87a690a3e5eb48b8503a3685170fdcc8168beb3f90752979b30819d4b5654b1f
CLIENT_TRAFFIC_SECRET_0 2a5a7a7639600ef9700944caa6fa0c1a1a9a14b14db174120a91fdc1cc191e03 02ba1dd030bddd5e7ea1720dd7af79cb95a612c86cd82ba900eccee3d66714305810d9158f08c9f3a2ad84e157e76e3e
SERVER_TRAFFIC_SECRET_0 2a5a7a7639600ef9700944caa6fa0c1a1a9a14b14db174120a91fdc1cc191e03 b96a895d8ce70c63588e8713b389cffbce7a8cd005279b623ceef0883ffaf3a0e058f966cffc5aec39fdd210ebe1bf00
EXPORTER_SECRET 2a5a7a7639600ef9700944caa6fa0c1a1a9a14b14db174120a91fdc1cc191e03 a68f25ecf52bb710e1e1ac27f85e51a8b035104b77f0aef9652d5af74d64d7d5eaa04ea53df229ac48f32726858f8c59
CLIENT_HANDSHAKE_TRAFFIC_SECRET 0f573368064716eb39435d34111dca774bfb0d65a93d3d78ba25a425c8f16e65 d8817fed925ca78a96c0b2f1c0e689e568c8cea6ce654590cb04e10921553ee6
SERVER_HANDSHAKE_TRAFFIC_SECRET 0f573368064716eb39435d34111dca774bfb0d65a93d3d78ba25a425c8f16e65 00d0fd9103adeb87dd15d1dc348a150834a03acc550fc5ba03df0c3d0988a812
CLIENT_TRAFFIC_SECRET_0 0f573368064716eb39435d34111dca774bfb0d65a93d3d78ba25a425c8f16e65 9eed1dc4ab2c3557f6eef2cebc16467d1cc0623da0ef907e19c04ed014d4b319
SERVER_TRAFFIC_SECRET_0 0f573368064716eb39435d34111dca774bfb0d65a93d3d78ba25a425c8f16e65 f64cbcb84d57e2b5c1e06c633ff7df38df84ba979cbbe5b58b93d8477db76a9e
EXPORTER_SECRET 0f573368064716eb39435d34111dca774bfb0d65a93d3d78ba25a425c8f16e65 dc977b6fdc7f5450d8b1c1c8cf82b47a6fad1caecf8ef4ec0c0c5382d7e3d94a
CLIENT_HANDSHAKE_TRAFFIC_SECRET 77c9ba75c9f20c312ee6564d1aca0790a71ee743704dbac895b261efc914e7af 2f856ba6e96293452794e46972a7d91c8b881c371b47d6f3fdbb177464c385a0
SERVER_HANDSHAKE_TRAFFIC_SECRET 77c9ba75c9f20c312ee6564d1aca0790a71ee743704dbac895b261efc914e7af ef2c70084a23f2599ec8bb339aad93d3fe2edcc0fa3ffa6d03af78d8e4a82219
CLIENT_TRAFFIC_SECRET_0 77c9ba75c9f20c312ee6564d1aca0790a71ee743704dbac895b261efc914e7af 7e47119e188ab80a11ec0fa96c35608de128df163dfb6a40ade1eba7903bab4c
SERVER_TRAFFIC_SECRET_0 77c9ba75c9f20c312ee6564d1aca0790a71ee743704dbac895b261efc914e7af 2572164599309abc92922bf89b32e9b170434fadcd1663e80331b3d60f98900d
EXPORTER_SECRET 77c9ba75c9f20c312ee6564d1aca0790a71ee743704dbac895b261efc914e7af ea3dcc8c5418df9ddd125f199c1d06e4681d036b62c597ce0b486b5f536f3f6e
CLIENT_HANDSHAKE_TRAFFIC_SECRET a71d2e8bb945a767881cb46dfe79e3ef47f324663333d33b1224ecea98593bf7 070f9eefbd679b14d073ae4625df83c97a4176e8600141f17b55bdfda369724afa09dddb2732585c72b5e55f8643fa5f
SERVER_HANDSHAKE_TRAFFIC_SECRET a71d2e8bb945a767881cb46dfe79e3ef47f324663333d33b1224ecea98593bf7 8a3ca9274740a910e525d78f125c6ebb4e7e51f46969655eeda68ac5c1cf33a649f568f6a981891040964abd35030f81
CLIENT_TRAFFIC_SECRET_0 a71d2e8bb945a767881cb46dfe79e3ef47f324663333d33b1224ecea98593bf7 89aef8943510c7f5b2c240112fef0cf7032e5a6ea126d62df23f20fda05df9f52518220c349665c00166815a70440a5a
SERVER_TRAFFIC_SECRET_0 a71d2e8bb945a767881cb46dfe79e3ef47f324663333d33b1224ecea98593bf7 4951ffbfcd1e40dc14c8c43db53e51ff919cb7262f8856220285d80bb938cee4b4fe7567ad7b603b092dfeab517356a6
EXPORTER_SECRET a71d2e8bb945a767881cb46dfe79e3ef47f324663333d33b1224ecea98593bf7 7516a35d94d25084c5efd6a7fe03a46a245fb44bf10e853b4532d8b0ce6c74f3d0c524fd76657535baf895c15798492b
CLIENT_HANDSHAKE_TRAFFIC_SECRET 8d03541f8cd44247b22eb82742459142b3f2fd349bc07bbd63b73c2a582dd7d9 59ef8aba06b01aaba54ff35c310e67e305fb4206eb6ed31b3eba589a4cfc6844
SERVER_HANDSHAKE_TRAFFIC_SECRET 8d03541f8cd44247b22eb82742459142b3f2fd349bc07bbd63b73c2a582dd7d9 558ba8708450348cef1c4ef1da308a3a6dd12525dc67dec311312a676dad310b
CLIENT_TRAFFIC_SECRET_0 8d03541f8cd44247b22eb82742459142b3f2fd349bc07bbd63b73c2a582dd7d9 f44b2fe2925c8a96a0ec4c662f8e7d8cc94465a98758f7817976383e195c5715
SERVER_TRAFFIC_SECRET_0 8d03541f8cd44247b22eb82742459142b3f2fd349bc07bbd63b73c2a582dd7d9 a3bdcda27fdabbec6fda0176bb67803cc0efa4e956a3dcf3183b818154074335
EXPORTER_SECRET 8d03541f8cd44247b22eb82742459142b3f2fd349bc07bbd63b73c2a582dd7d9 78114177e8adb3b576b74a72af530b3fc056611de6c6672d2df8b0c735523f94
CLIENT_HANDSHAKE_TRAFFIC_SECRET 9a8d6434c20eeaf7267ef62bc728c6576e750130096ba63b5cea85819d2731cc adab87c5b4121bd9711cc49e842927a5a713f146c745176dd65aa2ac98063fb2
SERVER_HANDSHAKE_TRAFFIC_SECRET 9a8d6434c20eeaf7267ef62bc728c6576e750130096ba63b5cea85819d2731cc e91fd5bb66dc934d11f17386633404a57d13e9322d3aa2a4e4e06ccff57e2a69
CLIENT_TRAFFIC_SECRET_0 9a8d6434c20eeaf7267ef62bc728c6576e750130096ba63b5cea85819d2731cc c7b1e15c3f38bb26c2795d90b6bdb7151cbac460ec98886529e9b08a444c62f2
SERVER_TRAFFIC_SECRET_0 9a8d6434c20eeaf7267ef62bc728c6576e750130096ba63b5cea85819d2731cc 3dc335fc7aae4303283102ffa365e8a8f2d083950174728635d99243fe15ca4b
EXPORTER_SECRET 9a8d6434c20eeaf7267ef62bc728c6576e750130096ba63b5cea85819d2731cc 14cec9b0d986faa5d5e3e3dc3559ca62d576287ac2fdbbcc1c95147a0d180920
CLIENT_HANDSHAKE_TRAFFIC_SECRET bddbd3b5a0b11bbf7f920b8fce2bd023d2ba41db12e3de946d026f550ca1080d b6728a1cbbcafb755b789d3fd45a57e1c5b8c2a1a5a56b840865fbcca17b5730534c053ef2f5ab6b6970b95654aaa3bd
SERVER_HANDSHAKE_TRAFFIC_SECRET bddbd3b5a0b11bbf7f920b8fce2bd023d2ba41db12e3de946d026f550ca1080d 916c204893d2ef7a530e69d5761817adce2516ec19d42c71508ecf333e31cd3e9f7f4f82967f03f2d2bd4d44c17fb5c1
CLIENT_TRAFFIC_SECRET_0 bddbd3b5a0b11bbf7f920b8fce2bd023d2ba41db12e3de946d026f550ca1080d bff2cf0155971523b1be9403ba4bf049bc9700c3e4584e2dc66e36c04b4a98a841ec8de547ee02c9f8888cf6e8059b94
SERVER_TRAFFIC_SECRET_0 bddbd3b5a0b11bbf7f920b8fce2bd023d2ba41db12e3de946d026f550ca1080d 251a387cb9870e6458fcc0b39e8fa94aa1863e6f849cb619236976c3d8b14b41b90d5f7347915469c97fb08b453a42a1
EXPORTER_SECRET bddbd3b5a0b11bbf7f920b8fce2bd023d2ba41db12e3de946d026f550ca1080d 37fb5504ecd8123ef835f77bb07562cc6bf24d4b3a3aa7b308cb4d83fa0659ab933d8f97281ffd422ba8c538659833f8
CLIENT_HANDSHAKE_TRAFFIC_SECRET b94ab6de3321224188278e7c0b42bf3e5b6574932c7065b5bfa6a1e61aa07603 7e3eaa0c654c6cd0ffc4fd27114a0c75182b5a67f989d308e365e736af4fb4c5b50d5c2c119f2577ce729f3da9ec7e7c
SERVER_HANDSHAKE_TRAFFIC_SECRET b94ab6de3321224188278e7c0b42bf3e5b6574932c7065b5bfa6a1e61aa07603 8388600cee8c33a4f898814498970102e1f70cdae95b058c9f7314dac142c7f3ff3068c15633e5f89a0f54892098d435
CLIENT_TRAFFIC_SECRET_0 b94ab6de3321224188278e7c0b42bf3e5b6574932c7065b5bfa6a1e61aa07603 e4e73b9da2d76b6e21d1082408c855bed4314f1e12a96312da55e58e8a9130f838a7b8e2602c5e968b0464046770ac16
SERVER_TRAFFIC_SECRET_0 b94ab6de3321224188278e7c0b42bf3e5b6574932c7065b5bfa6a1e61aa07603 488b0a56cccd0dc74a6976fec634dd490885bb2226aebc2c4d07edac4bbfb3a6f80d9d1ec2a8dad21816fb8d9210d9ac
EXPORTER_SECRET b94ab6de3321224188278e7c0b42bf3e5b6574932c7065b5bfa6a1e61aa07603 10b36ceb17796170c6f4f403009ca3b5e83e1dd781d3ec2c9c6cbafb845ff25e1e38d36d6f8ca22de67769a7710ca22c
CLIENT_HANDSHAKE_TRAFFIC_SECRET bc3dfb67cec498f7bfe69cdd61fa2d9fda3ae65f4c04d8720071a1ed64374ed0 bda89011b56f3eff0bc9fb0ef975adcd86ff57d7615acb23e4713616eab114ced23177174ebf44b83d6a8a7aace79705
SERVER_HANDSHAKE_TRAFFIC_SECRET bc3dfb67cec498f7bfe69cdd61fa2d9fda3ae65f4c04d8720071a1ed64374ed0 917ea01bd69062c8bef91cc0433a854d461487768afb5e93fbd8d2f5bee514d2332a6353a5ec34832fd5c2a8f8bd7412
CLIENT_HANDSHAKE_TRAFFIC_SECRET d33bf4bfff850596663cdfaa6ebfae47720378f786f9bc83ab3d843486243e97 35d3ff08a617a42f36807180de1c64080db83b6e4caf00cbac3e8c5c990b67fc
SERVER_HANDSHAKE_TRAFFIC_SECRET d33bf4bfff850596663cdfaa6ebfae47720378f786f9bc83ab3d843486243e97 3436b7b966a18db9431ea6808997e006df3b5350ea50ac922a513c4337ed882b
CLIENT_TRAFFIC_SECRET_0 bc3dfb67cec498f7bfe69cdd61fa2d9fda3ae65f4c04d8720071a1ed64374ed0 ff4eb84facf52abebbcf33cbf382a4613d33f8dcde427c3af8ccb28840fc3be161ff607099c942138c211c4e58b58a3d
SERVER_TRAFFIC_SECRET_0 bc3dfb67cec498f7bfe69cdd61fa2d9fda3ae65f4c04d8720071a1ed64374ed0 956a113e950010db400402985bfdbdfb4ef0046d0490c64a3e99fb2dc3af571e693304bbd7308c5c72eb10ddfa534e22
EXPORTER_SECRET bc3dfb67cec498f7bfe69cdd61fa2d9fda3ae65f4c04d8720071a1ed64374ed0 8df1942f5a11907036061671c940a01e6394e0980a9578e19e24977512feae5a593f3168006877c7b0e79099a6aba4a5
CLIENT_HANDSHAKE_TRAFFIC_SECRET 891670df7e2aac81e12e1a5af5ff23cd36543a1f255a12f7b4f70a37dee17632 0208c0ce7117d13dd5681c766c67805c1a382da90e7cb12757eb212cf2f65aa1955a5476b8f4bb965c3a985ffe496dd8
SERVER_HANDSHAKE_TRAFFIC_SECRET 891670df7e2aac81e12e1a5af5ff23cd36543a1f255a12f7b4f70a37dee17632 b5b14e97db582cb3554b10714d29e564e83469c05c15ee69f34b7aef04ba55fee563ab5dd0c70fd7d4e8c4f121ac5b80
CLIENT_TRAFFIC_SECRET_0 d33bf4bfff850596663cdfaa6ebfae47720378f786f9bc83ab3d843486243e97 54b8b5c6c2b50bb45f233c2c23fea8140a6528a81d69a88c241b40c95b432781
SERVER_TRAFFIC_SECRET_0 d33bf4bfff850596663cdfaa6ebfae47720378f786f9bc83ab3d843486243e97 bf86a0015c2d35108fbdf8de2d9d0dafe8e77cb8f324661bb862783630cf8ed1
EXPORTER_SECRET d33bf4bfff850596663cdfaa6ebfae47720378f786f9bc83ab3d843486243e97 4db9aa85e5b03e3dca395b41bcbe883817a0dc6c516901e602d546db48183c4b
CLIENT_TRAFFIC_SECRET_0 891670df7e2aac81e12e1a5af5ff23cd36543a1f255a12f7b4f70a37dee17632 8712ec34cd7e93b270388bdcf6ea76e4eb2620d6f0b6f4b539615ba6ad716188231d1fafe3214ae7c9656ebc801582f9
SERVER_TRAFFIC_SECRET_0 891670df7e2aac81e12e1a5af5ff23cd36543a1f255a12f7b4f70a37dee17632 5cc03c0a908c895a0cf5bef1c721f6fd1007c2c83515150adcb777ed3aca51493b413215917ae27e8009948aaef88eed
EXPORTER_SECRET 891670df7e2aac81e12e1a5af5ff23cd36543a1f255a12f7b4f70a37dee17632 00d4c787cb1aef21c01543fd75f8e7dd8bab2957b68e4c121b36b65f9202fa3e8e0a2f0847e3c375f4c640807946bad8
CLIENT_RANDOM aa7967a0560dfc44b8dc5775acac2b36aa82a75aa92b9293575bf586855955ca 35088f3fd3a9ea76ea0b041f733737d0bb2dd6589c463c749d961dc1d75389cfa69721de49f426795829e1fbc42e78e8
CLIENT_HANDSHAKE_TRAFFIC_SECRET 7a50f2d36cd77c4e02042dcab99f884477a69abb2f7ee5ef51c1e30ed02e66c2 efc002e125e6ec695cedc322a4641d50314325ae87b19bd23d3e6de14efb86ba
SERVER_HANDSHAKE_TRAFFIC_SECRET 7a50f2d36cd77c4e02042dcab99f884477a69abb2f7ee5ef51c1e30ed02e66c2 70cbcb723a7b5174fbe076242ecee18411a6a8c12f08994b547b7b5ea89d6638
CLIENT_TRAFFIC_SECRET_0 7a50f2d36cd77c4e02042dcab99f884477a69abb2f7ee5ef51c1e30ed02e66c2 619f766bc7af95973fbfa471b49749d4fc7177b5ccaf7557aedc845993e46335
SERVER_TRAFFIC_SECRET_0 7a50f2d36cd77c4e02042dcab99f884477a69abb2f7ee5ef51c1e30ed02e66c2 ceb5e1de8765ab22920502813a6055cde8ebf40bd2fd5fbf4fe15bf0aefb4def
EXPORTER_SECRET 7a50f2d36cd77c4e02042dcab99f884477a69abb2f7ee5ef51c1e30ed02e66c2 612bb77ca9311458a4cedbee5a19b3048fd5eb4682e4be951cd60709031b6735
